#
# There is insufficient memory for the Java Runtime Environment to continue.
# Native memory allocation (malloc) failed to allocate 1680656 bytes. Error detail: Chunk::new
# Possible reasons:
#   The system is out of physical RAM or swap space
#   This process is running with CompressedOops enabled, and the Java Heap may be blocking the growth of the native heap
# Possible solutions:
#   Reduce memory load on the system
#   Increase physical memory or swap space
#   Check if swap backing store is full
#   Decrease Java heap size (-Xmx/-Xms)
#   Decrease number of Java threads
#   Decrease Java thread stack sizes (-Xss)
#   Set larger code cache with -XX:ReservedCodeCacheSize=
#   JVM is running with Unscaled Compressed Oops mode in which the Java heap is
#     placed in the first 4GB address space. The Java Heap base address is the
#     maximum limit for the native heap growth. Please use -XX:HeapBaseMinAddress
#     to set the Java Heap base and to place the Java Heap above 4GB virtual address.
# This output file may be truncated or incomplete.
#
#  Out of Memory Error (arena.cpp:168), pid=22212, tid=48332
#
# JRE version: OpenJDK Runtime Environment Temurin-21.0.9+10 (21.0.9+10) (build 21.0.9+10-LTS)
# Java VM: OpenJDK 64-Bit Server VM Temurin-21.0.9+10 (21.0.9+10-LTS, mixed mode, sharing, tiered, compressed oops, compressed class ptrs, parallel gc, windows-amd64)
# No core dump will be written. Minidumps are not enabled by default on client versions of Windows
#

---------------  S U M M A R Y ------------

Command Line: --add-modules=ALL-SYSTEM --add-opens=java.base/java.util=ALL-UNNAMED --add-opens=java.base/java.lang=ALL-UNNAMED --add-opens=java.base/sun.nio.fs=ALL-UNNAMED -Declipse.application=org.eclipse.jdt.ls.core.id1 -Dosgi.bundles.defaultStartLevel=4 -Declipse.product=org.eclipse.jdt.ls.core.product -Djava.import.generatesMetadataFilesAtProjectRoot=false -DDetectVMInstallationsJob.disabled=true -Dfile.encoding=utf8 -XX:+UseParallelGC -XX:GCTimeRatio=4 -XX:AdaptiveSizePolicyWeight=90 -Dsun.zip.disableMemoryMapping=true -Xmx2G -Xms100m -Xlog:disable -javaagent:c:\Users\30989\.windsurf\extensions\redhat.java-1.50.0-win32-x64\lombok\lombok-1.18.39-4050.jar c:\Users\30989\.windsurf\extensions\redhat.java-1.50.0-win32-x64\server\plugins\org.eclipse.equinox.launcher_1.7.100.v20251111-0406.jar -configuration c:\Users\30989\AppData\Roaming\Windsurf\User\globalStorage\redhat.java\1.50.0\config_ss_win -data c:\Users\30989\AppData\Roaming\Windsurf\User\workspaceStorage\fb4af406407ba1f19e8761ec21560fce\redhat.java\ss_ws --pipe=\\.\pipe\lsp-232fefad93565082ce35dd004c515ea2-sock

Host: Intel(R) Core(TM) Ultra 9 275HX, 24 cores, 31G,  Windows 11 , 64 bit Build 26100 (10.0.26100.7309)
Time: Fri Jan  2 00:26:35 2026 elapsed time: 115.860312 seconds (0d 0h 1m 55s)

---------------  T H R E A D  ---------------

Current thread (0x000002518ebf14c0):  JavaThread "C2 CompilerThread0" daemon [_thread_in_native, id=48332, stack(0x000000aa19000000,0x000000aa19100000) (1024K)]


Current CompileTask:
C2:115860 4585       4       org.eclipse.jdt.internal.compiler.util.JrtFileSystem$2::visitFile (72 bytes)

Stack: [0x000000aa19000000,0x000000aa19100000]
Native frames: (J=compiled Java code, j=interpreted, Vv=VM code, C=native code)
V  [jvm.dll+0x6d6e29]
V  [jvm.dll+0x8b4b76]
V  [jvm.dll+0x8b712e]
V  [jvm.dll+0x8b7813]
V  [jvm.dll+0x283d86]
V  [jvm.dll+0xc66ed]
V  [jvm.dll+0xc6c31]
V  [jvm.dll+0x3be501]
V  [jvm.dll+0x38ab92]
V  [jvm.dll+0x389fda]
V  [jvm.dll+0x24bfa0]
V  [jvm.dll+0x24b580]
V  [jvm.dll+0x1cb13e]
V  [jvm.dll+0x25b29d]
V  [jvm.dll+0x25982a]
V  [jvm.dll+0x3f7ea6]
V  [jvm.dll+0x85e9ad]
V  [jvm.dll+0x6d565d]
C  [ucrtbase.dll+0x37b0]
C  [KERNEL32.DLL+0x2e8d7]
C  [ntdll.dll+0x8c53c]


---------------  P R O C E S S  ---------------

Threads class SMR info:
_java_thread_list=0x000002518ec545e0, length=54, elements={
0x0000025135acd1e0, 0x0000025135a7da60, 0x000002518ebb1780, 0x000002518ebb44a0,
0x000002518ebb9b40, 0x000002518ebb8410, 0x000002518ebc1ed0, 0x000002518ebf14c0,
0x000002518ebf8080, 0x000002518ebc1840, 0x000002518ebc2560, 0x000002518ebc0490,
0x000002518ebc0b20, 0x000002518ebc2bf0, 0x000002518ebc11b0, 0x000002518ebbfe00,
0x00000251968010c0, 0x0000025196804540, 0x0000025196804bd0, 0x0000025196803eb0,
0x0000025196802b00, 0x0000025196802470, 0x0000025196803190, 0x0000025196803820,
0x0000025196801750, 0x0000025196801de0, 0x0000025196805f80, 0x0000025196807330,
0x00000251968058f0, 0x00000251968086e0, 0x00000251968079c0, 0x0000025196808050,
0x0000025196805260, 0x0000025196806610, 0x0000025196806ca0, 0x000002519794f510,
0x000002519794e7f0, 0x000002519794dad0, 0x000002519794e160, 0x000002519794c720,
0x000002519794fba0, 0x000002519794cdb0, 0x0000025197950230, 0x000002519794ee80,
0x00000251979508c0, 0x000002519794d440, 0x00000251979536b0, 0x000002518edccbc0,
0x000002518edcd290, 0x000002518edce030, 0x000002518edcedd0, 0x000002518edd0240,
0x000002518edcf4a0, 0x0000025197334a00
}

Java Threads: ( => current thread )
  0x0000025135acd1e0 JavaThread "main"                              [_thread_blocked, id=51476, stack(0x000000aa18600000,0x000000aa18700000) (1024K)]
  0x0000025135a7da60 JavaThread "Reference Handler"          daemon [_thread_blocked, id=51632, stack(0x000000aa18a00000,0x000000aa18b00000) (1024K)]
  0x000002518ebb1780 JavaThread "Finalizer"                  daemon [_thread_blocked, id=35812, stack(0x000000aa18b00000,0x000000aa18c00000) (1024K)]
  0x000002518ebb44a0 JavaThread "Signal Dispatcher"          daemon [_thread_blocked, id=45860, stack(0x000000aa18c00000,0x000000aa18d00000) (1024K)]
  0x000002518ebb9b40 JavaThread "Attach Listener"            daemon [_thread_blocked, id=44828, stack(0x000000aa18d00000,0x000000aa18e00000) (1024K)]
  0x000002518ebb8410 JavaThread "Service Thread"             daemon [_thread_blocked, id=50244, stack(0x000000aa18e00000,0x000000aa18f00000) (1024K)]
  0x000002518ebc1ed0 JavaThread "Monitor Deflation Thread"   daemon [_thread_blocked, id=44528, stack(0x000000aa18f00000,0x000000aa19000000) (1024K)]
=>0x000002518ebf14c0 JavaThread "C2 CompilerThread0"         daemon [_thread_in_native, id=48332, stack(0x000000aa19000000,0x000000aa19100000) (1024K)]
  0x000002518ebf8080 JavaThread "C1 CompilerThread0"         daemon [_thread_blocked, id=33452, stack(0x000000aa19100000,0x000000aa19200000) (1024K)]
  0x000002518ebc1840 JavaThread "Common-Cleaner"             daemon [_thread_blocked, id=3256, stack(0x000000aa19600000,0x000000aa19700000) (1024K)]
  0x000002518ebc2560 JavaThread "Notification Thread"        daemon [_thread_blocked, id=54324, stack(0x000000aa19800000,0x000000aa19900000) (1024K)]
  0x000002518ebc0490 JavaThread "Active Thread: Equinox Container: da385594-b1bb-4c69-99e7-3789e181beb2"        [_thread_blocked, id=45760, stack(0x000000aa19f00000,0x000000aa1a000000) (1024K)]
  0x000002518ebc0b20 JavaThread "Framework Event Dispatcher: Equinox Container: da385594-b1bb-4c69-99e7-3789e181beb2" daemon [_thread_blocked, id=28880, stack(0x000000aa1a000000,0x000000aa1a100000) (1024K)]
  0x000002518ebc2bf0 JavaThread "Start Level: Equinox Container: da385594-b1bb-4c69-99e7-3789e181beb2" daemon [_thread_blocked, id=51048, stack(0x000000aa1a200000,0x000000aa1a300000) (1024K)]
  0x000002518ebc11b0 JavaThread "SCR Component Actor"        daemon [_thread_blocked, id=54828, stack(0x000000aa1a300000,0x000000aa1a400000) (1024K)]
  0x000002518ebbfe00 JavaThread "Worker-JM"                         [_thread_blocked, id=53332, stack(0x000000aa19400000,0x000000aa19500000) (1024K)]
  0x00000251968010c0 JavaThread "Worker-0"                          [_thread_blocked, id=33360, stack(0x000000aa1a500000,0x000000aa1a600000) (1024K)]
  0x0000025196804540 JavaThread "Worker-1: Building"                [_thread_in_Java, id=28036, stack(0x000000aa1a600000,0x000000aa1a700000) (1024K)]
  0x0000025196804bd0 JavaThread "JNA Cleaner"                daemon [_thread_blocked, id=51500, stack(0x000000aa1ae00000,0x000000aa1af00000) (1024K)]
  0x0000025196803eb0 JavaThread "Thread-1"                   daemon [_thread_in_native, id=50444, stack(0x000000aa1a800000,0x000000aa1a900000) (1024K)]
  0x0000025196802b00 JavaThread "Thread-2"                   daemon [_thread_in_native, id=39156, stack(0x000000aa1b400000,0x000000aa1b500000) (1024K)]
  0x0000025196802470 JavaThread "Thread-3"                   daemon [_thread_in_native, id=36384, stack(0x000000aa1b500000,0x000000aa1b600000) (1024K)]
  0x0000025196803190 JavaThread "Thread-4"                   daemon [_thread_in_native, id=35056, stack(0x000000aa1b600000,0x000000aa1b700000) (1024K)]
  0x0000025196803820 JavaThread "Thread-5"                   daemon [_thread_in_native, id=50852, stack(0x000000aa1b700000,0x000000aa1b800000) (1024K)]
  0x0000025196801750 JavaThread "Thread-6"                   daemon [_thread_in_native, id=36520, stack(0x000000aa1b800000,0x000000aa1b900000) (1024K)]
  0x0000025196801de0 JavaThread "Thread-7"                   daemon [_thread_in_native, id=35540, stack(0x000000aa1b900000,0x000000aa1ba00000) (1024K)]
  0x0000025196805f80 JavaThread "Thread-8"                   daemon [_thread_in_native, id=33248, stack(0x000000aa1ba00000,0x000000aa1bb00000) (1024K)]
  0x0000025196807330 JavaThread "Thread-9"                   daemon [_thread_in_native, id=46480, stack(0x000000aa1bb00000,0x000000aa1bc00000) (1024K)]
  0x00000251968058f0 JavaThread "Thread-10"                  daemon [_thread_in_native, id=46356, stack(0x000000aa1bc00000,0x000000aa1bd00000) (1024K)]
  0x00000251968086e0 JavaThread "Thread-11"                  daemon [_thread_in_native, id=30832, stack(0x000000aa1bd00000,0x000000aa1be00000) (1024K)]
  0x00000251968079c0 JavaThread "Thread-12"                  daemon [_thread_in_native, id=32592, stack(0x000000aa1be00000,0x000000aa1bf00000) (1024K)]
  0x0000025196808050 JavaThread "Thread-13"                  daemon [_thread_in_native, id=37132, stack(0x000000aa1bf00000,0x000000aa1c000000) (1024K)]
  0x0000025196805260 JavaThread "Thread-14"                  daemon [_thread_in_native, id=2088, stack(0x000000aa1c000000,0x000000aa1c100000) (1024K)]
  0x0000025196806610 JavaThread "Thread-15"                  daemon [_thread_in_native, id=54700, stack(0x000000aa1c100000,0x000000aa1c200000) (1024K)]
  0x0000025196806ca0 JavaThread "Thread-16"                  daemon [_thread_in_native, id=52472, stack(0x000000aa1c200000,0x000000aa1c300000) (1024K)]
  0x000002519794f510 JavaThread "Thread-17"                  daemon [_thread_in_native, id=40036, stack(0x000000aa1c300000,0x000000aa1c400000) (1024K)]
  0x000002519794e7f0 JavaThread "Thread-18"                  daemon [_thread_in_native, id=49588, stack(0x000000aa1c400000,0x000000aa1c500000) (1024K)]
  0x000002519794dad0 JavaThread "Thread-19"                  daemon [_thread_in_native, id=24284, stack(0x000000aa1c500000,0x000000aa1c600000) (1024K)]
  0x000002519794e160 JavaThread "Thread-20"                  daemon [_thread_in_native, id=51392, stack(0x000000aa1c600000,0x000000aa1c700000) (1024K)]
  0x000002519794c720 JavaThread "Thread-21"                  daemon [_thread_in_native, id=20472, stack(0x000000aa1c700000,0x000000aa1c800000) (1024K)]
  0x000002519794fba0 JavaThread "Thread-22"                  daemon [_thread_in_native, id=11776, stack(0x000000aa1c800000,0x000000aa1c900000) (1024K)]
  0x000002519794cdb0 JavaThread "Thread-23"                  daemon [_thread_in_native, id=50904, stack(0x000000aa1c900000,0x000000aa1ca00000) (1024K)]
  0x0000025197950230 JavaThread "Thread-24"                  daemon [_thread_in_native, id=45944, stack(0x000000aa1ca00000,0x000000aa1cb00000) (1024K)]
  0x000002519794ee80 JavaThread "Thread-25"                  daemon [_thread_in_native, id=38848, stack(0x000000aa1cb00000,0x000000aa1cc00000) (1024K)]
  0x00000251979508c0 JavaThread "pool-2-thread-1"                   [_thread_blocked, id=35380, stack(0x000000aa1cc00000,0x000000aa1cd00000) (1024K)]
  0x000002519794d440 JavaThread "WorkspaceEventsHandler"            [_thread_blocked, id=45012, stack(0x000000aa1cd00000,0x000000aa1ce00000) (1024K)]
  0x00000251979536b0 JavaThread "pool-1-thread-1"                   [_thread_blocked, id=44524, stack(0x000000aa1ce00000,0x000000aa1cf00000) (1024K)]
  0x000002518edccbc0 JavaThread "C2 CompilerThread1"         daemon [_thread_in_native, id=43152, stack(0x000000aa18300000,0x000000aa18400000) (1024K)]
  0x000002518edcd290 JavaThread "C1 CompilerThread1"         daemon [_thread_blocked, id=540, stack(0x000000aa18400000,0x000000aa18500000) (1024K)]
  0x000002518edce030 JavaThread "C2 CompilerThread2"         daemon [_thread_blocked, id=10940, stack(0x000000aa19300000,0x000000aa19400000) (1024K)]
  0x000002518edcedd0 JavaThread "C2 CompilerThread3"         daemon [_thread_blocked, id=40472, stack(0x000000aa19700000,0x000000aa19800000) (1024K)]
  0x000002518edd0240 JavaThread "C2 CompilerThread4"         daemon [_thread_blocked, id=9392, stack(0x000000aa1a700000,0x000000aa1a800000) (1024K)]
  0x000002518edcf4a0 JavaThread "C2 CompilerThread5"         daemon [_thread_blocked, id=13308, stack(0x000000aa1cf00000,0x000000aa1d000000) (1024K)]
  0x0000025197334a00 JavaThread "C2 CompilerThread6"         daemon [_thread_in_native, id=35508, stack(0x000000aa1d000000,0x000000aa1d100000) (1024K)]
Total: 54

Other Threads:
  0x0000025135a699c0 VMThread "VM Thread"                           [id=48952, stack(0x000000aa18900000,0x000000aa18a00000) (1024K)]
  0x000002513595ca00 WatcherThread "VM Periodic Task Thread"        [id=45632, stack(0x000000aa18800000,0x000000aa18900000) (1024K)]
  0x0000025135aeb350 WorkerThread "GC Thread#0"                     [id=24660, stack(0x000000aa18700000,0x000000aa18800000) (1024K)]
  0x00000251963eecd0 WorkerThread "GC Thread#1"                     [id=48904, stack(0x000000aa19900000,0x000000aa19a00000) (1024K)]
  0x00000251919424d0 WorkerThread "GC Thread#2"                     [id=44420, stack(0x000000aa19a00000,0x000000aa19b00000) (1024K)]
  0x000002519616a3d0 WorkerThread "GC Thread#3"                     [id=50376, stack(0x000000aa19b00000,0x000000aa19c00000) (1024K)]
  0x000002519616a770 WorkerThread "GC Thread#4"                     [id=45656, stack(0x000000aa19c00000,0x000000aa19d00000) (1024K)]
  0x000002519616ab10 WorkerThread "GC Thread#5"                     [id=51616, stack(0x000000aa19d00000,0x000000aa19e00000) (1024K)]
  0x000002519616b2c0 WorkerThread "GC Thread#6"                     [id=47296, stack(0x000000aa19e00000,0x000000aa19f00000) (1024K)]
  0x00000251960ff4e0 WorkerThread "GC Thread#7"                     [id=36148, stack(0x000000aa1a100000,0x000000aa1a200000) (1024K)]
  0x00000251963f2aa0 WorkerThread "GC Thread#8"                     [id=35244, stack(0x000000aa19500000,0x000000aa19600000) (1024K)]
  0x00000251963f2360 WorkerThread "GC Thread#9"                     [id=54892, stack(0x000000aa1a400000,0x000000aa1a500000) (1024K)]
  0x00000251963f2700 WorkerThread "GC Thread#10"                    [id=52056, stack(0x000000aa1a900000,0x000000aa1aa00000) (1024K)]
  0x00000251963f2e40 WorkerThread "GC Thread#11"                    [id=34804, stack(0x000000aa1aa00000,0x000000aa1ab00000) (1024K)]
  0x00000251963f31e0 WorkerThread "GC Thread#12"                    [id=44572, stack(0x000000aa1ab00000,0x000000aa1ac00000) (1024K)]
  0x00000251963f1fc0 WorkerThread "GC Thread#13"                    [id=49708, stack(0x000000aa1ac00000,0x000000aa1ad00000) (1024K)]
  0x0000025196560e10 WorkerThread "GC Thread#14"                    [id=26064, stack(0x000000aa1ad00000,0x000000aa1ae00000) (1024K)]
  0x00000251965618f0 WorkerThread "GC Thread#15"                    [id=52848, stack(0x000000aa1b100000,0x000000aa1b200000) (1024K)]
  0x0000025196561550 WorkerThread "GC Thread#16"                    [id=33432, stack(0x000000aa1b200000,0x000000aa1b300000) (1024K)]
  0x0000025196563990 WorkerThread "GC Thread#17"                    [id=37344, stack(0x000000aa1b300000,0x000000aa1b400000) (1024K)]
Total: 20

Threads with active compile tasks:
C2 CompilerThread0  116888 4585       4       org.eclipse.jdt.internal.compiler.util.JrtFileSystem$2::visitFile (72 bytes)
C2 CompilerThread1  116888 4962       4       jdk.internal.module.SystemModuleFinders$SystemModuleReader::containsImageLocation (42 bytes)
C2 CompilerThread6  116888 4584       4       org.eclipse.jdt.internal.compiler.util.JrtFileSystem$2::visitFile (10 bytes)
Total: 3

VM state: not at safepoint (normal execution)

VM Mutex/Monitor currently owned by a thread: None

Heap address: 0x0000000080000000, size: 2048 MB, Compressed Oops mode: 32-bit

CDS archive(s) mapped at: [0x000002514d000000-0x000002514dba0000-0x000002514dba0000), size 12189696, SharedBaseAddress: 0x000002514d000000, ArchiveRelocationMode: 1.
Compressed class space mapped at: 0x000002514e000000-0x000002518e000000, reserved size: 1073741824
Narrow klass base: 0x000002514d000000, Narrow klass shift: 0, Narrow klass range: 0x100000000

GC Precious Log:
 CardTable entry size: 512
 CPUs: 24 total, 24 available
 Memory: 32221M
 Large Page Support: Disabled
 NUMA Support: Disabled
 Compressed Oops: Enabled (32-bit)
 Alignments: Space 512K, Generation 512K, Heap 2M
 Heap Min Capacity: 100M
 Heap Initial Capacity: 100M
 Heap Max Capacity: 2G
 Pre-touch: Disabled
 Parallel Workers: 18

Heap:
 PSYoungGen      total 23040K, used 4913K [0x00000000d5580000, 0x00000000d6f00000, 0x0000000100000000)
  eden space 19968K, 24% used [0x00000000d5580000,0x00000000d5a4c4b0,0x00000000d6900000)
  from space 3072K, 0% used [0x00000000d6c00000,0x00000000d6c00000,0x00000000d6f00000)
  to   space 2560K, 0% used [0x00000000d6900000,0x00000000d6900000,0x00000000d6b80000)
 ParOldGen       total 68608K, used 29387K [0x0000000080000000, 0x0000000084300000, 0x00000000d5580000)
  object space 68608K, 42% used [0x0000000080000000,0x0000000081cb2d98,0x0000000084300000)
 Metaspace       used 35581K, committed 36544K, reserved 1114112K
  class space    used 3547K, committed 3968K, reserved 1048576K

Card table byte_map: [0x0000025135470000,0x0000025135880000] _byte_map_base: 0x0000025135070000

Marking Bits: (ParMarkBitMap*) 0x00007ffc25bf2460
 Begin Bits: [0x0000025147f80000, 0x0000025149f80000)
 End Bits:   [0x0000025149f80000, 0x000002514bf80000)

Polling page: 0x0000025133a30000

Metaspace:

Usage:
  Non-class:     31.28 MB used.
      Class:      3.46 MB used.
       Both:     34.75 MB used.

Virtual space:
  Non-class space:       64.00 MB reserved,      31.81 MB ( 50%) committed,  1 nodes.
      Class space:        1.00 GB reserved,       3.88 MB ( <1%) committed,  1 nodes.
             Both:        1.06 GB reserved,      35.69 MB (  3%) committed. 

Chunk freelists:
   Non-Class:  15.46 MB
       Class:  12.17 MB
        Both:  27.63 MB

MaxMetaspaceSize: unlimited
CompressedClassSpaceSize: 1.00 GB
Initial GC threshold: 21.00 MB
Current GC threshold: 58.38 MB
CDS: on
 - commit_granule_bytes: 65536.
 - commit_granule_words: 8192.
 - virtual_space_node_default_size: 8388608.
 - enlarge_chunks_in_place: 1.
 - use_allocation_guard: 0.


Internal statistics:

num_allocs_failed_limit: 6.
num_arena_births: 666.
num_arena_deaths: 14.
num_vsnodes_births: 2.
num_vsnodes_deaths: 0.
num_space_committed: 570.
num_space_uncommitted: 0.
num_chunks_returned_to_freelist: 20.
num_chunks_taken_from_freelist: 2057.
num_chunk_merges: 10.
num_chunk_splits: 1362.
num_chunks_enlarged: 871.
num_inconsistent_stats: 0.

CodeHeap 'non-profiled nmethods': size=119168Kb used=2286Kb max_used=2498Kb free=116881Kb
 bounds [0x0000025140870000, 0x0000025140af0000, 0x0000025147cd0000]
CodeHeap 'profiled nmethods': size=119104Kb used=9136Kb max_used=9985Kb free=109967Kb
 bounds [0x0000025138cd0000, 0x00000251396a0000, 0x0000025140120000]
CodeHeap 'non-nmethods': size=7488Kb used=1941Kb max_used=3099Kb free=5546Kb
 bounds [0x0000025140120000, 0x0000025140430000, 0x0000025140870000]
CodeCache: size=245760Kb, used=13363Kb, max_used=15582Kb, free=232394Kb
 total_blobs=5242, nmethods=4563, adapters=584, full_count=0
Compilation: enabled, stopped_count=0, restarted_count=0

Compilation events (20 events):
Event: 111.756 Thread 0x000002518edd0240 nmethod 4671 0x0000025140adf090 code [0x0000025140adf220, 0x0000025140adf2d8]
Event: 111.756 Thread 0x000002518edccbc0 4862       4       java.lang.ThreadLocal::getMap (5 bytes)
Event: 111.756 Thread 0x000002518edcedd0 nmethod 4667 0x0000025140adf390 code [0x0000025140adf520, 0x0000025140adf5f0]
Event: 111.756 Thread 0x000002518edd0240 4825       4       java.util.Arrays$ArrayList::size (6 bytes)
Event: 111.757 Thread 0x000002518edcedd0 4632  s    4       jdk.internal.jrtfs.JrtDirectoryStream::close (6 bytes)
Event: 111.758 Thread 0x000002518edccbc0 nmethod 4862 0x0000025140adf690 code [0x0000025140adf820, 0x0000025140adf8c0]
Event: 111.758 Thread 0x000002518edd0240 nmethod 4825 0x0000025140adf990 code [0x0000025140adfb20, 0x0000025140adfbc0]
Event: 111.758 Thread 0x000002518edccbc0 4857       4       java.util.Arrays$ArrayList::get (7 bytes)
Event: 111.758 Thread 0x000002518edd0240 4831       4       jdk.internal.ref.CleanerFactory::cleaner (4 bytes)
Event: 111.759 Thread 0x000002518edcedd0 nmethod 4632 0x0000025140adfc90 code [0x0000025140adfe20, 0x0000025140adffe8]
Event: 111.759 Thread 0x000002518edcedd0 4620       4       java.util.stream.Sink::end (1 bytes)
Event: 111.760 Thread 0x000002518edd0240 nmethod 4831 0x0000025140ae0090 code [0x0000025140ae0220, 0x0000025140ae0290]
Event: 111.760 Thread 0x000002518edccbc0 nmethod 4857 0x0000025140ae0390 code [0x0000025140ae0520, 0x0000025140ae05f0]
Event: 111.760 Thread 0x000002518edcedd0 nmethod 4620 0x0000025140ae0690 code [0x0000025140ae0820, 0x0000025140ae08a8]
Event: 113.805 Thread 0x000002518edd0240 4937       4       java.lang.StringConcatHelper::newString (67 bytes)
Event: 113.807 Thread 0x000002518edcf4a0 nmethod 4932 0x00000251408cdf10 code [0x00000251408ce180, 0x00000251408cf4b0]
Event: 113.809 Thread 0x00000251973350d0 nmethod 4592 0x0000025140ae0990 code [0x0000025140ae0e60, 0x0000025140ae3df0]
Event: 113.809 Thread 0x000002518edce030 nmethod 4593 0x0000025140ae5e10 code [0x0000025140ae62e0, 0x0000025140ae9348]
Event: 113.822 Thread 0x000002518edd0240 nmethod 4937 0x0000025140984f90 code [0x0000025140985160, 0x0000025140985660]
Event: 114.851 Thread 0x000002518edcd290 4938       3       java.lang.invoke.BoundMethodHandle::bindArgumentL (11 bytes)

GC Heap History (20 events):
Event: 5.993 GC heap before
{Heap before GC invocations=9 (full 1):
 PSYoungGen      total 26112K, used 26029K [0x00000000d5580000, 0x00000000d7480000, 0x0000000100000000)
  eden space 23552K, 100% used [0x00000000d5580000,0x00000000d6c80000,0x00000000d6c80000)
  from space 2560K, 96% used [0x00000000d6d00000,0x00000000d6f6b470,0x00000000d6f80000)
  to   space 4096K, 0% used [0x00000000d7080000,0x00000000d7080000,0x00000000d7480000)
 ParOldGen       total 68608K, used 9838K [0x0000000080000000, 0x0000000084300000, 0x00000000d5580000)
  object space 68608K, 14% used [0x0000000080000000,0x000000008099b928,0x0000000084300000)
 Metaspace       used 28145K, committed 28928K, reserved 1114112K
  class space    used 2796K, committed 3136K, reserved 1048576K
}
Event: 5.995 GC heap after
{Heap after GC invocations=9 (full 1):
 PSYoungGen      total 26624K, used 3427K [0x00000000d5580000, 0x00000000d7400000, 0x0000000100000000)
  eden space 23040K, 0% used [0x00000000d5580000,0x00000000d5580000,0x00000000d6c00000)
  from space 3584K, 95% used [0x00000000d7080000,0x00000000d73d8c30,0x00000000d7400000)
  to   space 4096K, 0% used [0x00000000d6c00000,0x00000000d6c00000,0x00000000d7000000)
 ParOldGen       total 68608K, used 9846K [0x0000000080000000, 0x0000000084300000, 0x00000000d5580000)
  object space 68608K, 14% used [0x0000000080000000,0x000000008099d928,0x0000000084300000)
 Metaspace       used 28145K, committed 28928K, reserved 1114112K
  class space    used 2796K, committed 3136K, reserved 1048576K
}
Event: 110.996 GC heap before
{Heap before GC invocations=10 (full 1):
 PSYoungGen      total 26624K, used 25758K [0x00000000d5580000, 0x00000000d7400000, 0x0000000100000000)
  eden space 23040K, 96% used [0x00000000d5580000,0x00000000d6b4ed80,0x00000000d6c00000)
  from space 3584K, 95% used [0x00000000d7080000,0x00000000d73d8c30,0x00000000d7400000)
  to   space 4096K, 0% used [0x00000000d6c00000,0x00000000d6c00000,0x00000000d7000000)
 ParOldGen       total 68608K, used 9846K [0x0000000080000000, 0x0000000084300000, 0x00000000d5580000)
  object space 68608K, 14% used [0x0000000080000000,0x000000008099d928,0x0000000084300000)
 Metaspace       used 30499K, committed 31296K, reserved 1114112K
  class space    used 3062K, committed 3392K, reserved 1048576K
}
Event: 110.999 GC heap after
{Heap after GC invocations=10 (full 1):
 PSYoungGen      total 26624K, used 4093K [0x00000000d5580000, 0x00000000d7680000, 0x0000000100000000)
  eden space 22528K, 0% used [0x00000000d5580000,0x00000000d5580000,0x00000000d6b80000)
  from space 4096K, 99% used [0x00000000d6c00000,0x00000000d6fff490,0x00000000d7000000)
  to   space 5632K, 0% used [0x00000000d7100000,0x00000000d7100000,0x00000000d7680000)
 ParOldGen       total 68608K, used 10699K [0x0000000080000000, 0x0000000084300000, 0x00000000d5580000)
  object space 68608K, 15% used [0x0000000080000000,0x0000000080a72db8,0x0000000084300000)
 Metaspace       used 30499K, committed 31296K, reserved 1114112K
  class space    used 3062K, committed 3392K, reserved 1048576K
}
Event: 111.236 GC heap before
{Heap before GC invocations=11 (full 1):
 PSYoungGen      total 26624K, used 26621K [0x00000000d5580000, 0x00000000d7680000, 0x0000000100000000)
  eden space 22528K, 100% used [0x00000000d5580000,0x00000000d6b80000,0x00000000d6b80000)
  from space 4096K, 99% used [0x00000000d6c00000,0x00000000d6fff490,0x00000000d7000000)
  to   space 5632K, 0% used [0x00000000d7100000,0x00000000d7100000,0x00000000d7680000)
 ParOldGen       total 68608K, used 10699K [0x0000000080000000, 0x0000000084300000, 0x00000000d5580000)
  object space 68608K, 15% used [0x0000000080000000,0x0000000080a72db8,0x0000000084300000)
 Metaspace       used 32506K, committed 33408K, reserved 1114112K
  class space    used 3261K, committed 3648K, reserved 1048576K
}
Event: 111.238 GC heap after
{Heap after GC invocations=11 (full 1):
 PSYoungGen      total 26112K, used 3659K [0x00000000d5580000, 0x00000000d7500000, 0x0000000100000000)
  eden space 22016K, 0% used [0x00000000d5580000,0x00000000d5580000,0x00000000d6b00000)
  from space 4096K, 89% used [0x00000000d7100000,0x00000000d7492d58,0x00000000d7500000)
  to   space 4608K, 0% used [0x00000000d6c00000,0x00000000d6c00000,0x00000000d7080000)
 ParOldGen       total 68608K, used 13207K [0x0000000080000000, 0x0000000084300000, 0x00000000d5580000)
  object space 68608K, 19% used [0x0000000080000000,0x0000000080ce5ea0,0x0000000084300000)
 Metaspace       used 32506K, committed 33408K, reserved 1114112K
  class space    used 3261K, committed 3648K, reserved 1048576K
}
Event: 111.312 GC heap before
{Heap before GC invocations=12 (full 1):
 PSYoungGen      total 26112K, used 25675K [0x00000000d5580000, 0x00000000d7500000, 0x0000000100000000)
  eden space 22016K, 100% used [0x00000000d5580000,0x00000000d6b00000,0x00000000d6b00000)
  from space 4096K, 89% used [0x00000000d7100000,0x00000000d7492d58,0x00000000d7500000)
  to   space 4608K, 0% used [0x00000000d6c00000,0x00000000d6c00000,0x00000000d7080000)
 ParOldGen       total 68608K, used 13207K [0x0000000080000000, 0x0000000084300000, 0x00000000d5580000)
  object space 68608K, 19% used [0x0000000080000000,0x0000000080ce5ea0,0x0000000084300000)
 Metaspace       used 32847K, committed 33792K, reserved 1114112K
  class space    used 3317K, committed 3712K, reserved 1048576K
}
Event: 111.314 GC heap after
{Heap after GC invocations=12 (full 1):
 PSYoungGen      total 25088K, used 2705K [0x00000000d5580000, 0x00000000d7200000, 0x0000000100000000)
  eden space 22016K, 0% used [0x00000000d5580000,0x00000000d5580000,0x00000000d6b00000)
  from space 3072K, 88% used [0x00000000d6c00000,0x00000000d6ea4420,0x00000000d6f00000)
  to   space 3072K, 0% used [0x00000000d6f00000,0x00000000d6f00000,0x00000000d7200000)
 ParOldGen       total 68608K, used 16609K [0x0000000080000000, 0x0000000084300000, 0x00000000d5580000)
  object space 68608K, 24% used [0x0000000080000000,0x0000000081038458,0x0000000084300000)
 Metaspace       used 32847K, committed 33792K, reserved 1114112K
  class space    used 3317K, committed 3712K, reserved 1048576K
}
Event: 111.335 GC heap before
{Heap before GC invocations=13 (full 1):
 PSYoungGen      total 25088K, used 24721K [0x00000000d5580000, 0x00000000d7200000, 0x0000000100000000)
  eden space 22016K, 100% used [0x00000000d5580000,0x00000000d6b00000,0x00000000d6b00000)
  from space 3072K, 88% used [0x00000000d6c00000,0x00000000d6ea4420,0x00000000d6f00000)
  to   space 3072K, 0% used [0x00000000d6f00000,0x00000000d6f00000,0x00000000d7200000)
 ParOldGen       total 68608K, used 16609K [0x0000000080000000, 0x0000000084300000, 0x00000000d5580000)
  object space 68608K, 24% used [0x0000000080000000,0x0000000081038458,0x0000000084300000)
 Metaspace       used 32890K, committed 33856K, reserved 1114112K
  class space    used 3317K, committed 3712K, reserved 1048576K
}
Event: 111.337 GC heap after
{Heap after GC invocations=13 (full 1):
 PSYoungGen      total 25088K, used 2754K [0x00000000d5580000, 0x00000000d7200000, 0x0000000100000000)
  eden space 22016K, 0% used [0x00000000d5580000,0x00000000d5580000,0x00000000d6b00000)
  from space 3072K, 89% used [0x00000000d6f00000,0x00000000d71b0810,0x00000000d7200000)
  to   space 3072K, 0% used [0x00000000d6c00000,0x00000000d6c00000,0x00000000d6f00000)
 ParOldGen       total 68608K, used 19012K [0x0000000080000000, 0x0000000084300000, 0x00000000d5580000)
  object space 68608K, 27% used [0x0000000080000000,0x0000000081291138,0x0000000084300000)
 Metaspace       used 32890K, committed 33856K, reserved 1114112K
  class space    used 3317K, committed 3712K, reserved 1048576K
}
Event: 111.361 GC heap before
{Heap before GC invocations=14 (full 1):
 PSYoungGen      total 25088K, used 24770K [0x00000000d5580000, 0x00000000d7200000, 0x0000000100000000)
  eden space 22016K, 100% used [0x00000000d5580000,0x00000000d6b00000,0x00000000d6b00000)
  from space 3072K, 89% used [0x00000000d6f00000,0x00000000d71b0810,0x00000000d7200000)
  to   space 3072K, 0% used [0x00000000d6c00000,0x00000000d6c00000,0x00000000d6f00000)
 ParOldGen       total 68608K, used 19012K [0x0000000080000000, 0x0000000084300000, 0x00000000d5580000)
  object space 68608K, 27% used [0x0000000080000000,0x0000000081291138,0x0000000084300000)
 Metaspace       used 32900K, committed 33856K, reserved 1114112K
  class space    used 3317K, committed 3712K, reserved 1048576K
}
Event: 111.362 GC heap after
{Heap after GC invocations=14 (full 1):
 PSYoungGen      total 24576K, used 2468K [0x00000000d5580000, 0x00000000d7100000, 0x0000000100000000)
  eden space 22016K, 0% used [0x00000000d5580000,0x00000000d5580000,0x00000000d6b00000)
  from space 2560K, 96% used [0x00000000d6c00000,0x00000000d6e69000,0x00000000d6e80000)
  to   space 2560K, 0% used [0x00000000d6e80000,0x00000000d6e80000,0x00000000d7100000)
 ParOldGen       total 68608K, used 21578K [0x0000000080000000, 0x0000000084300000, 0x00000000d5580000)
  object space 68608K, 31% used [0x0000000080000000,0x0000000081512af8,0x0000000084300000)
 Metaspace       used 32900K, committed 33856K, reserved 1114112K
  class space    used 3317K, committed 3712K, reserved 1048576K
}
Event: 111.395 GC heap before
{Heap before GC invocations=15 (full 1):
 PSYoungGen      total 24576K, used 24484K [0x00000000d5580000, 0x00000000d7100000, 0x0000000100000000)
  eden space 22016K, 100% used [0x00000000d5580000,0x00000000d6b00000,0x00000000d6b00000)
  from space 2560K, 96% used [0x00000000d6c00000,0x00000000d6e69000,0x00000000d6e80000)
  to   space 2560K, 0% used [0x00000000d6e80000,0x00000000d6e80000,0x00000000d7100000)
 ParOldGen       total 68608K, used 21578K [0x0000000080000000, 0x0000000084300000, 0x00000000d5580000)
  object space 68608K, 31% used [0x0000000080000000,0x0000000081512af8,0x0000000084300000)
 Metaspace       used 32931K, committed 33856K, reserved 1114112K
  class space    used 3318K, committed 3712K, reserved 1048576K
}
Event: 111.397 GC heap after
{Heap after GC invocations=15 (full 1):
 PSYoungGen      total 22528K, used 2528K [0x00000000d5580000, 0x00000000d7600000, 0x0000000100000000)
  eden space 19968K, 0% used [0x00000000d5580000,0x00000000d5580000,0x00000000d6900000)
  from space 2560K, 98% used [0x00000000d6e80000,0x00000000d70f8010,0x00000000d7100000)
  to   space 5632K, 0% used [0x00000000d6900000,0x00000000d6900000,0x00000000d6e80000)
 ParOldGen       total 68608K, used 23786K [0x0000000080000000, 0x0000000084300000, 0x00000000d5580000)
  object space 68608K, 34% used [0x0000000080000000,0x000000008173abf8,0x0000000084300000)
 Metaspace       used 32931K, committed 33856K, reserved 1114112K
  class space    used 3318K, committed 3712K, reserved 1048576K
}
Event: 111.418 GC heap before
{Heap before GC invocations=16 (full 1):
 PSYoungGen      total 22528K, used 22496K [0x00000000d5580000, 0x00000000d7600000, 0x0000000100000000)
  eden space 19968K, 100% used [0x00000000d5580000,0x00000000d6900000,0x00000000d6900000)
  from space 2560K, 98% used [0x00000000d6e80000,0x00000000d70f8010,0x00000000d7100000)
  to   space 5632K, 0% used [0x00000000d6900000,0x00000000d6900000,0x00000000d6e80000)
 ParOldGen       total 68608K, used 23786K [0x0000000080000000, 0x0000000084300000, 0x00000000d5580000)
  object space 68608K, 34% used [0x0000000080000000,0x000000008173abf8,0x0000000084300000)
 Metaspace       used 32957K, committed 33856K, reserved 1114112K
  class space    used 3318K, committed 3712K, reserved 1048576K
}
Event: 111.420 GC heap after
{Heap after GC invocations=16 (full 1):
 PSYoungGen      total 22528K, used 2104K [0x00000000d5580000, 0x00000000d6f00000, 0x0000000100000000)
  eden space 19968K, 0% used [0x00000000d5580000,0x00000000d5580000,0x00000000d6900000)
  from space 2560K, 82% used [0x00000000d6900000,0x00000000d6b0e200,0x00000000d6b80000)
  to   space 3072K, 0% used [0x00000000d6c00000,0x00000000d6c00000,0x00000000d6f00000)
 ParOldGen       total 68608K, used 26219K [0x0000000080000000, 0x0000000084300000, 0x00000000d5580000)
  object space 68608K, 38% used [0x0000000080000000,0x000000008199ac08,0x0000000084300000)
 Metaspace       used 32957K, committed 33856K, reserved 1114112K
  class space    used 3318K, committed 3712K, reserved 1048576K
}
Event: 111.761 GC heap before
{Heap before GC invocations=17 (full 1):
 PSYoungGen      total 22528K, used 21148K [0x00000000d5580000, 0x00000000d6f00000, 0x0000000100000000)
  eden space 19968K, 95% used [0x00000000d5580000,0x00000000d68191a8,0x00000000d6900000)
  from space 2560K, 82% used [0x00000000d6900000,0x00000000d6b0e200,0x00000000d6b80000)
  to   space 3072K, 0% used [0x00000000d6c00000,0x00000000d6c00000,0x00000000d6f00000)
 ParOldGen       total 68608K, used 26219K [0x0000000080000000, 0x0000000084300000, 0x00000000d5580000)
  object space 68608K, 38% used [0x0000000080000000,0x000000008199ac08,0x0000000084300000)
 Metaspace       used 34887K, committed 35840K, reserved 1114112K
  class space    used 3466K, committed 3840K, reserved 1048576K
}
Event: 113.778 GC heap after
{Heap after GC invocations=17 (full 1):
 PSYoungGen      total 23040K, used 3048K [0x00000000d5580000, 0x00000000d6f00000, 0x0000000100000000)
  eden space 19968K, 0% used [0x00000000d5580000,0x00000000d5580000,0x00000000d6900000)
  from space 3072K, 99% used [0x00000000d6c00000,0x00000000d6efa000,0x00000000d6f00000)
  to   space 2560K, 0% used [0x00000000d6900000,0x00000000d6900000,0x00000000d6b80000)
 ParOldGen       total 68608K, used 29189K [0x0000000080000000, 0x0000000084300000, 0x00000000d5580000)
  object space 68608K, 42% used [0x0000000080000000,0x0000000081c81690,0x0000000084300000)
 Metaspace       used 34887K, committed 35840K, reserved 1114112K
  class space    used 3466K, committed 3840K, reserved 1048576K
}
Event: 113.778 GC heap before
{Heap before GC invocations=18 (full 2):
 PSYoungGen      total 23040K, used 3048K [0x00000000d5580000, 0x00000000d6f00000, 0x0000000100000000)
  eden space 19968K, 0% used [0x00000000d5580000,0x00000000d5580000,0x00000000d6900000)
  from space 3072K, 99% used [0x00000000d6c00000,0x00000000d6efa000,0x00000000d6f00000)
  to   space 2560K, 0% used [0x00000000d6900000,0x00000000d6900000,0x00000000d6b80000)
 ParOldGen       total 68608K, used 29189K [0x0000000080000000, 0x0000000084300000, 0x00000000d5580000)
  object space 68608K, 42% used [0x0000000080000000,0x0000000081c81690,0x0000000084300000)
 Metaspace       used 34887K, committed 35840K, reserved 1114112K
  class space    used 3466K, committed 3840K, reserved 1048576K
}
Event: 113.804 GC heap after
{Heap after GC invocations=18 (full 2):
 PSYoungGen      total 23040K, used 0K [0x00000000d5580000, 0x00000000d6f00000, 0x0000000100000000)
  eden space 19968K, 0% used [0x00000000d5580000,0x00000000d5580000,0x00000000d6900000)
  from space 3072K, 0% used [0x00000000d6c00000,0x00000000d6c00000,0x00000000d6f00000)
  to   space 2560K, 0% used [0x00000000d6900000,0x00000000d6900000,0x00000000d6b80000)
 ParOldGen       total 68608K, used 29387K [0x0000000080000000, 0x0000000084300000, 0x00000000d5580000)
  object space 68608K, 42% used [0x0000000080000000,0x0000000081cb2d98,0x0000000084300000)
 Metaspace       used 34887K, committed 35840K, reserved 1114112K
  class space    used 3466K, committed 3840K, reserved 1048576K
}

Dll operation events (10 events):
Event: 0.008 Loaded shared library c:\Users\30989\.windsurf\extensions\redhat.java-1.50.0-win32-x64\jre\21.0.9-win32-x86_64\bin\java.dll
Event: 0.028 Loaded shared library c:\Users\30989\.windsurf\extensions\redhat.java-1.50.0-win32-x64\jre\21.0.9-win32-x86_64\bin\zip.dll
Event: 0.059 Loaded shared library C:\Users\30989\.windsurf\extensions\redhat.java-1.50.0-win32-x64\jre\21.0.9-win32-x86_64\bin\instrument.dll
Event: 0.063 Loaded shared library C:\Users\30989\.windsurf\extensions\redhat.java-1.50.0-win32-x64\jre\21.0.9-win32-x86_64\bin\net.dll
Event: 0.064 Loaded shared library C:\Users\30989\.windsurf\extensions\redhat.java-1.50.0-win32-x64\jre\21.0.9-win32-x86_64\bin\nio.dll
Event: 0.066 Loaded shared library C:\Users\30989\.windsurf\extensions\redhat.java-1.50.0-win32-x64\jre\21.0.9-win32-x86_64\bin\zip.dll
Event: 0.075 Loaded shared library C:\Users\30989\.windsurf\extensions\redhat.java-1.50.0-win32-x64\jre\21.0.9-win32-x86_64\bin\jimage.dll
Event: 0.116 Loaded shared library c:\Users\30989\.windsurf\extensions\redhat.java-1.50.0-win32-x64\jre\21.0.9-win32-x86_64\bin\verify.dll
Event: 1.683 Loaded shared library C:\Users\30989\AppData\Roaming\Windsurf\User\globalStorage\redhat.java\1.50.0\config_ss_win\org.eclipse.equinox.launcher\org.eclipse.equinox.launcher.win32.win32.x86_64_1.2.1400.v20250801-0854\eclipse_11916.dll
Event: 5.645 Loaded shared library C:\Users\30989\AppData\Local\Temp\jna-48586109\jna16457306782998854157.dll

Deoptimization events (20 events):
Event: 111.727 Thread 0x000002519794d440 DEOPT PACKING pc=0x0000025139683da6 sp=0x000000aa1cdfdb80
Event: 111.727 Thread 0x000002519794d440 DEOPT UNPACKING pc=0x0000025140174242 sp=0x000000aa1cdfd070 mode 0
Event: 111.727 Thread 0x000002519794d440 DEOPT PACKING pc=0x0000025139683da6 sp=0x000000aa1cdfdb80
Event: 111.727 Thread 0x000002519794d440 DEOPT UNPACKING pc=0x0000025140174242 sp=0x000000aa1cdfd070 mode 0
Event: 111.728 Thread 0x000002519794d440 Uncommon trap: trap_request=0xffffffc6 fr.pc=0x00000251409f9d28 relative=0x0000000000000328
Event: 111.728 Thread 0x000002519794d440 Uncommon trap: reason=bimorphic_or_optimized_type_check action=maybe_recompile pc=0x00000251409f9d28 method=java.util.Collections$UnmodifiableMap.get(Ljava/lang/Object;)Ljava/lang/Object; @ 5 c2
Event: 111.728 Thread 0x000002519794d440 DEOPT PACKING pc=0x00000251409f9d28 sp=0x000000aa1cdfe590
Event: 111.728 Thread 0x000002519794d440 DEOPT UNPACKING pc=0x0000025140173aa2 sp=0x000000aa1cdfe538 mode 2
Event: 111.728 Thread 0x000002519794d440 Uncommon trap: trap_request=0xffffffc6 fr.pc=0x00000251409f9d28 relative=0x0000000000000328
Event: 111.728 Thread 0x000002519794d440 Uncommon trap: reason=bimorphic_or_optimized_type_check action=maybe_recompile pc=0x00000251409f9d28 method=java.util.Collections$UnmodifiableMap.get(Ljava/lang/Object;)Ljava/lang/Object; @ 5 c2
Event: 111.728 Thread 0x000002519794d440 DEOPT PACKING pc=0x00000251409f9d28 sp=0x000000aa1cdfe590
Event: 111.728 Thread 0x000002519794d440 DEOPT UNPACKING pc=0x0000025140173aa2 sp=0x000000aa1cdfe538 mode 2
Event: 111.728 Thread 0x000002519794d440 Uncommon trap: trap_request=0xffffffc6 fr.pc=0x00000251409f9d28 relative=0x0000000000000328
Event: 111.728 Thread 0x000002519794d440 Uncommon trap: reason=bimorphic_or_optimized_type_check action=maybe_recompile pc=0x00000251409f9d28 method=java.util.Collections$UnmodifiableMap.get(Ljava/lang/Object;)Ljava/lang/Object; @ 5 c2
Event: 111.729 Thread 0x000002519794d440 DEOPT PACKING pc=0x00000251409f9d28 sp=0x000000aa1cdfe590
Event: 111.729 Thread 0x000002519794d440 DEOPT UNPACKING pc=0x0000025140173aa2 sp=0x000000aa1cdfe538 mode 2
Event: 111.729 Thread 0x000002519794d440 Uncommon trap: trap_request=0xffffffc6 fr.pc=0x00000251409f9d28 relative=0x0000000000000328
Event: 111.729 Thread 0x000002519794d440 Uncommon trap: reason=bimorphic_or_optimized_type_check action=maybe_recompile pc=0x00000251409f9d28 method=java.util.Collections$UnmodifiableMap.get(Ljava/lang/Object;)Ljava/lang/Object; @ 5 c2
Event: 111.729 Thread 0x000002519794d440 DEOPT PACKING pc=0x00000251409f9d28 sp=0x000000aa1cdfe590
Event: 111.729 Thread 0x000002519794d440 DEOPT UNPACKING pc=0x0000025140173aa2 sp=0x000000aa1cdfe538 mode 2

Classes loaded (20 events):
Event: 111.222 Loading class java/lang/invoke/MethodHandleImpl$Makers
Event: 111.222 Loading class java/lang/invoke/MethodHandleImpl$Makers done
Event: 111.222 Loading class java/lang/invoke/MethodHandleImpl$Makers$1
Event: 111.222 Loading class java/lang/invoke/MethodHandleImpl$Makers$1 done
Event: 111.222 Loading class java/lang/invoke/MethodHandleImpl$Makers$2
Event: 111.222 Loading class java/lang/invoke/MethodHandleImpl$Makers$2 done
Event: 111.222 Loading class java/lang/invoke/MethodHandleImpl$Makers$3
Event: 111.222 Loading class java/lang/invoke/MethodHandleImpl$Makers$3 done
Event: 111.224 Loading class java/lang/runtime/ObjectMethods$1
Event: 111.224 Loading class java/lang/runtime/ObjectMethods$1 done
Event: 111.298 Loading class java/nio/channels/Channels$ReadableByteChannelImpl
Event: 111.298 Loading class java/nio/channels/Channels$ReadableByteChannelImpl done
Event: 111.299 Loading class java/nio/channels/NonWritableChannelException
Event: 111.299 Loading class java/nio/channels/NonWritableChannelException done
Event: 111.552 Loading class java/io/FileReader
Event: 111.552 Loading class java/io/FileReader done
Event: 111.552 Loading class java/lang/UnsupportedClassVersionError
Event: 111.553 Loading class java/lang/UnsupportedClassVersionError done
Event: 111.730 Loading class java/lang/ExceptionInInitializerError
Event: 111.730 Loading class java/lang/ExceptionInInitializerError done

Classes unloaded (7 events):
Event: 5.344 Thread 0x0000025135a699c0 Unloading class 0x000002514e195000 'java/lang/invoke/LambdaForm$MH+0x000002514e195000'
Event: 5.344 Thread 0x0000025135a699c0 Unloading class 0x000002514e194c00 'java/lang/invoke/LambdaForm$MH+0x000002514e194c00'
Event: 5.344 Thread 0x0000025135a699c0 Unloading class 0x000002514e194800 'java/lang/invoke/LambdaForm$MH+0x000002514e194800'
Event: 5.344 Thread 0x0000025135a699c0 Unloading class 0x000002514e194400 'java/lang/invoke/LambdaForm$MH+0x000002514e194400'
Event: 5.344 Thread 0x0000025135a699c0 Unloading class 0x000002514e194000 'java/lang/invoke/LambdaForm$BMH+0x000002514e194000'
Event: 5.344 Thread 0x0000025135a699c0 Unloading class 0x000002514e193c00 'java/lang/invoke/LambdaForm$DMH+0x000002514e193c00'
Event: 5.344 Thread 0x0000025135a699c0 Unloading class 0x000002514e192c00 'java/lang/invoke/LambdaForm$DMH+0x000002514e192c00'

Classes redefined (0 events):
No events

Internal exceptions (20 events):
Event: 111.136 Thread 0x000002519794d440 Exception <a 'java/lang/ClassNotFoundException'{0x00000000d5e712d0}: com/sun/org/apache/xerces/internal/impl/msg/spi/DOMMessagesProvider> (0x00000000d5e712d0) 
thrown [s\src\hotspot\share\classfile\systemDictionary.cpp, line 312]
Event: 111.137 Thread 0x000002519794d440 Exception <a 'java/lang/ClassNotFoundException'{0x00000000d5e93fe0}: com/sun/org/apache/xerces/internal/impl/msg/spi/XMLSerializerMessagesProvider> (0x00000000d5e93fe0) 
thrown [s\src\hotspot\share\classfile\systemDictionary.cpp, line 312]
Event: 111.138 Thread 0x000002519794d440 Exception <a 'java/lang/ClassNotFoundException'{0x00000000d5eae150}: com/sun/org/apache/xerces/internal/impl/msg/spi/XMLMessagesProvider> (0x00000000d5eae150) 
thrown [s\src\hotspot\share\classfile\systemDictionary.cpp, line 312]
Event: 111.169 Thread 0x000002519794d440 Implicit null exception at 0x0000025140a2aba6 to 0x0000025140a2ae74
Event: 111.169 Thread 0x000002519794d440 Exception <a 'java/lang/NoSuchMethodError'{0x00000000d61382e0}: 'long java.lang.invoke.DirectMethodHandle$Holder.invokeStatic(java.lang.Object, java.lang.Object, int)'> (0x00000000d61382e0) 
thrown [s\src\hotspot\share\interpreter\linkResolver.cpp, line 773]
Event: 111.170 Thread 0x000002519794d440 Exception <a 'java/lang/NoSuchMethodError'{0x00000000d6142b48}: 'java.lang.Object java.lang.invoke.DelegatingMethodHandle$Holder.reinvoke_L(java.lang.Object, int, long, java.lang.Object, java.lang.Object, int, java.lang.Object)'> (0x00000000d6142b48) 
thrown [s\src\hotspot\share\interpreter\linkResolver.cpp, line 773]
Event: 111.221 Thread 0x000002519794d440 Exception <a 'java/lang/NoSuchMethodError'{0x00000000d66e8ca0}: 'java.lang.Object java.lang.invoke.DirectMethodHandle$Holder.invokeStaticInit(java.lang.Object, java.lang.Object, java.lang.Object, java.lang.Object, java.lang.Object, java.lang.Object, java.lang.Object)'> (0x00000000d66e8ca0) 
thrown [s\src\hotspot\share\interpreter\linkResolver.cpp, line 773]
Event: 111.222 Thread 0x000002519794d440 Exception <a 'java/lang/NoSuchMethodError'{0x00000000d66edc58}: 'java.lang.Object java.lang.invoke.Invokers$Holder.invoke_MT(java.lang.Object, java.lang.Object, java.lang.Object, java.lang.Object, java.lang.Object, java.lang.Object, java.lang.Object, java.lang.Object, java.lang.Object, java.lang.Object)'> (0x00000000d66edc58) 
thrown [s\src\hotspot\share\interpreter\linkResolver.cpp, line 773]
Event: 111.224 Thread 0x000002519794d440 Exception <a 'java/lang/NoSuchMethodError'{0x00000000d672dea0}: 'int java.lang.invoke.DirectMethodHandle$Holder.invokeVirtual(java.lang.Object, java.lang.Object, java.lang.Object)'> (0x00000000d672dea0) 
thrown [s\src\hotspot\share\interpreter\linkResolver.cpp, line 773]
Event: 111.224 Thread 0x000002519794d440 Exception <a 'java/lang/NoSuchMethodError'{0x00000000d6732498}: 'int java.lang.invoke.DirectMethodHandle$Holder.invokeStaticInit(java.lang.Object, int, int)'> (0x00000000d6732498) 
thrown [s\src\hotspot\share\interpreter\linkResolver.cpp, line 773]
Event: 111.224 Thread 0x000002519794d440 Exception <a 'java/lang/NoSuchMethodError'{0x00000000d6739c40}: 'int java.lang.invoke.DirectMethodHandle$Holder.invokeStaticInit(java.lang.Object, long, long)'> (0x00000000d6739c40) 
thrown [s\src\hotspot\share\interpreter\linkResolver.cpp, line 773]
Event: 111.225 Thread 0x000002519794d440 Exception <a 'java/lang/NoSuchMethodError'{0x00000000d6740cf0}: 'int java.lang.invoke.DirectMethodHandle$Holder.invokeStaticInit(java.lang.Object, float, float)'> (0x00000000d6740cf0) 
thrown [s\src\hotspot\share\interpreter\linkResolver.cpp, line 773]
Event: 111.225 Thread 0x000002519794d440 Exception <a 'java/lang/NoSuchMethodError'{0x00000000d6747a60}: 'int java.lang.invoke.DirectMethodHandle$Holder.invokeStaticInit(java.lang.Object, double, double)'> (0x00000000d6747a60) 
thrown [s\src\hotspot\share\interpreter\linkResolver.cpp, line 773]
Event: 111.225 Thread 0x000002519794d440 Exception <a 'java/lang/NoSuchMethodError'{0x00000000d674c278}: 'int java.lang.invoke.DirectMethodHandle$Holder.invokeStatic(java.lang.Object, long)'> (0x00000000d674c278) 
thrown [s\src\hotspot\share\interpreter\linkResolver.cpp, line 773]
Event: 111.227 Thread 0x000002519794d440 Exception <a 'java/lang/NoSuchMethodError'{0x00000000d676b6b0}: 'int java.lang.invoke.Invokers$Holder.linkToTargetMethod(java.lang.Object, java.lang.Object)'> (0x00000000d676b6b0) 
thrown [s\src\hotspot\share\interpreter\linkResolver.cpp, line 773]
Event: 111.468 Thread 0x0000025196804540 Exception <a 'java/lang/NoSuchMethodError'{0x00000000d5c48918}: 'int java.lang.invoke.DirectMethodHandle$Holder.invokeStatic(java.lang.Object)'> (0x00000000d5c48918) 
thrown [s\src\hotspot\share\interpreter\linkResolver.cpp, line 773]
Event: 111.497 Thread 0x0000025196804540 Exception <a 'java/io/FileNotFoundException'{0x00000000d5f2ab18}> (0x00000000d5f2ab18) 
thrown [s\src\hotspot\share\prims\jni.cpp, line 520]
Event: 111.497 Thread 0x0000025196804540 Exception <a 'java/io/FileNotFoundException'{0x00000000d5f2c5f0}> (0x00000000d5f2c5f0) 
thrown [s\src\hotspot\share\prims\jni.cpp, line 520]
Event: 111.497 Thread 0x0000025196804540 Exception <a 'java/io/FileNotFoundException'{0x00000000d5f2dce0}> (0x00000000d5f2dce0) 
thrown [s\src\hotspot\share\prims\jni.cpp, line 520]
Event: 111.564 Thread 0x000002519794d440 Exception <a 'java/lang/NoSuchMethodError'{0x00000000d64045f0}: 'int java.lang.invoke.Invokers$Holder.invokeExact_MT(java.lang.Object, java.lang.Object)'> (0x00000000d64045f0) 
thrown [s\src\hotspot\share\interpreter\linkResolver.cpp, line 773]

ZGC Phase Switch (0 events):
No events

VM Operations (20 events):
Event: 111.182 Executing VM operation: HandshakeAllThreads (Deoptimize) done
Event: 111.236 Executing VM operation: ParallelGCFailedAllocation (Allocation Failure)
Event: 111.238 Executing VM operation: ParallelGCFailedAllocation (Allocation Failure) done
Event: 111.312 Executing VM operation: ParallelGCFailedAllocation (Allocation Failure)
Event: 111.314 Executing VM operation: ParallelGCFailedAllocation (Allocation Failure) done
Event: 111.335 Executing VM operation: ParallelGCFailedAllocation (Allocation Failure)
Event: 111.337 Executing VM operation: ParallelGCFailedAllocation (Allocation Failure) done
Event: 111.361 Executing VM operation: ParallelGCFailedAllocation (Allocation Failure)
Event: 111.362 Executing VM operation: ParallelGCFailedAllocation (Allocation Failure) done
Event: 111.395 Executing VM operation: ParallelGCFailedAllocation (Allocation Failure)
Event: 111.397 Executing VM operation: ParallelGCFailedAllocation (Allocation Failure) done
Event: 111.418 Executing VM operation: ParallelGCFailedAllocation (Allocation Failure)
Event: 111.420 Executing VM operation: ParallelGCFailedAllocation (Allocation Failure) done
Event: 111.471 Executing VM operation: HandshakeAllThreads (Deoptimize)
Event: 111.471 Executing VM operation: HandshakeAllThreads (Deoptimize) done
Event: 111.500 Executing VM operation: HandshakeAllThreads (Deoptimize)
Event: 111.501 Executing VM operation: HandshakeAllThreads (Deoptimize) done
Event: 111.761 Executing VM operation: CollectForMetadataAllocation (Metadata GC Threshold)
Event: 113.804 Executing VM operation: CollectForMetadataAllocation (Metadata GC Threshold) done
Event: 115.827 Executing VM operation: Cleanup

Memory protections (0 events):
No events

Nmethod flushes (20 events):
Event: 113.792 Thread 0x0000025135a699c0 flushing  nmethod 0x00000251390e3710
Event: 113.792 Thread 0x0000025135a699c0 flushing  nmethod 0x0000025139142f10
Event: 113.792 Thread 0x0000025135a699c0 flushing  nmethod 0x0000025139143810
Event: 113.792 Thread 0x0000025135a699c0 flushing  nmethod 0x0000025139149410
Event: 113.792 Thread 0x0000025135a699c0 flushing  nmethod 0x000002513915b490
Event: 113.792 Thread 0x0000025135a699c0 flushing  nmethod 0x000002513915f290
Event: 113.792 Thread 0x0000025135a699c0 flushing  nmethod 0x000002513915f690
Event: 113.792 Thread 0x0000025135a699c0 flushing  nmethod 0x000002513917ac90
Event: 113.792 Thread 0x0000025135a699c0 flushing  nmethod 0x000002513917bc10
Event: 113.792 Thread 0x0000025135a699c0 flushing  nmethod 0x0000025139181790
Event: 113.792 Thread 0x0000025135a699c0 flushing  nmethod 0x00000251391bb590
Event: 113.792 Thread 0x0000025135a699c0 flushing  nmethod 0x00000251391bc010
Event: 113.792 Thread 0x0000025135a699c0 flushing  nmethod 0x00000251391bc590
Event: 113.792 Thread 0x0000025135a699c0 flushing  nmethod 0x00000251391bd390
Event: 113.792 Thread 0x0000025135a699c0 flushing  nmethod 0x00000251391be190
Event: 113.792 Thread 0x0000025135a699c0 flushing  nmethod 0x00000251391cda90
Event: 113.792 Thread 0x0000025135a699c0 flushing  nmethod 0x00000251391d1d90
Event: 113.792 Thread 0x0000025135a699c0 flushing  nmethod 0x00000251391d3390
Event: 113.792 Thread 0x0000025135a699c0 flushing  nmethod 0x00000251391d4110
Event: 113.792 Thread 0x0000025135a699c0 flushing  nmethod 0x00000251391f5210

Events (20 events):
Event: 8.502 Thread 0x00000251961da260 Thread exited: 0x00000251961da260
Event: 8.502 Thread 0x000002518edcd960 Thread exited: 0x000002518edcd960
Event: 13.510 Thread 0x000002518edce030 Thread exited: 0x000002518edce030
Event: 13.510 Thread 0x0000025196137500 Thread exited: 0x0000025196137500
Event: 13.510 Thread 0x000002518ecbeba0 Thread exited: 0x000002518ecbeba0
Event: 110.953 Thread 0x00000251968010c0 Thread added: 0x0000025197950f50
Event: 110.955 Thread 0x0000025197950f50 Thread exited: 0x0000025197950f50
Event: 111.142 Thread 0x000002518ebf8080 Thread added: 0x000002518edccbc0
Event: 111.190 Thread 0x000002518ebf8080 Thread added: 0x000002518edcd290
Event: 111.190 Thread 0x000002518ebf8080 Thread added: 0x000002518edcfb70
Event: 111.212 Thread 0x000002518ebf8080 Thread added: 0x000002518edcd960
Event: 111.243 Thread 0x000002518ebf14c0 Thread added: 0x000002518edce030
Event: 111.247 Thread 0x000002518edccbc0 Thread added: 0x000002518edcedd0
Event: 111.247 Thread 0x000002518edccbc0 Thread added: 0x000002518edd0240
Event: 111.247 Thread 0x000002518edccbc0 Thread added: 0x000002518edcf4a0
Event: 111.256 Thread 0x000002518edccbc0 Thread added: 0x0000025197334a00
Event: 111.256 Thread 0x000002518edccbc0 Thread added: 0x00000251973350d0
Event: 113.805 Thread 0x000002518edcd960 Thread exited: 0x000002518edcd960
Event: 113.805 Thread 0x000002518edcfb70 Thread exited: 0x000002518edcfb70
Event: 114.851 Thread 0x00000251973350d0 Thread exited: 0x00000251973350d0


Dynamic libraries:
0x00007ff6b7950000 - 0x00007ff6b795e000 	c:\Users\30989\.windsurf\extensions\redhat.java-1.50.0-win32-x64\jre\21.0.9-win32-x86_64\bin\java.exe
0x00007ffd23d60000 - 0x00007ffd23fc7000 	C:\Windows\SYSTEM32\ntdll.dll
0x00007ffd22490000 - 0x00007ffd22559000 	C:\Windows\System32\KERNEL32.DLL
0x00007ffd21190000 - 0x00007ffd2157f000 	C:\Windows\System32\KERNELBASE.dll
0x00007ffd21640000 - 0x00007ffd2178b000 	C:\Windows\System32\ucrtbase.dll
0x00007ffce4cb0000 - 0x00007ffce4cc8000 	c:\Users\30989\.windsurf\extensions\redhat.java-1.50.0-win32-x64\jre\21.0.9-win32-x86_64\bin\jli.dll
0x00007ffce91b0000 - 0x00007ffce91ce000 	c:\Users\30989\.windsurf\extensions\redhat.java-1.50.0-win32-x64\jre\21.0.9-win32-x86_64\bin\VCRUNTIME140.dll
0x00007ffd231c0000 - 0x00007ffd23385000 	C:\Windows\System32\USER32.dll
0x00007ffd21030000 - 0x00007ffd21057000 	C:\Windows\System32\win32u.dll
0x00007ffcf7af0000 - 0x00007ffcf7d83000 	C:\Windows\WinSxS\amd64_microsoft.windows.common-controls_6595b64144ccf1df_6.0.26100.7309_none_3e05feeae336a044\COMCTL32.dll
0x00007ffd225a0000 - 0x00007ffd225cb000 	C:\Windows\System32\GDI32.dll
0x00007ffd226b0000 - 0x00007ffd22759000 	C:\Windows\System32\msvcrt.dll
0x00007ffd21060000 - 0x00007ffd2118c000 	C:\Windows\System32\gdi32full.dll
0x00007ffd21590000 - 0x00007ffd21633000 	C:\Windows\System32\msvcp_win.dll
0x00007ffd22560000 - 0x00007ffd22591000 	C:\Windows\System32\IMM32.DLL
0x00007ffd04270000 - 0x00007ffd0427c000 	c:\Users\30989\.windsurf\extensions\redhat.java-1.50.0-win32-x64\jre\21.0.9-win32-x86_64\bin\vcruntime140_1.dll
0x00007ffcbd7f0000 - 0x00007ffcbd87d000 	c:\Users\30989\.windsurf\extensions\redhat.java-1.50.0-win32-x64\jre\21.0.9-win32-x86_64\bin\msvcp140.dll
0x00007ffc24f30000 - 0x00007ffc25cd0000 	c:\Users\30989\.windsurf\extensions\redhat.java-1.50.0-win32-x64\jre\21.0.9-win32-x86_64\bin\server\jvm.dll
0x00007ffd21e00000 - 0x00007ffd21eb4000 	C:\Windows\System32\ADVAPI32.dll
0x00007ffd21ee0000 - 0x00007ffd21f86000 	C:\Windows\System32\sechost.dll
0x00007ffd230a0000 - 0x00007ffd231b8000 	C:\Windows\System32\RPCRT4.dll
0x00007ffd21d80000 - 0x00007ffd21df4000 	C:\Windows\System32\WS2_32.dll
0x00007ffd19d10000 - 0x00007ffd19d1b000 	C:\Windows\SYSTEM32\VERSION.dll
0x00007ffd20d10000 - 0x00007ffd20d6e000 	C:\Windows\SYSTEM32\POWRPROF.dll
0x00007ffd1b720000 - 0x00007ffd1b755000 	C:\Windows\SYSTEM32\WINMM.dll
0x00007ffd20cf0000 - 0x00007ffd20d04000 	C:\Windows\SYSTEM32\UMPDC.dll
0x00007ffd1fc60000 - 0x00007ffd1fc7b000 	C:\Windows\SYSTEM32\kernel.appcore.dll
0x00007ffd03ed0000 - 0x00007ffd03eda000 	c:\Users\30989\.windsurf\extensions\redhat.java-1.50.0-win32-x64\jre\21.0.9-win32-x86_64\bin\jimage.dll
0x00007ffd1e490000 - 0x00007ffd1e6d2000 	C:\Windows\SYSTEM32\DBGHELP.DLL
0x00007ffd22c80000 - 0x00007ffd23005000 	C:\Windows\System32\combase.dll
0x00007ffd225d0000 - 0x00007ffd226a6000 	C:\Windows\System32\OLEAUT32.dll
0x00007ffcf37c0000 - 0x00007ffcf37fc000 	C:\Windows\SYSTEM32\dbgcore.DLL
0x00007ffd21790000 - 0x00007ffd21835000 	C:\Windows\System32\bcryptPrimitives.dll
0x00007ffd197d0000 - 0x00007ffd197df000 	c:\Users\30989\.windsurf\extensions\redhat.java-1.50.0-win32-x64\jre\21.0.9-win32-x86_64\bin\instrument.dll
0x00007ffcbce60000 - 0x00007ffcbce80000 	c:\Users\30989\.windsurf\extensions\redhat.java-1.50.0-win32-x64\jre\21.0.9-win32-x86_64\bin\java.dll
0x00007ffd235b0000 - 0x00007ffd23d03000 	C:\Windows\System32\SHELL32.dll
0x00007ffd21990000 - 0x00007ffd21afa000 	C:\Windows\System32\wintypes.dll
0x00007ffd1ea90000 - 0x00007ffd1f2ee000 	C:\Windows\SYSTEM32\windows.storage.dll
0x00007ffd21f90000 - 0x00007ffd22085000 	C:\Windows\System32\SHCORE.dll
0x00007ffd22280000 - 0x00007ffd222e6000 	C:\Windows\System32\shlwapi.dll
0x00007ffd20dd0000 - 0x00007ffd20df9000 	C:\Windows\SYSTEM32\profapi.dll
0x00007ffcce480000 - 0x00007ffcce498000 	c:\Users\30989\.windsurf\extensions\redhat.java-1.50.0-win32-x64\jre\21.0.9-win32-x86_64\bin\zip.dll
0x00007ffcf3820000 - 0x00007ffcf3830000 	C:\Users\30989\.windsurf\extensions\redhat.java-1.50.0-win32-x64\jre\21.0.9-win32-x86_64\bin\net.dll
0x00007ffd194b0000 - 0x00007ffd195d8000 	C:\Windows\SYSTEM32\WINHTTP.dll
0x00007ffd201d0000 - 0x00007ffd2023b000 	C:\Windows\system32\mswsock.dll
0x00007ffccfa50000 - 0x00007ffccfa66000 	C:\Users\30989\.windsurf\extensions\redhat.java-1.50.0-win32-x64\jre\21.0.9-win32-x86_64\bin\nio.dll
0x00007ffcf07a0000 - 0x00007ffcf07b0000 	c:\Users\30989\.windsurf\extensions\redhat.java-1.50.0-win32-x64\jre\21.0.9-win32-x86_64\bin\verify.dll
0x00007ffcea520000 - 0x00007ffcea564000 	C:\Users\30989\AppData\Roaming\Windsurf\User\globalStorage\redhat.java\1.50.0\config_ss_win\org.eclipse.equinox.launcher\org.eclipse.equinox.launcher.win32.win32.x86_64_1.2.1400.v20250801-0854\eclipse_11916.dll
0x00007ffd222f0000 - 0x00007ffd22487000 	C:\Windows\System32\ole32.dll
0x00007ffd20490000 - 0x00007ffd204ab000 	C:\Windows\SYSTEM32\CRYPTSP.dll
0x00007ffd1fbc0000 - 0x00007ffd1fbfa000 	C:\Windows\system32\rsaenh.dll
0x00007ffd20280000 - 0x00007ffd202ab000 	C:\Windows\SYSTEM32\USERENV.dll
0x00007ffd20da0000 - 0x00007ffd20dca000 	C:\Windows\SYSTEM32\bcrypt.dll
0x00007ffd204b0000 - 0x00007ffd204bc000 	C:\Windows\SYSTEM32\CRYPTBASE.dll
0x00007ffd1f6a0000 - 0x00007ffd1f6d4000 	C:\Windows\SYSTEM32\IPHLPAPI.DLL
0x00007ffd23090000 - 0x00007ffd2309a000 	C:\Windows\System32\NSI.dll
0x00007ffd03f80000 - 0x00007ffd03fc9000 	C:\Users\30989\AppData\Local\Temp\jna-48586109\jna16457306782998854157.dll
0x00007ffd22270000 - 0x00007ffd22278000 	C:\Windows\System32\PSAPI.DLL
0x00007ffd1a080000 - 0x00007ffd1a09e000 	C:\Windows\SYSTEM32\dhcpcsvc6.DLL
0x00007ffd19fb0000 - 0x00007ffd19fd3000 	C:\Windows\SYSTEM32\dhcpcsvc.DLL

JVMTI agents:
c:\Users\30989\.windsurf\extensions\redhat.java-1.50.0-win32-x64\lombok\lombok-1.18.39-4050.jar path:c:\Users\30989\.windsurf\extensions\redhat.java-1.50.0-win32-x64\jre\21.0.9-win32-x86_64\bin\instrument.dll, loaded, initialized, instrumentlib options:none

dbghelp: loaded successfully - version: 4.0.5 - missing functions: none
symbol engine: initialized successfully - sym options: 0x614 - pdb path: .;c:\Users\30989\.windsurf\extensions\redhat.java-1.50.0-win32-x64\jre\21.0.9-win32-x86_64\bin;C:\Windows\SYSTEM32;C:\Windows\WinSxS\amd64_microsoft.windows.common-controls_6595b64144ccf1df_6.0.26100.7309_none_3e05feeae336a044;c:\Users\30989\.windsurf\extensions\redhat.java-1.50.0-win32-x64\jre\21.0.9-win32-x86_64\bin\server;C:\Users\30989\AppData\Roaming\Windsurf\User\globalStorage\redhat.java\1.50.0\config_ss_win\org.eclipse.equinox.launcher\org.eclipse.equinox.launcher.win32.win32.x86_64_1.2.1400.v20250801-0854;C:\Users\30989\AppData\Local\Temp\jna-48586109

VM Arguments:
jvm_args: --add-modules=ALL-SYSTEM --add-opens=java.base/java.util=ALL-UNNAMED --add-opens=java.base/java.lang=ALL-UNNAMED --add-opens=java.base/sun.nio.fs=ALL-UNNAMED -Declipse.application=org.eclipse.jdt.ls.core.id1 -Dosgi.bundles.defaultStartLevel=4 -Declipse.product=org.eclipse.jdt.ls.core.product -Djava.import.generatesMetadataFilesAtProjectRoot=false -DDetectVMInstallationsJob.disabled=true -Dfile.encoding=utf8 -XX:+UseParallelGC -XX:GCTimeRatio=4 -XX:AdaptiveSizePolicyWeight=90 -Dsun.zip.disableMemoryMapping=true -Xmx2G -Xms100m -Xlog:disable -javaagent:c:\Users\30989\.windsurf\extensions\redhat.java-1.50.0-win32-x64\lombok\lombok-1.18.39-4050.jar 
java_command: c:\Users\30989\.windsurf\extensions\redhat.java-1.50.0-win32-x64\server\plugins\org.eclipse.equinox.launcher_1.7.100.v20251111-0406.jar -configuration c:\Users\30989\AppData\Roaming\Windsurf\User\globalStorage\redhat.java\1.50.0\config_ss_win -data c:\Users\30989\AppData\Roaming\Windsurf\User\workspaceStorage\fb4af406407ba1f19e8761ec21560fce\redhat.java\ss_ws --pipe=\\.\pipe\lsp-232fefad93565082ce35dd004c515ea2-sock
java_class_path (initial): c:\Users\30989\.windsurf\extensions\redhat.java-1.50.0-win32-x64\server\plugins\org.eclipse.equinox.launcher_1.7.100.v20251111-0406.jar
Launcher Type: SUN_STANDARD

[Global flags]
    uintx AdaptiveSizePolicyWeight                 = 90                                        {product} {command line}
     intx CICompilerCount                          = 12                                        {product} {ergonomic}
    uintx GCTimeRatio                              = 4                                         {product} {command line}
   size_t InitialHeapSize                          = 104857600                                 {product} {command line}
   size_t MaxHeapSize                              = 2147483648                                {product} {command line}
   size_t MaxNewSize                               = 715653120                                 {product} {ergonomic}
   size_t MinHeapDeltaBytes                        = 524288                                    {product} {ergonomic}
   size_t MinHeapSize                              = 104857600                                 {product} {command line}
   size_t NewSize                                  = 34603008                                  {product} {ergonomic}
    uintx NonNMethodCodeHeapSize                   = 7602480                                {pd product} {ergonomic}
    uintx NonProfiledCodeHeapSize                  = 122027880                              {pd product} {ergonomic}
   size_t OldSize                                  = 70254592                                  {product} {ergonomic}
    uintx ProfiledCodeHeapSize                     = 122027880                              {pd product} {ergonomic}
    uintx ReservedCodeCacheSize                    = 251658240                              {pd product} {ergonomic}
     bool SegmentedCodeCache                       = true                                      {product} {ergonomic}
   size_t SoftMaxHeapSize                          = 2147483648                             {manageable} {ergonomic}
     bool UseCompressedOops                        = true                           {product lp64_product} {ergonomic}
     bool UseLargePagesIndividualAllocation        = false                                  {pd product} {ergonomic}
     bool UseParallelGC                            = true                                      {product} {command line}

Logging:
Log output configuration:
 #0: stdout all=off uptime,level,tags foldmultilines=false
 #1: stderr all=off uptime,level,tags foldmultilines=false

Release file:
JAVA_VERSION="21.0.9" 
MODULES="java.base java.compiler java.datatransfer java.xml java.prefs java.desktop java.instrument java.logging java.management java.security.sasl java.naming java.rmi java.management.rmi java.net.http java.scripting java.security.jgss java.transaction.xa java.sql java.sql.rowset java.xml.crypto java.se java.smartcardio jdk.accessibility jdk.internal.jvmstat jdk.attach jdk.charsets jdk.internal.opt jdk.zipfs jdk.compiler jdk.crypto.ec jdk.crypto.cryptoki jdk.crypto.mscapi jdk.dynalink jdk.internal.ed jdk.editpad jdk.hotspot.agent jdk.httpserver jdk.internal.le jdk.internal.vm.ci jdk.internal.vm.compiler jdk.internal.vm.compiler.management jdk.jartool jdk.javadoc jdk.jcmd jdk.management jdk.management.agent jdk.jconsole jdk.jdeps jdk.jdwp.agent jdk.jdi jdk.jfr jdk.jshell jdk.jsobject jdk.jstatd jdk.localedata jdk.management.jfr jdk.naming.dns jdk.naming.rmi jdk.net jdk.nio.mapmode jdk.random jdk.sctp jdk.security.auth jdk.security.jgss jdk.unsupported jdk.unsupported.desktop jdk.xml.dom" 

Environment Variables:
JAVA_HOME=C:\Users\30989\.jdks\ms-17.0.17
PATH=D:\Program Files (x86)\pcsuite\;C:\Windows\System32;C:\Windows;C:\Windows\System32\Wbem;C:\Windows\System32\WindowsPowerShell\v1.0\;C:\Program Files\Git\cmd;C:\Users\30989\AppData\Local\Programs\Windsurf\bin;C:\Users\30989\.jdks\ms-17.0.17\bin;
USERNAME=30989
OS=Windows_NT
PROCESSOR_IDENTIFIER=Intel64 Family 6 Model 198 Stepping 2, GenuineIntel
TMP=C:\Users\30989\AppData\Local\Temp
TEMP=C:\Users\30989\AppData\Local\Temp




Periodic native trim disabled

---------------  S Y S T E M  ---------------

OS:
 Windows 11 , 64 bit Build 26100 (10.0.26100.7309)
OS uptime: 1 days 5:37 hours
Hyper-V role detected

CPU: total 24 (initial active 24) (24 cores per cpu, 1 threads per core) family 6 model 198 stepping 2 microcode 0x116, cx8, cmov, fxsr, mmx, 3dnowpref, sse, sse2, sse3, ssse3, sse4.1, sse4.2, popcnt, lzcnt, tsc, tscinvbit, avx, avx2, aes, erms, clmul, bmi1, bmi2, adx, sha, fma, vzeroupper, clflush, clflushopt, clwb, hv, serialize, rdtscp, rdpid, fsrm, f16c, cet_ibt, cet_ss
Processor Information for processor 0
  Max Mhz: 2700, Current Mhz: 2700, Mhz Limit: 2700
Processor Information for processor 1
  Max Mhz: 2700, Current Mhz: 2700, Mhz Limit: 2700
Processor Information for processor 2
  Max Mhz: 2100, Current Mhz: 2100, Mhz Limit: 2100
Processor Information for processor 3
  Max Mhz: 2100, Current Mhz: 2100, Mhz Limit: 2100
Processor Information for processor 4
  Max Mhz: 2100, Current Mhz: 2100, Mhz Limit: 2100
Processor Information for processor 5
  Max Mhz: 2100, Current Mhz: 2100, Mhz Limit: 2100
Processor Information for processor 6
  Max Mhz: 2100, Current Mhz: 2100, Mhz Limit: 2100
Processor Information for processor 7
  Max Mhz: 2100, Current Mhz: 2100, Mhz Limit: 2100
Processor Information for processor 8
  Max Mhz: 2100, Current Mhz: 2100, Mhz Limit: 2100
Processor Information for processor 9
  Max Mhz: 2100, Current Mhz: 2100, Mhz Limit: 2100
Processor Information for processor 10
  Max Mhz: 2700, Current Mhz: 2700, Mhz Limit: 2700
Processor Information for processor 11
  Max Mhz: 2700, Current Mhz: 2700, Mhz Limit: 2700
Processor Information for processor 12
  Max Mhz: 2700, Current Mhz: 2700, Mhz Limit: 2700
Processor Information for processor 13
  Max Mhz: 2700, Current Mhz: 2700, Mhz Limit: 2700
Processor Information for processor 14
  Max Mhz: 2100, Current Mhz: 2100, Mhz Limit: 2100
Processor Information for processor 15
  Max Mhz: 2100, Current Mhz: 2100, Mhz Limit: 2100
Processor Information for processor 16
  Max Mhz: 2100, Current Mhz: 2100, Mhz Limit: 2100
Processor Information for processor 17
  Max Mhz: 2100, Current Mhz: 2100, Mhz Limit: 2100
Processor Information for processor 18
  Max Mhz: 2100, Current Mhz: 2100, Mhz Limit: 2100
Processor Information for processor 19
  Max Mhz: 2100, Current Mhz: 2100, Mhz Limit: 2100
Processor Information for processor 20
  Max Mhz: 2100, Current Mhz: 2100, Mhz Limit: 2100
Processor Information for processor 21
  Max Mhz: 2100, Current Mhz: 2100, Mhz Limit: 2100
Processor Information for processor 22
  Max Mhz: 2700, Current Mhz: 2700, Mhz Limit: 2700
Processor Information for processor 23
  Max Mhz: 2700, Current Mhz: 2700, Mhz Limit: 2700

Memory: 4k page, system-wide physical 32221M (9518M free)
TotalPageFile size 70622M (AvailPageFile size 8216M)
current process WorkingSet (physical memory assigned to process): 225M, peak: 229M
current process commit charge ("private bytes"): 366M, peak: 378M

vm_info: OpenJDK 64-Bit Server VM (21.0.9+10-LTS) for windows-amd64 JRE (21.0.9+10-LTS), built on 2025-10-21T00:00:00Z by "admin" with unknown MS VC++:1942

END.
