#
# There is insufficient memory for the Java Runtime Environment to continue.
# Native memory allocation (malloc) failed to allocate 1048576 bytes. Error detail: AllocateHeap
# Possible reasons:
#   The system is out of physical RAM or swap space
#   This process is running with CompressedOops enabled, and the Java Heap may be blocking the growth of the native heap
# Possible solutions:
#   Reduce memory load on the system
#   Increase physical memory or swap space
#   Check if swap backing store is full
#   Decrease Java heap size (-Xmx/-Xms)
#   Decrease number of Java threads
#   Decrease Java thread stack sizes (-Xss)
#   Set larger code cache with -XX:ReservedCodeCacheSize=
#   JVM is running with Zero Based Compressed Oops mode in which the Java heap is
#     placed in the first 32GB address space. The Java Heap base address is the
#     maximum limit for the native heap growth. Please use -XX:HeapBaseMinAddress
#     to set the Java Heap base and to place the Java Heap above 32GB virtual address.
# This output file may be truncated or incomplete.
#
#  Out of Memory Error (allocation.cpp:44), pid=20180, tid=55056
#
# JRE version:  (17.0.17+10) (build )
# Java VM: OpenJDK 64-Bit Server VM (17.0.17+10-LTS, mixed mode, sharing, tiered, compressed oops, compressed class ptrs, g1 gc, windows-amd64)
# No core dump will be written. Minidumps are not enabled by default on client versions of Windows
#

---------------  S U M M A R Y ------------

Command Line: -DkotlinLanguageServer.version=1.3.13 org.javacs.kt.MainKt

Host: Intel(R) Core(TM) Ultra 9 275HX, 24 cores, 31G,  Windows 11 , 64 bit Build 26100 (10.0.26100.7309)
Time: Fri Jan  2 00:24:43 2026  Windows 11 , 64 bit Build 26100 (10.0.26100.7309) elapsed time: 2.034123 seconds (0d 0h 0m 2s)

---------------  T H R E A D  ---------------

Current thread (0x000001eec4bde9b0):  JavaThread "Unknown thread" [_thread_in_vm, id=55056, stack(0x0000000d16f00000,0x0000000d17000000)]

Stack: [0x0000000d16f00000,0x0000000d17000000]
Native frames: (J=compiled Java code, j=interpreted, Vv=VM code, C=native code)
V  [jvm.dll+0x68c459]  (no source info available)
V  [jvm.dll+0x845e09]  (no source info available)
V  [jvm.dll+0x847b78]  (no source info available)
V  [jvm.dll+0x848203]  (no source info available)
V  [jvm.dll+0x24cf6f]  (no source info available)
V  [jvm.dll+0xa93f7]  (no source info available)
V  [jvm.dll+0x2efd70]  (no source info available)
V  [jvm.dll+0x2e77df]  (no source info available)
V  [jvm.dll+0x8182be]  (no source info available)
V  [jvm.dll+0x377431]  (no source info available)
V  [jvm.dll+0x7f6905]  (no source info available)
V  [jvm.dll+0x3fd2ab]  (no source info available)
V  [jvm.dll+0x3feee1]  (no source info available)
C  [jli.dll+0x52f0]  (no source info available)
C  [ucrtbase.dll+0x37b0]  (no source info available)
C  [KERNEL32.DLL+0x2e8d7]  (no source info available)
C  [ntdll.dll+0x8c53c]  (no source info available)


---------------  P R O C E S S  ---------------

Threads class SMR info:
_java_thread_list=0x00007ffc24df7018, length=0, elements={
}

Java Threads: ( => current thread )

Other Threads:
  0x000001eec6dd70a0 GCTaskThread "GC Thread#0" [stack: 0x0000000d17000000,0x0000000d17100000] [id=48096]

[error occurred during error reporting (printing all threads), id 0xc0000005, EXCEPTION_ACCESS_VIOLATION (0xc0000005) at pc=0x00007ffc245a49b0]

VM state: not at safepoint (not fully initialized)

VM Mutex/Monitor currently owned by a thread:  ([mutex/lock_event])
[0x000001eec6db6500] Heap_lock - owner thread: 0x000001eec4bde9b0

Heap address: 0x0000000608800000, size: 8056 MB, Compressed Oops mode: Zero based, Oop shift amount: 3

CDS archive(s) mapped at: [0x0000000000000000-0x0000000000000000-0x0000000000000000), size 0, SharedBaseAddress: 0x0000000800000000, ArchiveRelocationMode: 1.
Narrow klass base: 0x0000000000000000, Narrow klass shift: 0, Narrow klass range: 0x0

GC Precious Log:
<Empty>

Heap:
 garbage-first heap   total 0K, used 0K [0x0000000608800000, 0x0000000800000000)
  region size 4096K, 0 young (0K), 0 survivors (0K)

[error occurred during error reporting (printing heap information), id 0xc0000005, EXCEPTION_ACCESS_VIOLATION (0xc0000005) at pc=0x00007ffc24998509]

GC Heap History (0 events):
No events

Dll operation events (1 events):
Event: 0.006 Loaded shared library C:\Users\30989\.jdks\ms-17.0.17\bin\java.dll

Deoptimization events (0 events):
No events

Classes loaded (0 events):
No events

Classes unloaded (0 events):
No events

Classes redefined (0 events):
No events

Internal exceptions (0 events):
No events

VM Operations (0 events):
No events

Memory protections (0 events):
No events

Nmethod flushes (0 events):
No events

Events (0 events):
No events


Dynamic libraries:
0x00007ff737ba0000 - 0x00007ff737bae000 	C:\Users\30989\.jdks\ms-17.0.17\bin\java.exe
0x00007ffd23d60000 - 0x00007ffd23fc7000 	C:\Windows\SYSTEM32\ntdll.dll
0x00007ffd22490000 - 0x00007ffd22559000 	C:\Windows\System32\KERNEL32.DLL
0x00007ffd21190000 - 0x00007ffd2157f000 	C:\Windows\System32\KERNELBASE.dll
0x00007ffd21640000 - 0x00007ffd2178b000 	C:\Windows\System32\ucrtbase.dll
0x00007ffce96c0000 - 0x00007ffce96d8000 	C:\Users\30989\.jdks\ms-17.0.17\bin\jli.dll
0x00007ffcd86b0000 - 0x00007ffcd86ce000 	C:\Users\30989\.jdks\ms-17.0.17\bin\VCRUNTIME140.dll
0x00007ffd231c0000 - 0x00007ffd23385000 	C:\Windows\System32\USER32.dll
0x00007ffd21030000 - 0x00007ffd21057000 	C:\Windows\System32\win32u.dll
0x00007ffcf7af0000 - 0x00007ffcf7d83000 	C:\Windows\WinSxS\amd64_microsoft.windows.common-controls_6595b64144ccf1df_6.0.26100.7309_none_3e05feeae336a044\COMCTL32.dll
0x00007ffd225a0000 - 0x00007ffd225cb000 	C:\Windows\System32\GDI32.dll
0x00007ffd226b0000 - 0x00007ffd22759000 	C:\Windows\System32\msvcrt.dll
0x00007ffd21060000 - 0x00007ffd2118c000 	C:\Windows\System32\gdi32full.dll
0x00007ffd21590000 - 0x00007ffd21633000 	C:\Windows\System32\msvcp_win.dll
0x00007ffd22560000 - 0x00007ffd22591000 	C:\Windows\System32\IMM32.DLL
0x00007ffd03540000 - 0x00007ffd0354c000 	C:\Users\30989\.jdks\ms-17.0.17\bin\vcruntime140_1.dll
0x00007ffcce590000 - 0x00007ffcce619000 	C:\Users\30989\.jdks\ms-17.0.17\bin\msvcp140.dll
0x00007ffc242b0000 - 0x00007ffc24f2a000 	C:\Users\30989\.jdks\ms-17.0.17\bin\server\jvm.dll
0x00007ffd21e00000 - 0x00007ffd21eb4000 	C:\Windows\System32\ADVAPI32.dll
0x00007ffd21ee0000 - 0x00007ffd21f86000 	C:\Windows\System32\sechost.dll
0x00007ffd230a0000 - 0x00007ffd231b8000 	C:\Windows\System32\RPCRT4.dll
0x00007ffd21d80000 - 0x00007ffd21df4000 	C:\Windows\System32\WS2_32.dll
0x00007ffd1b720000 - 0x00007ffd1b755000 	C:\Windows\SYSTEM32\WINMM.dll
0x00007ffd19d10000 - 0x00007ffd19d1b000 	C:\Windows\SYSTEM32\VERSION.dll
0x00007ffd20d10000 - 0x00007ffd20d6e000 	C:\Windows\SYSTEM32\POWRPROF.dll
0x00007ffd20cf0000 - 0x00007ffd20d04000 	C:\Windows\SYSTEM32\UMPDC.dll
0x00007ffd1fc60000 - 0x00007ffd1fc7b000 	C:\Windows\SYSTEM32\kernel.appcore.dll
0x00007ffd034e0000 - 0x00007ffd034ea000 	C:\Users\30989\.jdks\ms-17.0.17\bin\jimage.dll
0x00007ffd1e490000 - 0x00007ffd1e6d2000 	C:\Windows\SYSTEM32\DBGHELP.DLL
0x00007ffd22c80000 - 0x00007ffd23005000 	C:\Windows\System32\combase.dll
0x00007ffd225d0000 - 0x00007ffd226a6000 	C:\Windows\System32\OLEAUT32.dll
0x00007ffcf37c0000 - 0x00007ffcf37fc000 	C:\Windows\SYSTEM32\dbgcore.DLL
0x00007ffd21790000 - 0x00007ffd21835000 	C:\Windows\System32\bcryptPrimitives.dll
0x00007ffcbfc80000 - 0x00007ffcbfca6000 	C:\Users\30989\.jdks\ms-17.0.17\bin\java.dll

dbghelp: loaded successfully - version: 4.0.5 - missing functions: none
symbol engine: initialized successfully - sym options: 0x614 - pdb path: .;C:\Users\30989\.jdks\ms-17.0.17\bin;C:\Windows\SYSTEM32;C:\Windows\WinSxS\amd64_microsoft.windows.common-controls_6595b64144ccf1df_6.0.26100.7309_none_3e05feeae336a044;C:\Users\30989\.jdks\ms-17.0.17\bin\server

VM Arguments:
jvm_args: -DkotlinLanguageServer.version=1.3.13 
java_command: org.javacs.kt.MainKt
java_class_path (initial): c:\Users\30989\AppData\Roaming\Windsurf\User\globalStorage\fwcd.kotlin\langServerInstall\server\lib\server-1.3.13.jar;c:\Users\30989\AppData\Roaming\Windsurf\User\globalStorage\fwcd.kotlin\langServerInstall\server\lib\shared-1.3.13.jar;c:\Users\30989\AppData\Roaming\Windsurf\User\globalStorage\fwcd.kotlin\langServerInstall\server\lib\kotlin-scripting-jvm-host-unshaded-2.1.0.jar;c:\Users\30989\AppData\Roaming\Windsurf\User\globalStorage\fwcd.kotlin\langServerInstall\server\lib\kotlin-scripting-compiler-2.1.0.jar;c:\Users\30989\AppData\Roaming\Windsurf\User\globalStorage\fwcd.kotlin\langServerInstall\server\lib\ktfmt-b5d31d1.jar;c:\Users\30989\AppData\Roaming\Windsurf\User\globalStorage\fwcd.kotlin\langServerInstall\server\lib\kotlin-compiler-2.1.0.jar;c:\Users\30989\AppData\Roaming\Windsurf\User\globalStorage\fwcd.kotlin\langServerInstall\server\lib\exposed-dao-0.37.3.jar;c:\Users\30989\AppData\Roaming\Windsurf\User\globalStorage\fwcd.kotlin\langServerInstall\server\lib\exposed-jdbc-0.37.3.jar;c:\Users\30989\AppData\Roaming\Windsurf\User\globalStorage\fwcd.kotlin\langServerInstall\server\lib\exposed-core-0.37.3.jar;c:\Users\30989\AppData\Roaming\Windsurf\User\globalStorage\fwcd.kotlin\langServerInstall\server\lib\kotlin-scripting-compiler-impl-2.1.0.jar;c:\Users\30989\AppData\Roaming\Windsurf\User\globalStorage\fwcd.kotlin\langServerInstall\server\lib\kotlin-reflect-2.1.0.jar;c:\Users\30989\AppData\Roaming\Windsurf\User\globalStorage\fwcd.kotlin\langServerInstall\server\lib\kotlin-scripting-jvm-2.1.0.jar;c:\Users\30989\AppData\Roaming\Windsurf\User\globalStorage\fwcd.kotlin\langServerInstall\server\lib\kotlin-scripting-common-2.1.0.jar;c:\Users\30989\AppData\Roaming\Windsurf\User\globalStorage\fwcd.kotlin\langServerInstall\server\lib\kotlinx-coroutines-core-jvm-1.6.4.jar;c:\Users\30989\AppData\Roaming\Windsurf\User\globalStorage\fwcd.kotlin\langServerInstall\server\lib\kotlin-stdlib-jdk8-2.1.0.jar;c:\Users\30989\AppData\Roaming\Windsurf\U
Launcher Type: SUN_STANDARD

[Global flags]
     intx CICompilerCount                          = 12                                        {product} {ergonomic}
     uint ConcGCThreads                            = 5                                         {product} {ergonomic}
     uint G1ConcRefinementThreads                  = 18                                        {product} {ergonomic}
   size_t G1HeapRegionSize                         = 4194304                                   {product} {ergonomic}
    uintx GCDrainStackTargetSize                   = 64                                        {product} {ergonomic}
   size_t InitialHeapSize                          = 528482304                                 {product} {ergonomic}
   size_t MarkStackSize                            = 4194304                                   {product} {ergonomic}
   size_t MaxHeapSize                              = 8447328256                                {product} {ergonomic}
   size_t MinHeapDeltaBytes                        = 4194304                                   {product} {ergonomic}
   size_t MinHeapSize                              = 8388608                                   {product} {ergonomic}
    uintx NonNMethodCodeHeapSize                   = 7602480                                {pd product} {ergonomic}
    uintx NonProfiledCodeHeapSize                  = 122027880                              {pd product} {ergonomic}
    uintx ProfiledCodeHeapSize                     = 122027880                              {pd product} {ergonomic}
    uintx ReservedCodeCacheSize                    = 251658240                              {pd product} {ergonomic}
     bool SegmentedCodeCache                       = true                                      {product} {ergonomic}
   size_t SoftMaxHeapSize                          = 8447328256                             {manageable} {ergonomic}
     bool UseCompressedClassPointers               = true                           {product lp64_product} {ergonomic}
     bool UseCompressedOops                        = true                           {product lp64_product} {ergonomic}
     bool UseG1GC                                  = true                                      {product} {ergonomic}
     bool UseLargePagesIndividualAllocation        = false                                  {pd product} {ergonomic}

Logging:
Log output configuration:
 #0: stdout all=warning uptime,level,tags
 #1: stderr all=off uptime,level,tags

Environment Variables:
JAVA_HOME=C:\Users\30989\.jdks\ms-17.0.17
CLASSPATH=c:\Users\30989\AppData\Roaming\Windsurf\User\globalStorage\fwcd.kotlin\langServerInstall\server\lib\server-1.3.13.jar;c:\Users\30989\AppData\Roaming\Windsurf\User\globalStorage\fwcd.kotlin\langServerInstall\server\lib\shared-1.3.13.jar;c:\Users\30989\AppData\Roaming\Windsurf\User\globalStorage\fwcd.kotlin\langServerInstall\server\lib\kotlin-scripting-jvm-host-unshaded-2.1.0.jar;c:\Users\30989\AppData\Roaming\Windsurf\User\globalStorage\fwcd.kotlin\langServerInstall\server\lib\kotlin-scripting-compiler-2.1.0.jar;c:\Users\30989\AppData\Roaming\Windsurf\User\globalStorage\fwcd.kotlin\langServerInstall\server\lib\ktfmt-b5d31d1.jar;c:\Users\30989\AppData\Roaming\Windsurf\User\globalStorage\fwcd.kotlin\langServerInstall\server\lib\kotlin-compiler-2.1.0.jar;c:\Users\30989\AppData\Roaming\Windsurf\User\globalStorage\fwcd.kotlin\langServerInstall\server\lib\exposed-dao-0.37.3.jar;c:\Users\30989\AppData\Roaming\Windsurf\User\globalStorage\fwcd.kotlin\langServerInstall\server\lib\exposed-jdbc-0.37.3.jar;c:\Users\30989\AppData\Roaming\Windsurf\User\globalStorage\fwcd.kotlin\langServerInstall\server\lib\exposed-core-0.37.3.jar;c:\Users\30989\AppData\Roaming\Windsurf\User\globalStorage\fwcd.kotlin\langServerInstall\server\lib\kotlin-scripting-compiler-impl-2.1.0.jar;c:\Users\30989\AppData\Roaming\Windsurf\User\globalStorage\fwcd.kotlin\langServerInstall\server\lib\kotlin-reflect-2.1.0.jar;c:\Users\30989\AppData\Roaming\Windsurf\User\globalStorage\fwcd.kotlin\langServerInstall\server\lib\kotlin-scripting-jvm-2.1.0.jar;c:\Users\30989\AppData\Roaming\Windsurf\User\globalStorage\fwcd.kotlin\langServerInstall\server\lib\kotlin-scripting-common-2.1.0.jar;c:\Users\30989\AppData\Roaming\Windsurf\User\globalStorage\fwcd.kotlin\langServerInstall\server\lib\kotlinx-coroutines-core-jvm-1.6.4.jar;c:\Users\30989\AppData\Roaming\Windsurf\User\globalStorage\fwcd.kotlin\langServerInstall\server\lib\kotlin-stdlib-jdk8-2.1.0.jar;c:\Users\30989\AppData\Roaming\Windsurf\User\globalStorage\fwcd.kotlin\langServerInstall\server\lib\kotlin-stdlib-jdk7-2.1.0.jar;c:\Users\30989\AppData\Roaming\Windsurf\User\globalStorage\fwcd.kotlin\langServerInstall\server\lib\kotlin-stdlib-2.1.0.jar;c:\Users\30989\AppData\Roaming\Windsurf\User\globalStorage\fwcd.kotlin\langServerInstall\server\lib\org.eclipse.lsp4j-0.21.2.jar;c:\Users\30989\AppData\Roaming\Windsurf\User\globalStorage\fwcd.kotlin\langServerInstall\server\lib\org.eclipse.lsp4j.jsonrpc-0.21.2.jar;c:\Users\30989\AppData\Roaming\Windsurf\User\globalStorage\fwcd.kotlin\langServerInstall\server\lib\kotlin-sam-with-receiver-compiler-plugin-2.1.0.jar;c:\Users\30989\AppData\Roaming\Windsurf\User\globalStorage\fwcd.kotlin\langServerInstall\server\lib\fernflower-1.0.jar;c:\Users\30989\AppData\Roaming\Windsurf\User\globalStorage\fwcd.kotlin\langServerInstall\server\lib\h2-1.4.200.jar;c:\Users\30989\AppData\Roaming\Windsurf\User\globalStorage\fwcd.kotlin\langServerInstall\server\lib\jcommander-1.78.jar;c:\Users\30989\AppData\Roaming\Windsurf\User\globalStorage\fwcd.kotlin\langServerInstall\server\lib\sqlite-jdbc-3.41.2.1.jar;c:\Users\30989\AppData\Roaming\Windsurf\User\globalStorage\fwcd.kotlin\langServerInstall\server\lib\google-java-format-1.8.jar;c:\Users\30989\AppData\Roaming\Windsurf\User\globalStorage\fwcd.kotlin\langServerInstall\server\lib\guava-33.3.0-jre.jar;c:\Users\30989\AppData\Roaming\Windsurf\User\globalStorage\fwcd.kotlin\langServerInstall\server\lib\annotations-13.0.jar;c:\Users\30989\AppData\Roaming\Windsurf\User\globalStorage\fwcd.kotlin\langServerInstall\server\lib\gson-2.10.1.jar;c:\Users\30989\AppData\Roaming\Windsurf\User\globalStorage\fwcd.kotlin\langServerInstall\server\lib\kotlin-script-runtime-2.1.0.jar;c:\Users\30989\AppData\Roaming\Windsurf\User\globalStorage\fwcd.kotlin\langServerInstall\server\lib\trove4j-1.0.20200330.jar;c:\Users\30989\AppData\Roaming\Windsurf\User\globalStorage\fwcd.kotlin\langServerInstall\server\lib\jline-3.24.1.jar;c:\Users\30989\AppData\Roaming\Windsurf\User\globalStorage\fwcd.kotlin\langServerInstall\server\lib\slf4j-api-1.7.25.jar;c:\Users\30989\AppData\Roaming\Windsurf\User\globalStorage\fwcd.kotlin\langServerInstall\server\lib\jna-4.2.2.jar;c:\Users\30989\AppData\Roaming\Windsurf\User\globalStorage\fwcd.kotlin\langServerInstall\server\lib\failureaccess-1.0.2.jar;c:\Users\30989\AppData\Roaming\Windsurf\User\globalStorage\fwcd.kotlin\langServerInstall\server\lib\listenablefuture-9999.0-empty-to-avoid-conflict-with-guava.jar;c:\Users\30989\AppData\Roaming\Windsurf\User\globalStorage\fwcd.kotlin\langServerInstall\server\lib\jsr305-3.0.2.jar;c:\Users\30989\AppData\Roaming\Windsurf\User\globalStorage\fwcd.kotlin\langServerInstall\server\lib\checker-qual-3.43.0.jar;c:\Users\30989\AppData\Roaming\Windsurf\User\globalStorage\fwcd.kotlin\langServerInstall\server\lib\error_prone_annotations-2.28.0.jar
PATH=D:\Program Files (x86)\pcsuite\;C:\Windows\System32;C:\Windows;C:\Windows\System32\Wbem;C:\Windows\System32\WindowsPowerShell\v1.0\;C:\Program Files\Git\cmd;C:\Users\30989\AppData\Local\Programs\Windsurf\bin;C:\Users\30989\.jdks\ms-17.0.17\bin;
USERNAME=30989
OS=Windows_NT
PROCESSOR_IDENTIFIER=Intel64 Family 6 Model 198 Stepping 2, GenuineIntel
TMP=C:\Users\30989\AppData\Local\Temp
TEMP=C:\Users\30989\AppData\Local\Temp



Periodic native trim disabled


---------------  S Y S T E M  ---------------

OS:
 Windows 11 , 64 bit Build 26100 (10.0.26100.7309)
OS uptime: 1 days 5:35 hours
Hyper-V role detected

CPU: total 24 (initial active 24) (24 cores per cpu, 1 threads per core) family 6 model 198 stepping 2 microcode 0x116, cx8, cmov, fxsr, mmx, 3dnowpref, sse, sse2, sse3, ssse3, sse4.1, sse4.2, popcnt, lzcnt, tsc, tscinvbit, avx, avx2, aes, erms, clmul, bmi1, bmi2, adx, sha, fma, vzeroupper, clflush, clflushopt, clwb, hv
Processor Information for processor 0
  Max Mhz: 2700, Current Mhz: 2700, Mhz Limit: 2700
Processor Information for processor 1
  Max Mhz: 2700, Current Mhz: 2700, Mhz Limit: 2700
Processor Information for processor 2
  Max Mhz: 2100, Current Mhz: 2100, Mhz Limit: 2100
Processor Information for processor 3
  Max Mhz: 2100, Current Mhz: 2100, Mhz Limit: 2100
Processor Information for processor 4
  Max Mhz: 2100, Current Mhz: 2100, Mhz Limit: 2100
Processor Information for processor 5
  Max Mhz: 2100, Current Mhz: 2100, Mhz Limit: 2100
Processor Information for processor 6
  Max Mhz: 2100, Current Mhz: 2100, Mhz Limit: 2100
Processor Information for processor 7
  Max Mhz: 2100, Current Mhz: 2100, Mhz Limit: 2100
Processor Information for processor 8
  Max Mhz: 2100, Current Mhz: 2100, Mhz Limit: 2100
Processor Information for processor 9
  Max Mhz: 2100, Current Mhz: 2100, Mhz Limit: 2100
Processor Information for processor 10
  Max Mhz: 2700, Current Mhz: 2700, Mhz Limit: 2700
Processor Information for processor 11
  Max Mhz: 2700, Current Mhz: 2700, Mhz Limit: 2700
Processor Information for processor 12
  Max Mhz: 2700, Current Mhz: 2700, Mhz Limit: 2700
Processor Information for processor 13
  Max Mhz: 2700, Current Mhz: 2700, Mhz Limit: 2700
Processor Information for processor 14
  Max Mhz: 2100, Current Mhz: 2100, Mhz Limit: 2100
Processor Information for processor 15
  Max Mhz: 2100, Current Mhz: 2100, Mhz Limit: 2100
Processor Information for processor 16
  Max Mhz: 2100, Current Mhz: 2100, Mhz Limit: 2100
Processor Information for processor 17
  Max Mhz: 2100, Current Mhz: 2100, Mhz Limit: 2100
Processor Information for processor 18
  Max Mhz: 2100, Current Mhz: 2100, Mhz Limit: 2100
Processor Information for processor 19
  Max Mhz: 2100, Current Mhz: 2100, Mhz Limit: 2100
Processor Information for processor 20
  Max Mhz: 2100, Current Mhz: 2100, Mhz Limit: 2100
Processor Information for processor 21
  Max Mhz: 2100, Current Mhz: 2100, Mhz Limit: 2100
Processor Information for processor 22
  Max Mhz: 2700, Current Mhz: 2700, Mhz Limit: 2700
Processor Information for processor 23
  Max Mhz: 2700, Current Mhz: 2700, Mhz Limit: 2700

Memory: 4k page, system-wide physical 32221M (3174M free)
TotalPageFile size 70622M (AvailPageFile size 36M)
current process WorkingSet (physical memory assigned to process): 13M, peak: 13M
current process commit charge ("private bytes"): 70M, peak: 71M

vm_info: OpenJDK 64-Bit Server VM (17.0.17+10-LTS) for windows-amd64 JRE (17.0.17+10-LTS), built on Oct 13 2025 22:19:56 by "MicrosoftCorporation" with unknown MS VC++:1944

END.
