#
# There is insufficient memory for the Java Runtime Environment to continue.
# Native memory allocation (malloc) failed to allocate 1511456 bytes. Error detail: Chunk::new
# Possible reasons:
#   The system is out of physical RAM or swap space
#   This process is running with CompressedOops enabled, and the Java Heap may be blocking the growth of the native heap
# Possible solutions:
#   Reduce memory load on the system
#   Increase physical memory or swap space
#   Check if swap backing store is full
#   Decrease Java heap size (-Xmx/-Xms)
#   Decrease number of Java threads
#   Decrease Java thread stack sizes (-Xss)
#   Set larger code cache with -XX:ReservedCodeCacheSize=
#   JVM is running with Zero Based Compressed Oops mode in which the Java heap is
#     placed in the first 32GB address space. The Java Heap base address is the
#     maximum limit for the native heap growth. Please use -XX:HeapBaseMinAddress
#     to set the Java Heap base and to place the Java Heap above 32GB virtual address.
# This output file may be truncated or incomplete.
#
#  Out of Memory Error (arena.cpp:191), pid=48108, tid=47376
#
# JRE version: OpenJDK Runtime Environment Microsoft-12574423 (17.0.17+10) (build 17.0.17+10-LTS)
# Java VM: OpenJDK 64-Bit Server VM Microsoft-12574423 (17.0.17+10-LTS, mixed mode, sharing, tiered, compressed oops, compressed class ptrs, g1 gc, windows-amd64)
# No core dump will be written. Minidumps are not enabled by default on client versions of Windows
#

---------------  S U M M A R Y ------------

Command Line: -DkotlinLanguageServer.version=1.3.13 org.javacs.kt.MainKt

Host: Intel(R) Core(TM) Ultra 9 275HX, 24 cores, 31G,  Windows 11 , 64 bit Build 26100 (10.0.26100.7309)
Time: Fri Jan  2 00:26:31 2026  Windows 11 , 64 bit Build 26100 (10.0.26100.7309) elapsed time: 51.954777 seconds (0d 0h 0m 51s)

---------------  T H R E A D  ---------------

Current thread (0x0000018ae7b171c0):  JavaThread "C2 CompilerThread2" daemon [_thread_in_native, id=47376, stack(0x0000004764d00000,0x0000004764e00000)]


Current CompileTask:
C2:51955 23622       4       com.intellij.lang.java.lexer.BasicJavaLexer::locateToken (1027 bytes)

Stack: [0x0000004764d00000,0x0000004764e00000]
Native frames: (J=compiled Java code, j=interpreted, Vv=VM code, C=native code)
V  [jvm.dll+0x68c459]  (no source info available)
V  [jvm.dll+0x845e09]  (no source info available)
V  [jvm.dll+0x847b78]  (no source info available)
V  [jvm.dll+0x848203]  (no source info available)
V  [jvm.dll+0x24cf6f]  (no source info available)
V  [jvm.dll+0xaecb6]  (no source info available)
V  [jvm.dll+0xaf35c]  (no source info available)
V  [jvm.dll+0x2b4b8f]  (no source info available)
V  [jvm.dll+0x594484]  (no source info available)
V  [jvm.dll+0x226d84]  (no source info available)
V  [jvm.dll+0x22718d]  (no source info available)
V  [jvm.dll+0x220193]  (no source info available)
V  [jvm.dll+0x21d260]  (no source info available)
V  [jvm.dll+0x1a8ce6]  (no source info available)
V  [jvm.dll+0x22db1b]  (no source info available)
V  [jvm.dll+0x22bca6]  (no source info available)
V  [jvm.dll+0x7fb65b]  (no source info available)
V  [jvm.dll+0x7f5a5c]  (no source info available)
V  [jvm.dll+0x68d9f7]  (no source info available)
C  [ucrtbase.dll+0x37b0]  (no source info available)
C  [KERNEL32.DLL+0x2e8d7]  (no source info available)
C  [ntdll.dll+0x8c53c]  (no source info available)


---------------  P R O C E S S  ---------------

Threads class SMR info:
_java_thread_list=0x0000018ae9719b80, length=22, elements={
0x0000018afa93c0e0, 0x0000018afa93cbb0, 0x0000018afa94fea0, 0x0000018afa950770,
0x0000018afa951850, 0x0000018afa956130, 0x0000018afa956de0, 0x0000018afa9597b0,
0x0000018afa95d5c0, 0x0000018a9ee71af0, 0x0000018a9ee74430, 0x0000018ae55ca450,
0x0000018ae55cbda0, 0x0000018ae55cae70, 0x0000018ae55c9520, 0x0000018ae55cc2b0,
0x0000018ae82f8060, 0x0000018aeb350db0, 0x0000018ae7b181b0, 0x0000018ae7b171c0,
0x0000018ae7b17710, 0x0000018ae7b18c50
}

Java Threads: ( => current thread )
  0x0000018afa93c0e0 JavaThread "Reference Handler" daemon [_thread_blocked, id=54656, stack(0x0000004764400000,0x0000004764500000)]
  0x0000018afa93cbb0 JavaThread "Finalizer" daemon [_thread_blocked, id=39392, stack(0x0000004764500000,0x0000004764600000)]
  0x0000018afa94fea0 JavaThread "Signal Dispatcher" daemon [_thread_blocked, id=52076, stack(0x0000004764600000,0x0000004764700000)]
  0x0000018afa950770 JavaThread "Attach Listener" daemon [_thread_blocked, id=53492, stack(0x0000004764700000,0x0000004764800000)]
  0x0000018afa951850 JavaThread "Service Thread" daemon [_thread_blocked, id=36760, stack(0x0000004764800000,0x0000004764900000)]
  0x0000018afa956130 JavaThread "Monitor Deflation Thread" daemon [_thread_blocked, id=22844, stack(0x0000004764900000,0x0000004764a00000)]
  0x0000018afa956de0 JavaThread "C2 CompilerThread0" daemon [_thread_in_native, id=2876, stack(0x0000004764a00000,0x0000004764b00000)]
  0x0000018afa9597b0 JavaThread "C1 CompilerThread0" daemon [_thread_blocked, id=50252, stack(0x0000004764b00000,0x0000004764c00000)]
  0x0000018afa95d5c0 JavaThread "Sweeper thread" daemon [_thread_blocked, id=19736, stack(0x0000004764c00000,0x0000004764d00000)]
  0x0000018a9ee71af0 JavaThread "Notification Thread" daemon [_thread_blocked, id=51764, stack(0x0000004764f00000,0x0000004765000000)]
  0x0000018a9ee74430 JavaThread "Common-Cleaner" daemon [_thread_blocked, id=38520, stack(0x0000004765100000,0x0000004765200000)]
  0x0000018ae55ca450 JavaThread "client" [_thread_in_Java, id=54968, stack(0x0000004766900000,0x0000004766a00000)]
  0x0000018ae55cbda0 JavaThread "DestroyJavaVM" [_thread_blocked, id=2124, stack(0x0000004763d00000,0x0000004763e00000)]
  0x0000018ae55cae70 JavaThread "async0" [_thread_blocked, id=21140, stack(0x0000004766a00000,0x0000004766b00000)]
  0x0000018ae55c9520 JavaThread "async1" [_thread_blocked, id=55212, stack(0x0000004766d00000,0x0000004766e00000)]
  0x0000018ae55cc2b0 JavaThread "debounce0" [_thread_blocked, id=12904, stack(0x0000004767200000,0x0000004767300000)]
  0x0000018ae82f8060 JavaThread "async2" [_thread_blocked, id=53920, stack(0x0000004767d00000,0x0000004767e00000)]
  0x0000018aeb350db0 JavaThread "ForkJoinPool.commonPool-worker-1" daemon [_thread_blocked, id=55204, stack(0x0000004764e00000,0x0000004764f00000)]
  0x0000018ae7b181b0 JavaThread "C2 CompilerThread1" daemon [_thread_in_native, id=10984, stack(0x0000004763b00000,0x0000004763c00000)]
=>0x0000018ae7b171c0 JavaThread "C2 CompilerThread2" daemon [_thread_in_native, id=47376, stack(0x0000004764d00000,0x0000004764e00000)]
  0x0000018ae7b17710 JavaThread "C1 CompilerThread1" daemon [_thread_in_vm, id=51792, stack(0x0000004765300000,0x0000004765400000)]
  0x0000018ae7b18c50 JavaThread "C1 CompilerThread2" daemon [_thread_blocked, id=44412, stack(0x0000004765400000,0x0000004765500000)]
  0x0000018ae7b18700 JavaThread "C2 CompilerThread3" daemon [_thread_in_native, id=51684, stack(0x0000004765200000,0x0000004765300000)]

Other Threads:
  0x0000018afa938c90 VMThread "VM Thread" [stack: 0x0000004764300000,0x0000004764400000] [id=36036]
  0x0000018a9ee71fd0 WatcherThread [stack: 0x0000004765000000,0x0000004765100000] [id=38284]
  0x0000018aeedf86d0 GCTaskThread "GC Thread#0" [stack: 0x0000004763e00000,0x0000004763f00000] [id=52376]
  0x0000018aeedf97b0 GCTaskThread "GC Thread#1" [stack: 0x0000004765600000,0x0000004765700000] [id=52272]
  0x0000018aeedf9a80 GCTaskThread "GC Thread#2" [stack: 0x0000004765700000,0x0000004765800000] [id=53408]
  0x0000018aeedf8130 GCTaskThread "GC Thread#3" [stack: 0x0000004765800000,0x0000004765900000] [id=23380]
  0x0000018aeedf8400 GCTaskThread "GC Thread#4" [stack: 0x0000004765900000,0x0000004765a00000] [id=43808]
  0x0000018aeedf8f40 GCTaskThread "GC Thread#5" [stack: 0x0000004765a00000,0x0000004765b00000] [id=50256]
  0x0000018ae4761a90 GCTaskThread "GC Thread#6" [stack: 0x0000004765b00000,0x0000004765c00000] [id=36460]
  0x0000018ae4761d60 GCTaskThread "GC Thread#7" [stack: 0x0000004765c00000,0x0000004765d00000] [id=50580]
  0x0000018ae475fe70 GCTaskThread "GC Thread#8" [stack: 0x0000004765d00000,0x0000004765e00000] [id=34772]
  0x0000018ae475f330 GCTaskThread "GC Thread#9" [stack: 0x0000004765e00000,0x0000004765f00000] [id=54716]
  0x0000018ae47609b0 GCTaskThread "GC Thread#10" [stack: 0x0000004765f00000,0x0000004766000000] [id=54952]
  0x0000018ae4760f50 GCTaskThread "GC Thread#11" [stack: 0x0000004766000000,0x0000004766100000] [id=46152]
  0x0000018ae47625d0 GCTaskThread "GC Thread#12" [stack: 0x0000004766500000,0x0000004766600000] [id=42384]
  0x0000018ae47628a0 GCTaskThread "GC Thread#13" [stack: 0x0000004766600000,0x0000004766700000] [id=53892]
  0x0000018ae475fba0 GCTaskThread "GC Thread#14" [stack: 0x0000004766700000,0x0000004766800000] [id=34932]
  0x0000018ae4760140 GCTaskThread "GC Thread#15" [stack: 0x0000004766800000,0x0000004766900000] [id=508]
  0x0000018ae6dc58e0 GCTaskThread "GC Thread#16" [stack: 0x0000004766e00000,0x0000004766f00000] [id=44608]
  0x0000018ae6dc88b0 GCTaskThread "GC Thread#17" [stack: 0x0000004766f00000,0x0000004767000000] [id=51196]
  0x0000018aeee5cd50 ConcurrentGCThread "G1 Main Marker" [stack: 0x0000004763f00000,0x0000004764000000] [id=45596]
  0x0000018aeedf89a0 ConcurrentGCThread "G1 Conc#0" [stack: 0x0000004764000000,0x0000004764100000] [id=4852]
  0x0000018ae4760c80 ConcurrentGCThread "G1 Conc#1" [stack: 0x0000004766100000,0x0000004766200000] [id=1180]
  0x0000018ae4760410 ConcurrentGCThread "G1 Conc#2" [stack: 0x0000004766200000,0x0000004766300000] [id=27128]
  0x0000018ae47614f0 ConcurrentGCThread "G1 Conc#3" [stack: 0x0000004766300000,0x0000004766400000] [id=46504]
  0x0000018ae47617c0 ConcurrentGCThread "G1 Conc#4" [stack: 0x0000004766400000,0x0000004766500000] [id=53452]
  0x0000018afa8c6480 ConcurrentGCThread "G1 Refine#0" [stack: 0x0000004764100000,0x0000004764200000] [id=35684]
  0x0000018ae99b61e0 ConcurrentGCThread "G1 Refine#1" [stack: 0x0000004767300000,0x0000004767400000] [id=5636]
  0x0000018ae99b28e0 ConcurrentGCThread "G1 Refine#2" [stack: 0x0000004767400000,0x0000004767500000] [id=8848]
  0x0000018ae99b4fe0 ConcurrentGCThread "G1 Refine#3" [stack: 0x0000004767500000,0x0000004767600000] [id=45540]
  0x0000018ae99b3ae0 ConcurrentGCThread "G1 Refine#4" [stack: 0x0000004767600000,0x0000004767700000] [id=46660]
  0x0000018ae99b3de0 ConcurrentGCThread "G1 Refine#5" [stack: 0x0000004767700000,0x0000004767800000] [id=50544]
  0x0000018ae99b46e0 ConcurrentGCThread "G1 Refine#6" [stack: 0x0000004767800000,0x0000004767900000] [id=48740]
  0x0000018ae99b4ce0 ConcurrentGCThread "G1 Refine#7" [stack: 0x0000004767900000,0x0000004767a00000] [id=48068]
  0x0000018ae99b40e0 ConcurrentGCThread "G1 Refine#8" [stack: 0x0000004767a00000,0x0000004767b00000] [id=53944]
  0x0000018ae99b43e0 ConcurrentGCThread "G1 Refine#9" [stack: 0x0000004767b00000,0x0000004767c00000] [id=37484]
  0x0000018ae99b2be0 ConcurrentGCThread "G1 Refine#10" [stack: 0x0000004767c00000,0x0000004767d00000] [id=54284]
  0x0000018afa8c7b80 ConcurrentGCThread "G1 Service" [stack: 0x0000004764200000,0x0000004764300000] [id=49648]

Threads with active compile tasks:
C2 CompilerThread0  52021 23691       4       org.jetbrains.kotlin.cli.jvm.modules.CoreJrtVirtualFile::<init> (57 bytes)
C2 CompilerThread1  52021 23643       4       org.jetbrains.org.objectweb.asm.ClassReader::accept (1380 bytes)
C2 CompilerThread2  52021 23622       4       com.intellij.lang.java.lexer.BasicJavaLexer::locateToken (1027 bytes)
C2 CompilerThread3  52022 23652       4       org.jetbrains.kotlin.load.kotlin.VirtualFileFinder::findKotlinClassOrContent (37 bytes)
C2 CompilerThread4  52022 23674       4       org.jetbrains.kotlin.cfg.pseudocode.ControlFlowInstructionsGenerator$ControlFlowInstructionsGeneratorWorker::read (61 bytes)
C2 CompilerThread5  52023 23676 %     4       org.jetbrains.kotlin.cfg.pseudocodeTraverser.PseudocodeTraverserKt::traverse @ 40 (128 bytes)
C2 CompilerThread6  52024 23675       4       org.jetbrains.kotlin.cfg.pseudocode.instructions.eval.ReadValueInstruction::<init> (59 bytes)
C2 CompilerThread7  52024 23648   !   4       org.jetbrains.kotlin.protobuf.AbstractParser::parsePartialDelimitedFrom (58 bytes)

VM state: not at safepoint (normal execution)

VM Mutex/Monitor currently owned by a thread: None

Heap address: 0x0000000608800000, size: 8056 MB, Compressed Oops mode: Zero based, Oop shift amount: 3

CDS archive(s) mapped at: [0x0000018a9f000000-0x0000018a9fbb0000-0x0000018a9fbb0000), size 12255232, SharedBaseAddress: 0x0000018a9f000000, ArchiveRelocationMode: 1.
Compressed class space mapped at: 0x0000018aa0000000-0x0000018ae0000000, reserved size: 1073741824
Narrow klass base: 0x0000018a9f000000, Narrow klass shift: 0, Narrow klass range: 0x100000000

GC Precious Log:
 CPUs: 24 total, 24 available
 Memory: 32221M
 Large Page Support: Disabled
 NUMA Support: Disabled
 Compressed Oops: Enabled (Zero based)
 Heap Region Size: 4M
 Heap Min Capacity: 8M
 Heap Initial Capacity: 504M
 Heap Max Capacity: 8056M
 Pre-touch: Disabled
 Parallel Workers: 18
 Concurrent Workers: 5
 Concurrent Refinement Workers: 18
 Periodic GC: Disabled

Heap:
 garbage-first heap   total 724992K, used 608437K [0x0000000608800000, 0x0000000800000000)
  region size 4096K, 13 young (53248K), 3 survivors (12288K)
 Metaspace       used 82114K, committed 82752K, reserved 1179648K
  class space    used 8890K, committed 9216K, reserved 1048576K

Heap Regions: E=young(eden), S=young(survivor), O=old, HS=humongous(starts), HC=humongous(continues), CS=collection set, F=free, OA=open archive, CA=closed archive, TAMS=top-at-mark-start (previous, next)
|   0|0x0000000608800000, 0x0000000608c00000, 0x0000000608c00000|100%|HS|  |TAMS 0x0000000608c00000, 0x0000000608800000| Complete 
|   1|0x0000000608c00000, 0x0000000609000000, 0x0000000609000000|100%| O|  |TAMS 0x0000000609000000, 0x0000000608c00000| Untracked 
|   2|0x0000000609000000, 0x0000000609400000, 0x0000000609400000|100%| O|  |TAMS 0x0000000609400000, 0x0000000609000000| Untracked 
|   3|0x0000000609400000, 0x0000000609800000, 0x0000000609800000|100%| O|  |TAMS 0x0000000609800000, 0x0000000609400000| Untracked 
|   4|0x0000000609800000, 0x0000000609c00000, 0x0000000609c00000|100%| O|  |TAMS 0x0000000609c00000, 0x0000000609800000| Untracked 
|   5|0x0000000609c00000, 0x000000060a000000, 0x000000060a000000|100%| O|  |TAMS 0x000000060a000000, 0x0000000609c00000| Untracked 
|   6|0x000000060a000000, 0x000000060a400000, 0x000000060a400000|100%| O|  |TAMS 0x000000060a400000, 0x000000060a000000| Untracked 
|   7|0x000000060a400000, 0x000000060a800000, 0x000000060a800000|100%| O|  |TAMS 0x000000060a800000, 0x000000060a400000| Untracked 
|   8|0x000000060a800000, 0x000000060ac00000, 0x000000060ac00000|100%| O|  |TAMS 0x000000060ac00000, 0x000000060a800000| Untracked 
|   9|0x000000060ac00000, 0x000000060b000000, 0x000000060b000000|100%| O|  |TAMS 0x000000060b000000, 0x000000060ac00000| Untracked 
|  10|0x000000060b000000, 0x000000060b400000, 0x000000060b400000|100%| O|  |TAMS 0x000000060b400000, 0x000000060b000000| Untracked 
|  11|0x000000060b400000, 0x000000060b800000, 0x000000060b800000|100%| O|  |TAMS 0x000000060b800000, 0x000000060b400000| Untracked 
|  12|0x000000060b800000, 0x000000060bc00000, 0x000000060bc00000|100%| O|  |TAMS 0x000000060bc00000, 0x000000060b800000| Untracked 
|  13|0x000000060bc00000, 0x000000060c000000, 0x000000060c000000|100%| O|  |TAMS 0x000000060c000000, 0x000000060bc00000| Untracked 
|  14|0x000000060c000000, 0x000000060c400000, 0x000000060c400000|100%| O|  |TAMS 0x000000060c400000, 0x000000060c000000| Untracked 
|  15|0x000000060c400000, 0x000000060c800000, 0x000000060c800000|100%| O|  |TAMS 0x000000060c800000, 0x000000060c400000| Untracked 
|  16|0x000000060c800000, 0x000000060cc00000, 0x000000060cc00000|100%| O|  |TAMS 0x000000060cc00000, 0x000000060c800000| Untracked 
|  17|0x000000060cc00000, 0x000000060d000000, 0x000000060d000000|100%| O|  |TAMS 0x000000060d000000, 0x000000060cc00000| Untracked 
|  18|0x000000060d000000, 0x000000060d400000, 0x000000060d400000|100%| O|  |TAMS 0x000000060d400000, 0x000000060d000000| Untracked 
|  19|0x000000060d400000, 0x000000060d800000, 0x000000060d800000|100%| O|  |TAMS 0x000000060d800000, 0x000000060d400000| Untracked 
|  20|0x000000060d800000, 0x000000060dc00000, 0x000000060dc00000|100%| O|  |TAMS 0x000000060dc00000, 0x000000060d800000| Untracked 
|  21|0x000000060dc00000, 0x000000060e000000, 0x000000060e000000|100%| O|  |TAMS 0x000000060dc00000, 0x000000060dc00000| Untracked 
|  22|0x000000060e000000, 0x000000060e400000, 0x000000060e400000|100%| O|  |TAMS 0x000000060e400000, 0x000000060e000000| Untracked 
|  23|0x000000060e400000, 0x000000060e800000, 0x000000060e800000|100%| O|  |TAMS 0x000000060e800000, 0x000000060e400000| Untracked 
|  24|0x000000060e800000, 0x000000060ec00000, 0x000000060ec00000|100%| O|  |TAMS 0x000000060ec00000, 0x000000060e800000| Untracked 
|  25|0x000000060ec00000, 0x000000060f000000, 0x000000060f000000|100%| O|  |TAMS 0x000000060f000000, 0x000000060ec00000| Untracked 
|  26|0x000000060f000000, 0x000000060f400000, 0x000000060f400000|100%| O|  |TAMS 0x000000060f400000, 0x000000060f000000| Untracked 
|  27|0x000000060f400000, 0x000000060f800000, 0x000000060f800000|100%| O|  |TAMS 0x000000060f800000, 0x000000060f400000| Untracked 
|  28|0x000000060f800000, 0x000000060fc00000, 0x000000060fc00000|100%| O|  |TAMS 0x000000060fc00000, 0x000000060f800000| Untracked 
|  29|0x000000060fc00000, 0x0000000610000000, 0x0000000610000000|100%| O|  |TAMS 0x0000000610000000, 0x000000060fc00000| Untracked 
|  30|0x0000000610000000, 0x0000000610400000, 0x0000000610400000|100%| O|  |TAMS 0x0000000610400000, 0x0000000610000000| Untracked 
|  31|0x0000000610400000, 0x0000000610800000, 0x0000000610800000|100%| O|  |TAMS 0x0000000610800000, 0x0000000610400000| Untracked 
|  32|0x0000000610800000, 0x0000000610c00000, 0x0000000610c00000|100%| O|  |TAMS 0x0000000610c00000, 0x0000000610800000| Untracked 
|  33|0x0000000610c00000, 0x0000000611000000, 0x0000000611000000|100%| O|  |TAMS 0x0000000611000000, 0x0000000610c00000| Untracked 
|  34|0x0000000611000000, 0x0000000611400000, 0x0000000611400000|100%| O|  |TAMS 0x0000000611400000, 0x0000000611000000| Untracked 
|  35|0x0000000611400000, 0x0000000611800000, 0x0000000611800000|100%| O|  |TAMS 0x0000000611800000, 0x0000000611400000| Untracked 
|  36|0x0000000611800000, 0x0000000611c00000, 0x0000000611c00000|100%| O|  |TAMS 0x0000000611c00000, 0x0000000611800000| Untracked 
|  37|0x0000000611c00000, 0x0000000612000000, 0x0000000612000000|100%| O|  |TAMS 0x0000000612000000, 0x0000000611c00000| Untracked 
|  38|0x0000000612000000, 0x0000000612400000, 0x0000000612400000|100%| O|  |TAMS 0x0000000612400000, 0x0000000612000000| Untracked 
|  39|0x0000000612400000, 0x0000000612800000, 0x0000000612800000|100%| O|  |TAMS 0x0000000612800000, 0x0000000612400000| Untracked 
|  40|0x0000000612800000, 0x0000000612c00000, 0x0000000612c00000|100%| O|  |TAMS 0x0000000612c00000, 0x0000000612800000| Untracked 
|  41|0x0000000612c00000, 0x0000000613000000, 0x0000000613000000|100%| O|  |TAMS 0x0000000613000000, 0x0000000612c00000| Untracked 
|  42|0x0000000613000000, 0x0000000613400000, 0x0000000613400000|100%| O|  |TAMS 0x0000000613400000, 0x0000000613000000| Untracked 
|  43|0x0000000613400000, 0x0000000613800000, 0x0000000613800000|100%| O|  |TAMS 0x0000000613800000, 0x0000000613400000| Untracked 
|  44|0x0000000613800000, 0x0000000613c00000, 0x0000000613c00000|100%| O|  |TAMS 0x0000000613c00000, 0x0000000613800000| Untracked 
|  45|0x0000000613c00000, 0x0000000614000000, 0x0000000614000000|100%| O|  |TAMS 0x0000000614000000, 0x0000000613c00000| Untracked 
|  46|0x0000000614000000, 0x0000000614400000, 0x0000000614400000|100%| O|  |TAMS 0x0000000614400000, 0x0000000614000000| Untracked 
|  47|0x0000000614400000, 0x0000000614800000, 0x0000000614800000|100%| O|  |TAMS 0x0000000614800000, 0x0000000614400000| Untracked 
|  48|0x0000000614800000, 0x0000000614c00000, 0x0000000614c00000|100%| O|  |TAMS 0x0000000614c00000, 0x0000000614800000| Untracked 
|  49|0x0000000614c00000, 0x0000000615000000, 0x0000000615000000|100%| O|  |TAMS 0x0000000615000000, 0x0000000614c00000| Untracked 
|  50|0x0000000615000000, 0x0000000615400000, 0x0000000615400000|100%| O|  |TAMS 0x0000000615400000, 0x0000000615000000| Untracked 
|  51|0x0000000615400000, 0x0000000615800000, 0x0000000615800000|100%| O|  |TAMS 0x0000000615800000, 0x0000000615400000| Untracked 
|  52|0x0000000615800000, 0x0000000615c00000, 0x0000000615c00000|100%| O|  |TAMS 0x0000000615c00000, 0x0000000615800000| Untracked 
|  53|0x0000000615c00000, 0x0000000616000000, 0x0000000616000000|100%| O|  |TAMS 0x0000000616000000, 0x0000000615c00000| Untracked 
|  54|0x0000000616000000, 0x0000000616400000, 0x0000000616400000|100%| O|  |TAMS 0x0000000616400000, 0x0000000616000000| Untracked 
|  55|0x0000000616400000, 0x0000000616800000, 0x0000000616800000|100%| O|  |TAMS 0x0000000616800000, 0x0000000616400000| Untracked 
|  56|0x0000000616800000, 0x0000000616c00000, 0x0000000616c00000|100%| O|  |TAMS 0x0000000616800000, 0x0000000616800000| Untracked 
|  57|0x0000000616c00000, 0x0000000617000000, 0x0000000617000000|100%| O|  |TAMS 0x0000000617000000, 0x0000000616c00000| Untracked 
|  58|0x0000000617000000, 0x0000000617400000, 0x0000000617400000|100%| O|  |TAMS 0x0000000617400000, 0x0000000617000000| Untracked 
|  59|0x0000000617400000, 0x0000000617800000, 0x0000000617800000|100%| O|  |TAMS 0x0000000617800000, 0x0000000617400000| Untracked 
|  60|0x0000000617800000, 0x0000000617c00000, 0x0000000617c00000|100%| O|  |TAMS 0x0000000617c00000, 0x0000000617800000| Untracked 
|  61|0x0000000617c00000, 0x0000000618000000, 0x0000000618000000|100%| O|  |TAMS 0x0000000617d45e00, 0x0000000617c00000| Untracked 
|  62|0x0000000618000000, 0x0000000618400000, 0x0000000618400000|100%| O|  |TAMS 0x0000000618000000, 0x0000000618000000| Untracked 
|  63|0x0000000618400000, 0x0000000618800000, 0x0000000618800000|100%| O|  |TAMS 0x0000000618400000, 0x0000000618400000| Untracked 
|  64|0x0000000618800000, 0x0000000618c00000, 0x0000000618c00000|100%| O|  |TAMS 0x0000000618800000, 0x0000000618800000| Untracked 
|  65|0x0000000618c00000, 0x0000000619000000, 0x0000000619000000|100%| O|  |TAMS 0x0000000618c00000, 0x0000000618c00000| Untracked 
|  66|0x0000000619000000, 0x0000000619400000, 0x0000000619400000|100%| O|  |TAMS 0x0000000619000000, 0x0000000619000000| Untracked 
|  67|0x0000000619400000, 0x0000000619800000, 0x0000000619800000|100%| O|  |TAMS 0x0000000619400000, 0x0000000619400000| Untracked 
|  68|0x0000000619800000, 0x0000000619c00000, 0x0000000619c00000|100%| O|  |TAMS 0x0000000619800000, 0x0000000619800000| Untracked 
|  69|0x0000000619c00000, 0x000000061a000000, 0x000000061a000000|100%| O|  |TAMS 0x0000000619c00000, 0x0000000619c00000| Untracked 
|  70|0x000000061a000000, 0x000000061a400000, 0x000000061a400000|100%| O|  |TAMS 0x000000061a000000, 0x000000061a000000| Untracked 
|  71|0x000000061a400000, 0x000000061a800000, 0x000000061a800000|100%| O|  |TAMS 0x000000061a400000, 0x000000061a400000| Untracked 
|  72|0x000000061a800000, 0x000000061ac00000, 0x000000061ac00000|100%| O|  |TAMS 0x000000061a800000, 0x000000061a800000| Untracked 
|  73|0x000000061ac00000, 0x000000061b000000, 0x000000061b000000|100%| O|  |TAMS 0x000000061ac00000, 0x000000061ac00000| Untracked 
|  74|0x000000061b000000, 0x000000061b400000, 0x000000061b400000|100%| O|  |TAMS 0x000000061b000000, 0x000000061b000000| Untracked 
|  75|0x000000061b400000, 0x000000061b800000, 0x000000061b800000|100%| O|  |TAMS 0x000000061b400000, 0x000000061b400000| Untracked 
|  76|0x000000061b800000, 0x000000061bc00000, 0x000000061bc00000|100%| O|  |TAMS 0x000000061b800000, 0x000000061b800000| Untracked 
|  77|0x000000061bc00000, 0x000000061c000000, 0x000000061c000000|100%| O|  |TAMS 0x000000061bc00000, 0x000000061bc00000| Untracked 
|  78|0x000000061c000000, 0x000000061c400000, 0x000000061c400000|100%| O|  |TAMS 0x000000061c000000, 0x000000061c000000| Untracked 
|  79|0x000000061c400000, 0x000000061c800000, 0x000000061c800000|100%| O|  |TAMS 0x000000061c400000, 0x000000061c400000| Untracked 
|  80|0x000000061c800000, 0x000000061cc00000, 0x000000061cc00000|100%| O|  |TAMS 0x000000061c800000, 0x000000061c800000| Untracked 
|  81|0x000000061cc00000, 0x000000061d000000, 0x000000061d000000|100%| O|  |TAMS 0x000000061cc00000, 0x000000061cc00000| Untracked 
|  82|0x000000061d000000, 0x000000061d400000, 0x000000061d400000|100%| O|  |TAMS 0x000000061d000000, 0x000000061d000000| Untracked 
|  83|0x000000061d400000, 0x000000061d800000, 0x000000061d800000|100%| O|  |TAMS 0x000000061d400000, 0x000000061d400000| Untracked 
|  84|0x000000061d800000, 0x000000061dc00000, 0x000000061dc00000|100%| O|  |TAMS 0x000000061d800000, 0x000000061d800000| Untracked 
|  85|0x000000061dc00000, 0x000000061e000000, 0x000000061e000000|100%| O|  |TAMS 0x000000061dc00000, 0x000000061dc00000| Untracked 
|  86|0x000000061e000000, 0x000000061e400000, 0x000000061e400000|100%| O|  |TAMS 0x000000061e000000, 0x000000061e000000| Untracked 
|  87|0x000000061e400000, 0x000000061e800000, 0x000000061e800000|100%| O|  |TAMS 0x000000061e400000, 0x000000061e400000| Untracked 
|  88|0x000000061e800000, 0x000000061ec00000, 0x000000061ec00000|100%| O|  |TAMS 0x000000061e800000, 0x000000061e800000| Untracked 
|  89|0x000000061ec00000, 0x000000061f000000, 0x000000061f000000|100%| O|  |TAMS 0x000000061ec00000, 0x000000061ec00000| Untracked 
|  90|0x000000061f000000, 0x000000061f400000, 0x000000061f400000|100%| O|  |TAMS 0x000000061f000000, 0x000000061f000000| Untracked 
|  91|0x000000061f400000, 0x000000061f800000, 0x000000061f800000|100%| O|  |TAMS 0x000000061f400000, 0x000000061f400000| Untracked 
|  92|0x000000061f800000, 0x000000061fc00000, 0x000000061fc00000|100%| O|  |TAMS 0x000000061f800000, 0x000000061f800000| Untracked 
|  93|0x000000061fc00000, 0x0000000620000000, 0x0000000620000000|100%| O|  |TAMS 0x000000061fc00000, 0x000000061fc00000| Untracked 
|  94|0x0000000620000000, 0x0000000620400000, 0x0000000620400000|100%| O|  |TAMS 0x0000000620000000, 0x0000000620000000| Untracked 
|  95|0x0000000620400000, 0x0000000620800000, 0x0000000620800000|100%| O|  |TAMS 0x0000000620400000, 0x0000000620400000| Untracked 
|  96|0x0000000620800000, 0x0000000620c00000, 0x0000000620c00000|100%| O|  |TAMS 0x0000000620800000, 0x0000000620800000| Untracked 
|  97|0x0000000620c00000, 0x0000000621000000, 0x0000000621000000|100%| O|  |TAMS 0x0000000620c00000, 0x0000000620c00000| Untracked 
|  98|0x0000000621000000, 0x0000000621400000, 0x0000000621400000|100%| O|  |TAMS 0x0000000621000000, 0x0000000621000000| Untracked 
|  99|0x0000000621400000, 0x0000000621800000, 0x0000000621800000|100%| O|  |TAMS 0x0000000621400000, 0x0000000621400000| Untracked 
| 100|0x0000000621800000, 0x0000000621c00000, 0x0000000621c00000|100%| O|  |TAMS 0x0000000621800000, 0x0000000621800000| Untracked 
| 101|0x0000000621c00000, 0x0000000622000000, 0x0000000622000000|100%| O|  |TAMS 0x0000000621c00000, 0x0000000621c00000| Untracked 
| 102|0x0000000622000000, 0x0000000622400000, 0x0000000622400000|100%| O|  |TAMS 0x0000000622000000, 0x0000000622000000| Untracked 
| 103|0x0000000622400000, 0x0000000622800000, 0x0000000622800000|100%| O|  |TAMS 0x0000000622400000, 0x0000000622400000| Untracked 
| 104|0x0000000622800000, 0x0000000622c00000, 0x0000000622c00000|100%| O|  |TAMS 0x0000000622800000, 0x0000000622800000| Untracked 
| 105|0x0000000622c00000, 0x0000000623000000, 0x0000000623000000|100%| O|  |TAMS 0x0000000622c00000, 0x0000000622c00000| Untracked 
| 106|0x0000000623000000, 0x0000000623400000, 0x0000000623400000|100%| O|  |TAMS 0x0000000623000000, 0x0000000623000000| Untracked 
| 107|0x0000000623400000, 0x0000000623800000, 0x0000000623800000|100%| O|  |TAMS 0x0000000623400000, 0x0000000623400000| Untracked 
| 108|0x0000000623800000, 0x0000000623c00000, 0x0000000623c00000|100%| O|  |TAMS 0x0000000623800000, 0x0000000623800000| Untracked 
| 109|0x0000000623c00000, 0x0000000624000000, 0x0000000624000000|100%| O|  |TAMS 0x0000000623c00000, 0x0000000623c00000| Untracked 
| 110|0x0000000624000000, 0x0000000624400000, 0x0000000624400000|100%| O|  |TAMS 0x0000000624000000, 0x0000000624000000| Untracked 
| 111|0x0000000624400000, 0x0000000624800000, 0x0000000624800000|100%| O|  |TAMS 0x0000000624400000, 0x0000000624400000| Untracked 
| 112|0x0000000624800000, 0x0000000624c00000, 0x0000000624c00000|100%| O|  |TAMS 0x0000000624800000, 0x0000000624800000| Untracked 
| 113|0x0000000624c00000, 0x0000000625000000, 0x0000000625000000|100%| O|  |TAMS 0x0000000624c00000, 0x0000000624c00000| Untracked 
| 114|0x0000000625000000, 0x0000000625400000, 0x0000000625400000|100%| O|  |TAMS 0x0000000625000000, 0x0000000625000000| Untracked 
| 115|0x0000000625400000, 0x0000000625800000, 0x0000000625800000|100%| O|  |TAMS 0x0000000625400000, 0x0000000625400000| Untracked 
| 116|0x0000000625800000, 0x0000000625c00000, 0x0000000625c00000|100%| O|  |TAMS 0x0000000625800000, 0x0000000625800000| Untracked 
| 117|0x0000000625c00000, 0x0000000626000000, 0x0000000626000000|100%| O|  |TAMS 0x0000000625c00000, 0x0000000625c00000| Untracked 
| 118|0x0000000626000000, 0x0000000626400000, 0x0000000626400000|100%| O|  |TAMS 0x0000000626000000, 0x0000000626000000| Untracked 
| 119|0x0000000626400000, 0x0000000626800000, 0x0000000626800000|100%| O|  |TAMS 0x0000000626400000, 0x0000000626400000| Untracked 
| 120|0x0000000626800000, 0x0000000626c00000, 0x0000000626c00000|100%| O|  |TAMS 0x0000000626800000, 0x0000000626800000| Untracked 
| 121|0x0000000626c00000, 0x0000000627000000, 0x0000000627000000|100%| O|  |TAMS 0x0000000626c00000, 0x0000000626c00000| Untracked 
| 122|0x0000000627000000, 0x0000000627400000, 0x0000000627400000|100%| O|  |TAMS 0x0000000627000000, 0x0000000627000000| Untracked 
| 123|0x0000000627400000, 0x0000000627800000, 0x0000000627800000|100%| O|  |TAMS 0x0000000627400000, 0x0000000627400000| Untracked 
| 124|0x0000000627800000, 0x0000000627c00000, 0x0000000627c00000|100%| O|  |TAMS 0x0000000627800000, 0x0000000627800000| Untracked 
| 125|0x0000000627c00000, 0x0000000628000000, 0x0000000628000000|100%| O|  |TAMS 0x0000000627c00000, 0x0000000627c00000| Untracked 
| 126|0x0000000628000000, 0x0000000628400000, 0x0000000628400000|100%| O|  |TAMS 0x0000000628000000, 0x0000000628000000| Untracked 
| 127|0x0000000628400000, 0x0000000628800000, 0x0000000628800000|100%| O|  |TAMS 0x0000000628400000, 0x0000000628400000| Untracked 
| 128|0x0000000628800000, 0x0000000628c00000, 0x0000000628c00000|100%| O|  |TAMS 0x0000000628800000, 0x0000000628800000| Untracked 
| 129|0x0000000628c00000, 0x0000000629000000, 0x0000000629000000|100%| O|  |TAMS 0x0000000628c00000, 0x0000000628c00000| Untracked 
| 130|0x0000000629000000, 0x0000000629400000, 0x0000000629400000|100%| O|  |TAMS 0x0000000629000000, 0x0000000629000000| Untracked 
| 131|0x0000000629400000, 0x0000000629800000, 0x0000000629800000|100%| O|  |TAMS 0x0000000629400000, 0x0000000629400000| Untracked 
| 132|0x0000000629800000, 0x0000000629c00000, 0x0000000629c00000|100%| O|  |TAMS 0x0000000629800000, 0x0000000629800000| Untracked 
| 133|0x0000000629c00000, 0x000000062a000000, 0x000000062a000000|100%| O|  |TAMS 0x0000000629c00000, 0x0000000629c00000| Untracked 
| 134|0x000000062a000000, 0x000000062a400000, 0x000000062a400000|100%| O|  |TAMS 0x000000062a000000, 0x000000062a000000| Untracked 
| 135|0x000000062a400000, 0x000000062a800000, 0x000000062a800000|100%| O|  |TAMS 0x000000062a400000, 0x000000062a400000| Untracked 
| 136|0x000000062a800000, 0x000000062ac00000, 0x000000062ac00000|100%| O|  |TAMS 0x000000062a800000, 0x000000062a800000| Untracked 
| 137|0x000000062ac00000, 0x000000062b000000, 0x000000062b000000|100%| O|  |TAMS 0x000000062ac00000, 0x000000062ac00000| Untracked 
| 138|0x000000062b000000, 0x000000062b400000, 0x000000062b400000|100%| O|  |TAMS 0x000000062b000000, 0x000000062b000000| Untracked 
| 139|0x000000062b400000, 0x000000062b800000, 0x000000062b800000|100%| O|  |TAMS 0x000000062b400000, 0x000000062b400000| Untracked 
| 140|0x000000062b800000, 0x000000062b84fa00, 0x000000062bc00000|  7%| O|  |TAMS 0x000000062b800000, 0x000000062b800000| Untracked 
| 141|0x000000062bc00000, 0x000000062bc00000, 0x000000062c000000|  0%| F|  |TAMS 0x000000062bc00000, 0x000000062bc00000| Untracked 
| 142|0x000000062c000000, 0x000000062c000000, 0x000000062c400000|  0%| F|  |TAMS 0x000000062c000000, 0x000000062c000000| Untracked 
| 143|0x000000062c400000, 0x000000062c400000, 0x000000062c800000|  0%| F|  |TAMS 0x000000062c400000, 0x000000062c400000| Untracked 
| 144|0x000000062c800000, 0x000000062c800000, 0x000000062cc00000|  0%| F|  |TAMS 0x000000062c800000, 0x000000062c800000| Untracked 
| 145|0x000000062cc00000, 0x000000062cc00000, 0x000000062d000000|  0%| F|  |TAMS 0x000000062cc00000, 0x000000062cc00000| Untracked 
| 146|0x000000062d000000, 0x000000062d000000, 0x000000062d400000|  0%| F|  |TAMS 0x000000062d000000, 0x000000062d000000| Untracked 
| 147|0x000000062d400000, 0x000000062d400000, 0x000000062d800000|  0%| F|  |TAMS 0x000000062d400000, 0x000000062d400000| Untracked 
| 148|0x000000062d800000, 0x000000062d800000, 0x000000062dc00000|  0%| F|  |TAMS 0x000000062d800000, 0x000000062d800000| Untracked 
| 149|0x000000062dc00000, 0x000000062dc00000, 0x000000062e000000|  0%| F|  |TAMS 0x000000062dc00000, 0x000000062dc00000| Untracked 
| 150|0x000000062e000000, 0x000000062e000000, 0x000000062e400000|  0%| F|  |TAMS 0x000000062e000000, 0x000000062e000000| Untracked 
| 151|0x000000062e400000, 0x000000062e400000, 0x000000062e800000|  0%| F|  |TAMS 0x000000062e400000, 0x000000062e400000| Untracked 
| 152|0x000000062e800000, 0x000000062e800000, 0x000000062ec00000|  0%| F|  |TAMS 0x000000062e800000, 0x000000062e800000| Untracked 
| 153|0x000000062ec00000, 0x000000062ec00000, 0x000000062f000000|  0%| F|  |TAMS 0x000000062ec00000, 0x000000062ec00000| Untracked 
| 154|0x000000062f000000, 0x000000062f000000, 0x000000062f400000|  0%| F|  |TAMS 0x000000062f000000, 0x000000062f000000| Untracked 
| 155|0x000000062f400000, 0x000000062f400000, 0x000000062f800000|  0%| F|  |TAMS 0x000000062f400000, 0x000000062f400000| Untracked 
| 156|0x000000062f800000, 0x000000062f800000, 0x000000062fc00000|  0%| F|  |TAMS 0x000000062f800000, 0x000000062f800000| Untracked 
| 157|0x000000062fc00000, 0x000000062fc00000, 0x0000000630000000|  0%| F|  |TAMS 0x000000062fc00000, 0x000000062fc00000| Untracked 
| 158|0x0000000630000000, 0x0000000630000000, 0x0000000630400000|  0%| F|  |TAMS 0x0000000630000000, 0x0000000630000000| Untracked 
| 159|0x0000000630400000, 0x0000000630400000, 0x0000000630800000|  0%| F|  |TAMS 0x0000000630400000, 0x0000000630400000| Untracked 
| 160|0x0000000630800000, 0x0000000630800000, 0x0000000630c00000|  0%| F|  |TAMS 0x0000000630800000, 0x0000000630800000| Untracked 
| 161|0x0000000630c00000, 0x0000000630c00000, 0x0000000631000000|  0%| F|  |TAMS 0x0000000630c00000, 0x0000000630c00000| Untracked 
| 162|0x0000000631000000, 0x0000000631000000, 0x0000000631400000|  0%| F|  |TAMS 0x0000000631000000, 0x0000000631000000| Untracked 
| 163|0x0000000631400000, 0x0000000631400000, 0x0000000631800000|  0%| F|  |TAMS 0x0000000631400000, 0x0000000631400000| Untracked 
| 164|0x0000000631800000, 0x0000000631800000, 0x0000000631c00000|  0%| F|  |TAMS 0x0000000631800000, 0x0000000631800000| Untracked 
| 165|0x0000000631c00000, 0x0000000631df8898, 0x0000000632000000| 49%| S|CS|TAMS 0x0000000631c00000, 0x0000000631c00000| Complete 
| 166|0x0000000632000000, 0x0000000632400000, 0x0000000632400000|100%| S|CS|TAMS 0x0000000632000000, 0x0000000632000000| Complete 
| 167|0x0000000632400000, 0x0000000632400000, 0x0000000632800000|  0%| F|  |TAMS 0x0000000632400000, 0x0000000632400000| Untracked 
| 168|0x0000000632800000, 0x0000000632800000, 0x0000000632c00000|  0%| F|  |TAMS 0x0000000632800000, 0x0000000632800000| Untracked 
| 169|0x0000000632c00000, 0x0000000632c00000, 0x0000000633000000|  0%| F|  |TAMS 0x0000000632c00000, 0x0000000632c00000| Untracked 
| 170|0x0000000633000000, 0x0000000633000000, 0x0000000633400000|  0%| F|  |TAMS 0x0000000633000000, 0x0000000633000000| Untracked 
| 171|0x0000000633400000, 0x0000000633400000, 0x0000000633800000|  0%| F|  |TAMS 0x0000000633400000, 0x0000000633400000| Untracked 
| 172|0x0000000633800000, 0x0000000633800000, 0x0000000633c00000|  0%| F|  |TAMS 0x0000000633800000, 0x0000000633800000| Untracked 
| 173|0x0000000633c00000, 0x0000000633c00000, 0x0000000634000000|  0%| F|  |TAMS 0x0000000633c00000, 0x0000000633c00000| Untracked 
| 174|0x0000000634000000, 0x0000000634000000, 0x0000000634400000|  0%| F|  |TAMS 0x0000000634000000, 0x0000000634000000| Untracked 
| 175|0x0000000634400000, 0x0000000634400000, 0x0000000634800000|  0%| F|  |TAMS 0x0000000634400000, 0x0000000634400000| Untracked 
| 176|0x0000000634800000, 0x0000000634800000, 0x0000000634c00000|  0%| F|  |TAMS 0x0000000634800000, 0x0000000634800000| Untracked 

Card table byte_map: [0x0000018af86e0000,0x0000018af96a0000] _byte_map_base: 0x0000018af569c000

Marking Bits (Prev, Next): (CMBitMap*) 0x0000018aeee4be90, (CMBitMap*) 0x0000018aeee4bed0
 Prev Bits: [0x0000018a8f000000, 0x0000018a96de0000)
 Next Bits: [0x0000018a96de0000, 0x0000018a9ebc0000)

Polling page: 0x0000018aecf00000

Metaspace:

Usage:
  Non-class:     71.51 MB used.
      Class:      8.68 MB used.
       Both:     80.19 MB used.

Virtual space:
  Non-class space:      128.00 MB reserved,      71.81 MB ( 56%) committed,  2 nodes.
      Class space:        1.00 GB reserved,       9.00 MB ( <1%) committed,  1 nodes.
             Both:        1.12 GB reserved,      80.81 MB (  7%) committed. 

Chunk freelists:
   Non-Class:  7.89 MB
       Class:  7.02 MB
        Both:  14.91 MB

MaxMetaspaceSize: unlimited
CompressedClassSpaceSize: 1.00 GB
Initial GC threshold: 21.00 MB
Current GC threshold: 131.19 MB
CDS: on
MetaspaceReclaimPolicy: balanced
 - commit_granule_bytes: 65536.
 - commit_granule_words: 8192.
 - virtual_space_node_default_size: 8388608.
 - enlarge_chunks_in_place: 1.
 - new_chunks_are_fully_committed: 0.
 - uncommit_free_chunks: 1.
 - use_allocation_guard: 0.
 - handle_deallocations: 1.


Internal statistics:

num_allocs_failed_limit: 9.
num_arena_births: 1072.
num_arena_deaths: 0.
num_vsnodes_births: 3.
num_vsnodes_deaths: 0.
num_space_committed: 1291.
num_space_uncommitted: 0.
num_chunks_returned_to_freelist: 9.
num_chunks_taken_from_freelist: 4331.
num_chunk_merges: 9.
num_chunk_splits: 3083.
num_chunks_enlarged: 2325.
num_inconsistent_stats: 0.

CodeHeap 'non-profiled nmethods': size=119168Kb used=22494Kb max_used=22494Kb free=96673Kb
 bounds [0x0000018a87ba0000, 0x0000018a891a0000, 0x0000018a8f000000]
CodeHeap 'profiled nmethods': size=119104Kb used=49374Kb max_used=50631Kb free=69729Kb
 bounds [0x0000018a80000000, 0x0000018a831a0000, 0x0000018a87450000]
CodeHeap 'non-nmethods': size=7488Kb used=2523Kb max_used=3233Kb free=4964Kb
 bounds [0x0000018a87450000, 0x0000018a87790000, 0x0000018a87ba0000]
 total_blobs=18803 nmethods=18080 adapters=629
 compilation: enabled
              stopped_count=0, restarted_count=0
 full_count=0

Compilation events (20 events):
Event: 51.700 Thread 0x0000018ae7b171c0 23622       4       com.intellij.lang.java.lexer.BasicJavaLexer::locateToken (1027 bytes)
Event: 51.700 Thread 0x0000018ae7b18700 nmethod 23620 0x0000018a8802c090 code [0x0000018a8802c220, 0x0000018a8802c308]
Event: 51.700 Thread 0x0000018ae7b17710 nmethod 23619% 0x0000018a813de010 code [0x0000018a813de820, 0x0000018a813e3928]
Event: 51.700 Thread 0x0000018ae7b17710 23623       3       com.intellij.lang.java.lexer._JavaLexer::advance (1906 bytes)
Event: 51.701 Thread 0x0000018afa956de0 nmethod 23621 0x0000018a88729c90 code [0x0000018a88729e20, 0x0000018a8872a008]
Event: 51.701 Thread 0x0000018ae7b17710 nmethod 23623 0x0000018a8172d290 code [0x0000018a8172daa0, 0x0000018a81731d68]
Event: 51.706 Thread 0x0000018ae7b181b0 23624       4       com.intellij.lang.java.lexer._JavaLexer::advance (1906 bytes)
Event: 51.714 Thread 0x0000018ae7b181b0 nmethod 23624 0x0000018a8902b190 code [0x0000018a8902bc60, 0x0000018a8902c9d8]
Event: 51.726 Thread 0x0000018afa9597b0 23625       1       com.intellij.lang.java.lexer._JavaLexer::yybegin (6 bytes)
Event: 51.726 Thread 0x0000018afa9597b0 nmethod 23625 0x0000018a88729990 code [0x0000018a88729b20, 0x0000018a88729bf8]
Event: 51.734 Thread 0x0000018afa9597b0 23626       3       com.intellij.lang.java.lexer._JavaLexer::advance (1906 bytes)
Event: 51.735 Thread 0x0000018afa9597b0 nmethod 23626 0x0000018a81e04890 code [0x0000018a81e050a0, 0x0000018a81e09368]
Event: 51.785 Thread 0x0000018ae7b181b0 23627       4       com.intellij.lang.java.lexer._JavaLexer::advance (1906 bytes)
Event: 51.796 Thread 0x0000018ae7b17710 23628   !   3       org.jetbrains.kotlin.storage.LockBasedStorageManager$MapBasedMemoizedFunction::invoke (410 bytes)
Event: 51.796 Thread 0x0000018afa9597b0 23629       3       org.jetbrains.kotlin.resolve.jvm.KotlinJavaPsiFacade::findPackage (617 bytes)
Event: 51.796 Thread 0x0000018ae7b18c50 23630       3       org.jetbrains.kotlin.resolve.jvm.KotlinJavaPsiFacade::isALibrarySearchScope (5 bytes)
Event: 51.796 Thread 0x0000018ae7b18c50 nmethod 23630 0x0000018a80278210 code [0x0000018a802783c0, 0x0000018a80278568]
Event: 51.796 Thread 0x0000018ae7b18c50 23631       3       org.jetbrains.kotlin.resolve.jvm.NotFoundPackagesCachingStrategy$Default::chooseStrategy (47 bytes)
Event: 51.796 Thread 0x0000018ae7b18c50 nmethod 23631 0x0000018a80d4da10 code [0x0000018a80d4dc60, 0x0000018a80d4e3e8]
Event: 51.796 Thread 0x0000018ae7b18c50 23632       3       org.jetbrains.kotlin.resolve.jvm.KotlinJavaPsiFacade::filteredFinders (54 bytes)

GC Heap History (20 events):
Event: 28.897 GC heap before
{Heap before GC invocations=68 (full 0):
 garbage-first heap   total 724992K, used 645821K [0x0000000608800000, 0x0000000800000000)
  region size 4096K, 56 young (229376K), 1 survivors (4096K)
 Metaspace       used 81701K, committed 82368K, reserved 1179648K
  class space    used 8865K, committed 9216K, reserved 1048576K
}
Event: 28.899 GC heap after
{Heap after GC invocations=69 (full 0):
 garbage-first heap   total 724992K, used 420820K [0x0000000608800000, 0x0000000800000000)
  region size 4096K, 2 young (8192K), 2 survivors (8192K)
 Metaspace       used 81701K, committed 82368K, reserved 1179648K
  class space    used 8865K, committed 9216K, reserved 1048576K
}
Event: 29.186 GC heap before
{Heap before GC invocations=69 (full 0):
 garbage-first heap   total 724992K, used 637908K [0x0000000608800000, 0x0000000800000000)
  region size 4096K, 55 young (225280K), 2 survivors (8192K)
 Metaspace       used 81701K, committed 82368K, reserved 1179648K
  class space    used 8865K, committed 9216K, reserved 1048576K
}
Event: 29.188 GC heap after
{Heap after GC invocations=70 (full 0):
 garbage-first heap   total 724992K, used 420812K [0x0000000608800000, 0x0000000800000000)
  region size 4096K, 1 young (4096K), 1 survivors (4096K)
 Metaspace       used 81701K, committed 82368K, reserved 1179648K
  class space    used 8865K, committed 9216K, reserved 1048576K
}
Event: 29.470 GC heap before
{Heap before GC invocations=70 (full 0):
 garbage-first heap   total 724992K, used 641996K [0x0000000608800000, 0x0000000800000000)
  region size 4096K, 55 young (225280K), 1 survivors (4096K)
 Metaspace       used 81701K, committed 82368K, reserved 1179648K
  class space    used 8865K, committed 9216K, reserved 1048576K
}
Event: 29.470 GC heap after
{Heap after GC invocations=71 (full 0):
 garbage-first heap   total 724992K, used 420635K [0x0000000608800000, 0x0000000800000000)
  region size 4096K, 1 young (4096K), 1 survivors (4096K)
 Metaspace       used 81701K, committed 82368K, reserved 1179648K
  class space    used 8865K, committed 9216K, reserved 1048576K
}
Event: 29.758 GC heap before
{Heap before GC invocations=71 (full 0):
 garbage-first heap   total 724992K, used 641819K [0x0000000608800000, 0x0000000800000000)
  region size 4096K, 55 young (225280K), 1 survivors (4096K)
 Metaspace       used 81704K, committed 82368K, reserved 1179648K
  class space    used 8865K, committed 9216K, reserved 1048576K
}
Event: 29.759 GC heap after
{Heap after GC invocations=72 (full 0):
 garbage-first heap   total 724992K, used 420549K [0x0000000608800000, 0x0000000800000000)
  region size 4096K, 1 young (4096K), 1 survivors (4096K)
 Metaspace       used 81704K, committed 82368K, reserved 1179648K
  class space    used 8865K, committed 9216K, reserved 1048576K
}
Event: 30.032 GC heap before
{Heap before GC invocations=72 (full 0):
 garbage-first heap   total 724992K, used 641733K [0x0000000608800000, 0x0000000800000000)
  region size 4096K, 55 young (225280K), 1 survivors (4096K)
 Metaspace       used 81704K, committed 82368K, reserved 1179648K
  class space    used 8865K, committed 9216K, reserved 1048576K
}
Event: 30.034 GC heap after
{Heap after GC invocations=73 (full 0):
 garbage-first heap   total 724992K, used 420571K [0x0000000608800000, 0x0000000800000000)
  region size 4096K, 1 young (4096K), 1 survivors (4096K)
 Metaspace       used 81704K, committed 82368K, reserved 1179648K
  class space    used 8865K, committed 9216K, reserved 1048576K
}
Event: 30.512 GC heap before
{Heap before GC invocations=73 (full 0):
 garbage-first heap   total 724992K, used 641755K [0x0000000608800000, 0x0000000800000000)
  region size 4096K, 55 young (225280K), 1 survivors (4096K)
 Metaspace       used 81921K, committed 82560K, reserved 1179648K
  class space    used 8880K, committed 9216K, reserved 1048576K
}
Event: 30.515 GC heap after
{Heap after GC invocations=74 (full 0):
 garbage-first heap   total 724992K, used 432759K [0x0000000608800000, 0x0000000800000000)
  region size 4096K, 4 young (16384K), 4 survivors (16384K)
 Metaspace       used 81921K, committed 82560K, reserved 1179648K
  class space    used 8880K, committed 9216K, reserved 1048576K
}
Event: 30.855 GC heap before
{Heap before GC invocations=74 (full 0):
 garbage-first heap   total 724992K, used 629367K [0x0000000608800000, 0x0000000800000000)
  region size 4096K, 52 young (212992K), 4 survivors (16384K)
 Metaspace       used 81982K, committed 82624K, reserved 1179648K
  class space    used 8884K, committed 9216K, reserved 1048576K
}
Event: 30.862 GC heap after
{Heap after GC invocations=75 (full 0):
 garbage-first heap   total 724992K, used 456752K [0x0000000608800000, 0x0000000800000000)
  region size 4096K, 7 young (28672K), 7 survivors (28672K)
 Metaspace       used 81982K, committed 82624K, reserved 1179648K
  class space    used 8884K, committed 9216K, reserved 1048576K
}
Event: 31.146 GC heap before
{Heap before GC invocations=75 (full 0):
 garbage-first heap   total 724992K, used 616496K [0x0000000608800000, 0x0000000800000000)
  region size 4096K, 46 young (188416K), 7 survivors (28672K)
 Metaspace       used 82009K, committed 82624K, reserved 1179648K
  class space    used 8884K, committed 9216K, reserved 1048576K
}
Event: 31.158 GC heap after
{Heap after GC invocations=76 (full 0):
 garbage-first heap   total 724992K, used 484688K [0x0000000608800000, 0x0000000800000000)
  region size 4096K, 6 young (24576K), 6 survivors (24576K)
 Metaspace       used 82009K, committed 82624K, reserved 1179648K
  class space    used 8884K, committed 9216K, reserved 1048576K
}
Event: 51.301 GC heap before
{Heap before GC invocations=76 (full 0):
 garbage-first heap   total 724992K, used 607568K [0x0000000608800000, 0x0000000800000000)
  region size 4096K, 36 young (147456K), 6 survivors (24576K)
 Metaspace       used 82091K, committed 82752K, reserved 1179648K
  class space    used 8889K, committed 9216K, reserved 1048576K
}
Event: 51.311 GC heap after
{Heap after GC invocations=77 (full 0):
 garbage-first heap   total 724992K, used 508192K [0x0000000608800000, 0x0000000800000000)
  region size 4096K, 5 young (20480K), 5 survivors (20480K)
 Metaspace       used 82091K, committed 82752K, reserved 1179648K
  class space    used 8889K, committed 9216K, reserved 1048576K
}
Event: 51.566 GC heap before
{Heap before GC invocations=77 (full 0):
 garbage-first heap   total 724992K, used 606496K [0x0000000608800000, 0x0000000800000000)
  region size 4096K, 29 young (118784K), 5 survivors (20480K)
 Metaspace       used 82098K, committed 82752K, reserved 1179648K
  class space    used 8890K, committed 9216K, reserved 1048576K
}
Event: 51.576 GC heap after
{Heap after GC invocations=78 (full 0):
 garbage-first heap   total 724992K, used 548532K [0x0000000608800000, 0x0000000800000000)
  region size 4096K, 4 young (16384K), 4 survivors (16384K)
 Metaspace       used 82098K, committed 82752K, reserved 1179648K
  class space    used 8890K, committed 9216K, reserved 1048576K
}

Dll operation events (8 events):
Event: 0.006 Loaded shared library C:\Users\30989\.jdks\ms-17.0.17\bin\java.dll
Event: 0.021 Loaded shared library C:\Users\30989\.jdks\ms-17.0.17\bin\jsvml.dll
Event: 0.043 Loaded shared library C:\Users\30989\.jdks\ms-17.0.17\bin\net.dll
Event: 0.044 Loaded shared library C:\Users\30989\.jdks\ms-17.0.17\bin\nio.dll
Event: 0.047 Loaded shared library C:\Users\30989\.jdks\ms-17.0.17\bin\zip.dll
Event: 0.090 Loaded shared library C:\Users\30989\.jdks\ms-17.0.17\bin\jimage.dll
Event: 0.640 Loaded shared library C:\Users\30989\.jdks\ms-17.0.17\bin\verify.dll
Event: 1.391 Loaded shared library C:\Users\30989\AppData\Local\Temp\sqlite-3.41.2.1-29cfafcb-943f-4d5b-ae89-ac343102e3c4-sqlitejdbc.dll

Deoptimization events (20 events):
Event: 51.681 Thread 0x0000018ae55ca450 Uncommon trap: reason=unstable_if action=reinterpret pc=0x0000018a88174da8 method=org.jetbrains.kotlin.cli.jvm.index.SingleJavaFileRootsIndex.getClassIdsForRootAt(I)Ljava/util/List; @ 10 c2
Event: 51.681 Thread 0x0000018ae55ca450 DEOPT PACKING pc=0x0000018a88174da8 sp=0x00000047669fd0b0
Event: 51.681 Thread 0x0000018ae55ca450 DEOPT UNPACKING pc=0x0000018a874a69a3 sp=0x00000047669fd040 mode 2
Event: 51.698 Thread 0x0000018ae55ca450 Uncommon trap: trap_request=0xffffff45 fr.pc=0x0000018a87fa1b10 relative=0x00000000000027b0
Event: 51.698 Thread 0x0000018ae55ca450 Uncommon trap: reason=unstable_if action=reinterpret pc=0x0000018a87fa1b10 method=com.intellij.lang.java.lexer.BasicJavaLexer.locateToken()V @ 46 c2
Event: 51.698 Thread 0x0000018ae55ca450 DEOPT PACKING pc=0x0000018a87fa1b10 sp=0x00000047669fcf50
Event: 51.698 Thread 0x0000018ae55ca450 DEOPT UNPACKING pc=0x0000018a874a69a3 sp=0x00000047669fcf00 mode 2
Event: 51.698 Thread 0x0000018ae55ca450 Uncommon trap: trap_request=0xffffff45 fr.pc=0x0000018a89192194 relative=0x0000000000000a14
Event: 51.698 Thread 0x0000018ae55ca450 Uncommon trap: reason=unstable_if action=reinterpret pc=0x0000018a89192194 method=com.intellij.lang.java.lexer._JavaLexer.advance()Lcom/intellij/psi/tree/IElementType; @ 296 c2
Event: 51.698 Thread 0x0000018ae55ca450 DEOPT PACKING pc=0x0000018a89192194 sp=0x00000047669fce50
Event: 51.698 Thread 0x0000018ae55ca450 DEOPT UNPACKING pc=0x0000018a874a69a3 sp=0x00000047669fcdc0 mode 2
Event: 51.734 Thread 0x0000018ae55ca450 Uncommon trap: trap_request=0xffffff45 fr.pc=0x0000018a8902c17c relative=0x000000000000051c
Event: 51.734 Thread 0x0000018ae55ca450 Uncommon trap: reason=unstable_if action=reinterpret pc=0x0000018a8902c17c method=com.intellij.lang.java.lexer._JavaLexer.advance()Lcom/intellij/psi/tree/IElementType; @ 227 c2
Event: 51.734 Thread 0x0000018ae55ca450 DEOPT PACKING pc=0x0000018a8902c17c sp=0x00000047669fce50
Event: 51.734 Thread 0x0000018ae55ca450 DEOPT UNPACKING pc=0x0000018a874a69a3 sp=0x00000047669fcdb8 mode 2
Event: 51.795 Thread 0x0000018ae55ca450 Uncommon trap: trap_request=0xffffff45 fr.pc=0x0000018a89088fd0 relative=0x0000000000001470
Event: 51.795 Thread 0x0000018ae55ca450 Uncommon trap: reason=unstable_if action=reinterpret pc=0x0000018a89088fd0 method=org.jetbrains.kotlin.cli.jvm.index.JvmDependenciesIndexImpl.findClasses(Lorg/jetbrains/kotlin/name/ClassId;Ljava/util/Set;Lkotlin/jvm/functions/Function2;)Ljava/util/Collect
Event: 51.795 Thread 0x0000018ae55ca450 DEOPT PACKING pc=0x0000018a89088fd0 sp=0x00000047669fd0a0
Event: 51.795 Thread 0x0000018ae55ca450 DEOPT UNPACKING pc=0x0000018a874a69a3 sp=0x00000047669fcfc8 mode 2
Event: 51.797 Thread 0x0000018ae55ca450 Uncommon trap: trap_request=0xffffff45 fr.pc=0x0000018a87f156a4 relative=0x0000000000005fe4

Classes loaded (20 events):
Event: 7.012 Loading class jdk/internal/math/FDBigInteger
Event: 7.012 Loading class jdk/internal/math/FDBigInteger done
Event: 7.472 Loading class java/util/function/IntBinaryOperator
Event: 7.473 Loading class java/util/function/IntBinaryOperator done
Event: 15.265 Loading class java/util/EnumMap$EntrySet
Event: 15.265 Loading class java/util/EnumMap$EntrySet done
Event: 15.265 Loading class java/util/EnumMap$EntryIterator
Event: 15.265 Loading class java/util/EnumMap$EnumMapIterator
Event: 15.265 Loading class java/util/EnumMap$EnumMapIterator done
Event: 15.265 Loading class java/util/EnumMap$EntryIterator done
Event: 15.265 Loading class java/util/EnumMap$EntryIterator$Entry
Event: 15.265 Loading class java/util/EnumMap$EntryIterator$Entry done
Event: 22.539 Loading class java/lang/Throwable$WrappedPrintStream
Event: 22.540 Loading class java/lang/Throwable$PrintStreamOrWriter
Event: 22.540 Loading class java/lang/Throwable$PrintStreamOrWriter done
Event: 22.540 Loading class java/lang/Throwable$WrappedPrintStream done
Event: 22.543 Loading class java/lang/StackTraceElement$HashedModules
Event: 22.543 Loading class java/lang/StackTraceElement$HashedModules done
Event: 28.142 Loading class java/net/Proxy
Event: 28.142 Loading class java/net/Proxy done

Classes unloaded (0 events):
No events

Classes redefined (0 events):
No events

Internal exceptions (20 events):
Event: 31.315 Thread 0x0000018aeb350db0 Exception <a 'java/io/FileNotFoundException'{0x000000062fa45ba0}> (0x000000062fa45ba0) 
thrown [s\src\hotspot\share\prims\jni.cpp, line 516]
Event: 31.316 Thread 0x0000018aeb350db0 Exception <a 'java/io/FileNotFoundException'{0x000000062fa47b18}> (0x000000062fa47b18) 
thrown [s\src\hotspot\share\prims\jni.cpp, line 516]
Event: 31.316 Thread 0x0000018aeb350db0 Exception <a 'java/io/FileNotFoundException'{0x000000062fa4a4c8}> (0x000000062fa4a4c8) 
thrown [s\src\hotspot\share\prims\jni.cpp, line 516]
Event: 31.316 Thread 0x0000018aeb350db0 Exception <a 'java/io/FileNotFoundException'{0x000000062fa4c310}> (0x000000062fa4c310) 
thrown [s\src\hotspot\share\prims\jni.cpp, line 516]
Event: 31.316 Thread 0x0000018aeb350db0 Exception <a 'java/io/FileNotFoundException'{0x000000062fa4ec98}> (0x000000062fa4ec98) 
thrown [s\src\hotspot\share\prims\jni.cpp, line 516]
Event: 51.075 Thread 0x0000018ae55ca450 Exception <a 'sun/nio/fs/WindowsException'{0x000000062f41df38}> (0x000000062f41df38) 
thrown [s\src\hotspot\share\prims\jni.cpp, line 516]
Event: 51.075 Thread 0x0000018ae55ca450 Exception <a 'sun/nio/fs/WindowsException'{0x000000062f41e308}> (0x000000062f41e308) 
thrown [s\src\hotspot\share\prims\jni.cpp, line 516]
Event: 51.075 Thread 0x0000018ae55ca450 Exception <a 'sun/nio/fs/WindowsException'{0x000000062f41e6b8}> (0x000000062f41e6b8) 
thrown [s\src\hotspot\share\prims\jni.cpp, line 516]
Event: 51.075 Thread 0x0000018ae55ca450 Exception <a 'sun/nio/fs/WindowsException'{0x000000062f41ea68}> (0x000000062f41ea68) 
thrown [s\src\hotspot\share\prims\jni.cpp, line 516]
Event: 51.075 Thread 0x0000018ae55ca450 Exception <a 'sun/nio/fs/WindowsException'{0x000000062f41ee18}> (0x000000062f41ee18) 
thrown [s\src\hotspot\share\prims\jni.cpp, line 516]
Event: 51.075 Thread 0x0000018ae55ca450 Exception <a 'sun/nio/fs/WindowsException'{0x000000062f41f1c8}> (0x000000062f41f1c8) 
thrown [s\src\hotspot\share\prims\jni.cpp, line 516]
Event: 51.250 Thread 0x0000018ae55ca450 Exception <a 'sun/nio/fs/WindowsException'{0x000000062e220aa8}> (0x000000062e220aa8) 
thrown [s\src\hotspot\share\prims\jni.cpp, line 516]
Event: 51.250 Thread 0x0000018ae55ca450 Exception <a 'sun/nio/fs/WindowsException'{0x000000062e2212c8}> (0x000000062e2212c8) 
thrown [s\src\hotspot\share\prims\jni.cpp, line 516]
Event: 51.251 Thread 0x0000018ae55ca450 Implicit null exception at 0x0000018a880bcb03 to 0x0000018a880bcd50
Event: 51.253 Thread 0x0000018ae55ca450 Implicit null exception at 0x0000018a8853af8c to 0x0000018a8853b000
Event: 51.264 Thread 0x0000018ae55ca450 Implicit null exception at 0x0000018a87e1fa96 to 0x0000018a87e20760
Event: 51.327 Thread 0x0000018ae55ca450 Implicit null exception at 0x0000018a88a0b66b to 0x0000018a88a0c460
Event: 51.328 Thread 0x0000018ae55ca450 Implicit null exception at 0x0000018a8887dbb3 to 0x0000018a8887e4bc
Event: 51.680 Thread 0x0000018ae55ca450 Implicit null exception at 0x0000018a887c018e to 0x0000018a887c360c
Event: 51.795 Thread 0x0000018ae55ca450 Implicit null exception at 0x0000018a89087c4a to 0x0000018a89088fa8

VM Operations (20 events):
Event: 30.512 Executing VM operation: G1CollectForAllocation
Event: 30.515 Executing VM operation: G1CollectForAllocation done
Event: 30.728 Executing VM operation: HandshakeAllThreads
Event: 30.728 Executing VM operation: HandshakeAllThreads done
Event: 30.855 Executing VM operation: G1CollectForAllocation
Event: 30.862 Executing VM operation: G1CollectForAllocation done
Event: 31.011 Executing VM operation: HandshakeAllThreads
Event: 31.012 Executing VM operation: HandshakeAllThreads done
Event: 31.146 Executing VM operation: G1CollectForAllocation
Event: 31.158 Executing VM operation: G1CollectForAllocation done
Event: 31.256 Executing VM operation: HandshakeAllThreads
Event: 31.256 Executing VM operation: HandshakeAllThreads done
Event: 32.279 Executing VM operation: Cleanup
Event: 32.280 Executing VM operation: Cleanup done
Event: 51.301 Executing VM operation: G1CollectForAllocation
Event: 51.311 Executing VM operation: G1CollectForAllocation done
Event: 51.566 Executing VM operation: G1CollectForAllocation
Event: 51.576 Executing VM operation: G1CollectForAllocation done
Event: 51.697 Executing VM operation: HandshakeAllThreads
Event: 51.697 Executing VM operation: HandshakeAllThreads done

Memory protections (0 events):
No events

Nmethod flushes (20 events):
Event: 51.713 Thread 0x0000018afa95d5c0 flushing  nmethod 0x0000018a817a8f10
Event: 51.713 Thread 0x0000018afa95d5c0 flushing  nmethod 0x0000018a8180fd90
Event: 51.713 Thread 0x0000018afa95d5c0 flushing  nmethod 0x0000018a8181b910
Event: 51.713 Thread 0x0000018afa95d5c0 flushing  nmethod 0x0000018a8181c110
Event: 51.713 Thread 0x0000018afa95d5c0 flushing  nmethod 0x0000018a8181c690
Event: 51.713 Thread 0x0000018afa95d5c0 flushing  nmethod 0x0000018a8181d990
Event: 51.713 Thread 0x0000018afa95d5c0 flushing  nmethod 0x0000018a81823390
Event: 51.713 Thread 0x0000018afa95d5c0 flushing  nmethod 0x0000018a81827d10
Event: 51.713 Thread 0x0000018afa95d5c0 flushing  nmethod 0x0000018a81829990
Event: 51.713 Thread 0x0000018afa95d5c0 flushing  nmethod 0x0000018a8189c390
Event: 51.715 Thread 0x0000018afa95d5c0 flushing  nmethod 0x0000018a81bcca10
Event: 51.715 Thread 0x0000018afa95d5c0 flushing  nmethod 0x0000018a81c6e090
Event: 51.715 Thread 0x0000018afa95d5c0 flushing  nmethod 0x0000018a81ca7110
Event: 51.716 Thread 0x0000018afa95d5c0 flushing  nmethod 0x0000018a820d2510
Event: 51.717 Thread 0x0000018afa95d5c0 flushing  nmethod 0x0000018a821c1e10
Event: 51.718 Thread 0x0000018afa95d5c0 flushing  nmethod 0x0000018a82473810
Event: 51.722 Thread 0x0000018afa95d5c0 flushing  nmethod 0x0000018a82fa7210
Event: 51.722 Thread 0x0000018afa95d5c0 flushing  nmethod 0x0000018a82faba10
Event: 51.722 Thread 0x0000018afa95d5c0 flushing  nmethod 0x0000018a82fcbf10
Event: 51.722 Thread 0x0000018afa95d5c0 flushing  nmethod 0x0000018a83025d10

Events (20 events):
Event: 36.423 Thread 0x0000018ae7b19c40 Thread exited: 0x0000018ae7b19c40
Event: 41.438 Thread 0x0000018ae7b17710 Thread exited: 0x0000018ae7b17710
Event: 41.438 Thread 0x0000018ae7b191a0 Thread exited: 0x0000018ae7b191a0
Event: 41.438 Thread 0x0000018ae7b171c0 Thread exited: 0x0000018ae7b171c0
Event: 41.438 Thread 0x0000018ae9cd5090 Thread exited: 0x0000018ae9cd5090
Event: 46.453 Thread 0x0000018ae9cd0b80 Thread exited: 0x0000018ae9cd0b80
Event: 46.453 Thread 0x0000018ae60edba0 Thread exited: 0x0000018ae60edba0
Event: 51.073 Thread 0x0000018ae6e40610 Thread exited: 0x0000018ae6e40610
Event: 51.074 Thread 0x0000018ae6e41600 Thread exited: 0x0000018ae6e41600
Event: 51.076 Thread 0x0000018afa9597b0 Thread added: 0x0000018ae7b181b0
Event: 51.076 Thread 0x0000018afa9597b0 Thread added: 0x0000018ae7b171c0
Event: 51.081 Thread 0x0000018afa9597b0 Thread added: 0x0000018ae7b18700
Event: 51.324 Thread 0x0000018afa956de0 Thread added: 0x0000018ae7b17710
Event: 51.325 Thread 0x0000018ae7b17710 Thread added: 0x0000018ae7b18c50
Event: 51.377 Thread 0x0000018ae7b18c50 Thread added: 0x0000018ae7b1a190
Event: 51.377 Thread 0x0000018ae7b18c50 Thread added: 0x0000018ae7b191a0
Event: 51.377 Thread 0x0000018ae7b18c50 Thread added: 0x0000018ae7b196f0
Event: 51.611 Thread 0x0000018ae7b196f0 Thread exited: 0x0000018ae7b196f0
Event: 51.616 Thread 0x0000018ae7b191a0 Thread exited: 0x0000018ae7b191a0
Event: 51.785 Thread 0x0000018ae7b1a190 Thread exited: 0x0000018ae7b1a190


Dynamic libraries:
0x00007ff737ba0000 - 0x00007ff737bae000 	C:\Users\30989\.jdks\ms-17.0.17\bin\java.exe
0x00007ffd23d60000 - 0x00007ffd23fc7000 	C:\Windows\SYSTEM32\ntdll.dll
0x00007ffd22490000 - 0x00007ffd22559000 	C:\Windows\System32\KERNEL32.DLL
0x00007ffd21190000 - 0x00007ffd2157f000 	C:\Windows\System32\KERNELBASE.dll
0x00007ffd21640000 - 0x00007ffd2178b000 	C:\Windows\System32\ucrtbase.dll
0x00007ffce96c0000 - 0x00007ffce96d8000 	C:\Users\30989\.jdks\ms-17.0.17\bin\jli.dll
0x00007ffcd86b0000 - 0x00007ffcd86ce000 	C:\Users\30989\.jdks\ms-17.0.17\bin\VCRUNTIME140.dll
0x00007ffd231c0000 - 0x00007ffd23385000 	C:\Windows\System32\USER32.dll
0x00007ffd21030000 - 0x00007ffd21057000 	C:\Windows\System32\win32u.dll
0x00007ffcf7af0000 - 0x00007ffcf7d83000 	C:\Windows\WinSxS\amd64_microsoft.windows.common-controls_6595b64144ccf1df_6.0.26100.7309_none_3e05feeae336a044\COMCTL32.dll
0x00007ffd225a0000 - 0x00007ffd225cb000 	C:\Windows\System32\GDI32.dll
0x00007ffd226b0000 - 0x00007ffd22759000 	C:\Windows\System32\msvcrt.dll
0x00007ffd21060000 - 0x00007ffd2118c000 	C:\Windows\System32\gdi32full.dll
0x00007ffd21590000 - 0x00007ffd21633000 	C:\Windows\System32\msvcp_win.dll
0x00007ffd22560000 - 0x00007ffd22591000 	C:\Windows\System32\IMM32.DLL
0x00007ffd03540000 - 0x00007ffd0354c000 	C:\Users\30989\.jdks\ms-17.0.17\bin\vcruntime140_1.dll
0x00007ffcce590000 - 0x00007ffcce619000 	C:\Users\30989\.jdks\ms-17.0.17\bin\msvcp140.dll
0x00007ffc242b0000 - 0x00007ffc24f2a000 	C:\Users\30989\.jdks\ms-17.0.17\bin\server\jvm.dll
0x00007ffd21e00000 - 0x00007ffd21eb4000 	C:\Windows\System32\ADVAPI32.dll
0x00007ffd21ee0000 - 0x00007ffd21f86000 	C:\Windows\System32\sechost.dll
0x00007ffd230a0000 - 0x00007ffd231b8000 	C:\Windows\System32\RPCRT4.dll
0x00007ffd21d80000 - 0x00007ffd21df4000 	C:\Windows\System32\WS2_32.dll
0x00007ffd20d10000 - 0x00007ffd20d6e000 	C:\Windows\SYSTEM32\POWRPROF.dll
0x00007ffd1b720000 - 0x00007ffd1b755000 	C:\Windows\SYSTEM32\WINMM.dll
0x00007ffd19d10000 - 0x00007ffd19d1b000 	C:\Windows\SYSTEM32\VERSION.dll
0x00007ffd20cf0000 - 0x00007ffd20d04000 	C:\Windows\SYSTEM32\UMPDC.dll
0x00007ffd1fc60000 - 0x00007ffd1fc7b000 	C:\Windows\SYSTEM32\kernel.appcore.dll
0x00007ffd034e0000 - 0x00007ffd034ea000 	C:\Users\30989\.jdks\ms-17.0.17\bin\jimage.dll
0x00007ffd1e490000 - 0x00007ffd1e6d2000 	C:\Windows\SYSTEM32\DBGHELP.DLL
0x00007ffd22c80000 - 0x00007ffd23005000 	C:\Windows\System32\combase.dll
0x00007ffd225d0000 - 0x00007ffd226a6000 	C:\Windows\System32\OLEAUT32.dll
0x00007ffcf37c0000 - 0x00007ffcf37fc000 	C:\Windows\SYSTEM32\dbgcore.DLL
0x00007ffd21790000 - 0x00007ffd21835000 	C:\Windows\System32\bcryptPrimitives.dll
0x00007ffcbfc80000 - 0x00007ffcbfca6000 	C:\Users\30989\.jdks\ms-17.0.17\bin\java.dll
0x00007ffcbd370000 - 0x00007ffcbd446000 	C:\Users\30989\.jdks\ms-17.0.17\bin\jsvml.dll
0x00007ffd235b0000 - 0x00007ffd23d03000 	C:\Windows\System32\SHELL32.dll
0x00007ffd21990000 - 0x00007ffd21afa000 	C:\Windows\System32\wintypes.dll
0x00007ffd1ea90000 - 0x00007ffd1f2ee000 	C:\Windows\SYSTEM32\windows.storage.dll
0x00007ffd21f90000 - 0x00007ffd22085000 	C:\Windows\System32\SHCORE.dll
0x00007ffd22280000 - 0x00007ffd222e6000 	C:\Windows\System32\shlwapi.dll
0x00007ffd20dd0000 - 0x00007ffd20df9000 	C:\Windows\SYSTEM32\profapi.dll
0x00007ffcce500000 - 0x00007ffcce51b000 	C:\Users\30989\.jdks\ms-17.0.17\bin\net.dll
0x00007ffd194b0000 - 0x00007ffd195d8000 	C:\Windows\SYSTEM32\WINHTTP.dll
0x00007ffd201d0000 - 0x00007ffd2023b000 	C:\Windows\system32\mswsock.dll
0x00007ffcc7e60000 - 0x00007ffcc7e76000 	C:\Users\30989\.jdks\ms-17.0.17\bin\nio.dll
0x00007ffcbfc60000 - 0x00007ffcbfc78000 	C:\Users\30989\.jdks\ms-17.0.17\bin\zip.dll
0x00007ffd20490000 - 0x00007ffd204ab000 	C:\Windows\SYSTEM32\CRYPTSP.dll
0x00007ffd1fbc0000 - 0x00007ffd1fbfa000 	C:\Windows\system32\rsaenh.dll
0x00007ffd20280000 - 0x00007ffd202ab000 	C:\Windows\SYSTEM32\USERENV.dll
0x00007ffd20da0000 - 0x00007ffd20dca000 	C:\Windows\SYSTEM32\bcrypt.dll
0x00007ffd204b0000 - 0x00007ffd204bc000 	C:\Windows\SYSTEM32\CRYPTBASE.dll
0x00007ffd1f6a0000 - 0x00007ffd1f6d4000 	C:\Windows\SYSTEM32\IPHLPAPI.DLL
0x00007ffd23090000 - 0x00007ffd2309a000 	C:\Windows\System32\NSI.dll
0x00007ffd1a080000 - 0x00007ffd1a09e000 	C:\Windows\SYSTEM32\dhcpcsvc6.DLL
0x00007ffd19fb0000 - 0x00007ffd19fd3000 	C:\Windows\SYSTEM32\dhcpcsvc.DLL
0x00007ffd1f740000 - 0x00007ffd1f86c000 	C:\Windows\SYSTEM32\DNSAPI.dll
0x00007ffce8ca0000 - 0x00007ffce8cb0000 	C:\Users\30989\.jdks\ms-17.0.17\bin\verify.dll
0x00007ffcda2d0000 - 0x00007ffcda3b9000 	C:\Users\30989\AppData\Local\Temp\sqlite-3.41.2.1-29cfafcb-943f-4d5b-ae89-ac343102e3c4-sqlitejdbc.dll

dbghelp: loaded successfully - version: 4.0.5 - missing functions: none
symbol engine: initialized successfully - sym options: 0x614 - pdb path: .;C:\Users\30989\.jdks\ms-17.0.17\bin;C:\Windows\SYSTEM32;C:\Windows\WinSxS\amd64_microsoft.windows.common-controls_6595b64144ccf1df_6.0.26100.7309_none_3e05feeae336a044;C:\Users\30989\.jdks\ms-17.0.17\bin\server;C:\Users\30989\AppData\Local\Temp

VM Arguments:
jvm_args: -DkotlinLanguageServer.version=1.3.13 
java_command: org.javacs.kt.MainKt
java_class_path (initial): c:\Users\30989\AppData\Roaming\Windsurf\User\globalStorage\fwcd.kotlin\langServerInstall\server\lib\server-1.3.13.jar;c:\Users\30989\AppData\Roaming\Windsurf\User\globalStorage\fwcd.kotlin\langServerInstall\server\lib\shared-1.3.13.jar;c:\Users\30989\AppData\Roaming\Windsurf\User\globalStorage\fwcd.kotlin\langServerInstall\server\lib\kotlin-scripting-jvm-host-unshaded-2.1.0.jar;c:\Users\30989\AppData\Roaming\Windsurf\User\globalStorage\fwcd.kotlin\langServerInstall\server\lib\kotlin-scripting-compiler-2.1.0.jar;c:\Users\30989\AppData\Roaming\Windsurf\User\globalStorage\fwcd.kotlin\langServerInstall\server\lib\ktfmt-b5d31d1.jar;c:\Users\30989\AppData\Roaming\Windsurf\User\globalStorage\fwcd.kotlin\langServerInstall\server\lib\kotlin-compiler-2.1.0.jar;c:\Users\30989\AppData\Roaming\Windsurf\User\globalStorage\fwcd.kotlin\langServerInstall\server\lib\exposed-dao-0.37.3.jar;c:\Users\30989\AppData\Roaming\Windsurf\User\globalStorage\fwcd.kotlin\langServerInstall\server\lib\exposed-jdbc-0.37.3.jar;c:\Users\30989\AppData\Roaming\Windsurf\User\globalStorage\fwcd.kotlin\langServerInstall\server\lib\exposed-core-0.37.3.jar;c:\Users\30989\AppData\Roaming\Windsurf\User\globalStorage\fwcd.kotlin\langServerInstall\server\lib\kotlin-scripting-compiler-impl-2.1.0.jar;c:\Users\30989\AppData\Roaming\Windsurf\User\globalStorage\fwcd.kotlin\langServerInstall\server\lib\kotlin-reflect-2.1.0.jar;c:\Users\30989\AppData\Roaming\Windsurf\User\globalStorage\fwcd.kotlin\langServerInstall\server\lib\kotlin-scripting-jvm-2.1.0.jar;c:\Users\30989\AppData\Roaming\Windsurf\User\globalStorage\fwcd.kotlin\langServerInstall\server\lib\kotlin-scripting-common-2.1.0.jar;c:\Users\30989\AppData\Roaming\Windsurf\User\globalStorage\fwcd.kotlin\langServerInstall\server\lib\kotlinx-coroutines-core-jvm-1.6.4.jar;c:\Users\30989\AppData\Roaming\Windsurf\User\globalStorage\fwcd.kotlin\langServerInstall\server\lib\kotlin-stdlib-jdk8-2.1.0.jar;c:\Users\30989\AppData\Roaming\Windsurf\U
Launcher Type: SUN_STANDARD

[Global flags]
     intx CICompilerCount                          = 12                                        {product} {ergonomic}
     uint ConcGCThreads                            = 5                                         {product} {ergonomic}
     uint G1ConcRefinementThreads                  = 18                                        {product} {ergonomic}
   size_t G1HeapRegionSize                         = 4194304                                   {product} {ergonomic}
    uintx GCDrainStackTargetSize                   = 64                                        {product} {ergonomic}
   size_t InitialHeapSize                          = 528482304                                 {product} {ergonomic}
   size_t MarkStackSize                            = 4194304                                   {product} {ergonomic}
   size_t MaxHeapSize                              = 8447328256                                {product} {ergonomic}
   size_t MaxNewSize                               = 5066719232                                {product} {ergonomic}
   size_t MinHeapDeltaBytes                        = 4194304                                   {product} {ergonomic}
   size_t MinHeapSize                              = 8388608                                   {product} {ergonomic}
    uintx NonNMethodCodeHeapSize                   = 7602480                                {pd product} {ergonomic}
    uintx NonProfiledCodeHeapSize                  = 122027880                              {pd product} {ergonomic}
    uintx ProfiledCodeHeapSize                     = 122027880                              {pd product} {ergonomic}
    uintx ReservedCodeCacheSize                    = 251658240                              {pd product} {ergonomic}
     bool SegmentedCodeCache                       = true                                      {product} {ergonomic}
   size_t SoftMaxHeapSize                          = 8447328256                             {manageable} {ergonomic}
     bool UseCompressedClassPointers               = true                           {product lp64_product} {ergonomic}
     bool UseCompressedOops                        = true                           {product lp64_product} {ergonomic}
     bool UseG1GC                                  = true                                      {product} {ergonomic}
     bool UseLargePagesIndividualAllocation        = false                                  {pd product} {ergonomic}

Logging:
Log output configuration:
 #0: stdout all=warning uptime,level,tags
 #1: stderr all=off uptime,level,tags

Environment Variables:
JAVA_HOME=C:\Users\30989\.jdks\ms-17.0.17
CLASSPATH=c:\Users\30989\AppData\Roaming\Windsurf\User\globalStorage\fwcd.kotlin\langServerInstall\server\lib\server-1.3.13.jar;c:\Users\30989\AppData\Roaming\Windsurf\User\globalStorage\fwcd.kotlin\langServerInstall\server\lib\shared-1.3.13.jar;c:\Users\30989\AppData\Roaming\Windsurf\User\globalStorage\fwcd.kotlin\langServerInstall\server\lib\kotlin-scripting-jvm-host-unshaded-2.1.0.jar;c:\Users\30989\AppData\Roaming\Windsurf\User\globalStorage\fwcd.kotlin\langServerInstall\server\lib\kotlin-scripting-compiler-2.1.0.jar;c:\Users\30989\AppData\Roaming\Windsurf\User\globalStorage\fwcd.kotlin\langServerInstall\server\lib\ktfmt-b5d31d1.jar;c:\Users\30989\AppData\Roaming\Windsurf\User\globalStorage\fwcd.kotlin\langServerInstall\server\lib\kotlin-compiler-2.1.0.jar;c:\Users\30989\AppData\Roaming\Windsurf\User\globalStorage\fwcd.kotlin\langServerInstall\server\lib\exposed-dao-0.37.3.jar;c:\Users\30989\AppData\Roaming\Windsurf\User\globalStorage\fwcd.kotlin\langServerInstall\server\lib\exposed-jdbc-0.37.3.jar;c:\Users\30989\AppData\Roaming\Windsurf\User\globalStorage\fwcd.kotlin\langServerInstall\server\lib\exposed-core-0.37.3.jar;c:\Users\30989\AppData\Roaming\Windsurf\User\globalStorage\fwcd.kotlin\langServerInstall\server\lib\kotlin-scripting-compiler-impl-2.1.0.jar;c:\Users\30989\AppData\Roaming\Windsurf\User\globalStorage\fwcd.kotlin\langServerInstall\server\lib\kotlin-reflect-2.1.0.jar;c:\Users\30989\AppData\Roaming\Windsurf\User\globalStorage\fwcd.kotlin\langServerInstall\server\lib\kotlin-scripting-jvm-2.1.0.jar;c:\Users\30989\AppData\Roaming\Windsurf\User\globalStorage\fwcd.kotlin\langServerInstall\server\lib\kotlin-scripting-common-2.1.0.jar;c:\Users\30989\AppData\Roaming\Windsurf\User\globalStorage\fwcd.kotlin\langServerInstall\server\lib\kotlinx-coroutines-core-jvm-1.6.4.jar;c:\Users\30989\AppData\Roaming\Windsurf\User\globalStorage\fwcd.kotlin\langServerInstall\server\lib\kotlin-stdlib-jdk8-2.1.0.jar;c:\Users\30989\AppData\Roaming\Windsurf\User\globalStorage\fwcd.kotlin\langServerInstall\server\lib\kotlin-stdlib-jdk7-2.1.0.jar;c:\Users\30989\AppData\Roaming\Windsurf\User\globalStorage\fwcd.kotlin\langServerInstall\server\lib\kotlin-stdlib-2.1.0.jar;c:\Users\30989\AppData\Roaming\Windsurf\User\globalStorage\fwcd.kotlin\langServerInstall\server\lib\org.eclipse.lsp4j-0.21.2.jar;c:\Users\30989\AppData\Roaming\Windsurf\User\globalStorage\fwcd.kotlin\langServerInstall\server\lib\org.eclipse.lsp4j.jsonrpc-0.21.2.jar;c:\Users\30989\AppData\Roaming\Windsurf\User\globalStorage\fwcd.kotlin\langServerInstall\server\lib\kotlin-sam-with-receiver-compiler-plugin-2.1.0.jar;c:\Users\30989\AppData\Roaming\Windsurf\User\globalStorage\fwcd.kotlin\langServerInstall\server\lib\fernflower-1.0.jar;c:\Users\30989\AppData\Roaming\Windsurf\User\globalStorage\fwcd.kotlin\langServerInstall\server\lib\h2-1.4.200.jar;c:\Users\30989\AppData\Roaming\Windsurf\User\globalStorage\fwcd.kotlin\langServerInstall\server\lib\jcommander-1.78.jar;c:\Users\30989\AppData\Roaming\Windsurf\User\globalStorage\fwcd.kotlin\langServerInstall\server\lib\sqlite-jdbc-3.41.2.1.jar;c:\Users\30989\AppData\Roaming\Windsurf\User\globalStorage\fwcd.kotlin\langServerInstall\server\lib\google-java-format-1.8.jar;c:\Users\30989\AppData\Roaming\Windsurf\User\globalStorage\fwcd.kotlin\langServerInstall\server\lib\guava-33.3.0-jre.jar;c:\Users\30989\AppData\Roaming\Windsurf\User\globalStorage\fwcd.kotlin\langServerInstall\server\lib\annotations-13.0.jar;c:\Users\30989\AppData\Roaming\Windsurf\User\globalStorage\fwcd.kotlin\langServerInstall\server\lib\gson-2.10.1.jar;c:\Users\30989\AppData\Roaming\Windsurf\User\globalStorage\fwcd.kotlin\langServerInstall\server\lib\kotlin-script-runtime-2.1.0.jar;c:\Users\30989\AppData\Roaming\Windsurf\User\globalStorage\fwcd.kotlin\langServerInstall\server\lib\trove4j-1.0.20200330.jar;c:\Users\30989\AppData\Roaming\Windsurf\User\globalStorage\fwcd.kotlin\langServerInstall\server\lib\jline-3.24.1.jar;c:\Users\30989\AppData\Roaming\Windsurf\User\globalStorage\fwcd.kotlin\langServerInstall\server\lib\slf4j-api-1.7.25.jar;c:\Users\30989\AppData\Roaming\Windsurf\User\globalStorage\fwcd.kotlin\langServerInstall\server\lib\jna-4.2.2.jar;c:\Users\30989\AppData\Roaming\Windsurf\User\globalStorage\fwcd.kotlin\langServerInstall\server\lib\failureaccess-1.0.2.jar;c:\Users\30989\AppData\Roaming\Windsurf\User\globalStorage\fwcd.kotlin\langServerInstall\server\lib\listenablefuture-9999.0-empty-to-avoid-conflict-with-guava.jar;c:\Users\30989\AppData\Roaming\Windsurf\User\globalStorage\fwcd.kotlin\langServerInstall\server\lib\jsr305-3.0.2.jar;c:\Users\30989\AppData\Roaming\Windsurf\User\globalStorage\fwcd.kotlin\langServerInstall\server\lib\checker-qual-3.43.0.jar;c:\Users\30989\AppData\Roaming\Windsurf\User\globalStorage\fwcd.kotlin\langServerInstall\server\lib\error_prone_annotations-2.28.0.jar
PATH=D:\Program Files (x86)\pcsuite\;C:\Windows\System32;C:\Windows;C:\Windows\System32\Wbem;C:\Windows\System32\WindowsPowerShell\v1.0\;C:\Program Files\Git\cmd;C:\Users\30989\AppData\Local\Programs\Windsurf\bin;C:\Users\30989\.jdks\ms-17.0.17\bin;
USERNAME=30989
OS=Windows_NT
PROCESSOR_IDENTIFIER=Intel64 Family 6 Model 198 Stepping 2, GenuineIntel
TMP=C:\Users\30989\AppData\Local\Temp
TEMP=C:\Users\30989\AppData\Local\Temp



Periodic native trim disabled


---------------  S Y S T E M  ---------------

OS:
 Windows 11 , 64 bit Build 26100 (10.0.26100.7309)
OS uptime: 1 days 5:37 hours
Hyper-V role detected

CPU: total 24 (initial active 24) (24 cores per cpu, 1 threads per core) family 6 model 198 stepping 2 microcode 0x116, cx8, cmov, fxsr, mmx, 3dnowpref, sse, sse2, sse3, ssse3, sse4.1, sse4.2, popcnt, lzcnt, tsc, tscinvbit, avx, avx2, aes, erms, clmul, bmi1, bmi2, adx, sha, fma, vzeroupper, clflush, clflushopt, clwb, hv
Processor Information for processor 0
  Max Mhz: 2700, Current Mhz: 2700, Mhz Limit: 2700
Processor Information for processor 1
  Max Mhz: 2700, Current Mhz: 2700, Mhz Limit: 2700
Processor Information for processor 2
  Max Mhz: 2100, Current Mhz: 2100, Mhz Limit: 2100
Processor Information for processor 3
  Max Mhz: 2100, Current Mhz: 2100, Mhz Limit: 2100
Processor Information for processor 4
  Max Mhz: 2100, Current Mhz: 2100, Mhz Limit: 2100
Processor Information for processor 5
  Max Mhz: 2100, Current Mhz: 2100, Mhz Limit: 2100
Processor Information for processor 6
  Max Mhz: 2100, Current Mhz: 2100, Mhz Limit: 2100
Processor Information for processor 7
  Max Mhz: 2100, Current Mhz: 2100, Mhz Limit: 2100
Processor Information for processor 8
  Max Mhz: 2100, Current Mhz: 2100, Mhz Limit: 2100
Processor Information for processor 9
  Max Mhz: 2100, Current Mhz: 2100, Mhz Limit: 2100
Processor Information for processor 10
  Max Mhz: 2700, Current Mhz: 2700, Mhz Limit: 2700
Processor Information for processor 11
  Max Mhz: 2700, Current Mhz: 2700, Mhz Limit: 2700
Processor Information for processor 12
  Max Mhz: 2700, Current Mhz: 2700, Mhz Limit: 2700
Processor Information for processor 13
  Max Mhz: 2700, Current Mhz: 2700, Mhz Limit: 2700
Processor Information for processor 14
  Max Mhz: 2100, Current Mhz: 2100, Mhz Limit: 2100
Processor Information for processor 15
  Max Mhz: 2100, Current Mhz: 2100, Mhz Limit: 2100
Processor Information for processor 16
  Max Mhz: 2100, Current Mhz: 2100, Mhz Limit: 2100
Processor Information for processor 17
  Max Mhz: 2100, Current Mhz: 2100, Mhz Limit: 2100
Processor Information for processor 18
  Max Mhz: 2100, Current Mhz: 2100, Mhz Limit: 2100
Processor Information for processor 19
  Max Mhz: 2100, Current Mhz: 2100, Mhz Limit: 2100
Processor Information for processor 20
  Max Mhz: 2100, Current Mhz: 2100, Mhz Limit: 2100
Processor Information for processor 21
  Max Mhz: 2100, Current Mhz: 2100, Mhz Limit: 2100
Processor Information for processor 22
  Max Mhz: 2700, Current Mhz: 2700, Mhz Limit: 2700
Processor Information for processor 23
  Max Mhz: 2700, Current Mhz: 2700, Mhz Limit: 2700

Memory: 4k page, system-wide physical 32221M (2170M free)
TotalPageFile size 70622M (AvailPageFile size 9M)
current process WorkingSet (physical memory assigned to process): 1090M, peak: 1130M
current process commit charge ("private bytes"): 1276M, peak: 1279M

vm_info: OpenJDK 64-Bit Server VM (17.0.17+10-LTS) for windows-amd64 JRE (17.0.17+10-LTS), built on Oct 13 2025 22:19:56 by "MicrosoftCorporation" with unknown MS VC++:1944

END.
