#
# There is insufficient memory for the Java Runtime Environment to continue.
# Native memory allocation (malloc) failed to allocate 529296 bytes. Error detail: Chunk::new
# Possible reasons:
#   The system is out of physical RAM or swap space
#   This process is running with CompressedOops enabled, and the Java Heap may be blocking the growth of the native heap
# Possible solutions:
#   Reduce memory load on the system
#   Increase physical memory or swap space
#   Check if swap backing store is full
#   Decrease Java heap size (-Xmx/-Xms)
#   Decrease number of Java threads
#   Decrease Java thread stack sizes (-Xss)
#   Set larger code cache with -XX:ReservedCodeCacheSize=
#   JVM is running with Unscaled Compressed Oops mode in which the Java heap is
#     placed in the first 4GB address space. The Java Heap base address is the
#     maximum limit for the native heap growth. Please use -XX:HeapBaseMinAddress
#     to set the Java Heap base and to place the Java Heap above 4GB virtual address.
# This output file may be truncated or incomplete.
#
#  Out of Memory Error (arena.cpp:168), pid=52212, tid=3996
#
# JRE version: OpenJDK Runtime Environment Temurin-21.0.9+10 (21.0.9+10) (build 21.0.9+10-LTS)
# Java VM: OpenJDK 64-Bit Server VM Temurin-21.0.9+10 (21.0.9+10-LTS, mixed mode, sharing, tiered, compressed oops, compressed class ptrs, parallel gc, windows-amd64)
# No core dump will be written. Minidumps are not enabled by default on client versions of Windows
#

---------------  S U M M A R Y ------------

Command Line: --add-modules=ALL-SYSTEM --add-opens=java.base/java.util=ALL-UNNAMED --add-opens=java.base/java.lang=ALL-UNNAMED --add-opens=java.base/sun.nio.fs=ALL-UNNAMED -Declipse.application=org.eclipse.jdt.ls.core.id1 -Dosgi.bundles.defaultStartLevel=4 -Declipse.product=org.eclipse.jdt.ls.core.product -Djava.import.generatesMetadataFilesAtProjectRoot=false -DDetectVMInstallationsJob.disabled=true -Dfile.encoding=utf8 -XX:+UseParallelGC -XX:GCTimeRatio=4 -XX:AdaptiveSizePolicyWeight=90 -Dsun.zip.disableMemoryMapping=true -Xmx2G -Xms100m -Xlog:disable -javaagent:c:\Users\30989\.windsurf\extensions\redhat.java-1.50.0-win32-x64\lombok\lombok-1.18.39-4050.jar -XX:+HeapDumpOnOutOfMemoryError -XX:HeapDumpPath=c:\Users\30989\AppData\Roaming\Windsurf\User\workspaceStorage\fb4af406407ba1f19e8761ec21560fce\redhat.java -Daether.dependencyCollector.impl=bf c:\Users\30989\.windsurf\extensions\redhat.java-1.50.0-win32-x64\server\plugins\org.eclipse.equinox.launcher_1.7.100.v20251111-0406.jar -configuration c:\Users\30989\AppData\Roaming\Windsurf\User\globalStorage\redhat.java\1.50.0\config_win -data c:\Users\30989\AppData\Roaming\Windsurf\User\workspaceStorage\fb4af406407ba1f19e8761ec21560fce\redhat.java\jdt_ws --pipe=\\.\pipe\lsp-06209a06861a574c657426cb2d87fe46-sock

Host: Intel(R) Core(TM) Ultra 9 275HX, 24 cores, 31G,  Windows 11 , 64 bit Build 26100 (10.0.26100.7309)
Time: Fri Jan  2 00:24:27 2026 elapsed time: 8.970812 seconds (0d 0h 0m 8s)

---------------  T H R E A D  ---------------

Current thread (0x00000280e2fdc510):  JavaThread "C2 CompilerThread1" daemon [_thread_in_native, id=3996, stack(0x0000008847200000,0x0000008847300000) (1024K)]


Current CompileTask:
C2:8971 2471   !   4       java.util.jar.Attributes::read (494 bytes)

Stack: [0x0000008847200000,0x0000008847300000]
Native frames: (J=compiled Java code, j=interpreted, Vv=VM code, C=native code)
V  [jvm.dll+0x6d6e29]
V  [jvm.dll+0x8b4b76]
V  [jvm.dll+0x8b712e]
V  [jvm.dll+0x8b7813]
V  [jvm.dll+0x283d86]
V  [jvm.dll+0xc66ed]
V  [jvm.dll+0xc6c31]
V  [jvm.dll+0x3be501]
V  [jvm.dll+0x38ab92]
V  [jvm.dll+0x389fda]
V  [jvm.dll+0x24bfa0]
V  [jvm.dll+0x24b580]
V  [jvm.dll+0x1cb13e]
V  [jvm.dll+0x25b29d]
V  [jvm.dll+0x25982a]
V  [jvm.dll+0x3f7ea6]
V  [jvm.dll+0x85e9ad]
V  [jvm.dll+0x6d565d]
C  [ucrtbase.dll+0x37b0]
C  [KERNEL32.DLL+0x2e8d7]
C  [ntdll.dll+0x8c53c]


---------------  P R O C E S S  ---------------

Threads class SMR info:
_java_thread_list=0x00000280ead09b50, length=17, elements={
0x0000028089d5f650, 0x0000028089d0cb90, 0x0000028089d0daa0, 0x00000280e2dd8e40,
0x00000280e2ddbca0, 0x00000280e2ddd2c0, 0x00000280e2de2c90, 0x00000280e2de6be0,
0x00000280e2de7fc0, 0x00000280e2fdc510, 0x00000280e305cc20, 0x00000280e5599110,
0x00000280ea2d0df0, 0x00000280ea507720, 0x00000280eab79d10, 0x00000280eab7ab80,
0x00000280ea9672c0
}

Java Threads: ( => current thread )
  0x0000028089d5f650 JavaThread "main"                              [_thread_blocked, id=35740, stack(0x0000008846400000,0x0000008846500000) (1024K)]
  0x0000028089d0cb90 JavaThread "Reference Handler"          daemon [_thread_blocked, id=5632, stack(0x0000008846800000,0x0000008846900000) (1024K)]
  0x0000028089d0daa0 JavaThread "Finalizer"                  daemon [_thread_blocked, id=51632, stack(0x0000008846900000,0x0000008846a00000) (1024K)]
  0x00000280e2dd8e40 JavaThread "Signal Dispatcher"          daemon [_thread_blocked, id=35812, stack(0x0000008846a00000,0x0000008846b00000) (1024K)]
  0x00000280e2ddbca0 JavaThread "Attach Listener"            daemon [_thread_blocked, id=45860, stack(0x0000008846b00000,0x0000008846c00000) (1024K)]
  0x00000280e2ddd2c0 JavaThread "Service Thread"             daemon [_thread_blocked, id=44828, stack(0x0000008846c00000,0x0000008846d00000) (1024K)]
  0x00000280e2de2c90 JavaThread "Monitor Deflation Thread"   daemon [_thread_blocked, id=50244, stack(0x0000008846d00000,0x0000008846e00000) (1024K)]
  0x00000280e2de6be0 JavaThread "C2 CompilerThread0"         daemon [_thread_blocked, id=44528, stack(0x0000008846e00000,0x0000008846f00000) (1024K)]
  0x00000280e2de7fc0 JavaThread "C1 CompilerThread0"         daemon [_thread_blocked, id=48332, stack(0x0000008846f00000,0x0000008847000000) (1024K)]
=>0x00000280e2fdc510 JavaThread "C2 CompilerThread1"         daemon [_thread_in_native, id=3996, stack(0x0000008847200000,0x0000008847300000) (1024K)]
  0x00000280e305cc20 JavaThread "Common-Cleaner"             daemon [_thread_blocked, id=46956, stack(0x0000008847400000,0x0000008847500000) (1024K)]
  0x00000280e5599110 JavaThread "Notification Thread"        daemon [_thread_blocked, id=40576, stack(0x0000008847600000,0x0000008847700000) (1024K)]
  0x00000280ea2d0df0 JavaThread "Active Thread: Equinox Container: 889fee53-7807-446b-b960-c39b94db8812"        [_thread_blocked, id=54348, stack(0x0000008847f00000,0x0000008848000000) (1024K)]
  0x00000280ea507720 JavaThread "Refresh Thread: Equinox Container: 889fee53-7807-446b-b960-c39b94db8812" daemon [_thread_blocked, id=49660, stack(0x0000008848100000,0x0000008848200000) (1024K)]
  0x00000280eab79d10 JavaThread "Framework Event Dispatcher: Equinox Container: 889fee53-7807-446b-b960-c39b94db8812" daemon [_thread_blocked, id=27276, stack(0x0000008848200000,0x0000008848300000) (1024K)]
  0x00000280eab7ab80 JavaThread "Start Level: Equinox Container: 889fee53-7807-446b-b960-c39b94db8812" daemon [_thread_in_vm, id=50320, stack(0x0000008848300000,0x0000008848400000) (1024K)]
  0x00000280ea9672c0 JavaThread "Bundle File Closer"         daemon [_thread_blocked, id=39096, stack(0x0000008847d00000,0x0000008847e00000) (1024K)]
Total: 17

Other Threads:
  0x0000028089cfd240 VMThread "VM Thread"                           [id=40756, stack(0x0000008846700000,0x0000008846800000) (1024K)]
  0x0000028089beca00 WatcherThread "VM Periodic Task Thread"        [id=6420, stack(0x0000008846600000,0x0000008846700000) (1024K)]
  0x0000028089d7dd50 WorkerThread "GC Thread#0"                     [id=43692, stack(0x0000008846500000,0x0000008846600000) (1024K)]
  0x00000280e5a79360 WorkerThread "GC Thread#1"                     [id=23880, stack(0x0000008847700000,0x0000008847800000) (1024K)]
  0x00000280ea0f9320 WorkerThread "GC Thread#2"                     [id=53904, stack(0x0000008847800000,0x0000008847900000) (1024K)]
  0x00000280ea0fbb50 WorkerThread "GC Thread#3"                     [id=39656, stack(0x0000008847900000,0x0000008847a00000) (1024K)]
  0x00000280ea0fbef0 WorkerThread "GC Thread#4"                     [id=2804, stack(0x0000008847a00000,0x0000008847b00000) (1024K)]
  0x00000280ea0fc290 WorkerThread "GC Thread#5"                     [id=54360, stack(0x0000008847b00000,0x0000008847c00000) (1024K)]
  0x00000280ea2e08b0 WorkerThread "GC Thread#6"                     [id=45120, stack(0x0000008847c00000,0x0000008847d00000) (1024K)]
  0x00000280e57aec60 WorkerThread "GC Thread#7"                     [id=50860, stack(0x0000008848000000,0x0000008848100000) (1024K)]
  0x00000280e57ad6a0 WorkerThread "GC Thread#8"                     [id=46064, stack(0x0000008847100000,0x0000008847200000) (1024K)]
  0x00000280e57adde0 WorkerThread "GC Thread#9"                     [id=33452, stack(0x0000008847300000,0x0000008847400000) (1024K)]
  0x00000280e57ae180 WorkerThread "GC Thread#10"                    [id=54952, stack(0x0000008847500000,0x0000008847600000) (1024K)]
Total: 13

Threads with active compile tasks:
C2 CompilerThread1  9169 2471   !   4       java.util.jar.Attributes::read (494 bytes)
Total: 1

VM state: not at safepoint (normal execution)

VM Mutex/Monitor currently owned by a thread: None

Heap address: 0x0000000080000000, size: 2048 MB, Compressed Oops mode: 32-bit

CDS archive(s) mapped at: [0x00000280a1000000-0x00000280a1ba0000-0x00000280a1ba0000), size 12189696, SharedBaseAddress: 0x00000280a1000000, ArchiveRelocationMode: 1.
Compressed class space mapped at: 0x00000280a2000000-0x00000280e2000000, reserved size: 1073741824
Narrow klass base: 0x00000280a1000000, Narrow klass shift: 0, Narrow klass range: 0x100000000

GC Precious Log:
 CardTable entry size: 512
 CPUs: 24 total, 24 available
 Memory: 32221M
 Large Page Support: Disabled
 NUMA Support: Disabled
 Compressed Oops: Enabled (32-bit)
 Alignments: Space 512K, Generation 512K, Heap 2M
 Heap Min Capacity: 100M
 Heap Initial Capacity: 100M
 Heap Max Capacity: 2G
 Pre-touch: Disabled
 Parallel Workers: 18

Heap:
 PSYoungGen      total 29696K, used 20369K [0x00000000d5580000, 0x00000000d7680000, 0x0000000100000000)
  eden space 25600K, 63% used [0x00000000d5580000,0x00000000d6568b80,0x00000000d6e80000)
  from space 4096K, 99% used [0x00000000d6e80000,0x00000000d727bc18,0x00000000d7280000)
  to   space 4096K, 0% used [0x00000000d7280000,0x00000000d7280000,0x00000000d7680000)
 ParOldGen       total 68608K, used 4070K [0x0000000080000000, 0x0000000084300000, 0x00000000d5580000)
  object space 68608K, 5% used [0x0000000080000000,0x00000000803f9a38,0x0000000084300000)
 Metaspace       used 9909K, committed 10240K, reserved 1114112K
  class space    used 1037K, committed 1152K, reserved 1048576K

Card table byte_map: [0x0000028089700000,0x0000028089b10000] _byte_map_base: 0x0000028089300000

Marking Bits: (ParMarkBitMap*) 0x00007ffc25bf2460
 Begin Bits: [0x000002809c210000, 0x000002809e210000)
 End Bits:   [0x000002809e210000, 0x00000280a0210000)

Polling page: 0x0000028087990000

Metaspace:

Usage:
  Non-class:      8.66 MB used.
      Class:      1.01 MB used.
       Both:      9.68 MB used.

Virtual space:
  Non-class space:       64.00 MB reserved,       8.88 MB ( 14%) committed,  1 nodes.
      Class space:        1.00 GB reserved,       1.12 MB ( <1%) committed,  1 nodes.
             Both:        1.06 GB reserved,      10.00 MB ( <1%) committed. 

Chunk freelists:
   Non-Class:  6.33 MB
       Class:  14.75 MB
        Both:  21.08 MB

MaxMetaspaceSize: unlimited
CompressedClassSpaceSize: 1.00 GB
Initial GC threshold: 21.00 MB
Current GC threshold: 21.00 MB
CDS: on
 - commit_granule_bytes: 65536.
 - commit_granule_words: 8192.
 - virtual_space_node_default_size: 8388608.
 - enlarge_chunks_in_place: 1.
 - use_allocation_guard: 0.


Internal statistics:

num_allocs_failed_limit: 0.
num_arena_births: 264.
num_arena_deaths: 0.
num_vsnodes_births: 2.
num_vsnodes_deaths: 0.
num_space_committed: 160.
num_space_uncommitted: 0.
num_chunks_returned_to_freelist: 0.
num_chunks_taken_from_freelist: 543.
num_chunk_merges: 0.
num_chunk_splits: 341.
num_chunks_enlarged: 223.
num_inconsistent_stats: 0.

CodeHeap 'non-profiled nmethods': size=119168Kb used=1146Kb max_used=1146Kb free=118021Kb
 bounds [0x0000028094b00000, 0x0000028094d70000, 0x000002809bf60000]
CodeHeap 'profiled nmethods': size=119104Kb used=4793Kb max_used=4793Kb free=114311Kb
 bounds [0x000002808cf60000, 0x000002808d410000, 0x00000280943b0000]
CodeHeap 'non-nmethods': size=7488Kb used=1234Kb max_used=2977Kb free=6253Kb
 bounds [0x00000280943b0000, 0x00000280946a0000, 0x0000028094b00000]
CodeCache: size=245760Kb, used=7173Kb, max_used=8916Kb, free=238585Kb
 total_blobs=3013, nmethods=2518, adapters=401, full_count=0
Compilation: enabled, stopped_count=0, restarted_count=0

Compilation events (20 events):
Event: 4.921 Thread 0x00000280e2de7fc0 2495       3       java.lang.Thread::getContextClassLoader (30 bytes)
Event: 4.921 Thread 0x00000280e2de7fc0 nmethod 2495 0x000002808d3fd310 code [0x000002808d3fd4c0, 0x000002808d3fd718]
Event: 4.921 Thread 0x00000280e2de7fc0 2497       3       java.util.WeakHashMap::getEntry (70 bytes)
Event: 4.922 Thread 0x00000280e2de7fc0 nmethod 2497 0x000002808d3fd810 code [0x000002808d3fda40, 0x000002808d3fe270]
Event: 4.922 Thread 0x00000280e2de7fc0 2500       3       org.eclipse.osgi.framework.eventmgr.CopyOnWriteIdentityMap::entrySet (15 bytes)
Event: 4.922 Thread 0x00000280e2eadbb0 nmethod 2494 0x000002808d3fe610 code [0x000002808d3fec40, 0x000002808d400c38]
Event: 4.922 Thread 0x00000280e2eadbb0 2501       3       org.eclipse.osgi.framework.eventmgr.CopyOnWriteIdentityMap$Snapshot::<init> (10 bytes)
Event: 4.922 Thread 0x00000280e2eadbb0 nmethod 2501 0x000002808d401090 code [0x000002808d401240, 0x000002808d4013c8]
Event: 4.922 Thread 0x00000280e2eadbb0 2502       3       org.eclipse.osgi.framework.eventmgr.CopyOnWriteIdentityMap$Snapshot::entrySet (9 bytes)
Event: 4.922 Thread 0x00000280e2de7fc0 nmethod 2500 0x000002808d401490 code [0x000002808d401660, 0x000002808d401b08]
Event: 4.922 Thread 0x00000280e2de7fc0 2496       3       java.util.WeakHashMap::containsKey (14 bytes)
Event: 4.922 Thread 0x00000280e2eadbb0 nmethod 2502 0x000002808d401d10 code [0x000002808d401ec0, 0x000002808d4021b8]
Event: 4.922 Thread 0x00000280e2eadbb0 2503       1       java.util.Spliterators$EmptySpliterator::estimateSize (2 bytes)
Event: 4.922 Thread 0x00000280e2eadbb0 nmethod 2503 0x0000028094c1d190 code [0x0000028094c1d320, 0x0000028094c1d3f0]
Event: 4.922 Thread 0x00000280e2eadbb0 2498       1       org.eclipse.osgi.internal.serviceregistry.ServiceRegistrationImpl::getRegisteringBundle (5 bytes)
Event: 4.922 Thread 0x00000280e2de7fc0 nmethod 2496 0x000002808d402310 code [0x000002808d4024c0, 0x000002808d4026d0]
Event: 4.922 Thread 0x00000280e2eadbb0 nmethod 2498 0x0000028094c1d490 code [0x0000028094c1d620, 0x0000028094c1d6e8]
Event: 4.922 Thread 0x00000280e2de7fc0 2499       1       java.util.Collections$EmptyMap::containsKey (2 bytes)
Event: 4.922 Thread 0x00000280e2de7fc0 nmethod 2499 0x0000028094c1d790 code [0x0000028094c1d920, 0x0000028094c1d9e8]
Event: 8.127 Thread 0x00000280e2de7fc0 2507       3       jdk.internal.misc.Unsafe::putReferenceOpaque (9 bytes)

GC Heap History (6 events):
Event: 0.273 GC heap before
{Heap before GC invocations=1 (full 0):
 PSYoungGen      total 29696K, used 25600K [0x00000000d5580000, 0x00000000d7680000, 0x0000000100000000)
  eden space 25600K, 100% used [0x00000000d5580000,0x00000000d6e80000,0x00000000d6e80000)
  from space 4096K, 0% used [0x00000000d7280000,0x00000000d7280000,0x00000000d7680000)
  to   space 4096K, 0% used [0x00000000d6e80000,0x00000000d6e80000,0x00000000d7280000)
 ParOldGen       total 68608K, used 0K [0x0000000080000000, 0x0000000084300000, 0x00000000d5580000)
  object space 68608K, 0% used [0x0000000080000000,0x0000000080000000,0x0000000084300000)
 Metaspace       used 4145K, committed 4416K, reserved 1114112K
  class space    used 455K, committed 576K, reserved 1048576K
}
Event: 0.276 GC heap after
{Heap after GC invocations=1 (full 0):
 PSYoungGen      total 29696K, used 3707K [0x00000000d5580000, 0x00000000d7680000, 0x0000000100000000)
  eden space 25600K, 0% used [0x00000000d5580000,0x00000000d5580000,0x00000000d6e80000)
  from space 4096K, 90% used [0x00000000d6e80000,0x00000000d721eff8,0x00000000d7280000)
  to   space 4096K, 0% used [0x00000000d7280000,0x00000000d7280000,0x00000000d7680000)
 ParOldGen       total 68608K, used 16K [0x0000000080000000, 0x0000000084300000, 0x00000000d5580000)
  object space 68608K, 0% used [0x0000000080000000,0x0000000080004000,0x0000000084300000)
 Metaspace       used 4145K, committed 4416K, reserved 1114112K
  class space    used 455K, committed 576K, reserved 1048576K
}
Event: 0.561 GC heap before
{Heap before GC invocations=2 (full 0):
 PSYoungGen      total 29696K, used 29307K [0x00000000d5580000, 0x00000000d7680000, 0x0000000100000000)
  eden space 25600K, 100% used [0x00000000d5580000,0x00000000d6e80000,0x00000000d6e80000)
  from space 4096K, 90% used [0x00000000d6e80000,0x00000000d721eff8,0x00000000d7280000)
  to   space 4096K, 0% used [0x00000000d7280000,0x00000000d7280000,0x00000000d7680000)
 ParOldGen       total 68608K, used 16K [0x0000000080000000, 0x0000000084300000, 0x00000000d5580000)
  object space 68608K, 0% used [0x0000000080000000,0x0000000080004000,0x0000000084300000)
 Metaspace       used 7899K, committed 8192K, reserved 1114112K
  class space    used 823K, committed 960K, reserved 1048576K
}
Event: 0.564 GC heap after
{Heap after GC invocations=2 (full 0):
 PSYoungGen      total 29696K, used 4086K [0x00000000d5580000, 0x00000000d7680000, 0x0000000100000000)
  eden space 25600K, 0% used [0x00000000d5580000,0x00000000d5580000,0x00000000d6e80000)
  from space 4096K, 99% used [0x00000000d7280000,0x00000000d767d810,0x00000000d7680000)
  to   space 4096K, 0% used [0x00000000d6e80000,0x00000000d6e80000,0x00000000d7280000)
 ParOldGen       total 68608K, used 1577K [0x0000000080000000, 0x0000000084300000, 0x00000000d5580000)
  object space 68608K, 2% used [0x0000000080000000,0x000000008018a6a8,0x0000000084300000)
 Metaspace       used 7899K, committed 8192K, reserved 1114112K
  class space    used 823K, committed 960K, reserved 1048576K
}
Event: 1.739 GC heap before
{Heap before GC invocations=3 (full 0):
 PSYoungGen      total 29696K, used 29686K [0x00000000d5580000, 0x00000000d7680000, 0x0000000100000000)
  eden space 25600K, 100% used [0x00000000d5580000,0x00000000d6e80000,0x00000000d6e80000)
  from space 4096K, 99% used [0x00000000d7280000,0x00000000d767d810,0x00000000d7680000)
  to   space 4096K, 0% used [0x00000000d6e80000,0x00000000d6e80000,0x00000000d7280000)
 ParOldGen       total 68608K, used 1577K [0x0000000080000000, 0x0000000084300000, 0x00000000d5580000)
  object space 68608K, 2% used [0x0000000080000000,0x000000008018a6a8,0x0000000084300000)
 Metaspace       used 9437K, committed 9792K, reserved 1114112K
  class space    used 1006K, committed 1152K, reserved 1048576K
}
Event: 1.742 GC heap after
{Heap after GC invocations=3 (full 0):
 PSYoungGen      total 29696K, used 4079K [0x00000000d5580000, 0x00000000d7680000, 0x0000000100000000)
  eden space 25600K, 0% used [0x00000000d5580000,0x00000000d5580000,0x00000000d6e80000)
  from space 4096K, 99% used [0x00000000d6e80000,0x00000000d727bc18,0x00000000d7280000)
  to   space 4096K, 0% used [0x00000000d7280000,0x00000000d7280000,0x00000000d7680000)
 ParOldGen       total 68608K, used 4070K [0x0000000080000000, 0x0000000084300000, 0x00000000d5580000)
  object space 68608K, 5% used [0x0000000080000000,0x00000000803f9a38,0x0000000084300000)
 Metaspace       used 9437K, committed 9792K, reserved 1114112K
  class space    used 1006K, committed 1152K, reserved 1048576K
}

Dll operation events (9 events):
Event: 0.007 Loaded shared library c:\Users\30989\.windsurf\extensions\redhat.java-1.50.0-win32-x64\jre\21.0.9-win32-x86_64\bin\java.dll
Event: 0.022 Loaded shared library c:\Users\30989\.windsurf\extensions\redhat.java-1.50.0-win32-x64\jre\21.0.9-win32-x86_64\bin\zip.dll
Event: 0.045 Loaded shared library C:\Users\30989\.windsurf\extensions\redhat.java-1.50.0-win32-x64\jre\21.0.9-win32-x86_64\bin\instrument.dll
Event: 0.047 Loaded shared library C:\Users\30989\.windsurf\extensions\redhat.java-1.50.0-win32-x64\jre\21.0.9-win32-x86_64\bin\net.dll
Event: 0.049 Loaded shared library C:\Users\30989\.windsurf\extensions\redhat.java-1.50.0-win32-x64\jre\21.0.9-win32-x86_64\bin\nio.dll
Event: 0.050 Loaded shared library C:\Users\30989\.windsurf\extensions\redhat.java-1.50.0-win32-x64\jre\21.0.9-win32-x86_64\bin\zip.dll
Event: 0.058 Loaded shared library C:\Users\30989\.windsurf\extensions\redhat.java-1.50.0-win32-x64\jre\21.0.9-win32-x86_64\bin\jimage.dll
Event: 0.087 Loaded shared library c:\Users\30989\.windsurf\extensions\redhat.java-1.50.0-win32-x64\jre\21.0.9-win32-x86_64\bin\verify.dll
Event: 0.600 Loaded shared library C:\Users\30989\AppData\Roaming\Windsurf\User\globalStorage\redhat.java\1.50.0\config_win\org.eclipse.equinox.launcher\org.eclipse.equinox.launcher.win32.win32.x86_64_1.2.1400.v20250801-0854\eclipse_11916.dll

Deoptimization events (20 events):
Event: 4.827 Thread 0x00000280eab7ab80 DEOPT PACKING pc=0x0000028094b177a0 sp=0x00000088483fcf80
Event: 4.827 Thread 0x00000280eab7ab80 DEOPT UNPACKING pc=0x0000028094403aa2 sp=0x00000088483fcf08 mode 2
Event: 4.829 Thread 0x00000280eab7ab80 DEOPT PACKING pc=0x000002808d3a38c9 sp=0x00000088483fcf90
Event: 4.829 Thread 0x00000280eab7ab80 DEOPT UNPACKING pc=0x0000028094404242 sp=0x00000088483fc400 mode 0
Event: 4.832 Thread 0x00000280eab7ab80 DEOPT PACKING pc=0x000002808d3a38c9 sp=0x00000088483fcf90
Event: 4.832 Thread 0x00000280eab7ab80 DEOPT UNPACKING pc=0x0000028094404242 sp=0x00000088483fc400 mode 0
Event: 4.835 Thread 0x00000280eab7ab80 DEOPT PACKING pc=0x000002808d3a38c9 sp=0x00000088483fd310
Event: 4.835 Thread 0x00000280eab7ab80 DEOPT UNPACKING pc=0x0000028094404242 sp=0x00000088483fc780 mode 0
Event: 4.841 Thread 0x00000280eab7ab80 DEOPT PACKING pc=0x000002808d3a38c9 sp=0x00000088483fcf90
Event: 4.841 Thread 0x00000280eab7ab80 DEOPT UNPACKING pc=0x0000028094404242 sp=0x00000088483fc400 mode 0
Event: 4.846 Thread 0x00000280eab7ab80 DEOPT PACKING pc=0x000002808d3a38c9 sp=0x00000088483fcf90
Event: 4.846 Thread 0x00000280eab7ab80 DEOPT UNPACKING pc=0x0000028094404242 sp=0x00000088483fc400 mode 0
Event: 4.850 Thread 0x00000280eab7ab80 Uncommon trap: trap_request=0xffffff45 fr.pc=0x0000028094b6f84c relative=0x000000000000018c
Event: 4.850 Thread 0x00000280eab7ab80 Uncommon trap: reason=unstable_if action=reinterpret pc=0x0000028094b6f84c method=java.lang.String.startsWith(Ljava/lang/String;I)Z @ 50 c2
Event: 4.850 Thread 0x00000280eab7ab80 DEOPT PACKING pc=0x0000028094b6f84c sp=0x00000088483fe060
Event: 4.850 Thread 0x00000280eab7ab80 DEOPT UNPACKING pc=0x0000028094403aa2 sp=0x00000088483fdf90 mode 2
Event: 4.919 Thread 0x00000280eab7ab80 Uncommon trap: trap_request=0xffffff45 fr.pc=0x0000028094c18794 relative=0x00000000000005f4
Event: 4.919 Thread 0x00000280eab7ab80 Uncommon trap: reason=unstable_if action=reinterpret pc=0x0000028094c18794 method=org.eclipse.osgi.framework.util.CaseInsensitiveDictionaryMap.findCommonKeyIndex(Ljava/lang/String;)Lorg/eclipse/osgi/framework/util/CaseInsensitiveDictionaryMap$CaseInsensit
Event: 4.919 Thread 0x00000280eab7ab80 DEOPT PACKING pc=0x0000028094c18794 sp=0x00000088483fe0e0
Event: 4.919 Thread 0x00000280eab7ab80 DEOPT UNPACKING pc=0x0000028094403aa2 sp=0x00000088483fe070 mode 2

Classes loaded (20 events):
Event: 0.660 Loading class sun/util/logging/resources/logging_zh_Hans_CN
Event: 0.660 Loading class sun/util/logging/resources/logging_zh_Hans_CN done
Event: 0.662 Loading class java/util/Formatter$DateTime
Event: 0.662 Loading class java/util/Formatter$DateTime done
Event: 0.662 Loading class java/util/Formatter$FixedString
Event: 0.662 Loading class java/util/Formatter$FixedString done
Event: 0.663 Loading class java/time/ZonedDateTime$1
Event: 0.663 Loading class java/time/ZonedDateTime$1 done
Event: 0.665 Loading class jdk/internal/module/ModulePatcher$PatchedModuleReader
Event: 0.665 Loading class jdk/internal/module/ModulePatcher$PatchedModuleReader done
Event: 0.668 Loading class sun/util/resources/LocaleData$CommonResourceBundleProvider
Event: 0.668 Loading class sun/util/resources/LocaleData$LocaleDataResourceBundleProvider
Event: 0.668 Loading class java/util/spi/ResourceBundleProvider
Event: 0.668 Loading class java/util/spi/ResourceBundleProvider done
Event: 0.668 Loading class sun/util/resources/LocaleData$LocaleDataResourceBundleProvider done
Event: 0.668 Loading class sun/util/resources/LocaleData$CommonResourceBundleProvider done
Event: 0.670 Loading class sun/util/resources/Bundles$2
Event: 0.670 Loading class sun/util/resources/Bundles$2 done
Event: 4.914 Loading class java/lang/IllegalAccessError
Event: 4.914 Loading class java/lang/IllegalAccessError done

Classes unloaded (0 events):
No events

Classes redefined (0 events):
No events

Internal exceptions (20 events):
Event: 0.304 Thread 0x0000028089d5f650 Implicit null exception at 0x0000028094b5d329 to 0x0000028094b5db9c
Event: 0.304 Thread 0x0000028089d5f650 Implicit null exception at 0x0000028094b6059a to 0x0000028094b607a0
Event: 0.304 Thread 0x0000028089d5f650 Exception <a 'java/lang/NoSuchMethodError'{0x00000000d58d9938}: 'void java.lang.invoke.DirectMethodHandle$Holder.invokeStatic(java.lang.Object, java.lang.Object, java.lang.Object, java.lang.Object)'> (0x00000000d58d9938) 
thrown [s\src\hotspot\share\interpreter\linkResolver.cpp, line 773]
Event: 0.305 Thread 0x0000028089d5f650 Implicit null exception at 0x0000028094b6231a to 0x0000028094b62524
Event: 0.305 Thread 0x0000028089d5f650 Implicit null exception at 0x0000028094b5ecbd to 0x0000028094b5ed41
Event: 0.334 Thread 0x0000028089d5f650 Exception <a 'java/lang/NoSuchMethodError'{0x00000000d5bf03a0}: 'void java.lang.invoke.DirectMethodHandle$Holder.invokeSpecial(java.lang.Object, java.lang.Object, java.lang.Object)'> (0x00000000d5bf03a0) 
thrown [s\src\hotspot\share\interpreter\linkResolver.cpp, line 773]
Event: 0.462 Thread 0x0000028089d5f650 Exception <a 'java/lang/NoSuchMethodError'{0x00000000d65ddec8}: 'int java.lang.invoke.DirectMethodHandle$Holder.invokeVirtual(java.lang.Object, java.lang.Object)'> (0x00000000d65ddec8) 
thrown [s\src\hotspot\share\interpreter\linkResolver.cpp, line 773]
Event: 0.507 Thread 0x0000028089d5f650 Exception <a 'java/lang/NoSuchMethodError'{0x00000000d6753cf0}: 'int java.lang.invoke.DirectMethodHandle$Holder.invokeStaticInit(java.lang.Object, java.lang.Object, java.lang.Object, java.lang.Object)'> (0x00000000d6753cf0) 
thrown [s\src\hotspot\share\interpreter\linkResolver.cpp, line 773]
Event: 0.507 Thread 0x0000028089d5f650 Exception <a 'java/lang/IncompatibleClassChangeError'{0x00000000d675c0f8}: Found class java.lang.Object, but interface was expected> (0x00000000d675c0f8) 
thrown [s\src\hotspot\share\interpreter\linkResolver.cpp, line 840]
Event: 0.507 Thread 0x0000028089d5f650 Exception <a 'java/lang/NoSuchMethodError'{0x00000000d67626a8}: 'void java.lang.invoke.DirectMethodHandle$Holder.invokeStaticInit(java.lang.Object, java.lang.Object)'> (0x00000000d67626a8) 
thrown [s\src\hotspot\share\interpreter\linkResolver.cpp, line 773]
Event: 0.508 Thread 0x0000028089d5f650 Exception <a 'java/lang/NoSuchMethodError'{0x00000000d676d840}: 'int java.lang.invoke.DirectMethodHandle$Holder.invokeStaticInit(java.lang.Object, java.lang.Object)'> (0x00000000d676d840) 
thrown [s\src\hotspot\share\interpreter\linkResolver.cpp, line 773]
Event: 0.527 Thread 0x0000028089d5f650 Exception <a 'java/lang/NoSuchMethodError'{0x00000000d69bc2b8}: 'java.lang.Object java.lang.invoke.DirectMethodHandle$Holder.newInvokeSpecial(java.lang.Object, int, java.lang.Object)'> (0x00000000d69bc2b8) 
thrown [s\src\hotspot\share\interpreter\linkResolver.cpp, line 773]
Event: 0.542 Thread 0x0000028089d5f650 Exception <a 'java/lang/ClassNotFoundException'{0x00000000d6bd3348}: sun/net/www/protocol/plurl/Handler> (0x00000000d6bd3348) 
thrown [s\src\hotspot\share\classfile\systemDictionary.cpp, line 312]
Event: 0.542 Thread 0x0000028089d5f650 Exception <a 'java/lang/ClassNotFoundException'{0x00000000d6bd41c8}: sun/net/www/protocol/plurl/Handler> (0x00000000d6bd41c8) 
thrown [s\src\hotspot\share\classfile\systemDictionary.cpp, line 312]
Event: 0.598 Thread 0x0000028089d5f650 Exception <a 'java/lang/UnsatisfiedLinkError'{0x00000000d577df90}: 'void org.eclipse.equinox.launcher.JNIBridge._update_splash()'> (0x00000000d577df90) 
thrown [s\src\hotspot\share\prims\nativeLookup.cpp, line 415]
Event: 0.610 Thread 0x00000280ea507720 Exception <a 'java/lang/NoSuchMethodError'{0x00000000d5a225f8}: 'void java.lang.invoke.DirectMethodHandle$Holder.invokeInterface(java.lang.Object, java.lang.Object, java.lang.Object)'> (0x00000000d5a225f8) 
thrown [s\src\hotspot\share\interpreter\linkResolver.cpp, line 773]
Event: 0.641 Thread 0x00000280eab7ab80 Exception <a 'java/lang/NoSuchMethodError'{0x00000000d5ddf798}: 'java.lang.Object java.lang.invoke.DirectMethodHandle$Holder.newInvokeSpecial(java.lang.Object, java.lang.Object, int, java.lang.Object)'> (0x00000000d5ddf798) 
thrown [s\src\hotspot\share\interpreter\linkResolver.cpp, line 773]
Event: 0.641 Thread 0x00000280eab7ab80 Exception <a 'java/lang/NoSuchMethodError'{0x00000000d5de35c8}: 'java.lang.Object java.lang.invoke.DirectMethodHandle$Holder.invokeSpecial(java.lang.Object, java.lang.Object, java.lang.Object, int, java.lang.Object)'> (0x00000000d5de35c8) 
thrown [s\src\hotspot\share\interpreter\linkResolver.cpp, line 773]
Event: 0.647 Thread 0x00000280eab7ab80 Exception <a 'java/lang/NoClassDefFoundError'{0x00000000d5eb48d8}: jakarta/servlet/ServletContainerInitializer> (0x00000000d5eb48d8) 
thrown [s\src\hotspot\share\classfile\systemDictionary.cpp, line 301]
Event: 0.659 Thread 0x00000280eab7ab80 Exception <a 'java/lang/ClassNotFoundException'{0x00000000d6030128}: sun/util/logging/resources/spi/loggingProvider> (0x00000000d6030128) 
thrown [s\src\hotspot\share\classfile\systemDictionary.cpp, line 312]

ZGC Phase Switch (0 events):
No events

VM Operations (20 events):
Event: 0.653 Executing VM operation: HandshakeAllThreads (Deoptimize)
Event: 0.653 Executing VM operation: HandshakeAllThreads (Deoptimize) done
Event: 0.661 Executing VM operation: HandshakeAllThreads (Deoptimize)
Event: 0.661 Executing VM operation: HandshakeAllThreads (Deoptimize) done
Event: 0.665 Executing VM operation: HandshakeAllThreads (Deoptimize)
Event: 0.665 Executing VM operation: HandshakeAllThreads (Deoptimize) done
Event: 0.676 Executing VM operation: HandshakeAllThreads (Deoptimize)
Event: 0.676 Executing VM operation: HandshakeAllThreads (Deoptimize) done
Event: 0.717 Executing VM operation: HandshakeAllThreads (Deoptimize)
Event: 0.717 Executing VM operation: HandshakeAllThreads (Deoptimize) done
Event: 1.720 Executing VM operation: Cleanup
Event: 1.736 Executing VM operation: Cleanup done
Event: 1.739 Executing VM operation: ParallelGCFailedAllocation (Allocation Failure)
Event: 1.742 Executing VM operation: ParallelGCFailedAllocation (Allocation Failure) done
Event: 2.745 Executing VM operation: Cleanup
Event: 2.745 Executing VM operation: Cleanup done
Event: 3.756 Executing VM operation: Cleanup
Event: 3.756 Executing VM operation: Cleanup done
Event: 5.779 Executing VM operation: Cleanup
Event: 5.779 Executing VM operation: Cleanup done

Memory protections (0 events):
No events

Nmethod flushes (0 events):
No events

Events (20 events):
Event: 0.026 Thread 0x00000280e2de7fc0 Thread added: 0x00000280e2eadbb0
Event: 0.037 Thread 0x00000280e2eadbb0 Thread added: 0x00000280e2fdb170
Event: 0.038 Thread 0x00000280e2fdb170 Thread added: 0x00000280e2fdc510
Event: 0.039 Thread 0x00000280e2de6be0 Thread added: 0x00000280e2fdd3e0
Event: 0.046 Thread 0x0000028089d5f650 Thread added: 0x00000280e305cc20
Event: 0.061 Thread 0x00000280e2de7fc0 Thread added: 0x00000280e3084080
Event: 0.126 Thread 0x0000028089d5f650 Thread added: 0x00000280e5599110
Event: 0.355 Thread 0x00000280e2fdb170 Thread added: 0x00000280e5aec9b0
Event: 0.355 Thread 0x00000280e3084080 Thread added: 0x00000280e5afd740
Event: 0.512 Thread 0x0000028089d5f650 Thread added: 0x00000280ea2d0df0
Event: 0.596 Thread 0x0000028089d5f650 Thread added: 0x00000280ea507720
Event: 0.611 Thread 0x00000280ea507720 Thread added: 0x00000280eab79d10
Event: 0.612 Thread 0x0000028089d5f650 Thread added: 0x00000280eab7ab80
Event: 1.737 Thread 0x00000280e3084080 Thread exited: 0x00000280e3084080
Event: 1.737 Thread 0x00000280e5afd740 Thread exited: 0x00000280e5afd740
Event: 1.737 Thread 0x00000280e2fdb170 Thread exited: 0x00000280e2fdb170
Event: 1.737 Thread 0x00000280e5aec9b0 Thread exited: 0x00000280e5aec9b0
Event: 1.738 Thread 0x00000280e2fdd3e0 Thread exited: 0x00000280e2fdd3e0
Event: 4.808 Thread 0x00000280eab7ab80 Thread added: 0x00000280ea9672c0
Event: 8.127 Thread 0x00000280e2eadbb0 Thread exited: 0x00000280e2eadbb0


Dynamic libraries:
0x00007ff6b7950000 - 0x00007ff6b795e000 	c:\Users\30989\.windsurf\extensions\redhat.java-1.50.0-win32-x64\jre\21.0.9-win32-x86_64\bin\java.exe
0x00007ffd23d60000 - 0x00007ffd23fc7000 	C:\Windows\SYSTEM32\ntdll.dll
0x00007ffd22490000 - 0x00007ffd22559000 	C:\Windows\System32\KERNEL32.DLL
0x00007ffd21190000 - 0x00007ffd2157f000 	C:\Windows\System32\KERNELBASE.dll
0x00007ffd21640000 - 0x00007ffd2178b000 	C:\Windows\System32\ucrtbase.dll
0x00007ffce4cb0000 - 0x00007ffce4cc8000 	c:\Users\30989\.windsurf\extensions\redhat.java-1.50.0-win32-x64\jre\21.0.9-win32-x86_64\bin\jli.dll
0x00007ffce91b0000 - 0x00007ffce91ce000 	c:\Users\30989\.windsurf\extensions\redhat.java-1.50.0-win32-x64\jre\21.0.9-win32-x86_64\bin\VCRUNTIME140.dll
0x00007ffd231c0000 - 0x00007ffd23385000 	C:\Windows\System32\USER32.dll
0x00007ffcf7af0000 - 0x00007ffcf7d83000 	C:\Windows\WinSxS\amd64_microsoft.windows.common-controls_6595b64144ccf1df_6.0.26100.7309_none_3e05feeae336a044\COMCTL32.dll
0x00007ffd21030000 - 0x00007ffd21057000 	C:\Windows\System32\win32u.dll
0x00007ffd226b0000 - 0x00007ffd22759000 	C:\Windows\System32\msvcrt.dll
0x00007ffd225a0000 - 0x00007ffd225cb000 	C:\Windows\System32\GDI32.dll
0x00007ffd21060000 - 0x00007ffd2118c000 	C:\Windows\System32\gdi32full.dll
0x00007ffd21590000 - 0x00007ffd21633000 	C:\Windows\System32\msvcp_win.dll
0x00007ffd22560000 - 0x00007ffd22591000 	C:\Windows\System32\IMM32.DLL
0x00007ffd04270000 - 0x00007ffd0427c000 	c:\Users\30989\.windsurf\extensions\redhat.java-1.50.0-win32-x64\jre\21.0.9-win32-x86_64\bin\vcruntime140_1.dll
0x00007ffcbd7f0000 - 0x00007ffcbd87d000 	c:\Users\30989\.windsurf\extensions\redhat.java-1.50.0-win32-x64\jre\21.0.9-win32-x86_64\bin\msvcp140.dll
0x00007ffc24f30000 - 0x00007ffc25cd0000 	c:\Users\30989\.windsurf\extensions\redhat.java-1.50.0-win32-x64\jre\21.0.9-win32-x86_64\bin\server\jvm.dll
0x00007ffd21e00000 - 0x00007ffd21eb4000 	C:\Windows\System32\ADVAPI32.dll
0x00007ffd21ee0000 - 0x00007ffd21f86000 	C:\Windows\System32\sechost.dll
0x00007ffd230a0000 - 0x00007ffd231b8000 	C:\Windows\System32\RPCRT4.dll
0x00007ffd21d80000 - 0x00007ffd21df4000 	C:\Windows\System32\WS2_32.dll
0x00007ffd20d10000 - 0x00007ffd20d6e000 	C:\Windows\SYSTEM32\POWRPROF.dll
0x00007ffd1b720000 - 0x00007ffd1b755000 	C:\Windows\SYSTEM32\WINMM.dll
0x00007ffd19d10000 - 0x00007ffd19d1b000 	C:\Windows\SYSTEM32\VERSION.dll
0x00007ffd20cf0000 - 0x00007ffd20d04000 	C:\Windows\SYSTEM32\UMPDC.dll
0x00007ffd1fc60000 - 0x00007ffd1fc7b000 	C:\Windows\SYSTEM32\kernel.appcore.dll
0x00007ffd03ed0000 - 0x00007ffd03eda000 	c:\Users\30989\.windsurf\extensions\redhat.java-1.50.0-win32-x64\jre\21.0.9-win32-x86_64\bin\jimage.dll
0x00007ffd1e490000 - 0x00007ffd1e6d2000 	C:\Windows\SYSTEM32\DBGHELP.DLL
0x00007ffd22c80000 - 0x00007ffd23005000 	C:\Windows\System32\combase.dll
0x00007ffd225d0000 - 0x00007ffd226a6000 	C:\Windows\System32\OLEAUT32.dll
0x00007ffcf37c0000 - 0x00007ffcf37fc000 	C:\Windows\SYSTEM32\dbgcore.DLL
0x00007ffd21790000 - 0x00007ffd21835000 	C:\Windows\System32\bcryptPrimitives.dll
0x00007ffd12bc0000 - 0x00007ffd12bcf000 	c:\Users\30989\.windsurf\extensions\redhat.java-1.50.0-win32-x64\jre\21.0.9-win32-x86_64\bin\instrument.dll
0x00007ffcbce60000 - 0x00007ffcbce80000 	c:\Users\30989\.windsurf\extensions\redhat.java-1.50.0-win32-x64\jre\21.0.9-win32-x86_64\bin\java.dll
0x00007ffd235b0000 - 0x00007ffd23d03000 	C:\Windows\System32\SHELL32.dll
0x00007ffd21990000 - 0x00007ffd21afa000 	C:\Windows\System32\wintypes.dll
0x00007ffd1ea90000 - 0x00007ffd1f2ee000 	C:\Windows\SYSTEM32\windows.storage.dll
0x00007ffd21f90000 - 0x00007ffd22085000 	C:\Windows\System32\SHCORE.dll
0x00007ffd22280000 - 0x00007ffd222e6000 	C:\Windows\System32\shlwapi.dll
0x00007ffd20dd0000 - 0x00007ffd20df9000 	C:\Windows\SYSTEM32\profapi.dll
0x00007ffcce480000 - 0x00007ffcce498000 	c:\Users\30989\.windsurf\extensions\redhat.java-1.50.0-win32-x64\jre\21.0.9-win32-x86_64\bin\zip.dll
0x00007ffcf3820000 - 0x00007ffcf3830000 	C:\Users\30989\.windsurf\extensions\redhat.java-1.50.0-win32-x64\jre\21.0.9-win32-x86_64\bin\net.dll
0x00007ffd194b0000 - 0x00007ffd195d8000 	C:\Windows\SYSTEM32\WINHTTP.dll
0x00007ffd201d0000 - 0x00007ffd2023b000 	C:\Windows\system32\mswsock.dll
0x00007ffccfa50000 - 0x00007ffccfa66000 	C:\Users\30989\.windsurf\extensions\redhat.java-1.50.0-win32-x64\jre\21.0.9-win32-x86_64\bin\nio.dll
0x00007ffcf07a0000 - 0x00007ffcf07b0000 	c:\Users\30989\.windsurf\extensions\redhat.java-1.50.0-win32-x64\jre\21.0.9-win32-x86_64\bin\verify.dll
0x00007ffcf0750000 - 0x00007ffcf0794000 	C:\Users\30989\AppData\Roaming\Windsurf\User\globalStorage\redhat.java\1.50.0\config_win\org.eclipse.equinox.launcher\org.eclipse.equinox.launcher.win32.win32.x86_64_1.2.1400.v20250801-0854\eclipse_11916.dll
0x00007ffd222f0000 - 0x00007ffd22487000 	C:\Windows\System32\ole32.dll

JVMTI agents:
c:\Users\30989\.windsurf\extensions\redhat.java-1.50.0-win32-x64\lombok\lombok-1.18.39-4050.jar path:c:\Users\30989\.windsurf\extensions\redhat.java-1.50.0-win32-x64\jre\21.0.9-win32-x86_64\bin\instrument.dll, loaded, initialized, instrumentlib options:none

dbghelp: loaded successfully - version: 4.0.5 - missing functions: none
symbol engine: initialized successfully - sym options: 0x614 - pdb path: .;c:\Users\30989\.windsurf\extensions\redhat.java-1.50.0-win32-x64\jre\21.0.9-win32-x86_64\bin;C:\Windows\SYSTEM32;C:\Windows\WinSxS\amd64_microsoft.windows.common-controls_6595b64144ccf1df_6.0.26100.7309_none_3e05feeae336a044;c:\Users\30989\.windsurf\extensions\redhat.java-1.50.0-win32-x64\jre\21.0.9-win32-x86_64\bin\server;C:\Users\30989\AppData\Roaming\Windsurf\User\globalStorage\redhat.java\1.50.0\config_win\org.eclipse.equinox.launcher\org.eclipse.equinox.launcher.win32.win32.x86_64_1.2.1400.v20250801-0854

VM Arguments:
jvm_args: --add-modules=ALL-SYSTEM --add-opens=java.base/java.util=ALL-UNNAMED --add-opens=java.base/java.lang=ALL-UNNAMED --add-opens=java.base/sun.nio.fs=ALL-UNNAMED -Declipse.application=org.eclipse.jdt.ls.core.id1 -Dosgi.bundles.defaultStartLevel=4 -Declipse.product=org.eclipse.jdt.ls.core.product -Djava.import.generatesMetadataFilesAtProjectRoot=false -DDetectVMInstallationsJob.disabled=true -Dfile.encoding=utf8 -XX:+UseParallelGC -XX:GCTimeRatio=4 -XX:AdaptiveSizePolicyWeight=90 -Dsun.zip.disableMemoryMapping=true -Xmx2G -Xms100m -Xlog:disable -javaagent:c:\Users\30989\.windsurf\extensions\redhat.java-1.50.0-win32-x64\lombok\lombok-1.18.39-4050.jar -XX:+HeapDumpOnOutOfMemoryError -XX:HeapDumpPath=c:\Users\30989\AppData\Roaming\Windsurf\User\workspaceStorage\fb4af406407ba1f19e8761ec21560fce\redhat.java -Daether.dependencyCollector.impl=bf 
java_command: c:\Users\30989\.windsurf\extensions\redhat.java-1.50.0-win32-x64\server\plugins\org.eclipse.equinox.launcher_1.7.100.v20251111-0406.jar -configuration c:\Users\30989\AppData\Roaming\Windsurf\User\globalStorage\redhat.java\1.50.0\config_win -data c:\Users\30989\AppData\Roaming\Windsurf\User\workspaceStorage\fb4af406407ba1f19e8761ec21560fce\redhat.java\jdt_ws --pipe=\\.\pipe\lsp-06209a06861a574c657426cb2d87fe46-sock
java_class_path (initial): c:\Users\30989\.windsurf\extensions\redhat.java-1.50.0-win32-x64\server\plugins\org.eclipse.equinox.launcher_1.7.100.v20251111-0406.jar
Launcher Type: SUN_STANDARD

[Global flags]
    uintx AdaptiveSizePolicyWeight                 = 90                                        {product} {command line}
     intx CICompilerCount                          = 12                                        {product} {ergonomic}
    uintx GCTimeRatio                              = 4                                         {product} {command line}
     bool HeapDumpOnOutOfMemoryError               = true                                   {manageable} {command line}
    ccstr HeapDumpPath                             = c:\Users\30989\AppData\Roaming\Windsurf\User\workspaceStorage\fb4af406407ba1f19e8761ec21560fce\redhat.java         {manageable} {command line}
   size_t InitialHeapSize                          = 104857600                                 {product} {command line}
   size_t MaxHeapSize                              = 2147483648                                {product} {command line}
   size_t MaxNewSize                               = 715653120                                 {product} {ergonomic}
   size_t MinHeapDeltaBytes                        = 524288                                    {product} {ergonomic}
   size_t MinHeapSize                              = 104857600                                 {product} {command line}
   size_t NewSize                                  = 34603008                                  {product} {ergonomic}
    uintx NonNMethodCodeHeapSize                   = 7602480                                {pd product} {ergonomic}
    uintx NonProfiledCodeHeapSize                  = 122027880                              {pd product} {ergonomic}
   size_t OldSize                                  = 70254592                                  {product} {ergonomic}
    uintx ProfiledCodeHeapSize                     = 122027880                              {pd product} {ergonomic}
    uintx ReservedCodeCacheSize                    = 251658240                              {pd product} {ergonomic}
     bool SegmentedCodeCache                       = true                                      {product} {ergonomic}
   size_t SoftMaxHeapSize                          = 2147483648                             {manageable} {ergonomic}
     bool UseCompressedOops                        = true                           {product lp64_product} {ergonomic}
     bool UseLargePagesIndividualAllocation        = false                                  {pd product} {ergonomic}
     bool UseParallelGC                            = true                                      {product} {command line}

Logging:
Log output configuration:
 #0: stdout all=off uptime,level,tags foldmultilines=false
 #1: stderr all=off uptime,level,tags foldmultilines=false

Release file:
JAVA_VERSION="21.0.9" 
MODULES="java.base java.compiler java.datatransfer java.xml java.prefs java.desktop java.instrument java.logging java.management java.security.sasl java.naming java.rmi java.management.rmi java.net.http java.scripting java.security.jgss java.transaction.xa java.sql java.sql.rowset java.xml.crypto java.se java.smartcardio jdk.accessibility jdk.internal.jvmstat jdk.attach jdk.charsets jdk.internal.opt jdk.zipfs jdk.compiler jdk.crypto.ec jdk.crypto.cryptoki jdk.crypto.mscapi jdk.dynalink jdk.internal.ed jdk.editpad jdk.hotspot.agent jdk.httpserver jdk.internal.le jdk.internal.vm.ci jdk.internal.vm.compiler jdk.internal.vm.compiler.management jdk.jartool jdk.javadoc jdk.jcmd jdk.management jdk.management.agent jdk.jconsole jdk.jdeps jdk.jdwp.agent jdk.jdi jdk.jfr jdk.jshell jdk.jsobject jdk.jstatd jdk.localedata jdk.management.jfr jdk.naming.dns jdk.naming.rmi jdk.net jdk.nio.mapmode jdk.random jdk.sctp jdk.security.auth jdk.security.jgss jdk.unsupported jdk.unsupported.desktop jdk.xml.dom" 

Environment Variables:
JAVA_HOME=C:\Users\30989\.jdks\ms-17.0.17
PATH=D:\Program Files (x86)\pcsuite\;C:\Windows\System32;C:\Windows;C:\Windows\System32\Wbem;C:\Windows\System32\WindowsPowerShell\v1.0\;C:\Program Files\Git\cmd;C:\Users\30989\AppData\Local\Programs\Windsurf\bin;C:\Users\30989\.jdks\ms-17.0.17\bin;
USERNAME=30989
OS=Windows_NT
PROCESSOR_IDENTIFIER=Intel64 Family 6 Model 198 Stepping 2, GenuineIntel
TMP=C:\Users\30989\AppData\Local\Temp
TEMP=C:\Users\30989\AppData\Local\Temp




Periodic native trim disabled

---------------  S Y S T E M  ---------------

OS:
 Windows 11 , 64 bit Build 26100 (10.0.26100.7309)
OS uptime: 1 days 5:35 hours
Hyper-V role detected

CPU: total 24 (initial active 24) (24 cores per cpu, 1 threads per core) family 6 model 198 stepping 2 microcode 0x116, cx8, cmov, fxsr, mmx, 3dnowpref, sse, sse2, sse3, ssse3, sse4.1, sse4.2, popcnt, lzcnt, tsc, tscinvbit, avx, avx2, aes, erms, clmul, bmi1, bmi2, adx, sha, fma, vzeroupper, clflush, clflushopt, clwb, hv, serialize, rdtscp, rdpid, fsrm, f16c, cet_ibt, cet_ss
Processor Information for processor 0
  Max Mhz: 2700, Current Mhz: 2700, Mhz Limit: 2700
Processor Information for processor 1
  Max Mhz: 2700, Current Mhz: 2700, Mhz Limit: 2700
Processor Information for processor 2
  Max Mhz: 2100, Current Mhz: 2100, Mhz Limit: 2100
Processor Information for processor 3
  Max Mhz: 2100, Current Mhz: 2100, Mhz Limit: 2100
Processor Information for processor 4
  Max Mhz: 2100, Current Mhz: 2100, Mhz Limit: 2100
Processor Information for processor 5
  Max Mhz: 2100, Current Mhz: 2100, Mhz Limit: 2100
Processor Information for processor 6
  Max Mhz: 2100, Current Mhz: 2100, Mhz Limit: 2100
Processor Information for processor 7
  Max Mhz: 2100, Current Mhz: 2100, Mhz Limit: 2100
Processor Information for processor 8
  Max Mhz: 2100, Current Mhz: 2100, Mhz Limit: 2100
Processor Information for processor 9
  Max Mhz: 2100, Current Mhz: 2100, Mhz Limit: 2100
Processor Information for processor 10
  Max Mhz: 2700, Current Mhz: 2700, Mhz Limit: 2700
Processor Information for processor 11
  Max Mhz: 2700, Current Mhz: 2700, Mhz Limit: 2700
Processor Information for processor 12
  Max Mhz: 2700, Current Mhz: 2700, Mhz Limit: 2700
Processor Information for processor 13
  Max Mhz: 2700, Current Mhz: 2700, Mhz Limit: 2700
Processor Information for processor 14
  Max Mhz: 2100, Current Mhz: 2100, Mhz Limit: 2100
Processor Information for processor 15
  Max Mhz: 2100, Current Mhz: 2100, Mhz Limit: 2100
Processor Information for processor 16
  Max Mhz: 2100, Current Mhz: 2100, Mhz Limit: 2100
Processor Information for processor 17
  Max Mhz: 2100, Current Mhz: 2100, Mhz Limit: 2100
Processor Information for processor 18
  Max Mhz: 2100, Current Mhz: 2100, Mhz Limit: 2100
Processor Information for processor 19
  Max Mhz: 2100, Current Mhz: 2100, Mhz Limit: 2100
Processor Information for processor 20
  Max Mhz: 2100, Current Mhz: 2100, Mhz Limit: 2100
Processor Information for processor 21
  Max Mhz: 2100, Current Mhz: 2100, Mhz Limit: 2100
Processor Information for processor 22
  Max Mhz: 2700, Current Mhz: 2700, Mhz Limit: 2700
Processor Information for processor 23
  Max Mhz: 2700, Current Mhz: 2700, Mhz Limit: 2700

Memory: 4k page, system-wide physical 32221M (3150M free)
TotalPageFile size 70622M (AvailPageFile size 383M)
current process WorkingSet (physical memory assigned to process): 110M, peak: 118M
current process commit charge ("private bytes"): 282M, peak: 290M

vm_info: OpenJDK 64-Bit Server VM (21.0.9+10-LTS) for windows-amd64 JRE (21.0.9+10-LTS), built on 2025-10-21T00:00:00Z by "admin" with unknown MS VC++:1942

END.
