#
# There is insufficient memory for the Java Runtime Environment to continue.
# Native memory allocation (malloc) failed to allocate 1048576 bytes. Error detail: AllocateHeap
# Possible reasons:
#   The system is out of physical RAM or swap space
#   This process is running with CompressedOops enabled, and the Java Heap may be blocking the growth of the native heap
# Possible solutions:
#   Reduce memory load on the system
#   Increase physical memory or swap space
#   Check if swap backing store is full
#   Decrease Java heap size (-Xmx/-Xms)
#   Decrease number of Java threads
#   Decrease Java thread stack sizes (-Xss)
#   Set larger code cache with -XX:ReservedCodeCacheSize=
#   JVM is running with Unscaled Compressed Oops mode in which the Java heap is
#     placed in the first 4GB address space. The Java Heap base address is the
#     maximum limit for the native heap growth. Please use -XX:HeapBaseMinAddress
#     to set the Java Heap base and to place the Java Heap above 4GB virtual address.
# This output file may be truncated or incomplete.
#
#  Out of Memory Error (allocation.cpp:44), pid=31568, tid=12904
#
# JRE version: OpenJDK Runtime Environment Temurin-21.0.9+10 (21.0.9+10) (build 21.0.9+10-LTS)
# Java VM: OpenJDK 64-Bit Server VM Temurin-21.0.9+10 (21.0.9+10-LTS, mixed mode, sharing, tiered, compressed oops, compressed class ptrs, parallel gc, windows-amd64)
# No core dump will be written. Minidumps are not enabled by default on client versions of Windows
#

---------------  S U M M A R Y ------------

Command Line: --add-modules=ALL-SYSTEM --add-opens=java.base/java.util=ALL-UNNAMED --add-opens=java.base/java.lang=ALL-UNNAMED --add-opens=java.base/sun.nio.fs=ALL-UNNAMED -Declipse.application=org.eclipse.jdt.ls.core.id1 -Dosgi.bundles.defaultStartLevel=4 -Declipse.product=org.eclipse.jdt.ls.core.product -Djava.import.generatesMetadataFilesAtProjectRoot=false -DDetectVMInstallationsJob.disabled=true -Dfile.encoding=utf8 -XX:+UseParallelGC -XX:GCTimeRatio=4 -XX:AdaptiveSizePolicyWeight=90 -Dsun.zip.disableMemoryMapping=true -Xmx2G -Xms100m -Xlog:disable -javaagent:c:\Users\30989\.windsurf\extensions\redhat.java-1.50.0-win32-x64\lombok\lombok-1.18.39-4050.jar -XX:+HeapDumpOnOutOfMemoryError -XX:HeapDumpPath=c:\Users\30989\AppData\Roaming\Windsurf\User\workspaceStorage\fb4af406407ba1f19e8761ec21560fce\redhat.java -Daether.dependencyCollector.impl=bf c:\Users\30989\.windsurf\extensions\redhat.java-1.50.0-win32-x64\server\plugins\org.eclipse.equinox.launcher_1.7.100.v20251111-0406.jar -configuration c:\Users\30989\AppData\Roaming\Windsurf\User\globalStorage\redhat.java\1.50.0\config_win -data c:\Users\30989\AppData\Roaming\Windsurf\User\workspaceStorage\fb4af406407ba1f19e8761ec21560fce\redhat.java\jdt_ws --pipe=\\.\pipe\lsp-1427d745186698752003a355c5aeccdc-sock

Host: Intel(R) Core(TM) Ultra 9 275HX, 24 cores, 31G,  Windows 11 , 64 bit Build 26100 (10.0.26100.7309)
Time: Fri Jan  2 00:24:18 2026 elapsed time: 29991.780364 seconds (0d 8h 19m 51s)

---------------  T H R E A D  ---------------

Current thread (0x00000132747e9d00):  JavaThread "Attach Listener" daemon [_thread_in_vm, id=12904, stack(0x0000001936100000,0x0000001936200000) (1024K)]

Stack: [0x0000001936100000,0x0000001936200000]
Native frames: (J=compiled Java code, j=interpreted, Vv=VM code, C=native code)
V  [jvm.dll+0x6d6e29]
V  [jvm.dll+0x8b4b76]
V  [jvm.dll+0x8b712e]
V  [jvm.dll+0x8b7813]
V  [jvm.dll+0x283d86]
V  [jvm.dll+0xc1277]
V  [jvm.dll+0x6d76d9]
V  [jvm.dll+0x133466]
V  [jvm.dll+0x3f7ea6]
V  [jvm.dll+0x85e9ad]
V  [jvm.dll+0x6d565d]
C  [ucrtbase.dll+0x37b0]
C  [KERNEL32.DLL+0x2e8d7]
C  [ntdll.dll+0x8c53c]


---------------  P R O C E S S  ---------------

Threads class SMR info:
_java_thread_list=0x000001325af29870, length=51, elements={
0x000001327473d820, 0x00000132746ed300, 0x00000132747e0c90, 0x00000132747e6af0,
0x00000132747e9d00, 0x00000132747ecd50, 0x00000132747f2c80, 0x00000132747fa850,
0x000001327d55ed90, 0x000001327d7cc440, 0x000001327d7ccad0, 0x000001327d7c9ce0,
0x000001327d7c9650, 0x000001327d7cb090, 0x000001327d7caa00, 0x000001327d7ca370,
0x000001327d7cb720, 0x000001327d7cbdb0, 0x00000132552e5850, 0x00000132552e4b30,
0x00000132552e30f0, 0x00000132552e2a60, 0x00000132552e6c00, 0x00000132552e51c0,
0x00000132552e3780, 0x00000132552e7920, 0x00000132552e8640, 0x00000132552e7fb0,
0x00000132552e99f0, 0x00000132552e7290, 0x00000132552e6570, 0x00000132552e8cd0,
0x00000132552e9360, 0x0000013257146970, 0x00000132571462e0, 0x0000013257147690,
0x0000013257145c50, 0x0000013257147d20, 0x0000013257147000, 0x00000132571483b0,
0x0000013257148a40, 0x00000132571455c0, 0x0000013257149df0, 0x000001325714bec0,
0x000001325714b830, 0x00000132571490d0, 0x000001325714ab10, 0x000001325714a480,
0x000001325942cf30, 0x0000013259432b10, 0x00000132594303b0
}

Java Threads: ( => current thread )
  0x000001327473d820 JavaThread "main"                              [_thread_blocked, id=39356, stack(0x0000001935a00000,0x0000001935b00000) (1024K)]
  0x00000132746ed300 JavaThread "Reference Handler"          daemon [_thread_blocked, id=45580, stack(0x0000001935e00000,0x0000001935f00000) (1024K)]
  0x00000132747e0c90 JavaThread "Finalizer"                  daemon [_thread_blocked, id=47868, stack(0x0000001935f00000,0x0000001936000000) (1024K)]
  0x00000132747e6af0 JavaThread "Signal Dispatcher"          daemon [_thread_blocked, id=32736, stack(0x0000001936000000,0x0000001936100000) (1024K)]
=>0x00000132747e9d00 JavaThread "Attach Listener"            daemon [_thread_in_vm, id=12904, stack(0x0000001936100000,0x0000001936200000) (1024K)]
  0x00000132747ecd50 JavaThread "Service Thread"             daemon [_thread_blocked, id=21140, stack(0x0000001936200000,0x0000001936300000) (1024K)]
  0x00000132747f2c80 JavaThread "Monitor Deflation Thread"   daemon [_thread_blocked, id=44608, stack(0x0000001936300000,0x0000001936400000) (1024K)]
  0x00000132747fa850 JavaThread "C2 CompilerThread0"         daemon [_thread_blocked, id=17964, stack(0x0000001936400000,0x0000001936500000) (1024K)]
  0x000001327d55ed90 JavaThread "C1 CompilerThread0"         daemon [_thread_blocked, id=44260, stack(0x0000001936500000,0x0000001936600000) (1024K)]
  0x000001327d7cc440 JavaThread "Common-Cleaner"             daemon [_thread_blocked, id=39072, stack(0x0000001936800000,0x0000001936900000) (1024K)]
  0x000001327d7ccad0 JavaThread "Notification Thread"        daemon [_thread_blocked, id=10444, stack(0x0000001936b00000,0x0000001936c00000) (1024K)]
  0x000001327d7c9ce0 JavaThread "Active Thread: Equinox Container: affc9fb1-0e35-4cb2-a4e0-66a5a3bc1692"        [_thread_blocked, id=46992, stack(0x0000001937400000,0x0000001937500000) (1024K)]
  0x000001327d7c9650 JavaThread "Refresh Thread: Equinox Container: affc9fb1-0e35-4cb2-a4e0-66a5a3bc1692" daemon [_thread_blocked, id=23840, stack(0x0000001937600000,0x0000001937700000) (1024K)]
  0x000001327d7cb090 JavaThread "Framework Event Dispatcher: Equinox Container: affc9fb1-0e35-4cb2-a4e0-66a5a3bc1692" daemon [_thread_blocked, id=20620, stack(0x0000001937700000,0x0000001937800000) (1024K)]
  0x000001327d7caa00 JavaThread "Start Level: Equinox Container: affc9fb1-0e35-4cb2-a4e0-66a5a3bc1692" daemon [_thread_blocked, id=50896, stack(0x0000001937800000,0x0000001937900000) (1024K)]
  0x000001327d7ca370 JavaThread "Bundle File Closer"         daemon [_thread_blocked, id=46664, stack(0x0000001937c00000,0x0000001937d00000) (1024K)]
  0x000001327d7cb720 JavaThread "SCR Component Actor"        daemon [_thread_blocked, id=26424, stack(0x0000001937d00000,0x0000001937e00000) (1024K)]
  0x000001327d7cbdb0 JavaThread "Worker-JM"                         [_thread_blocked, id=48316, stack(0x0000001937f00000,0x0000001938000000) (1024K)]
  0x00000132552e5850 JavaThread "JNA Cleaner"                daemon [_thread_blocked, id=49500, stack(0x0000001938200000,0x0000001938300000) (1024K)]
  0x00000132552e4b30 JavaThread "Java indexing"              daemon [_thread_blocked, id=12964, stack(0x0000001938900000,0x0000001938a00000) (1024K)]
  0x00000132552e30f0 JavaThread "Thread-1"                   daemon [_thread_in_native, id=40708, stack(0x0000001938e00000,0x0000001938f00000) (1024K)]
  0x00000132552e2a60 JavaThread "Thread-2"                   daemon [_thread_in_native, id=49444, stack(0x0000001938f00000,0x0000001939000000) (1024K)]
  0x00000132552e6c00 JavaThread "Thread-3"                   daemon [_thread_in_native, id=50656, stack(0x0000001939000000,0x0000001939100000) (1024K)]
  0x00000132552e51c0 JavaThread "Thread-4"                   daemon [_thread_in_native, id=50036, stack(0x0000001939100000,0x0000001939200000) (1024K)]
  0x00000132552e3780 JavaThread "Thread-5"                   daemon [_thread_in_native, id=8124, stack(0x0000001939200000,0x0000001939300000) (1024K)]
  0x00000132552e7920 JavaThread "Thread-6"                   daemon [_thread_in_native, id=44280, stack(0x0000001939300000,0x0000001939400000) (1024K)]
  0x00000132552e8640 JavaThread "Thread-7"                   daemon [_thread_in_native, id=5812, stack(0x0000001939400000,0x0000001939500000) (1024K)]
  0x00000132552e7fb0 JavaThread "Thread-8"                   daemon [_thread_in_native, id=44816, stack(0x0000001939500000,0x0000001939600000) (1024K)]
  0x00000132552e99f0 JavaThread "Thread-9"                   daemon [_thread_in_native, id=46792, stack(0x0000001939600000,0x0000001939700000) (1024K)]
  0x00000132552e7290 JavaThread "Thread-10"                  daemon [_thread_in_native, id=5464, stack(0x0000001939700000,0x0000001939800000) (1024K)]
  0x00000132552e6570 JavaThread "Thread-11"                  daemon [_thread_in_native, id=10492, stack(0x0000001939800000,0x0000001939900000) (1024K)]
  0x00000132552e8cd0 JavaThread "Thread-12"                  daemon [_thread_in_native, id=49352, stack(0x0000001939900000,0x0000001939a00000) (1024K)]
  0x00000132552e9360 JavaThread "Thread-13"                  daemon [_thread_in_native, id=46188, stack(0x0000001939a00000,0x0000001939b00000) (1024K)]
  0x0000013257146970 JavaThread "Thread-14"                  daemon [_thread_in_native, id=45864, stack(0x0000001939b00000,0x0000001939c00000) (1024K)]
  0x00000132571462e0 JavaThread "Thread-15"                  daemon [_thread_in_native, id=43496, stack(0x0000001939c00000,0x0000001939d00000) (1024K)]
  0x0000013257147690 JavaThread "Thread-16"                  daemon [_thread_in_native, id=43152, stack(0x0000001939d00000,0x0000001939e00000) (1024K)]
  0x0000013257145c50 JavaThread "Thread-17"                  daemon [_thread_in_native, id=37116, stack(0x0000001939e00000,0x0000001939f00000) (1024K)]
  0x0000013257147d20 JavaThread "Thread-18"                  daemon [_thread_in_native, id=49984, stack(0x0000001939f00000,0x000000193a000000) (1024K)]
  0x0000013257147000 JavaThread "Thread-19"                  daemon [_thread_in_native, id=51196, stack(0x000000193a000000,0x000000193a100000) (1024K)]
  0x00000132571483b0 JavaThread "Thread-20"                  daemon [_thread_in_native, id=40472, stack(0x000000193a100000,0x000000193a200000) (1024K)]
  0x0000013257148a40 JavaThread "Thread-21"                  daemon [_thread_in_native, id=50696, stack(0x000000193a200000,0x000000193a300000) (1024K)]
  0x00000132571455c0 JavaThread "Thread-22"                  daemon [_thread_in_native, id=48804, stack(0x000000193a300000,0x000000193a400000) (1024K)]
  0x0000013257149df0 JavaThread "Thread-23"                  daemon [_thread_in_native, id=7436, stack(0x000000193a400000,0x000000193a500000) (1024K)]
  0x000001325714bec0 JavaThread "Thread-24"                  daemon [_thread_in_native, id=49276, stack(0x000000193a500000,0x000000193a600000) (1024K)]
  0x000001325714b830 JavaThread "Thread-25"                  daemon [_thread_in_native, id=33040, stack(0x000000193a600000,0x000000193a700000) (1024K)]
  0x00000132571490d0 JavaThread "pool-2-thread-1"                   [_thread_blocked, id=7992, stack(0x000000193ab00000,0x000000193ac00000) (1024K)]
  0x000001325714ab10 JavaThread "WorkspaceEventsHandler"            [_thread_blocked, id=48228, stack(0x000000193ac00000,0x000000193ad00000) (1024K)]
  0x000001325714a480 JavaThread "pool-1-thread-1"                   [_thread_blocked, id=48076, stack(0x000000193ad00000,0x000000193ae00000) (1024K)]
  0x000001325942cf30 JavaThread "Timer-0"                           [_thread_blocked, id=43404, stack(0x000000193b100000,0x000000193b200000) (1024K)]
  0x0000013259432b10 JavaThread "Worker-15"                         [_thread_blocked, id=27764, stack(0x0000001935800000,0x0000001935900000) (1024K)]
  0x00000132594303b0 JavaThread "Worker-17"                         [_thread_blocked, id=46944, stack(0x0000001935700000,0x0000001935800000) (1024K)]
Total: 51

Other Threads:
  0x000001327d5598f0 VMThread "VM Thread"                           [id=45756, stack(0x0000001935d00000,0x0000001935e00000) (1024K)]
  0x00000132745cca00 WatcherThread "VM Periodic Task Thread"        [id=17868, stack(0x0000001935c00000,0x0000001935d00000) (1024K)]
  0x000001327475be90 WorkerThread "GC Thread#0"                     [id=46492, stack(0x0000001935b00000,0x0000001935c00000) (1024K)]
  0x00000132544ad770 WorkerThread "GC Thread#1"                     [id=47204, stack(0x0000001936e00000,0x0000001936f00000) (1024K)]
  0x0000013254971350 WorkerThread "GC Thread#2"                     [id=49476, stack(0x0000001936f00000,0x0000001937000000) (1024K)]
  0x0000013254960790 WorkerThread "GC Thread#3"                     [id=10924, stack(0x0000001937000000,0x0000001937100000) (1024K)]
  0x0000013254960b30 WorkerThread "GC Thread#4"                     [id=12996, stack(0x0000001937100000,0x0000001937200000) (1024K)]
  0x0000013254960ed0 WorkerThread "GC Thread#5"                     [id=47240, stack(0x0000001937200000,0x0000001937300000) (1024K)]
  0x0000013254990dc0 WorkerThread "GC Thread#6"                     [id=49636, stack(0x0000001937300000,0x0000001937400000) (1024K)]
  0x00000132548174c0 WorkerThread "GC Thread#7"                     [id=8784, stack(0x0000001937500000,0x0000001937600000) (1024K)]
  0x0000013254d93ea0 WorkerThread "GC Thread#8"                     [id=43468, stack(0x0000001937900000,0x0000001937a00000) (1024K)]
  0x0000013254d92c80 WorkerThread "GC Thread#9"                     [id=44464, stack(0x0000001937a00000,0x0000001937b00000) (1024K)]
  0x0000013254d93b00 WorkerThread "GC Thread#10"                    [id=7220, stack(0x0000001937b00000,0x0000001937c00000) (1024K)]
  0x0000013254d945e0 WorkerThread "GC Thread#11"                    [id=45668, stack(0x0000001937e00000,0x0000001937f00000) (1024K)]
  0x0000013254d94240 WorkerThread "GC Thread#12"                    [id=39540, stack(0x0000001938000000,0x0000001938100000) (1024K)]
  0x0000013254d933c0 WorkerThread "GC Thread#13"                    [id=44792, stack(0x0000001938100000,0x0000001938200000) (1024K)]
  0x00000132561cec20 WorkerThread "GC Thread#14"                    [id=34784, stack(0x0000001938500000,0x0000001938600000) (1024K)]
  0x00000132561d01e0 WorkerThread "GC Thread#15"                    [id=34400, stack(0x0000001938600000,0x0000001938700000) (1024K)]
  0x00000132561cf700 WorkerThread "GC Thread#16"                    [id=49632, stack(0x0000001938700000,0x0000001938800000) (1024K)]
  0x00000132561cf360 WorkerThread "GC Thread#17"                    [id=6836, stack(0x0000001938800000,0x0000001938900000) (1024K)]
Total: 20

Threads with active compile tasks:
Total: 0

VM state: not at safepoint (normal execution)

VM Mutex/Monitor currently owned by a thread: None

Heap address: 0x0000000080000000, size: 2048 MB, Compressed Oops mode: 32-bit

CDS archive(s) mapped at: [0x000001320f000000-0x000001320fba0000-0x000001320fba0000), size 12189696, SharedBaseAddress: 0x000001320f000000, ArchiveRelocationMode: 1.
Compressed class space mapped at: 0x0000013210000000-0x0000013250000000, reserved size: 1073741824
Narrow klass base: 0x000001320f000000, Narrow klass shift: 0, Narrow klass range: 0x100000000

GC Precious Log:
 CardTable entry size: 512
 CPUs: 24 total, 24 available
 Memory: 32221M
 Large Page Support: Disabled
 NUMA Support: Disabled
 Compressed Oops: Enabled (32-bit)
 Alignments: Space 512K, Generation 512K, Heap 2M
 Heap Min Capacity: 100M
 Heap Initial Capacity: 100M
 Heap Max Capacity: 2G
 Pre-touch: Disabled
 Parallel Workers: 18

Heap:
 PSYoungGen      total 12288K, used 9051K [0x00000000d5580000, 0x00000000d6280000, 0x0000000100000000)
  eden space 11776K, 72% used [0x00000000d5580000,0x00000000d5ddee20,0x00000000d6100000)
  from space 512K, 93% used [0x00000000d6200000,0x00000000d6278000,0x00000000d6280000)
  to   space 512K, 0% used [0x00000000d6180000,0x00000000d6180000,0x00000000d6200000)
 ParOldGen       total 68608K, used 59208K [0x0000000080000000, 0x0000000084300000, 0x00000000d5580000)
  object space 68608K, 86% used [0x0000000080000000,0x00000000839d23d0,0x0000000084300000)
 Metaspace       used 62163K, committed 63552K, reserved 1114112K
  class space    used 7041K, committed 7616K, reserved 1048576K

Card table byte_map: [0x00000132740e0000,0x00000132744f0000] _byte_map_base: 0x0000013273ce0000

Marking Bits: (ParMarkBitMap*) 0x00007ffc25bf2460
 Begin Bits: [0x0000013277bf0000, 0x0000013279bf0000)
 End Bits:   [0x0000013279bf0000, 0x000001327bbf0000)

Polling page: 0x0000013272230000

Metaspace:

Usage:
  Non-class:     53.83 MB used.
      Class:      6.88 MB used.
       Both:     60.71 MB used.

Virtual space:
  Non-class space:       64.00 MB reserved,      54.62 MB ( 85%) committed,  1 nodes.
      Class space:        1.00 GB reserved,       7.44 MB ( <1%) committed,  1 nodes.
             Both:        1.06 GB reserved,      62.06 MB (  6%) committed. 

Chunk freelists:
   Non-Class:  9.25 MB
       Class:  8.57 MB
        Both:  17.82 MB

MaxMetaspaceSize: unlimited
CompressedClassSpaceSize: 1.00 GB
Initial GC threshold: 21.00 MB
Current GC threshold: 97.31 MB
CDS: on
 - commit_granule_bytes: 65536.
 - commit_granule_words: 8192.
 - virtual_space_node_default_size: 8388608.
 - enlarge_chunks_in_place: 1.
 - use_allocation_guard: 0.


Internal statistics:

num_allocs_failed_limit: 9.
num_arena_births: 1054.
num_arena_deaths: 14.
num_vsnodes_births: 2.
num_vsnodes_deaths: 0.
num_space_committed: 992.
num_space_uncommitted: 0.
num_chunks_returned_to_freelist: 23.
num_chunks_taken_from_freelist: 3817.
num_chunk_merges: 13.
num_chunk_splits: 2421.
num_chunks_enlarged: 1502.
num_inconsistent_stats: 0.

CodeHeap 'non-profiled nmethods': size=119168Kb used=8087Kb max_used=8087Kb free=111081Kb
 bounds [0x0000013207ba0000, 0x0000013208390000, 0x000001320f000000]
CodeHeap 'profiled nmethods': size=119104Kb used=21441Kb max_used=21441Kb free=97662Kb
 bounds [0x0000013200000000, 0x0000013201500000, 0x0000013207450000]
CodeHeap 'non-nmethods': size=7488Kb used=1401Kb max_used=3167Kb free=6086Kb
 bounds [0x0000013207450000, 0x0000013207780000, 0x0000013207ba0000]
CodeCache: size=245760Kb, used=30929Kb, max_used=32695Kb, free=214829Kb
 total_blobs=10769, nmethods=10062, adapters=613, full_count=0
Compilation: enabled, stopped_count=0, restarted_count=0

Compilation events (20 events):
Event: 29928.348 Thread 0x00000132747fa850 10882       4       org.eclipse.core.internal.localstore.UnifiedTreeNode::getLastModified (21 bytes)
Event: 29928.351 Thread 0x00000132747fa850 nmethod 10882 0x0000013208384090 code [0x0000013208384220, 0x00000132083842f0]
Event: 29928.351 Thread 0x00000132747fa850 10883       4       org.eclipse.core.internal.jobs.DeadlockDetector::lockReleased (273 bytes)
Event: 29928.367 Thread 0x00000132747fa850 nmethod 10883 0x0000013208384410 code [0x0000013208384640, 0x00000132083854f8]
Event: 29956.643 Thread 0x000001327d55ed90 10884   !   3       org.eclipse.jdt.internal.core.JavaModelManager::getWorkingCopies (255 bytes)
Event: 29956.646 Thread 0x000001327d55ed90 nmethod 10884 0x00000132014e4790 code [0x00000132014e4ac0, 0x00000132014e6628]
Event: 29956.768 Thread 0x000001327d55ed90 10885       3       java.util.Formatter$FormatSpecifier::localizedMagnitude (381 bytes)
Event: 29956.773 Thread 0x000001327d55ed90 nmethod 10885 0x00000132014e7290 code [0x00000132014e76c0, 0x00000132014e9380]
Event: 29956.773 Thread 0x000001327d55ed90 10891       3       org.eclipse.jdt.internal.core.builder.ClasspathJrt::selectModules (122 bytes)
Event: 29956.775 Thread 0x000001327d55ed90 nmethod 10891 0x00000132014ea110 code [0x00000132014ea4e0, 0x00000132014ec008]
Event: 29956.775 Thread 0x000001327d55ed90 10890       3       org.eclipse.core.runtime.SubMonitor::beginTaskImpl (33 bytes)
Event: 29956.776 Thread 0x000001327d55ed90 nmethod 10890 0x00000132014ec890 code [0x00000132014eca80, 0x00000132014ecf68]
Event: 29956.776 Thread 0x000001327d55ed90 10888       3       java.lang.invoke.LambdaForm$MH/0x000001321076c000::invoke (42 bytes)
Event: 29956.778 Thread 0x000001327d55ed90 nmethod 10888 0x00000132014ed110 code [0x00000132014ed3a0, 0x00000132014ee120]
Event: 29956.778 Thread 0x000001327d55ed90 10889       3       java.lang.invoke.LambdaForm$MH/0x000001321076c400::invoke (42 bytes)
Event: 29956.779 Thread 0x000001327d55ed90 nmethod 10889 0x00000132014ee590 code [0x00000132014ee820, 0x00000132014ef5a0]
Event: 29956.779 Thread 0x000001327d55ed90 10886       3       java.util.Formatter::getZero (17 bytes)
Event: 29956.779 Thread 0x000001327d55ed90 nmethod 10886 0x00000132014efa10 code [0x00000132014efbe0, 0x00000132014eff00]
Event: 29956.779 Thread 0x000001327d55ed90 10887       3       java.util.Formatter::getDecimalFormatSymbols (32 bytes)
Event: 29956.779 Thread 0x000001327d55ed90 nmethod 10887 0x00000132014f0090 code [0x00000132014f0260, 0x00000132014f04c0]

GC Heap History (20 events):
Event: 27092.030 GC heap before
{Heap before GC invocations=98 (full 3):
 PSYoungGen      total 12288K, used 12192K [0x00000000d5580000, 0x00000000d6280000, 0x0000000100000000)
  eden space 11776K, 100% used [0x00000000d5580000,0x00000000d6100000,0x00000000d6100000)
  from space 512K, 81% used [0x00000000d6200000,0x00000000d6268000,0x00000000d6280000)
  to   space 512K, 0% used [0x00000000d6180000,0x00000000d6180000,0x00000000d6200000)
 ParOldGen       total 68608K, used 57928K [0x0000000080000000, 0x0000000084300000, 0x00000000d5580000)
  object space 68608K, 84% used [0x0000000080000000,0x00000000838923d0,0x0000000084300000)
 Metaspace       used 61786K, committed 63232K, reserved 1114112K
  class space    used 7040K, committed 7616K, reserved 1048576K
}
Event: 27092.031 GC heap after
{Heap after GC invocations=98 (full 3):
 PSYoungGen      total 12288K, used 512K [0x00000000d5580000, 0x00000000d6300000, 0x0000000100000000)
  eden space 11776K, 0% used [0x00000000d5580000,0x00000000d5580000,0x00000000d6100000)
  from space 512K, 100% used [0x00000000d6180000,0x00000000d6200000,0x00000000d6200000)
  to   space 1024K, 0% used [0x00000000d6200000,0x00000000d6200000,0x00000000d6300000)
 ParOldGen       total 68608K, used 57992K [0x0000000080000000, 0x0000000084300000, 0x00000000d5580000)
  object space 68608K, 84% used [0x0000000080000000,0x00000000838a23d0,0x0000000084300000)
 Metaspace       used 61786K, committed 63232K, reserved 1114112K
  class space    used 7040K, committed 7616K, reserved 1048576K
}
Event: 27631.155 GC heap before
{Heap before GC invocations=99 (full 3):
 PSYoungGen      total 12288K, used 12288K [0x00000000d5580000, 0x00000000d6300000, 0x0000000100000000)
  eden space 11776K, 100% used [0x00000000d5580000,0x00000000d6100000,0x00000000d6100000)
  from space 512K, 100% used [0x00000000d6180000,0x00000000d6200000,0x00000000d6200000)
  to   space 1024K, 0% used [0x00000000d6200000,0x00000000d6200000,0x00000000d6300000)
 ParOldGen       total 68608K, used 57992K [0x0000000080000000, 0x0000000084300000, 0x00000000d5580000)
  object space 68608K, 84% used [0x0000000080000000,0x00000000838a23d0,0x0000000084300000)
 Metaspace       used 61872K, committed 63296K, reserved 1114112K
  class space    used 7040K, committed 7616K, reserved 1048576K
}
Event: 27631.157 GC heap after
{Heap after GC invocations=99 (full 3):
 PSYoungGen      total 12800K, used 544K [0x00000000d5580000, 0x00000000d6300000, 0x0000000100000000)
  eden space 11776K, 0% used [0x00000000d5580000,0x00000000d5580000,0x00000000d6100000)
  from space 1024K, 53% used [0x00000000d6200000,0x00000000d6288000,0x00000000d6300000)
  to   space 1024K, 0% used [0x00000000d6100000,0x00000000d6100000,0x00000000d6200000)
 ParOldGen       total 68608K, used 58144K [0x0000000080000000, 0x0000000084300000, 0x00000000d5580000)
  object space 68608K, 84% used [0x0000000080000000,0x00000000838c83d0,0x0000000084300000)
 Metaspace       used 61872K, committed 63296K, reserved 1114112K
  class space    used 7040K, committed 7616K, reserved 1048576K
}
Event: 27795.550 GC heap before
{Heap before GC invocations=100 (full 3):
 PSYoungGen      total 12800K, used 12320K [0x00000000d5580000, 0x00000000d6300000, 0x0000000100000000)
  eden space 11776K, 100% used [0x00000000d5580000,0x00000000d6100000,0x00000000d6100000)
  from space 1024K, 53% used [0x00000000d6200000,0x00000000d6288000,0x00000000d6300000)
  to   space 1024K, 0% used [0x00000000d6100000,0x00000000d6100000,0x00000000d6200000)
 ParOldGen       total 68608K, used 58144K [0x0000000080000000, 0x0000000084300000, 0x00000000d5580000)
  object space 68608K, 84% used [0x0000000080000000,0x00000000838c83d0,0x0000000084300000)
 Metaspace       used 61914K, committed 63296K, reserved 1114112K
  class space    used 7040K, committed 7616K, reserved 1048576K
}
Event: 27795.551 GC heap after
{Heap after GC invocations=100 (full 3):
 PSYoungGen      total 12800K, used 544K [0x00000000d5580000, 0x00000000d6300000, 0x0000000100000000)
  eden space 11776K, 0% used [0x00000000d5580000,0x00000000d5580000,0x00000000d6100000)
  from space 1024K, 53% used [0x00000000d6100000,0x00000000d6188000,0x00000000d6200000)
  to   space 1024K, 0% used [0x00000000d6200000,0x00000000d6200000,0x00000000d6300000)
 ParOldGen       total 68608K, used 58312K [0x0000000080000000, 0x0000000084300000, 0x00000000d5580000)
  object space 68608K, 84% used [0x0000000080000000,0x00000000838f23d0,0x0000000084300000)
 Metaspace       used 61914K, committed 63296K, reserved 1114112K
  class space    used 7040K, committed 7616K, reserved 1048576K
}
Event: 28008.030 GC heap before
{Heap before GC invocations=101 (full 3):
 PSYoungGen      total 12800K, used 12320K [0x00000000d5580000, 0x00000000d6300000, 0x0000000100000000)
  eden space 11776K, 100% used [0x00000000d5580000,0x00000000d6100000,0x00000000d6100000)
  from space 1024K, 53% used [0x00000000d6100000,0x00000000d6188000,0x00000000d6200000)
  to   space 1024K, 0% used [0x00000000d6200000,0x00000000d6200000,0x00000000d6300000)
 ParOldGen       total 68608K, used 58312K [0x0000000080000000, 0x0000000084300000, 0x00000000d5580000)
  object space 68608K, 84% used [0x0000000080000000,0x00000000838f23d0,0x0000000084300000)
 Metaspace       used 61980K, committed 63360K, reserved 1114112K
  class space    used 7040K, committed 7616K, reserved 1048576K
}
Event: 28008.032 GC heap after
{Heap after GC invocations=101 (full 3):
 PSYoungGen      total 12800K, used 544K [0x00000000d5580000, 0x00000000d6300000, 0x0000000100000000)
  eden space 11776K, 0% used [0x00000000d5580000,0x00000000d5580000,0x00000000d6100000)
  from space 1024K, 53% used [0x00000000d6200000,0x00000000d6288000,0x00000000d6300000)
  to   space 1024K, 0% used [0x00000000d6100000,0x00000000d6100000,0x00000000d6200000)
 ParOldGen       total 68608K, used 58464K [0x0000000080000000, 0x0000000084300000, 0x00000000d5580000)
  object space 68608K, 85% used [0x0000000080000000,0x00000000839183d0,0x0000000084300000)
 Metaspace       used 61980K, committed 63360K, reserved 1114112K
  class space    used 7040K, committed 7616K, reserved 1048576K
}
Event: 28008.118 GC heap before
{Heap before GC invocations=102 (full 3):
 PSYoungGen      total 12800K, used 12320K [0x00000000d5580000, 0x00000000d6300000, 0x0000000100000000)
  eden space 11776K, 100% used [0x00000000d5580000,0x00000000d6100000,0x00000000d6100000)
  from space 1024K, 53% used [0x00000000d6200000,0x00000000d6288000,0x00000000d6300000)
  to   space 1024K, 0% used [0x00000000d6100000,0x00000000d6100000,0x00000000d6200000)
 ParOldGen       total 68608K, used 58464K [0x0000000080000000, 0x0000000084300000, 0x00000000d5580000)
  object space 68608K, 85% used [0x0000000080000000,0x00000000839183d0,0x0000000084300000)
 Metaspace       used 61984K, committed 63360K, reserved 1114112K
  class space    used 7040K, committed 7616K, reserved 1048576K
}
Event: 28008.118 GC heap after
{Heap after GC invocations=102 (full 3):
 PSYoungGen      total 12800K, used 352K [0x00000000d5580000, 0x00000000d6280000, 0x0000000100000000)
  eden space 11776K, 0% used [0x00000000d5580000,0x00000000d5580000,0x00000000d6100000)
  from space 1024K, 34% used [0x00000000d6100000,0x00000000d6158000,0x00000000d6200000)
  to   space 512K, 0% used [0x00000000d6200000,0x00000000d6200000,0x00000000d6280000)
 ParOldGen       total 68608K, used 58616K [0x0000000080000000, 0x0000000084300000, 0x00000000d5580000)
  object space 68608K, 85% used [0x0000000080000000,0x000000008393e3d0,0x0000000084300000)
 Metaspace       used 61984K, committed 63360K, reserved 1114112K
  class space    used 7040K, committed 7616K, reserved 1048576K
}
Event: 28027.692 GC heap before
{Heap before GC invocations=103 (full 3):
 PSYoungGen      total 12800K, used 12125K [0x00000000d5580000, 0x00000000d6280000, 0x0000000100000000)
  eden space 11776K, 99% used [0x00000000d5580000,0x00000000d60ff6c8,0x00000000d6100000)
  from space 1024K, 34% used [0x00000000d6100000,0x00000000d6158000,0x00000000d6200000)
  to   space 512K, 0% used [0x00000000d6200000,0x00000000d6200000,0x00000000d6280000)
 ParOldGen       total 68608K, used 58616K [0x0000000080000000, 0x0000000084300000, 0x00000000d5580000)
  object space 68608K, 85% used [0x0000000080000000,0x000000008393e3d0,0x0000000084300000)
 Metaspace       used 62000K, committed 63360K, reserved 1114112K
  class space    used 7040K, committed 7616K, reserved 1048576K
}
Event: 28027.694 GC heap after
{Heap after GC invocations=103 (full 3):
 PSYoungGen      total 12288K, used 512K [0x00000000d5580000, 0x00000000d6300000, 0x0000000100000000)
  eden space 11776K, 0% used [0x00000000d5580000,0x00000000d5580000,0x00000000d6100000)
  from space 512K, 100% used [0x00000000d6200000,0x00000000d6280000,0x00000000d6280000)
  to   space 1024K, 0% used [0x00000000d6100000,0x00000000d6100000,0x00000000d6200000)
 ParOldGen       total 68608K, used 58712K [0x0000000080000000, 0x0000000084300000, 0x00000000d5580000)
  object space 68608K, 85% used [0x0000000080000000,0x00000000839563d0,0x0000000084300000)
 Metaspace       used 62000K, committed 63360K, reserved 1114112K
  class space    used 7040K, committed 7616K, reserved 1048576K
}
Event: 28298.858 GC heap before
{Heap before GC invocations=104 (full 3):
 PSYoungGen      total 12288K, used 12288K [0x00000000d5580000, 0x00000000d6300000, 0x0000000100000000)
  eden space 11776K, 100% used [0x00000000d5580000,0x00000000d6100000,0x00000000d6100000)
  from space 512K, 100% used [0x00000000d6200000,0x00000000d6280000,0x00000000d6280000)
  to   space 1024K, 0% used [0x00000000d6100000,0x00000000d6100000,0x00000000d6200000)
 ParOldGen       total 68608K, used 58712K [0x0000000080000000, 0x0000000084300000, 0x00000000d5580000)
  object space 68608K, 85% used [0x0000000080000000,0x00000000839563d0,0x0000000084300000)
 Metaspace       used 62014K, committed 63424K, reserved 1114112K
  class space    used 7040K, committed 7616K, reserved 1048576K
}
Event: 28298.860 GC heap after
{Heap after GC invocations=104 (full 3):
 PSYoungGen      total 12800K, used 544K [0x00000000d5580000, 0x00000000d6300000, 0x0000000100000000)
  eden space 11776K, 0% used [0x00000000d5580000,0x00000000d5580000,0x00000000d6100000)
  from space 1024K, 53% used [0x00000000d6100000,0x00000000d6188000,0x00000000d6200000)
  to   space 1024K, 0% used [0x00000000d6200000,0x00000000d6200000,0x00000000d6300000)
 ParOldGen       total 68608K, used 58816K [0x0000000080000000, 0x0000000084300000, 0x00000000d5580000)
  object space 68608K, 85% used [0x0000000080000000,0x00000000839703d0,0x0000000084300000)
 Metaspace       used 62014K, committed 63424K, reserved 1114112K
  class space    used 7040K, committed 7616K, reserved 1048576K
}
Event: 28447.590 GC heap before
{Heap before GC invocations=105 (full 3):
 PSYoungGen      total 12800K, used 12319K [0x00000000d5580000, 0x00000000d6300000, 0x0000000100000000)
  eden space 11776K, 99% used [0x00000000d5580000,0x00000000d60fffe8,0x00000000d6100000)
  from space 1024K, 53% used [0x00000000d6100000,0x00000000d6188000,0x00000000d6200000)
  to   space 1024K, 0% used [0x00000000d6200000,0x00000000d6200000,0x00000000d6300000)
 ParOldGen       total 68608K, used 58816K [0x0000000080000000, 0x0000000084300000, 0x00000000d5580000)
  object space 68608K, 85% used [0x0000000080000000,0x00000000839703d0,0x0000000084300000)
 Metaspace       used 62021K, committed 63424K, reserved 1114112K
  class space    used 7040K, committed 7616K, reserved 1048576K
}
Event: 28447.591 GC heap after
{Heap after GC invocations=105 (full 3):
 PSYoungGen      total 12800K, used 512K [0x00000000d5580000, 0x00000000d6300000, 0x0000000100000000)
  eden space 11776K, 0% used [0x00000000d5580000,0x00000000d5580000,0x00000000d6100000)
  from space 1024K, 50% used [0x00000000d6200000,0x00000000d6280000,0x00000000d6300000)
  to   space 1024K, 0% used [0x00000000d6100000,0x00000000d6100000,0x00000000d6200000)
 ParOldGen       total 68608K, used 58944K [0x0000000080000000, 0x0000000084300000, 0x00000000d5580000)
  object space 68608K, 85% used [0x0000000080000000,0x00000000839903d0,0x0000000084300000)
 Metaspace       used 62021K, committed 63424K, reserved 1114112K
  class space    used 7040K, committed 7616K, reserved 1048576K
}
Event: 29044.616 GC heap before
{Heap before GC invocations=106 (full 3):
 PSYoungGen      total 12800K, used 12288K [0x00000000d5580000, 0x00000000d6300000, 0x0000000100000000)
  eden space 11776K, 100% used [0x00000000d5580000,0x00000000d6100000,0x00000000d6100000)
  from space 1024K, 50% used [0x00000000d6200000,0x00000000d6280000,0x00000000d6300000)
  to   space 1024K, 0% used [0x00000000d6100000,0x00000000d6100000,0x00000000d6200000)
 ParOldGen       total 68608K, used 58944K [0x0000000080000000, 0x0000000084300000, 0x00000000d5580000)
  object space 68608K, 85% used [0x0000000080000000,0x00000000839903d0,0x0000000084300000)
 Metaspace       used 62064K, committed 63424K, reserved 1114112K
  class space    used 7040K, committed 7616K, reserved 1048576K
}
Event: 29044.618 GC heap after
{Heap after GC invocations=106 (full 3):
 PSYoungGen      total 12800K, used 544K [0x00000000d5580000, 0x00000000d6300000, 0x0000000100000000)
  eden space 11776K, 0% used [0x00000000d5580000,0x00000000d5580000,0x00000000d6100000)
  from space 1024K, 53% used [0x00000000d6100000,0x00000000d6188000,0x00000000d6200000)
  to   space 1024K, 0% used [0x00000000d6200000,0x00000000d6200000,0x00000000d6300000)
 ParOldGen       total 68608K, used 59080K [0x0000000080000000, 0x0000000084300000, 0x00000000d5580000)
  object space 68608K, 86% used [0x0000000080000000,0x00000000839b23d0,0x0000000084300000)
 Metaspace       used 62064K, committed 63424K, reserved 1114112K
  class space    used 7040K, committed 7616K, reserved 1048576K
}
Event: 29292.206 GC heap before
{Heap before GC invocations=107 (full 3):
 PSYoungGen      total 12800K, used 12320K [0x00000000d5580000, 0x00000000d6300000, 0x0000000100000000)
  eden space 11776K, 100% used [0x00000000d5580000,0x00000000d6100000,0x00000000d6100000)
  from space 1024K, 53% used [0x00000000d6100000,0x00000000d6188000,0x00000000d6200000)
  to   space 1024K, 0% used [0x00000000d6200000,0x00000000d6200000,0x00000000d6300000)
 ParOldGen       total 68608K, used 59080K [0x0000000080000000, 0x0000000084300000, 0x00000000d5580000)
  object space 68608K, 86% used [0x0000000080000000,0x00000000839b23d0,0x0000000084300000)
 Metaspace       used 62136K, committed 63488K, reserved 1114112K
  class space    used 7040K, committed 7616K, reserved 1048576K
}
Event: 29292.208 GC heap after
{Heap after GC invocations=107 (full 3):
 PSYoungGen      total 12288K, used 480K [0x00000000d5580000, 0x00000000d6280000, 0x0000000100000000)
  eden space 11776K, 0% used [0x00000000d5580000,0x00000000d5580000,0x00000000d6100000)
  from space 512K, 93% used [0x00000000d6200000,0x00000000d6278000,0x00000000d6280000)
  to   space 512K, 0% used [0x00000000d6180000,0x00000000d6180000,0x00000000d6200000)
 ParOldGen       total 68608K, used 59208K [0x0000000080000000, 0x0000000084300000, 0x00000000d5580000)
  object space 68608K, 86% used [0x0000000080000000,0x00000000839d23d0,0x0000000084300000)
 Metaspace       used 62136K, committed 63488K, reserved 1114112K
  class space    used 7040K, committed 7616K, reserved 1048576K
}

Dll operation events (13 events):
Event: 0.007 Loaded shared library c:\Users\30989\.windsurf\extensions\redhat.java-1.50.0-win32-x64\jre\21.0.9-win32-x86_64\bin\java.dll
Event: 0.024 Loaded shared library c:\Users\30989\.windsurf\extensions\redhat.java-1.50.0-win32-x64\jre\21.0.9-win32-x86_64\bin\zip.dll
Event: 0.049 Loaded shared library C:\Users\30989\.windsurf\extensions\redhat.java-1.50.0-win32-x64\jre\21.0.9-win32-x86_64\bin\instrument.dll
Event: 0.052 Loaded shared library C:\Users\30989\.windsurf\extensions\redhat.java-1.50.0-win32-x64\jre\21.0.9-win32-x86_64\bin\net.dll
Event: 0.053 Loaded shared library C:\Users\30989\.windsurf\extensions\redhat.java-1.50.0-win32-x64\jre\21.0.9-win32-x86_64\bin\nio.dll
Event: 0.055 Loaded shared library C:\Users\30989\.windsurf\extensions\redhat.java-1.50.0-win32-x64\jre\21.0.9-win32-x86_64\bin\zip.dll
Event: 0.064 Loaded shared library C:\Users\30989\.windsurf\extensions\redhat.java-1.50.0-win32-x64\jre\21.0.9-win32-x86_64\bin\jimage.dll
Event: 0.105 Loaded shared library c:\Users\30989\.windsurf\extensions\redhat.java-1.50.0-win32-x64\jre\21.0.9-win32-x86_64\bin\verify.dll
Event: 0.700 Loaded shared library C:\Users\30989\AppData\Roaming\Windsurf\User\globalStorage\redhat.java\1.50.0\config_win\org.eclipse.equinox.launcher\org.eclipse.equinox.launcher.win32.win32.x86_64_1.2.1400.v20250801-0854\eclipse_11916.dll
Event: 1.329 Loaded shared library C:\Users\30989\AppData\Local\Temp\jna-48586109\jna5419527341601510846.dll
Event: 3.611 Loaded shared library C:\Users\30989\.gradle\native\1def1411415f61bf3af743bc5b6707747c0891f09f0c88961ee8f79bc544acac\windows-amd64\native-platform.dll
Event: 4.009 Loaded shared library C:\Users\30989\.windsurf\extensions\redhat.java-1.50.0-win32-x64\jre\21.0.9-win32-x86_64\bin\management.dll
Event: 4.011 Loaded shared library C:\Users\30989\.windsurf\extensions\redhat.java-1.50.0-win32-x64\jre\21.0.9-win32-x86_64\bin\management_ext.dll

Deoptimization events (20 events):
Event: 29142.196 Thread 0x000001325714ab10 Uncommon trap: trap_request=0xffffffd6 fr.pc=0x0000013208377b34 relative=0x0000000000000214
Event: 29142.196 Thread 0x000001325714ab10 Uncommon trap: reason=array_check action=maybe_recompile pc=0x0000013208377b34 method=java.util.HashMap.keysToArray([Ljava/lang/Object;)[Ljava/lang/Object; @ 62 c2
Event: 29142.196 Thread 0x000001325714ab10 DEOPT PACKING pc=0x0000013208377b34 sp=0x000000193acfde70
Event: 29142.196 Thread 0x000001325714ab10 DEOPT UNPACKING pc=0x00000132074a3aa2 sp=0x000000193acfdde8 mode 2
Event: 29304.669 Thread 0x000001325714ab10 Uncommon trap: trap_request=0xffffffbe fr.pc=0x00000132083819f0 relative=0x0000000000000df0
Event: 29304.669 Thread 0x000001325714ab10 Uncommon trap: reason=profile_predicate action=maybe_recompile pc=0x00000132083819f0 method=org.eclipse.core.internal.jobs.DeadlockDetector.lockReleased(Ljava/lang/Thread;Lorg/eclipse/core/runtime/jobs/ISchedulingRule;)V @ 247 c2
Event: 29304.669 Thread 0x000001325714ab10 DEOPT PACKING pc=0x00000132083819f0 sp=0x000000193acfed10
Event: 29304.669 Thread 0x000001325714ab10 DEOPT UNPACKING pc=0x00000132074a3aa2 sp=0x000000193acfec60 mode 2
Event: 29304.671 Thread 0x000001325714ab10 Uncommon trap: trap_request=0xffffffbe fr.pc=0x00000132083819f0 relative=0x0000000000000df0
Event: 29304.671 Thread 0x000001325714ab10 Uncommon trap: reason=profile_predicate action=maybe_recompile pc=0x00000132083819f0 method=org.eclipse.core.internal.jobs.DeadlockDetector.lockReleased(Ljava/lang/Thread;Lorg/eclipse/core/runtime/jobs/ISchedulingRule;)V @ 247 c2
Event: 29304.671 Thread 0x000001325714ab10 DEOPT PACKING pc=0x00000132083819f0 sp=0x000000193acfed10
Event: 29304.671 Thread 0x000001325714ab10 DEOPT UNPACKING pc=0x00000132074a3aa2 sp=0x000000193acfec60 mode 2
Event: 29304.674 Thread 0x000001325714ab10 Uncommon trap: trap_request=0xffffffbe fr.pc=0x00000132083819f0 relative=0x0000000000000df0
Event: 29304.674 Thread 0x000001325714ab10 Uncommon trap: reason=profile_predicate action=maybe_recompile pc=0x00000132083819f0 method=org.eclipse.core.internal.jobs.DeadlockDetector.lockReleased(Ljava/lang/Thread;Lorg/eclipse/core/runtime/jobs/ISchedulingRule;)V @ 247 c2
Event: 29304.674 Thread 0x000001325714ab10 DEOPT PACKING pc=0x00000132083819f0 sp=0x000000193acfed10
Event: 29304.674 Thread 0x000001325714ab10 DEOPT UNPACKING pc=0x00000132074a3aa2 sp=0x000000193acfec60 mode 2
Event: 29304.678 Thread 0x000001325714ab10 Uncommon trap: trap_request=0xffffffbe fr.pc=0x00000132083819f0 relative=0x0000000000000df0
Event: 29304.678 Thread 0x000001325714ab10 Uncommon trap: reason=profile_predicate action=maybe_recompile pc=0x00000132083819f0 method=org.eclipse.core.internal.jobs.DeadlockDetector.lockReleased(Ljava/lang/Thread;Lorg/eclipse/core/runtime/jobs/ISchedulingRule;)V @ 247 c2
Event: 29304.678 Thread 0x000001325714ab10 DEOPT PACKING pc=0x00000132083819f0 sp=0x000000193acfed10
Event: 29304.678 Thread 0x000001325714ab10 DEOPT UNPACKING pc=0x00000132074a3aa2 sp=0x000000193acfec60 mode 2

Classes loaded (20 events):
Event: 1126.095 Loading class java/io/ObjectOutputStream$HandleTable
Event: 1126.095 Loading class java/io/ObjectOutputStream$HandleTable done
Event: 1126.095 Loading class java/io/ObjectOutputStream$ReplaceTable
Event: 1126.095 Loading class java/io/ObjectOutputStream$ReplaceTable done
Event: 1128.301 Loading class java/util/ImmutableCollections$SubList
Event: 1128.301 Loading class java/util/ImmutableCollections$SubList done
Event: 1129.866 Loading class java/util/stream/Nodes$CollectorTask$OfRef
Event: 1129.866 Loading class java/util/stream/Nodes$CollectorTask
Event: 1129.866 Loading class java/util/stream/Nodes$CollectorTask done
Event: 1129.866 Loading class java/util/stream/Nodes$CollectorTask$OfRef done
Event: 1129.866 Loading class java/util/function/LongFunction
Event: 1129.866 Loading class java/util/function/LongFunction done
Event: 1129.866 Loading class java/util/stream/Nodes$ConcNode
Event: 1129.867 Loading class java/util/stream/Nodes$AbstractConcNode
Event: 1129.867 Loading class java/util/stream/Nodes$AbstractConcNode done
Event: 1129.867 Loading class java/util/stream/Nodes$ConcNode done
Event: 1138.244 Loading class java/lang/Throwable$WrappedPrintWriter
Event: 1138.244 Loading class java/lang/Throwable$PrintStreamOrWriter
Event: 1138.244 Loading class java/lang/Throwable$PrintStreamOrWriter done
Event: 1138.244 Loading class java/lang/Throwable$WrappedPrintWriter done

Classes unloaded (7 events):
Event: 1.578 Thread 0x000001327d5598f0 Unloading class 0x00000132101a4800 'java/lang/invoke/LambdaForm$MH+0x00000132101a4800'
Event: 1.578 Thread 0x000001327d5598f0 Unloading class 0x00000132101a4400 'java/lang/invoke/LambdaForm$MH+0x00000132101a4400'
Event: 1.578 Thread 0x000001327d5598f0 Unloading class 0x00000132101a4000 'java/lang/invoke/LambdaForm$MH+0x00000132101a4000'
Event: 1.578 Thread 0x000001327d5598f0 Unloading class 0x00000132101a3c00 'java/lang/invoke/LambdaForm$MH+0x00000132101a3c00'
Event: 1.578 Thread 0x000001327d5598f0 Unloading class 0x00000132101a3800 'java/lang/invoke/LambdaForm$BMH+0x00000132101a3800'
Event: 1.578 Thread 0x000001327d5598f0 Unloading class 0x00000132101a3400 'java/lang/invoke/LambdaForm$DMH+0x00000132101a3400'
Event: 1.578 Thread 0x000001327d5598f0 Unloading class 0x00000132101a2400 'java/lang/invoke/LambdaForm$DMH+0x00000132101a2400'

Classes redefined (0 events):
No events

Internal exceptions (20 events):
Event: 20871.903 Thread 0x0000013259431760 Exception <a 'sun/nio/fs/WindowsException'{0x00000000d5b9b810}> (0x00000000d5b9b810) 
thrown [s\src\hotspot\share\prims\jni.cpp, line 520]
Event: 20871.903 Thread 0x0000013259431760 Exception <a 'sun/nio/fs/WindowsException'{0x00000000d5b9c0f8}> (0x00000000d5b9c0f8) 
thrown [s\src\hotspot\share\prims\jni.cpp, line 520]
Event: 21289.430 Thread 0x00000132594303b0 Exception <a 'sun/nio/fs/WindowsException'{0x00000000d5d20000}> (0x00000000d5d20000) 
thrown [s\src\hotspot\share\prims\jni.cpp, line 520]
Event: 21289.430 Thread 0x00000132594303b0 Exception <a 'sun/nio/fs/WindowsException'{0x00000000d5d20908}> (0x00000000d5d20908) 
thrown [s\src\hotspot\share\prims\jni.cpp, line 520]
Event: 22597.168 Thread 0x000001325942d5c0 Exception <a 'sun/nio/fs/WindowsException'{0x00000000d5e730f0}> (0x00000000d5e730f0) 
thrown [s\src\hotspot\share\prims\jni.cpp, line 520]
Event: 22597.168 Thread 0x000001325942d5c0 Exception <a 'sun/nio/fs/WindowsException'{0x00000000d5e739f8}> (0x00000000d5e739f8) 
thrown [s\src\hotspot\share\prims\jni.cpp, line 520]
Event: 23308.937 Thread 0x00000132594303b0 Exception <a 'sun/nio/fs/WindowsException'{0x00000000d5f465c8}> (0x00000000d5f465c8) 
thrown [s\src\hotspot\share\prims\jni.cpp, line 520]
Event: 23308.937 Thread 0x00000132594303b0 Exception <a 'sun/nio/fs/WindowsException'{0x00000000d5f4dba0}> (0x00000000d5f4dba0) 
thrown [s\src\hotspot\share\prims\jni.cpp, line 520]
Event: 27288.914 Thread 0x000001325942d5c0 Exception <a 'sun/nio/fs/WindowsException'{0x00000000d595c398}> (0x00000000d595c398) 
thrown [s\src\hotspot\share\prims\jni.cpp, line 520]
Event: 27288.914 Thread 0x000001325942d5c0 Exception <a 'sun/nio/fs/WindowsException'{0x00000000d595cc80}> (0x00000000d595cc80) 
thrown [s\src\hotspot\share\prims\jni.cpp, line 520]
Event: 27803.153 Thread 0x000001325942d5c0 Exception <a 'sun/nio/fs/WindowsException'{0x00000000d586f5a0}> (0x00000000d586f5a0) 
thrown [s\src\hotspot\share\prims\jni.cpp, line 520]
Event: 27803.153 Thread 0x000001325942d5c0 Exception <a 'sun/nio/fs/WindowsException'{0x00000000d586fea8}> (0x00000000d586fea8) 
thrown [s\src\hotspot\share\prims\jni.cpp, line 520]
Event: 28108.631 Thread 0x000001325942c8a0 Exception <a 'sun/nio/fs/WindowsException'{0x00000000d6049f78}> (0x00000000d6049f78) 
thrown [s\src\hotspot\share\prims\jni.cpp, line 520]
Event: 28108.631 Thread 0x000001325942c8a0 Exception <a 'sun/nio/fs/WindowsException'{0x00000000d60534d0}> (0x00000000d60534d0) 
thrown [s\src\hotspot\share\prims\jni.cpp, line 520]
Event: 28598.867 Thread 0x0000013259432b10 Exception <a 'sun/nio/fs/WindowsException'{0x00000000d5e45c78}> (0x00000000d5e45c78) 
thrown [s\src\hotspot\share\prims\jni.cpp, line 520]
Event: 28598.867 Thread 0x0000013259432b10 Exception <a 'sun/nio/fs/WindowsException'{0x00000000d5e46580}> (0x00000000d5e46580) 
thrown [s\src\hotspot\share\prims\jni.cpp, line 520]
Event: 29305.049 Thread 0x00000132594303b0 Exception <a 'sun/nio/fs/WindowsException'{0x00000000d5ab8528}> (0x00000000d5ab8528) 
thrown [s\src\hotspot\share\prims\jni.cpp, line 520]
Event: 29305.049 Thread 0x00000132594303b0 Exception <a 'sun/nio/fs/WindowsException'{0x00000000d5ab8e30}> (0x00000000d5ab8e30) 
thrown [s\src\hotspot\share\prims\jni.cpp, line 520]
Event: 29606.139 Thread 0x0000013259432b10 Exception <a 'sun/nio/fs/WindowsException'{0x00000000d5cd6ec8}> (0x00000000d5cd6ec8) 
thrown [s\src\hotspot\share\prims\jni.cpp, line 520]
Event: 29606.140 Thread 0x0000013259432b10 Exception <a 'sun/nio/fs/WindowsException'{0x00000000d5cd77b0}> (0x00000000d5cd77b0) 
thrown [s\src\hotspot\share\prims\jni.cpp, line 520]

ZGC Phase Switch (0 events):
No events

VM Operations (20 events):
Event: 29333.502 Executing VM operation: HandshakeAllThreads (HandshakeForDeflation)
Event: 29333.502 Executing VM operation: HandshakeAllThreads (HandshakeForDeflation) done
Event: 29333.502 Executing VM operation: RendezvousGCThreads
Event: 29333.502 Executing VM operation: RendezvousGCThreads done
Event: 29453.806 Executing VM operation: HandshakeAllThreads (HandshakeForDeflation)
Event: 29453.806 Executing VM operation: HandshakeAllThreads (HandshakeForDeflation) done
Event: 29453.806 Executing VM operation: RendezvousGCThreads
Event: 29453.806 Executing VM operation: RendezvousGCThreads done
Event: 29634.133 Executing VM operation: HandshakeAllThreads (HandshakeForDeflation)
Event: 29634.133 Executing VM operation: HandshakeAllThreads (HandshakeForDeflation) done
Event: 29634.133 Executing VM operation: RendezvousGCThreads
Event: 29634.133 Executing VM operation: RendezvousGCThreads done
Event: 29874.490 Executing VM operation: HandshakeAllThreads (HandshakeForDeflation)
Event: 29874.490 Executing VM operation: HandshakeAllThreads (HandshakeForDeflation) done
Event: 29874.490 Executing VM operation: RendezvousGCThreads
Event: 29874.490 Executing VM operation: RendezvousGCThreads done
Event: 29929.003 Executing VM operation: Cleanup
Event: 29929.003 Executing VM operation: Cleanup done
Event: 29957.243 Executing VM operation: Cleanup
Event: 29957.243 Executing VM operation: Cleanup done

Memory protections (0 events):
No events

Nmethod flushes (20 events):
Event: 1125.923 Thread 0x000001327d5598f0 flushing  nmethod 0x0000013200993b90
Event: 1125.923 Thread 0x000001327d5598f0 flushing  nmethod 0x00000132009aa090
Event: 1125.923 Thread 0x000001327d5598f0 flushing  nmethod 0x00000132009aa610
Event: 1125.923 Thread 0x000001327d5598f0 flushing  nmethod 0x00000132009aad90
Event: 1125.923 Thread 0x000001327d5598f0 flushing  nmethod 0x00000132009ab790
Event: 1125.923 Thread 0x000001327d5598f0 flushing  nmethod 0x00000132009ac490
Event: 1125.923 Thread 0x000001327d5598f0 flushing  nmethod 0x00000132009ad610
Event: 1125.923 Thread 0x000001327d5598f0 flushing  nmethod 0x00000132009aeb10
Event: 1125.923 Thread 0x000001327d5598f0 flushing  nmethod 0x00000132009b0090
Event: 1125.923 Thread 0x000001327d5598f0 flushing  nmethod 0x00000132009b3e90
Event: 1125.923 Thread 0x000001327d5598f0 flushing  nmethod 0x00000132009cb210
Event: 1125.923 Thread 0x000001327d5598f0 flushing  nmethod 0x00000132009cbc10
Event: 1125.923 Thread 0x000001327d5598f0 flushing  nmethod 0x00000132009cd510
Event: 1125.923 Thread 0x000001327d5598f0 flushing  nmethod 0x00000132009cf010
Event: 1125.923 Thread 0x000001327d5598f0 flushing  nmethod 0x00000132009cf490
Event: 1125.923 Thread 0x000001327d5598f0 flushing  nmethod 0x00000132009cf810
Event: 1125.923 Thread 0x000001327d5598f0 flushing  nmethod 0x00000132009d3a10
Event: 1125.923 Thread 0x000001327d5598f0 flushing  nmethod 0x00000132009d6290
Event: 1125.923 Thread 0x000001327d5598f0 flushing  nmethod 0x00000132009dd690
Event: 1125.923 Thread 0x000001327d5598f0 flushing  nmethod 0x0000013200a11f90

Events (20 events):
Event: 28108.631 Thread 0x0000013259432480 Thread exited: 0x0000013259432480
Event: 28108.632 Thread 0x000001325942c8a0 Thread added: 0x0000013259432480
Event: 28108.632 Thread 0x0000013259432480 Thread exited: 0x0000013259432480
Event: 28168.762 Thread 0x000001325942c8a0 Thread exited: 0x000001325942c8a0
Event: 28598.866 Thread 0x0000013259432b10 Thread added: 0x000001325942c8a0
Event: 28598.866 Thread 0x000001325942c8a0 Thread exited: 0x000001325942c8a0
Event: 28598.868 Thread 0x0000013259432b10 Thread added: 0x000001325942c8a0
Event: 28598.868 Thread 0x000001325942c8a0 Thread exited: 0x000001325942c8a0
Event: 29102.119 Thread 0x000001325942d5c0 Thread added: 0x000001325942c8a0
Event: 29217.498 Thread 0x000001325942d5c0 Thread exited: 0x000001325942d5c0
Event: 29287.531 Thread 0x0000013259432b10 Thread added: 0x00000132594303b0
Event: 29292.210 Thread 0x000001325942c8a0 Thread exited: 0x000001325942c8a0
Event: 29305.047 Thread 0x00000132594303b0 Thread added: 0x000001325942d5c0
Event: 29305.048 Thread 0x000001325942d5c0 Thread exited: 0x000001325942d5c0
Event: 29305.049 Thread 0x00000132594303b0 Thread added: 0x000001325942c8a0
Event: 29305.050 Thread 0x000001325942c8a0 Thread exited: 0x000001325942c8a0
Event: 29606.138 Thread 0x0000013259432b10 Thread added: 0x000001325942c8a0
Event: 29606.139 Thread 0x000001325942c8a0 Thread exited: 0x000001325942c8a0
Event: 29606.141 Thread 0x0000013259432b10 Thread added: 0x000001325942c8a0
Event: 29606.141 Thread 0x000001325942c8a0 Thread exited: 0x000001325942c8a0


Dynamic libraries:
0x00007ff6b7950000 - 0x00007ff6b795e000 	c:\Users\30989\.windsurf\extensions\redhat.java-1.50.0-win32-x64\jre\21.0.9-win32-x86_64\bin\java.exe
0x00007ffd23d60000 - 0x00007ffd23fc7000 	C:\Windows\SYSTEM32\ntdll.dll
0x00007ffd22490000 - 0x00007ffd22559000 	C:\Windows\System32\KERNEL32.DLL
0x00007ffd21190000 - 0x00007ffd2157f000 	C:\Windows\System32\KERNELBASE.dll
0x00007ffd21640000 - 0x00007ffd2178b000 	C:\Windows\System32\ucrtbase.dll
0x00007ffce91b0000 - 0x00007ffce91ce000 	c:\Users\30989\.windsurf\extensions\redhat.java-1.50.0-win32-x64\jre\21.0.9-win32-x86_64\bin\VCRUNTIME140.dll
0x00007ffce4cb0000 - 0x00007ffce4cc8000 	c:\Users\30989\.windsurf\extensions\redhat.java-1.50.0-win32-x64\jre\21.0.9-win32-x86_64\bin\jli.dll
0x00007ffd231c0000 - 0x00007ffd23385000 	C:\Windows\System32\USER32.dll
0x00007ffd21030000 - 0x00007ffd21057000 	C:\Windows\System32\win32u.dll
0x00007ffcf7af0000 - 0x00007ffcf7d83000 	C:\Windows\WinSxS\amd64_microsoft.windows.common-controls_6595b64144ccf1df_6.0.26100.7309_none_3e05feeae336a044\COMCTL32.dll
0x00007ffd225a0000 - 0x00007ffd225cb000 	C:\Windows\System32\GDI32.dll
0x00007ffd226b0000 - 0x00007ffd22759000 	C:\Windows\System32\msvcrt.dll
0x00007ffd21060000 - 0x00007ffd2118c000 	C:\Windows\System32\gdi32full.dll
0x00007ffd21590000 - 0x00007ffd21633000 	C:\Windows\System32\msvcp_win.dll
0x00007ffd22560000 - 0x00007ffd22591000 	C:\Windows\System32\IMM32.DLL
0x00007ffd04270000 - 0x00007ffd0427c000 	c:\Users\30989\.windsurf\extensions\redhat.java-1.50.0-win32-x64\jre\21.0.9-win32-x86_64\bin\vcruntime140_1.dll
0x00007ffcbd7f0000 - 0x00007ffcbd87d000 	c:\Users\30989\.windsurf\extensions\redhat.java-1.50.0-win32-x64\jre\21.0.9-win32-x86_64\bin\msvcp140.dll
0x00007ffc24f30000 - 0x00007ffc25cd0000 	c:\Users\30989\.windsurf\extensions\redhat.java-1.50.0-win32-x64\jre\21.0.9-win32-x86_64\bin\server\jvm.dll
0x00007ffd21e00000 - 0x00007ffd21eb4000 	C:\Windows\System32\ADVAPI32.dll
0x00007ffd21ee0000 - 0x00007ffd21f86000 	C:\Windows\System32\sechost.dll
0x00007ffd230a0000 - 0x00007ffd231b8000 	C:\Windows\System32\RPCRT4.dll
0x00007ffd21d80000 - 0x00007ffd21df4000 	C:\Windows\System32\WS2_32.dll
0x00007ffd1b720000 - 0x00007ffd1b755000 	C:\Windows\SYSTEM32\WINMM.dll
0x00007ffd20d10000 - 0x00007ffd20d6e000 	C:\Windows\SYSTEM32\POWRPROF.dll
0x00007ffd19d10000 - 0x00007ffd19d1b000 	C:\Windows\SYSTEM32\VERSION.dll
0x00007ffd20cf0000 - 0x00007ffd20d04000 	C:\Windows\SYSTEM32\UMPDC.dll
0x00007ffd1fc60000 - 0x00007ffd1fc7b000 	C:\Windows\SYSTEM32\kernel.appcore.dll
0x00007ffd03ed0000 - 0x00007ffd03eda000 	c:\Users\30989\.windsurf\extensions\redhat.java-1.50.0-win32-x64\jre\21.0.9-win32-x86_64\bin\jimage.dll
0x00007ffd1e490000 - 0x00007ffd1e6d2000 	C:\Windows\SYSTEM32\DBGHELP.DLL
0x00007ffd22c80000 - 0x00007ffd23005000 	C:\Windows\System32\combase.dll
0x00007ffd225d0000 - 0x00007ffd226a6000 	C:\Windows\System32\OLEAUT32.dll
0x00007ffcf37c0000 - 0x00007ffcf37fc000 	C:\Windows\SYSTEM32\dbgcore.DLL
0x00007ffd21790000 - 0x00007ffd21835000 	C:\Windows\System32\bcryptPrimitives.dll
0x00007ffcf11e0000 - 0x00007ffcf11ef000 	c:\Users\30989\.windsurf\extensions\redhat.java-1.50.0-win32-x64\jre\21.0.9-win32-x86_64\bin\instrument.dll
0x00007ffcbce60000 - 0x00007ffcbce80000 	c:\Users\30989\.windsurf\extensions\redhat.java-1.50.0-win32-x64\jre\21.0.9-win32-x86_64\bin\java.dll
0x00007ffd235b0000 - 0x00007ffd23d03000 	C:\Windows\System32\SHELL32.dll
0x00007ffd21990000 - 0x00007ffd21afa000 	C:\Windows\System32\wintypes.dll
0x00007ffd1ea90000 - 0x00007ffd1f2ee000 	C:\Windows\SYSTEM32\windows.storage.dll
0x00007ffd21f90000 - 0x00007ffd22085000 	C:\Windows\System32\SHCORE.dll
0x00007ffd22280000 - 0x00007ffd222e6000 	C:\Windows\System32\shlwapi.dll
0x00007ffd20dd0000 - 0x00007ffd20df9000 	C:\Windows\SYSTEM32\profapi.dll
0x00007ffcce480000 - 0x00007ffcce498000 	c:\Users\30989\.windsurf\extensions\redhat.java-1.50.0-win32-x64\jre\21.0.9-win32-x86_64\bin\zip.dll
0x00007ffcf3820000 - 0x00007ffcf3830000 	C:\Users\30989\.windsurf\extensions\redhat.java-1.50.0-win32-x64\jre\21.0.9-win32-x86_64\bin\net.dll
0x00007ffd194b0000 - 0x00007ffd195d8000 	C:\Windows\SYSTEM32\WINHTTP.dll
0x00007ffd201d0000 - 0x00007ffd2023b000 	C:\Windows\system32\mswsock.dll
0x00007ffccfa50000 - 0x00007ffccfa66000 	C:\Users\30989\.windsurf\extensions\redhat.java-1.50.0-win32-x64\jre\21.0.9-win32-x86_64\bin\nio.dll
0x00007ffcf07a0000 - 0x00007ffcf07b0000 	c:\Users\30989\.windsurf\extensions\redhat.java-1.50.0-win32-x64\jre\21.0.9-win32-x86_64\bin\verify.dll
0x00007ffcf0750000 - 0x00007ffcf0794000 	C:\Users\30989\AppData\Roaming\Windsurf\User\globalStorage\redhat.java\1.50.0\config_win\org.eclipse.equinox.launcher\org.eclipse.equinox.launcher.win32.win32.x86_64_1.2.1400.v20250801-0854\eclipse_11916.dll
0x00007ffd222f0000 - 0x00007ffd22487000 	C:\Windows\System32\ole32.dll
0x00007ffd20490000 - 0x00007ffd204ab000 	C:\Windows\SYSTEM32\CRYPTSP.dll
0x00007ffd1fbc0000 - 0x00007ffd1fbfa000 	C:\Windows\system32\rsaenh.dll
0x00007ffd20280000 - 0x00007ffd202ab000 	C:\Windows\SYSTEM32\USERENV.dll
0x00007ffd20da0000 - 0x00007ffd20dca000 	C:\Windows\SYSTEM32\bcrypt.dll
0x00007ffd204b0000 - 0x00007ffd204bc000 	C:\Windows\SYSTEM32\CRYPTBASE.dll
0x00007ffd1f6a0000 - 0x00007ffd1f6d4000 	C:\Windows\SYSTEM32\IPHLPAPI.DLL
0x00007ffd23090000 - 0x00007ffd2309a000 	C:\Windows\System32\NSI.dll
0x00007ffcd78f0000 - 0x00007ffcd7939000 	C:\Users\30989\AppData\Local\Temp\jna-48586109\jna5419527341601510846.dll
0x00007ffd22270000 - 0x00007ffd22278000 	C:\Windows\System32\PSAPI.DLL
0x00007ffd1a080000 - 0x00007ffd1a09e000 	C:\Windows\SYSTEM32\dhcpcsvc6.DLL
0x00007ffd19fb0000 - 0x00007ffd19fd3000 	C:\Windows\SYSTEM32\dhcpcsvc.DLL
0x00007ffcce560000 - 0x00007ffcce587000 	C:\Users\30989\.gradle\native\1def1411415f61bf3af743bc5b6707747c0891f09f0c88961ee8f79bc544acac\windows-amd64\native-platform.dll
0x00007ffce9cf0000 - 0x00007ffce9cfa000 	C:\Users\30989\.windsurf\extensions\redhat.java-1.50.0-win32-x64\jre\21.0.9-win32-x86_64\bin\management.dll
0x00007ffce9c80000 - 0x00007ffce9c8c000 	C:\Users\30989\.windsurf\extensions\redhat.java-1.50.0-win32-x64\jre\21.0.9-win32-x86_64\bin\management_ext.dll

JVMTI agents:
c:\Users\30989\.windsurf\extensions\redhat.java-1.50.0-win32-x64\lombok\lombok-1.18.39-4050.jar path:c:\Users\30989\.windsurf\extensions\redhat.java-1.50.0-win32-x64\jre\21.0.9-win32-x86_64\bin\instrument.dll, loaded, initialized, instrumentlib options:none

dbghelp: loaded successfully - version: 4.0.5 - missing functions: none
symbol engine: initialized successfully - sym options: 0x614 - pdb path: .;c:\Users\30989\.windsurf\extensions\redhat.java-1.50.0-win32-x64\jre\21.0.9-win32-x86_64\bin;C:\Windows\SYSTEM32;C:\Windows\WinSxS\amd64_microsoft.windows.common-controls_6595b64144ccf1df_6.0.26100.7309_none_3e05feeae336a044;c:\Users\30989\.windsurf\extensions\redhat.java-1.50.0-win32-x64\jre\21.0.9-win32-x86_64\bin\server;C:\Users\30989\AppData\Roaming\Windsurf\User\globalStorage\redhat.java\1.50.0\config_win\org.eclipse.equinox.launcher\org.eclipse.equinox.launcher.win32.win32.x86_64_1.2.1400.v20250801-0854;C:\Users\30989\AppData\Local\Temp\jna-48586109;C:\Users\30989\.gradle\native\1def1411415f61bf3af743bc5b6707747c0891f09f0c88961ee8f79bc544acac\windows-amd64

VM Arguments:
jvm_args: --add-modules=ALL-SYSTEM --add-opens=java.base/java.util=ALL-UNNAMED --add-opens=java.base/java.lang=ALL-UNNAMED --add-opens=java.base/sun.nio.fs=ALL-UNNAMED -Declipse.application=org.eclipse.jdt.ls.core.id1 -Dosgi.bundles.defaultStartLevel=4 -Declipse.product=org.eclipse.jdt.ls.core.product -Djava.import.generatesMetadataFilesAtProjectRoot=false -DDetectVMInstallationsJob.disabled=true -Dfile.encoding=utf8 -XX:+UseParallelGC -XX:GCTimeRatio=4 -XX:AdaptiveSizePolicyWeight=90 -Dsun.zip.disableMemoryMapping=true -Xmx2G -Xms100m -Xlog:disable -javaagent:c:\Users\30989\.windsurf\extensions\redhat.java-1.50.0-win32-x64\lombok\lombok-1.18.39-4050.jar -XX:+HeapDumpOnOutOfMemoryError -XX:HeapDumpPath=c:\Users\30989\AppData\Roaming\Windsurf\User\workspaceStorage\fb4af406407ba1f19e8761ec21560fce\redhat.java -Daether.dependencyCollector.impl=bf 
java_command: c:\Users\30989\.windsurf\extensions\redhat.java-1.50.0-win32-x64\server\plugins\org.eclipse.equinox.launcher_1.7.100.v20251111-0406.jar -configuration c:\Users\30989\AppData\Roaming\Windsurf\User\globalStorage\redhat.java\1.50.0\config_win -data c:\Users\30989\AppData\Roaming\Windsurf\User\workspaceStorage\fb4af406407ba1f19e8761ec21560fce\redhat.java\jdt_ws --pipe=\\.\pipe\lsp-1427d745186698752003a355c5aeccdc-sock
java_class_path (initial): c:\Users\30989\.windsurf\extensions\redhat.java-1.50.0-win32-x64\server\plugins\org.eclipse.equinox.launcher_1.7.100.v20251111-0406.jar
Launcher Type: SUN_STANDARD

[Global flags]
    uintx AdaptiveSizePolicyWeight                 = 90                                        {product} {command line}
     intx CICompilerCount                          = 12                                        {product} {ergonomic}
    uintx GCTimeRatio                              = 4                                         {product} {command line}
     bool HeapDumpOnOutOfMemoryError               = true                                   {manageable} {command line}
    ccstr HeapDumpPath                             = c:\Users\30989\AppData\Roaming\Windsurf\User\workspaceStorage\fb4af406407ba1f19e8761ec21560fce\redhat.java         {manageable} {command line}
   size_t InitialHeapSize                          = 104857600                                 {product} {command line}
   size_t MaxHeapSize                              = 2147483648                                {product} {command line}
   size_t MaxNewSize                               = 715653120                                 {product} {ergonomic}
   size_t MinHeapDeltaBytes                        = 524288                                    {product} {ergonomic}
   size_t MinHeapSize                              = 104857600                                 {product} {command line}
   size_t NewSize                                  = 34603008                                  {product} {ergonomic}
    uintx NonNMethodCodeHeapSize                   = 7602480                                {pd product} {ergonomic}
    uintx NonProfiledCodeHeapSize                  = 122027880                              {pd product} {ergonomic}
   size_t OldSize                                  = 70254592                                  {product} {ergonomic}
    uintx ProfiledCodeHeapSize                     = 122027880                              {pd product} {ergonomic}
    uintx ReservedCodeCacheSize                    = 251658240                              {pd product} {ergonomic}
     bool SegmentedCodeCache                       = true                                      {product} {ergonomic}
   size_t SoftMaxHeapSize                          = 2147483648                             {manageable} {ergonomic}
     bool UseCompressedOops                        = true                           {product lp64_product} {ergonomic}
     bool UseLargePagesIndividualAllocation        = false                                  {pd product} {ergonomic}
     bool UseParallelGC                            = true                                      {product} {command line}

Logging:
Log output configuration:
 #0: stdout all=off uptime,level,tags foldmultilines=false
 #1: stderr all=off uptime,level,tags foldmultilines=false

Release file:
JAVA_VERSION="21.0.9" 
MODULES="java.base java.compiler java.datatransfer java.xml java.prefs java.desktop java.instrument java.logging java.management java.security.sasl java.naming java.rmi java.management.rmi java.net.http java.scripting java.security.jgss java.transaction.xa java.sql java.sql.rowset java.xml.crypto java.se java.smartcardio jdk.accessibility jdk.internal.jvmstat jdk.attach jdk.charsets jdk.internal.opt jdk.zipfs jdk.compiler jdk.crypto.ec jdk.crypto.cryptoki jdk.crypto.mscapi jdk.dynalink jdk.internal.ed jdk.editpad jdk.hotspot.agent jdk.httpserver jdk.internal.le jdk.internal.vm.ci jdk.internal.vm.compiler jdk.internal.vm.compiler.management jdk.jartool jdk.javadoc jdk.jcmd jdk.management jdk.management.agent jdk.jconsole jdk.jdeps jdk.jdwp.agent jdk.jdi jdk.jfr jdk.jshell jdk.jsobject jdk.jstatd jdk.localedata jdk.management.jfr jdk.naming.dns jdk.naming.rmi jdk.net jdk.nio.mapmode jdk.random jdk.sctp jdk.security.auth jdk.security.jgss jdk.unsupported jdk.unsupported.desktop jdk.xml.dom" 

Environment Variables:
JAVA_HOME=C:\Users\30989\.jdks\ms-17.0.17
PATH=D:\Program Files (x86)\pcsuite\;C:\Windows\System32;C:\Windows;C:\Windows\System32\Wbem;C:\Windows\System32\WindowsPowerShell\v1.0\;C:\Program Files\Git\cmd;C:\Users\30989\AppData\Local\Programs\Windsurf\bin;C:\Users\30989\.jdks\ms-17.0.17\bin;
USERNAME=30989
OS=Windows_NT
PROCESSOR_IDENTIFIER=Intel64 Family 6 Model 198 Stepping 2, GenuineIntel
TMP=C:\Users\30989\AppData\Local\Temp
TEMP=C:\Users\30989\AppData\Local\Temp




Periodic native trim disabled

---------------  S Y S T E M  ---------------

OS:
 Windows 11 , 64 bit Build 26100 (10.0.26100.7309)
OS uptime: 1 days 5:35 hours
Hyper-V role detected

CPU: total 24 (initial active 24) (24 cores per cpu, 1 threads per core) family 6 model 198 stepping 2 microcode 0x116, cx8, cmov, fxsr, mmx, 3dnowpref, sse, sse2, sse3, ssse3, sse4.1, sse4.2, popcnt, lzcnt, tsc, tscinvbit, avx, avx2, aes, erms, clmul, bmi1, bmi2, adx, sha, fma, vzeroupper, clflush, clflushopt, clwb, hv, serialize, rdtscp, rdpid, fsrm, f16c, cet_ibt, cet_ss
Processor Information for processor 0
  Max Mhz: 2700, Current Mhz: 2700, Mhz Limit: 2700
Processor Information for processor 1
  Max Mhz: 2700, Current Mhz: 2700, Mhz Limit: 2700
Processor Information for processor 2
  Max Mhz: 2100, Current Mhz: 2100, Mhz Limit: 2100
Processor Information for processor 3
  Max Mhz: 2100, Current Mhz: 2100, Mhz Limit: 2100
Processor Information for processor 4
  Max Mhz: 2100, Current Mhz: 2100, Mhz Limit: 2100
Processor Information for processor 5
  Max Mhz: 2100, Current Mhz: 2100, Mhz Limit: 2100
Processor Information for processor 6
  Max Mhz: 2100, Current Mhz: 2100, Mhz Limit: 2100
Processor Information for processor 7
  Max Mhz: 2100, Current Mhz: 2100, Mhz Limit: 2100
Processor Information for processor 8
  Max Mhz: 2100, Current Mhz: 2100, Mhz Limit: 2100
Processor Information for processor 9
  Max Mhz: 2100, Current Mhz: 2100, Mhz Limit: 2100
Processor Information for processor 10
  Max Mhz: 2700, Current Mhz: 2700, Mhz Limit: 2700
Processor Information for processor 11
  Max Mhz: 2700, Current Mhz: 2700, Mhz Limit: 2700
Processor Information for processor 12
  Max Mhz: 2700, Current Mhz: 2700, Mhz Limit: 2700
Processor Information for processor 13
  Max Mhz: 2700, Current Mhz: 2700, Mhz Limit: 2700
Processor Information for processor 14
  Max Mhz: 2100, Current Mhz: 2100, Mhz Limit: 2100
Processor Information for processor 15
  Max Mhz: 2100, Current Mhz: 2100, Mhz Limit: 2100
Processor Information for processor 16
  Max Mhz: 2100, Current Mhz: 2100, Mhz Limit: 2100
Processor Information for processor 17
  Max Mhz: 2100, Current Mhz: 2100, Mhz Limit: 2100
Processor Information for processor 18
  Max Mhz: 2100, Current Mhz: 2100, Mhz Limit: 2100
Processor Information for processor 19
  Max Mhz: 2100, Current Mhz: 2100, Mhz Limit: 2100
Processor Information for processor 20
  Max Mhz: 2100, Current Mhz: 2100, Mhz Limit: 2100
Processor Information for processor 21
  Max Mhz: 2100, Current Mhz: 2100, Mhz Limit: 2100
Processor Information for processor 22
  Max Mhz: 2700, Current Mhz: 2700, Mhz Limit: 2700
Processor Information for processor 23
  Max Mhz: 2700, Current Mhz: 2700, Mhz Limit: 2700

Memory: 4k page, system-wide physical 32221M (3310M free)
TotalPageFile size 70622M (AvailPageFile size 33M)
current process WorkingSet (physical memory assigned to process): 88M, peak: 326M
current process commit charge ("private bytes"): 386M, peak: 448M

vm_info: OpenJDK 64-Bit Server VM (21.0.9+10-LTS) for windows-amd64 JRE (21.0.9+10-LTS), built on 2025-10-21T00:00:00Z by "admin" with unknown MS VC++:1942

END.
