#
# There is insufficient memory for the Java Runtime Environment to continue.
# Native memory allocation (mmap) failed to map 209715200 bytes. Error detail: G1 virtual space
# Possible reasons:
#   The system is out of physical RAM or swap space
#   This process is running with CompressedOops enabled, and the Java Heap may be blocking the growth of the native heap
# Possible solutions:
#   Reduce memory load on the system
#   Increase physical memory or swap space
#   Check if swap backing store is full
#   Decrease Java heap size (-Xmx/-Xms)
#   Decrease number of Java threads
#   Decrease Java thread stack sizes (-Xss)
#   Set larger code cache with -XX:ReservedCodeCacheSize=
#   JVM is running with Zero Based Compressed Oops mode in which the Java heap is
#     placed in the first 32GB address space. The Java Heap base address is the
#     maximum limit for the native heap growth. Please use -XX:HeapBaseMinAddress
#     to set the Java Heap base and to place the Java Heap above 32GB virtual address.
# This output file may be truncated or incomplete.
#
#  Out of Memory Error (os_windows.cpp:3690), pid=39616, tid=33040
#
# JRE version: OpenJDK Runtime Environment Microsoft-12574423 (17.0.17+10) (build 17.0.17+10-LTS)
# Java VM: OpenJDK 64-Bit Server VM Microsoft-12574423 (17.0.17+10-LTS, mixed mode, sharing, tiered, compressed oops, compressed class ptrs, g1 gc, windows-amd64)
# No core dump will be written. Minidumps are not enabled by default on client versions of Windows
#

---------------  S U M M A R Y ------------

Command Line: -DkotlinLanguageServer.version=1.3.13 org.javacs.kt.MainKt

Host: Intel(R) Core(TM) Ultra 9 275HX, 24 cores, 31G,  Windows 11 , 64 bit Build 26100 (10.0.26100.7309)
Time: Fri Jan  2 00:25:38 2026  Windows 11 , 64 bit Build 26100 (10.0.26100.7309) elapsed time: 54.677468 seconds (0d 0h 0m 54s)

---------------  T H R E A D  ---------------

Current thread (0x0000024b260c3010):  VMThread "VM Thread" [stack: 0x0000004ccc600000,0x0000004ccc700000] [id=33040]

Stack: [0x0000004ccc600000,0x0000004ccc700000]
Native frames: (J=compiled Java code, j=interpreted, Vv=VM code, C=native code)
V  [jvm.dll+0x68c459]  (no source info available)
V  [jvm.dll+0x845e09]  (no source info available)
V  [jvm.dll+0x847b78]  (no source info available)
V  [jvm.dll+0x848203]  (no source info available)
V  [jvm.dll+0x24cf6f]  (no source info available)
V  [jvm.dll+0x68b859]  (no source info available)
V  [jvm.dll+0x67fe1a]  (no source info available)
V  [jvm.dll+0x3100f0]  (no source info available)
V  [jvm.dll+0x30ff92]  (no source info available)
V  [jvm.dll+0x3174e9]  (no source info available)
V  [jvm.dll+0x3697c9]  (no source info available)
V  [jvm.dll+0x3699fd]  (no source info available)
V  [jvm.dll+0x2e68fa]  (no source info available)
V  [jvm.dll+0x2e4cf1]  (no source info available)
V  [jvm.dll+0x2e448c]  (no source info available)
V  [jvm.dll+0x328e1b]  (no source info available)
V  [jvm.dll+0x84ca8d]  (no source info available)
V  [jvm.dll+0x84d7a3]  (no source info available)
V  [jvm.dll+0x84dcd4]  (no source info available)
V  [jvm.dll+0x84e0b8]  (no source info available)
V  [jvm.dll+0x84e1ae]  (no source info available)
V  [jvm.dll+0x7f5a5c]  (no source info available)
V  [jvm.dll+0x68d9f7]  (no source info available)
C  [ucrtbase.dll+0x37b0]  (no source info available)
C  [KERNEL32.DLL+0x2e8d7]  (no source info available)
C  [ntdll.dll+0x8c53c]  (no source info available)

VM_Operation (0x0000004ccf7fd2d0): G1CollectForAllocation, mode: safepoint, requested by thread 0x0000024b26406450


---------------  P R O C E S S  ---------------

Threads class SMR info:
_java_thread_list=0x0000024b39bc5ab0, length=27, elements={
0x0000024b260c6fd0, 0x0000024b260c8700, 0x0000024b260d7b70, 0x0000024b260d8440,
0x0000024b260d9880, 0x0000024b260dacc0, 0x0000024b260dd050, 0x0000024b260de670,
0x0000024b260fcf30, 0x0000024b26244ca0, 0x0000024b26251a00, 0x0000024b2ba69270,
0x0000024b2ba6a1a0, 0x0000024b2ba6b0d0, 0x0000024b35154ba0, 0x0000024b35152120,
0x0000024b2ba69780, 0x0000024b35154650, 0x0000024b35152670, 0x0000024b35152bc0,
0x0000024b35153110, 0x0000024b26406450, 0x0000024b26407da0, 0x0000024b378c9e60,
0x0000024b378c8e70, 0x0000024b378cce30, 0x0000024b35153bb0
}

Java Threads: ( => current thread )
  0x0000024b260c6fd0 JavaThread "Reference Handler" daemon [_thread_blocked, id=50656, stack(0x0000004ccc700000,0x0000004ccc800000)]
  0x0000024b260c8700 JavaThread "Finalizer" daemon [_thread_blocked, id=48804, stack(0x0000004ccc800000,0x0000004ccc900000)]
  0x0000024b260d7b70 JavaThread "Signal Dispatcher" daemon [_thread_blocked, id=40472, stack(0x0000004ccc900000,0x0000004ccca00000)]
  0x0000024b260d8440 JavaThread "Attach Listener" daemon [_thread_blocked, id=43152, stack(0x0000004ccca00000,0x0000004cccb00000)]
  0x0000024b260d9880 JavaThread "Service Thread" daemon [_thread_blocked, id=40024, stack(0x0000004cccb00000,0x0000004cccc00000)]
  0x0000024b260dacc0 JavaThread "Monitor Deflation Thread" daemon [_thread_blocked, id=44260, stack(0x0000004cccc00000,0x0000004cccd00000)]
  0x0000024b260dd050 JavaThread "C2 CompilerThread0" daemon [_thread_blocked, id=49444, stack(0x0000004cccd00000,0x0000004ccce00000)]
  0x0000024b260de670 JavaThread "C1 CompilerThread0" daemon [_thread_blocked, id=47420, stack(0x0000004ccce00000,0x0000004cccf00000)]
  0x0000024b260fcf30 JavaThread "Sweeper thread" daemon [_thread_blocked, id=45584, stack(0x0000004cccf00000,0x0000004ccd000000)]
  0x0000024b26244ca0 JavaThread "Notification Thread" daemon [_thread_blocked, id=50604, stack(0x0000004ccd000000,0x0000004ccd100000)]
  0x0000024b26251a00 JavaThread "Common-Cleaner" daemon [_thread_blocked, id=48580, stack(0x0000004ccd200000,0x0000004ccd300000)]
  0x0000024b2ba69270 JavaThread "client" [_thread_in_native, id=51844, stack(0x0000004cced00000,0x0000004ccee00000)]
  0x0000024b2ba6a1a0 JavaThread "DestroyJavaVM" [_thread_blocked, id=47764, stack(0x0000004ccc000000,0x0000004ccc100000)]
  0x0000024b2ba6b0d0 JavaThread "async0" [_thread_blocked, id=46148, stack(0x0000004ccee00000,0x0000004ccef00000)]
  0x0000024b35154ba0 JavaThread "C1 CompilerThread1" daemon [_thread_blocked, id=19308, stack(0x0000004ccd300000,0x0000004ccd400000)]
  0x0000024b35152120 JavaThread "C2 CompilerThread1" daemon [_thread_blocked, id=39636, stack(0x0000004ccd400000,0x0000004ccd500000)]
  0x0000024b2ba69780 JavaThread "async1" [_thread_blocked, id=7612, stack(0x0000004ccd500000,0x0000004ccd600000)]
  0x0000024b35154650 JavaThread "C1 CompilerThread2" daemon [_thread_blocked, id=55068, stack(0x0000004cce700000,0x0000004cce800000)]
  0x0000024b35152670 JavaThread "C1 CompilerThread3" daemon [_thread_blocked, id=45948, stack(0x0000004cce800000,0x0000004cce900000)]
  0x0000024b35152bc0 JavaThread "C2 CompilerThread2" daemon [_thread_blocked, id=49432, stack(0x0000004ccef00000,0x0000004ccf000000)]
  0x0000024b35153110 JavaThread "C2 CompilerThread3" daemon [_thread_blocked, id=55044, stack(0x0000004ccf000000,0x0000004ccf100000)]
  0x0000024b26406450 JavaThread "debounce0" [_thread_blocked, id=43688, stack(0x0000004ccf700000,0x0000004ccf800000)]
  0x0000024b26407da0 JavaThread "async2" [_thread_blocked, id=54852, stack(0x0000004cd0000000,0x0000004cd0100000)]
  0x0000024b378c9e60 JavaThread "C2 CompilerThread4" daemon [_thread_blocked, id=27968, stack(0x0000004ccf100000,0x0000004ccf200000)]
  0x0000024b378c8e70 JavaThread "C2 CompilerThread5" daemon [_thread_blocked, id=45668, stack(0x0000004ccf400000,0x0000004ccf500000)]
  0x0000024b378cce30 JavaThread "C2 CompilerThread6" daemon [_thread_blocked, id=51700, stack(0x0000004ccf500000,0x0000004ccf600000)]
  0x0000024b35153bb0 JavaThread "C2 CompilerThread7" daemon [_thread_blocked, id=52152, stack(0x0000004ccf600000,0x0000004ccf700000)]

Other Threads:
=>0x0000024b260c3010 VMThread "VM Thread" [stack: 0x0000004ccc600000,0x0000004ccc700000] [id=33040]
  0x0000024b2624d590 WatcherThread [stack: 0x0000004ccd100000,0x0000004ccd200000] [id=53820]
  0x0000024ab748aaf0 GCTaskThread "GC Thread#0" [stack: 0x0000004ccc100000,0x0000004ccc200000] [id=2936]
  0x0000024ab748a280 GCTaskThread "GC Thread#1" [stack: 0x0000004ccd800000,0x0000004ccd900000] [id=43216]
  0x0000024ab7489a10 GCTaskThread "GC Thread#2" [stack: 0x0000004ccd900000,0x0000004ccda00000] [id=8108]
  0x0000024ab748a550 GCTaskThread "GC Thread#3" [stack: 0x0000004ccda00000,0x0000004ccdb00000] [id=26048]
  0x0000024ab748adc0 GCTaskThread "GC Thread#4" [stack: 0x0000004ccdb00000,0x0000004ccdc00000] [id=53616]
  0x0000024ab7489fb0 GCTaskThread "GC Thread#5" [stack: 0x0000004ccdc00000,0x0000004ccdd00000] [id=11156]
  0x0000024b26acb210 GCTaskThread "GC Thread#6" [stack: 0x0000004ccdd00000,0x0000004ccde00000] [id=42720]
  0x0000024b26aca400 GCTaskThread "GC Thread#7" [stack: 0x0000004ccde00000,0x0000004ccdf00000] [id=50868]
  0x0000024b26acac70 GCTaskThread "GC Thread#8" [stack: 0x0000004ccdf00000,0x0000004cce000000] [id=52516]
  0x0000024b26ac9320 GCTaskThread "GC Thread#9" [stack: 0x0000004cce000000,0x0000004cce100000] [id=52568]
  0x0000024b26acc5c0 GCTaskThread "GC Thread#10" [stack: 0x0000004cce100000,0x0000004cce200000] [id=42640]
  0x0000024b26ac9b90 GCTaskThread "GC Thread#11" [stack: 0x0000004cce200000,0x0000004cce300000] [id=53304]
  0x0000024b26ac9e60 GCTaskThread "GC Thread#12" [stack: 0x0000004cce900000,0x0000004ccea00000] [id=45296]
  0x0000024b26acbd50 GCTaskThread "GC Thread#13" [stack: 0x0000004ccea00000,0x0000004cceb00000] [id=44568]
  0x0000024b26acc2f0 GCTaskThread "GC Thread#14" [stack: 0x0000004cceb00000,0x0000004ccec00000] [id=32456]
  0x0000024b26aca6d0 GCTaskThread "GC Thread#15" [stack: 0x0000004ccec00000,0x0000004cced00000] [id=46824]
  0x0000024b33cff960 GCTaskThread "GC Thread#16" [stack: 0x0000004ccf200000,0x0000004ccf300000] [id=18648]
  0x0000024b33cfd7a0 GCTaskThread "GC Thread#17" [stack: 0x0000004ccf300000,0x0000004ccf400000] [id=956]
  0x0000024ab74f0530 ConcurrentGCThread "G1 Main Marker" [stack: 0x0000004ccc200000,0x0000004ccc300000] [id=36608]
  0x0000024ab7489ce0 ConcurrentGCThread "G1 Conc#0" [stack: 0x0000004ccc300000,0x0000004ccc400000] [id=50680]
  0x0000024b26acb4e0 ConcurrentGCThread "G1 Conc#1" [stack: 0x0000004cce300000,0x0000004cce400000] [id=37752]
  0x0000024b26aca130 ConcurrentGCThread "G1 Conc#2" [stack: 0x0000004cce400000,0x0000004cce500000] [id=3020]
  0x0000024b26acb7b0 ConcurrentGCThread "G1 Conc#3" [stack: 0x0000004cce500000,0x0000004cce600000] [id=40976]
  0x0000024b26acba80 ConcurrentGCThread "G1 Conc#4" [stack: 0x0000004cce600000,0x0000004cce700000] [id=48280]
  0x0000024ae1ad0b30 ConcurrentGCThread "G1 Refine#0" [stack: 0x0000004ccc400000,0x0000004ccc500000] [id=48844]
  0x0000024b384bae00 ConcurrentGCThread "G1 Refine#1" [stack: 0x0000004ccf800000,0x0000004ccf900000] [id=49352]
  0x0000024b384bab00 ConcurrentGCThread "G1 Refine#2" [stack: 0x0000004ccf900000,0x0000004ccfa00000] [id=49408]
  0x0000024b384bb100 ConcurrentGCThread "G1 Refine#3" [stack: 0x0000004ccfa00000,0x0000004ccfb00000] [id=46712]
  0x0000024b384bb700 ConcurrentGCThread "G1 Refine#4" [stack: 0x0000004ccfb00000,0x0000004ccfc00000] [id=48716]
  0x0000024b384bba00 ConcurrentGCThread "G1 Refine#5" [stack: 0x0000004ccfc00000,0x0000004ccfd00000] [id=53080]
  0x0000024b384bbd00 ConcurrentGCThread "G1 Refine#6" [stack: 0x0000004ccfd00000,0x0000004ccfe00000] [id=3400]
  0x0000024b384bc000 ConcurrentGCThread "G1 Refine#7" [stack: 0x0000004ccfe00000,0x0000004ccff00000] [id=53440]
  0x0000024b384bb400 ConcurrentGCThread "G1 Refine#8" [stack: 0x0000004ccff00000,0x0000004cd0000000] [id=33228]
  0x0000024ae1ad2420 ConcurrentGCThread "G1 Service" [stack: 0x0000004ccc500000,0x0000004ccc600000] [id=50288]

Threads with active compile tasks:
C2 CompilerThread3  54735 26508       4       org.jetbrains.kotlin.resolve.checkers.OptInUsageChecker$ClassifierUsage::check (449 bytes)

VM state: at safepoint (normal execution)

VM Mutex/Monitor currently owned by a thread:  ([mutex/lock_event])
[0x0000024ab7466300] Threads_lock - owner thread: 0x0000024b260c3010
[0x0000024ab7465bb0] Heap_lock - owner thread: 0x0000024b26406450

Heap address: 0x0000000608800000, size: 8056 MB, Compressed Oops mode: Zero based, Oop shift amount: 3

CDS archive(s) mapped at: [0x0000024ae5000000-0x0000024ae5bb0000-0x0000024ae5bb0000), size 12255232, SharedBaseAddress: 0x0000024ae5000000, ArchiveRelocationMode: 1.
Compressed class space mapped at: 0x0000024ae6000000-0x0000024b26000000, reserved size: 1073741824
Narrow klass base: 0x0000024ae5000000, Narrow klass shift: 0, Narrow klass range: 0x100000000

GC Precious Log:
 CPUs: 24 total, 24 available
 Memory: 32221M
 Large Page Support: Disabled
 NUMA Support: Disabled
 Compressed Oops: Enabled (Zero based)
 Heap Region Size: 4M
 Heap Min Capacity: 8M
 Heap Initial Capacity: 504M
 Heap Max Capacity: 8056M
 Pre-touch: Disabled
 Parallel Workers: 18
 Concurrent Workers: 5
 Concurrent Refinement Workers: 18
 Periodic GC: Disabled

Heap:
 garbage-first heap   total 1019904K, used 841627K [0x0000000608800000, 0x0000000800000000)
  region size 4096K, 2 young (8192K), 2 survivors (8192K)
 Metaspace       used 83798K, committed 84480K, reserved 1179648K
  class space    used 8963K, committed 9280K, reserved 1048576K

Heap Regions: E=young(eden), S=young(survivor), O=old, HS=humongous(starts), HC=humongous(continues), CS=collection set, F=free, OA=open archive, CA=closed archive, TAMS=top-at-mark-start (previous, next)
|   0|0x0000000608800000, 0x0000000608c00000, 0x0000000608c00000|100%|HS|  |TAMS 0x0000000608c00000, 0x0000000608800000| Complete 
|   1|0x0000000608c00000, 0x0000000609000000, 0x0000000609000000|100%| O|  |TAMS 0x0000000609000000, 0x0000000608c00000| Untracked 
|   2|0x0000000609000000, 0x0000000609400000, 0x0000000609400000|100%| O|  |TAMS 0x0000000609400000, 0x0000000609000000| Untracked 
|   3|0x0000000609400000, 0x0000000609800000, 0x0000000609800000|100%| O|  |TAMS 0x0000000609800000, 0x0000000609400000| Untracked 
|   4|0x0000000609800000, 0x0000000609c00000, 0x0000000609c00000|100%| O|  |TAMS 0x0000000609c00000, 0x0000000609800000| Untracked 
|   5|0x0000000609c00000, 0x000000060a000000, 0x000000060a000000|100%| O|  |TAMS 0x000000060a000000, 0x0000000609c00000| Untracked 
|   6|0x000000060a000000, 0x000000060a400000, 0x000000060a400000|100%| O|  |TAMS 0x000000060a400000, 0x000000060a000000| Untracked 
|   7|0x000000060a400000, 0x000000060a800000, 0x000000060a800000|100%| O|  |TAMS 0x000000060a800000, 0x000000060a400000| Untracked 
|   8|0x000000060a800000, 0x000000060ac00000, 0x000000060ac00000|100%| O|  |TAMS 0x000000060ac00000, 0x000000060a800000| Untracked 
|   9|0x000000060ac00000, 0x000000060b000000, 0x000000060b000000|100%| O|  |TAMS 0x000000060b000000, 0x000000060ac00000| Untracked 
|  10|0x000000060b000000, 0x000000060b400000, 0x000000060b400000|100%| O|  |TAMS 0x000000060b400000, 0x000000060b000000| Untracked 
|  11|0x000000060b400000, 0x000000060b800000, 0x000000060b800000|100%| O|  |TAMS 0x000000060b800000, 0x000000060b400000| Untracked 
|  12|0x000000060b800000, 0x000000060bc00000, 0x000000060bc00000|100%| O|  |TAMS 0x000000060bc00000, 0x000000060b800000| Untracked 
|  13|0x000000060bc00000, 0x000000060c000000, 0x000000060c000000|100%| O|  |TAMS 0x000000060c000000, 0x000000060bc00000| Untracked 
|  14|0x000000060c000000, 0x000000060c400000, 0x000000060c400000|100%| O|  |TAMS 0x000000060c400000, 0x000000060c000000| Untracked 
|  15|0x000000060c400000, 0x000000060c800000, 0x000000060c800000|100%| O|  |TAMS 0x000000060c800000, 0x000000060c400000| Untracked 
|  16|0x000000060c800000, 0x000000060cc00000, 0x000000060cc00000|100%| O|  |TAMS 0x000000060cc00000, 0x000000060c800000| Untracked 
|  17|0x000000060cc00000, 0x000000060d000000, 0x000000060d000000|100%| O|  |TAMS 0x000000060d000000, 0x000000060cc00000| Untracked 
|  18|0x000000060d000000, 0x000000060d400000, 0x000000060d400000|100%| O|  |TAMS 0x000000060d400000, 0x000000060d000000| Untracked 
|  19|0x000000060d400000, 0x000000060d800000, 0x000000060d800000|100%| O|  |TAMS 0x000000060d800000, 0x000000060d400000| Untracked 
|  20|0x000000060d800000, 0x000000060dc00000, 0x000000060dc00000|100%| O|  |TAMS 0x000000060dc00000, 0x000000060d800000| Untracked 
|  21|0x000000060dc00000, 0x000000060e000000, 0x000000060e000000|100%| O|  |TAMS 0x000000060e000000, 0x000000060dc00000| Untracked 
|  22|0x000000060e000000, 0x000000060e400000, 0x000000060e400000|100%| O|  |TAMS 0x000000060e400000, 0x000000060e000000| Untracked 
|  23|0x000000060e400000, 0x000000060e800000, 0x000000060e800000|100%| O|  |TAMS 0x000000060e400000, 0x000000060e400000| Untracked 
|  24|0x000000060e800000, 0x000000060ec00000, 0x000000060ec00000|100%| O|  |TAMS 0x000000060e800000, 0x000000060e800000| Untracked 
|  25|0x000000060ec00000, 0x000000060f000000, 0x000000060f000000|100%| O|  |TAMS 0x000000060f000000, 0x000000060ec00000| Untracked 
|  26|0x000000060f000000, 0x000000060f400000, 0x000000060f400000|100%| O|  |TAMS 0x000000060f400000, 0x000000060f000000| Untracked 
|  27|0x000000060f400000, 0x000000060f800000, 0x000000060f800000|100%| O|  |TAMS 0x000000060f800000, 0x000000060f400000| Untracked 
|  28|0x000000060f800000, 0x000000060fc00000, 0x000000060fc00000|100%| O|  |TAMS 0x000000060fc00000, 0x000000060f800000| Untracked 
|  29|0x000000060fc00000, 0x0000000610000000, 0x0000000610000000|100%| O|  |TAMS 0x0000000610000000, 0x000000060fc00000| Untracked 
|  30|0x0000000610000000, 0x0000000610400000, 0x0000000610400000|100%| O|  |TAMS 0x0000000610400000, 0x0000000610000000| Untracked 
|  31|0x0000000610400000, 0x0000000610800000, 0x0000000610800000|100%| O|  |TAMS 0x0000000610800000, 0x0000000610400000| Untracked 
|  32|0x0000000610800000, 0x0000000610c00000, 0x0000000610c00000|100%| O|  |TAMS 0x0000000610c00000, 0x0000000610800000| Untracked 
|  33|0x0000000610c00000, 0x0000000611000000, 0x0000000611000000|100%| O|  |TAMS 0x0000000611000000, 0x0000000610c00000| Untracked 
|  34|0x0000000611000000, 0x0000000611400000, 0x0000000611400000|100%| O|  |TAMS 0x0000000611400000, 0x0000000611000000| Untracked 
|  35|0x0000000611400000, 0x0000000611800000, 0x0000000611800000|100%| O|  |TAMS 0x0000000611800000, 0x0000000611400000| Untracked 
|  36|0x0000000611800000, 0x0000000611c00000, 0x0000000611c00000|100%| O|  |TAMS 0x0000000611c00000, 0x0000000611800000| Untracked 
|  37|0x0000000611c00000, 0x0000000612000000, 0x0000000612000000|100%| O|  |TAMS 0x0000000612000000, 0x0000000611c00000| Untracked 
|  38|0x0000000612000000, 0x0000000612400000, 0x0000000612400000|100%| O|  |TAMS 0x0000000612400000, 0x0000000612000000| Untracked 
|  39|0x0000000612400000, 0x0000000612800000, 0x0000000612800000|100%| O|  |TAMS 0x0000000612800000, 0x0000000612400000| Untracked 
|  40|0x0000000612800000, 0x0000000612c00000, 0x0000000612c00000|100%| O|  |TAMS 0x0000000612c00000, 0x0000000612800000| Untracked 
|  41|0x0000000612c00000, 0x0000000613000000, 0x0000000613000000|100%| O|  |TAMS 0x0000000613000000, 0x0000000612c00000| Untracked 
|  42|0x0000000613000000, 0x0000000613400000, 0x0000000613400000|100%| O|  |TAMS 0x0000000613400000, 0x0000000613000000| Untracked 
|  43|0x0000000613400000, 0x0000000613800000, 0x0000000613800000|100%| O|  |TAMS 0x0000000613800000, 0x0000000613400000| Untracked 
|  44|0x0000000613800000, 0x0000000613c00000, 0x0000000613c00000|100%| O|  |TAMS 0x0000000613c00000, 0x0000000613800000| Untracked 
|  45|0x0000000613c00000, 0x0000000614000000, 0x0000000614000000|100%| O|  |TAMS 0x0000000613f0d200, 0x0000000613c00000| Untracked 
|  46|0x0000000614000000, 0x0000000614400000, 0x0000000614400000|100%| O|  |TAMS 0x0000000614000000, 0x0000000614000000| Untracked 
|  47|0x0000000614400000, 0x0000000614800000, 0x0000000614800000|100%| O|  |TAMS 0x0000000614400000, 0x0000000614400000| Untracked 
|  48|0x0000000614800000, 0x0000000614c00000, 0x0000000614c00000|100%| O|  |TAMS 0x0000000614800000, 0x0000000614800000| Untracked 
|  49|0x0000000614c00000, 0x0000000615000000, 0x0000000615000000|100%| O|  |TAMS 0x0000000614c00000, 0x0000000614c00000| Untracked 
|  50|0x0000000615000000, 0x0000000615400000, 0x0000000615400000|100%| O|  |TAMS 0x0000000615000000, 0x0000000615000000| Untracked 
|  51|0x0000000615400000, 0x0000000615800000, 0x0000000615800000|100%| O|  |TAMS 0x0000000615400000, 0x0000000615400000| Untracked 
|  52|0x0000000615800000, 0x0000000615c00000, 0x0000000615c00000|100%| O|  |TAMS 0x0000000615800000, 0x0000000615800000| Untracked 
|  53|0x0000000615c00000, 0x0000000616000000, 0x0000000616000000|100%| O|  |TAMS 0x0000000615c00000, 0x0000000615c00000| Untracked 
|  54|0x0000000616000000, 0x0000000616400000, 0x0000000616400000|100%| O|  |TAMS 0x0000000616000000, 0x0000000616000000| Untracked 
|  55|0x0000000616400000, 0x0000000616800000, 0x0000000616800000|100%| O|  |TAMS 0x0000000616400000, 0x0000000616400000| Untracked 
|  56|0x0000000616800000, 0x0000000616c00000, 0x0000000616c00000|100%| O|  |TAMS 0x0000000616800000, 0x0000000616800000| Untracked 
|  57|0x0000000616c00000, 0x0000000617000000, 0x0000000617000000|100%| O|  |TAMS 0x0000000616c00000, 0x0000000616c00000| Untracked 
|  58|0x0000000617000000, 0x0000000617400000, 0x0000000617400000|100%| O|  |TAMS 0x0000000617000000, 0x0000000617000000| Untracked 
|  59|0x0000000617400000, 0x0000000617800000, 0x0000000617800000|100%| O|  |TAMS 0x0000000617400000, 0x0000000617400000| Untracked 
|  60|0x0000000617800000, 0x0000000617c00000, 0x0000000617c00000|100%| O|  |TAMS 0x0000000617800000, 0x0000000617800000| Untracked 
|  61|0x0000000617c00000, 0x0000000618000000, 0x0000000618000000|100%| O|  |TAMS 0x0000000617c00000, 0x0000000617c00000| Untracked 
|  62|0x0000000618000000, 0x0000000618400000, 0x0000000618400000|100%| O|  |TAMS 0x0000000618000000, 0x0000000618000000| Untracked 
|  63|0x0000000618400000, 0x0000000618800000, 0x0000000618800000|100%| O|  |TAMS 0x0000000618400000, 0x0000000618400000| Untracked 
|  64|0x0000000618800000, 0x0000000618c00000, 0x0000000618c00000|100%| O|  |TAMS 0x0000000618800000, 0x0000000618800000| Untracked 
|  65|0x0000000618c00000, 0x0000000619000000, 0x0000000619000000|100%| O|  |TAMS 0x0000000618c00000, 0x0000000618c00000| Untracked 
|  66|0x0000000619000000, 0x0000000619400000, 0x0000000619400000|100%| O|  |TAMS 0x0000000619000000, 0x0000000619000000| Untracked 
|  67|0x0000000619400000, 0x0000000619800000, 0x0000000619800000|100%| O|  |TAMS 0x0000000619400000, 0x0000000619400000| Untracked 
|  68|0x0000000619800000, 0x0000000619c00000, 0x0000000619c00000|100%| O|  |TAMS 0x0000000619800000, 0x0000000619800000| Untracked 
|  69|0x0000000619c00000, 0x000000061a000000, 0x000000061a000000|100%| O|  |TAMS 0x0000000619c00000, 0x0000000619c00000| Untracked 
|  70|0x000000061a000000, 0x000000061a400000, 0x000000061a400000|100%| O|  |TAMS 0x000000061a000000, 0x000000061a000000| Untracked 
|  71|0x000000061a400000, 0x000000061a800000, 0x000000061a800000|100%| O|  |TAMS 0x000000061a400000, 0x000000061a400000| Untracked 
|  72|0x000000061a800000, 0x000000061ac00000, 0x000000061ac00000|100%| O|  |TAMS 0x000000061a800000, 0x000000061a800000| Untracked 
|  73|0x000000061ac00000, 0x000000061b000000, 0x000000061b000000|100%| O|  |TAMS 0x000000061ac00000, 0x000000061ac00000| Untracked 
|  74|0x000000061b000000, 0x000000061b400000, 0x000000061b400000|100%| O|  |TAMS 0x000000061b000000, 0x000000061b000000| Untracked 
|  75|0x000000061b400000, 0x000000061b800000, 0x000000061b800000|100%| O|  |TAMS 0x000000061b400000, 0x000000061b400000| Untracked 
|  76|0x000000061b800000, 0x000000061bc00000, 0x000000061bc00000|100%| O|  |TAMS 0x000000061b800000, 0x000000061b800000| Untracked 
|  77|0x000000061bc00000, 0x000000061c000000, 0x000000061c000000|100%| O|  |TAMS 0x000000061bc00000, 0x000000061bc00000| Untracked 
|  78|0x000000061c000000, 0x000000061c400000, 0x000000061c400000|100%| O|  |TAMS 0x000000061c000000, 0x000000061c000000| Untracked 
|  79|0x000000061c400000, 0x000000061c800000, 0x000000061c800000|100%| O|  |TAMS 0x000000061c400000, 0x000000061c400000| Untracked 
|  80|0x000000061c800000, 0x000000061cc00000, 0x000000061cc00000|100%| O|  |TAMS 0x000000061c800000, 0x000000061c800000| Untracked 
|  81|0x000000061cc00000, 0x000000061d000000, 0x000000061d000000|100%| O|  |TAMS 0x000000061cc00000, 0x000000061cc00000| Untracked 
|  82|0x000000061d000000, 0x000000061d400000, 0x000000061d400000|100%| O|  |TAMS 0x000000061d000000, 0x000000061d000000| Untracked 
|  83|0x000000061d400000, 0x000000061d800000, 0x000000061d800000|100%| O|  |TAMS 0x000000061d400000, 0x000000061d400000| Untracked 
|  84|0x000000061d800000, 0x000000061dc00000, 0x000000061dc00000|100%| O|  |TAMS 0x000000061d800000, 0x000000061d800000| Untracked 
|  85|0x000000061dc00000, 0x000000061e000000, 0x000000061e000000|100%| O|  |TAMS 0x000000061dc00000, 0x000000061dc00000| Untracked 
|  86|0x000000061e000000, 0x000000061e400000, 0x000000061e400000|100%| O|  |TAMS 0x000000061e000000, 0x000000061e000000| Untracked 
|  87|0x000000061e400000, 0x000000061e800000, 0x000000061e800000|100%| O|  |TAMS 0x000000061e400000, 0x000000061e400000| Untracked 
|  88|0x000000061e800000, 0x000000061ec00000, 0x000000061ec00000|100%| O|  |TAMS 0x000000061e800000, 0x000000061e800000| Untracked 
|  89|0x000000061ec00000, 0x000000061f000000, 0x000000061f000000|100%| O|  |TAMS 0x000000061ec00000, 0x000000061ec00000| Untracked 
|  90|0x000000061f000000, 0x000000061f400000, 0x000000061f400000|100%| O|  |TAMS 0x000000061f000000, 0x000000061f000000| Untracked 
|  91|0x000000061f400000, 0x000000061f800000, 0x000000061f800000|100%| O|  |TAMS 0x000000061f400000, 0x000000061f400000| Untracked 
|  92|0x000000061f800000, 0x000000061fc00000, 0x000000061fc00000|100%| O|  |TAMS 0x000000061f800000, 0x000000061f800000| Untracked 
|  93|0x000000061fc00000, 0x0000000620000000, 0x0000000620000000|100%| O|  |TAMS 0x000000061fc00000, 0x000000061fc00000| Untracked 
|  94|0x0000000620000000, 0x0000000620400000, 0x0000000620400000|100%| O|  |TAMS 0x0000000620000000, 0x0000000620000000| Untracked 
|  95|0x0000000620400000, 0x0000000620800000, 0x0000000620800000|100%| O|  |TAMS 0x0000000620400000, 0x0000000620400000| Untracked 
|  96|0x0000000620800000, 0x0000000620c00000, 0x0000000620c00000|100%| O|  |TAMS 0x0000000620800000, 0x0000000620800000| Untracked 
|  97|0x0000000620c00000, 0x0000000621000000, 0x0000000621000000|100%| O|  |TAMS 0x0000000620c00000, 0x0000000620c00000| Untracked 
|  98|0x0000000621000000, 0x0000000621400000, 0x0000000621400000|100%| O|  |TAMS 0x0000000621000000, 0x0000000621000000| Untracked 
|  99|0x0000000621400000, 0x0000000621800000, 0x0000000621800000|100%| O|  |TAMS 0x0000000621400000, 0x0000000621400000| Untracked 
| 100|0x0000000621800000, 0x0000000621c00000, 0x0000000621c00000|100%| O|  |TAMS 0x0000000621800000, 0x0000000621800000| Untracked 
| 101|0x0000000621c00000, 0x0000000622000000, 0x0000000622000000|100%| O|  |TAMS 0x0000000621c00000, 0x0000000621c00000| Untracked 
| 102|0x0000000622000000, 0x0000000622400000, 0x0000000622400000|100%| O|  |TAMS 0x0000000622000000, 0x0000000622000000| Untracked 
| 103|0x0000000622400000, 0x0000000622800000, 0x0000000622800000|100%| O|  |TAMS 0x0000000622400000, 0x0000000622400000| Untracked 
| 104|0x0000000622800000, 0x0000000622c00000, 0x0000000622c00000|100%| O|  |TAMS 0x0000000622800000, 0x0000000622800000| Untracked 
| 105|0x0000000622c00000, 0x0000000623000000, 0x0000000623000000|100%| O|  |TAMS 0x0000000622c00000, 0x0000000622c00000| Untracked 
| 106|0x0000000623000000, 0x0000000623400000, 0x0000000623400000|100%| O|  |TAMS 0x0000000623000000, 0x0000000623000000| Untracked 
| 107|0x0000000623400000, 0x0000000623800000, 0x0000000623800000|100%| O|  |TAMS 0x0000000623400000, 0x0000000623400000| Untracked 
| 108|0x0000000623800000, 0x0000000623c00000, 0x0000000623c00000|100%| O|  |TAMS 0x0000000623800000, 0x0000000623800000| Untracked 
| 109|0x0000000623c00000, 0x0000000624000000, 0x0000000624000000|100%| O|  |TAMS 0x0000000623c00000, 0x0000000623c00000| Untracked 
| 110|0x0000000624000000, 0x0000000624400000, 0x0000000624400000|100%| O|  |TAMS 0x0000000624000000, 0x0000000624000000| Untracked 
| 111|0x0000000624400000, 0x0000000624800000, 0x0000000624800000|100%| O|  |TAMS 0x0000000624400000, 0x0000000624400000| Untracked 
| 112|0x0000000624800000, 0x0000000624c00000, 0x0000000624c00000|100%| O|  |TAMS 0x0000000624800000, 0x0000000624800000| Untracked 
| 113|0x0000000624c00000, 0x0000000625000000, 0x0000000625000000|100%| O|  |TAMS 0x0000000624c00000, 0x0000000624c00000| Untracked 
| 114|0x0000000625000000, 0x0000000625400000, 0x0000000625400000|100%| O|  |TAMS 0x0000000625000000, 0x0000000625000000| Untracked 
| 115|0x0000000625400000, 0x0000000625800000, 0x0000000625800000|100%| O|  |TAMS 0x0000000625400000, 0x0000000625400000| Untracked 
| 116|0x0000000625800000, 0x0000000625c00000, 0x0000000625c00000|100%| O|  |TAMS 0x0000000625800000, 0x0000000625800000| Untracked 
| 117|0x0000000625c00000, 0x0000000626000000, 0x0000000626000000|100%| O|  |TAMS 0x0000000625c00000, 0x0000000625c00000| Untracked 
| 118|0x0000000626000000, 0x0000000626400000, 0x0000000626400000|100%| O|  |TAMS 0x0000000626000000, 0x0000000626000000| Untracked 
| 119|0x0000000626400000, 0x0000000626800000, 0x0000000626800000|100%| O|  |TAMS 0x0000000626400000, 0x0000000626400000| Untracked 
| 120|0x0000000626800000, 0x0000000626c00000, 0x0000000626c00000|100%| O|  |TAMS 0x0000000626800000, 0x0000000626800000| Untracked 
| 121|0x0000000626c00000, 0x0000000627000000, 0x0000000627000000|100%| O|  |TAMS 0x0000000626c00000, 0x0000000626c00000| Untracked 
| 122|0x0000000627000000, 0x0000000627400000, 0x0000000627400000|100%| O|  |TAMS 0x0000000627000000, 0x0000000627000000| Untracked 
| 123|0x0000000627400000, 0x0000000627800000, 0x0000000627800000|100%| O|  |TAMS 0x0000000627400000, 0x0000000627400000| Untracked 
| 124|0x0000000627800000, 0x0000000627c00000, 0x0000000627c00000|100%| O|  |TAMS 0x0000000627800000, 0x0000000627800000| Untracked 
| 125|0x0000000627c00000, 0x0000000628000000, 0x0000000628000000|100%| O|  |TAMS 0x0000000627c00000, 0x0000000627c00000| Untracked 
| 126|0x0000000628000000, 0x0000000628400000, 0x0000000628400000|100%| O|  |TAMS 0x0000000628000000, 0x0000000628000000| Untracked 
| 127|0x0000000628400000, 0x0000000628800000, 0x0000000628800000|100%| O|  |TAMS 0x0000000628400000, 0x0000000628400000| Untracked 
| 128|0x0000000628800000, 0x0000000628c00000, 0x0000000628c00000|100%| O|  |TAMS 0x0000000628800000, 0x0000000628800000| Untracked 
| 129|0x0000000628c00000, 0x0000000629000000, 0x0000000629000000|100%| O|  |TAMS 0x0000000628c00000, 0x0000000628c00000| Untracked 
| 130|0x0000000629000000, 0x0000000629400000, 0x0000000629400000|100%| O|  |TAMS 0x0000000629000000, 0x0000000629000000| Untracked 
| 131|0x0000000629400000, 0x0000000629800000, 0x0000000629800000|100%| O|  |TAMS 0x0000000629400000, 0x0000000629400000| Untracked 
| 132|0x0000000629800000, 0x0000000629c00000, 0x0000000629c00000|100%| O|  |TAMS 0x0000000629800000, 0x0000000629800000| Untracked 
| 133|0x0000000629c00000, 0x000000062a000000, 0x000000062a000000|100%| O|  |TAMS 0x0000000629c00000, 0x0000000629c00000| Untracked 
| 134|0x000000062a000000, 0x000000062a400000, 0x000000062a400000|100%| O|  |TAMS 0x000000062a000000, 0x000000062a000000| Untracked 
| 135|0x000000062a400000, 0x000000062a800000, 0x000000062a800000|100%| O|  |TAMS 0x000000062a400000, 0x000000062a400000| Untracked 
| 136|0x000000062a800000, 0x000000062ac00000, 0x000000062ac00000|100%| O|  |TAMS 0x000000062a800000, 0x000000062a800000| Untracked 
| 137|0x000000062ac00000, 0x000000062b000000, 0x000000062b000000|100%| O|  |TAMS 0x000000062ac00000, 0x000000062ac00000| Untracked 
| 138|0x000000062b000000, 0x000000062b400000, 0x000000062b400000|100%| O|  |TAMS 0x000000062b000000, 0x000000062b000000| Untracked 
| 139|0x000000062b400000, 0x000000062b800000, 0x000000062b800000|100%| O|  |TAMS 0x000000062b400000, 0x000000062b400000| Untracked 
| 140|0x000000062b800000, 0x000000062bc00000, 0x000000062bc00000|100%| O|  |TAMS 0x000000062b800000, 0x000000062b800000| Untracked 
| 141|0x000000062bc00000, 0x000000062c000000, 0x000000062c000000|100%| O|  |TAMS 0x000000062bc00000, 0x000000062bc00000| Untracked 
| 142|0x000000062c000000, 0x000000062c400000, 0x000000062c400000|100%| O|  |TAMS 0x000000062c000000, 0x000000062c000000| Untracked 
| 143|0x000000062c400000, 0x000000062c800000, 0x000000062c800000|100%| O|  |TAMS 0x000000062c400000, 0x000000062c400000| Untracked 
| 144|0x000000062c800000, 0x000000062cc00000, 0x000000062cc00000|100%| O|  |TAMS 0x000000062c800000, 0x000000062c800000| Untracked 
| 145|0x000000062cc00000, 0x000000062d000000, 0x000000062d000000|100%| O|  |TAMS 0x000000062cc00000, 0x000000062cc00000| Untracked 
| 146|0x000000062d000000, 0x000000062d400000, 0x000000062d400000|100%| O|  |TAMS 0x000000062d000000, 0x000000062d000000| Untracked 
| 147|0x000000062d400000, 0x000000062d800000, 0x000000062d800000|100%| O|  |TAMS 0x000000062d400000, 0x000000062d400000| Untracked 
| 148|0x000000062d800000, 0x000000062dc00000, 0x000000062dc00000|100%| O|  |TAMS 0x000000062d800000, 0x000000062d800000| Untracked 
| 149|0x000000062dc00000, 0x000000062e000000, 0x000000062e000000|100%| O|  |TAMS 0x000000062dc00000, 0x000000062dc00000| Untracked 
| 150|0x000000062e000000, 0x000000062e400000, 0x000000062e400000|100%| O|  |TAMS 0x000000062e000000, 0x000000062e000000| Untracked 
| 151|0x000000062e400000, 0x000000062e800000, 0x000000062e800000|100%| O|  |TAMS 0x000000062e400000, 0x000000062e400000| Untracked 
| 152|0x000000062e800000, 0x000000062ec00000, 0x000000062ec00000|100%| O|  |TAMS 0x000000062e800000, 0x000000062e800000| Untracked 
| 153|0x000000062ec00000, 0x000000062f000000, 0x000000062f000000|100%| O|  |TAMS 0x000000062ec00000, 0x000000062ec00000| Untracked 
| 154|0x000000062f000000, 0x000000062f400000, 0x000000062f400000|100%| O|  |TAMS 0x000000062f000000, 0x000000062f000000| Untracked 
| 155|0x000000062f400000, 0x000000062f800000, 0x000000062f800000|100%| O|  |TAMS 0x000000062f400000, 0x000000062f400000| Untracked 
| 156|0x000000062f800000, 0x000000062fc00000, 0x000000062fc00000|100%| O|  |TAMS 0x000000062f800000, 0x000000062f800000| Untracked 
| 157|0x000000062fc00000, 0x0000000630000000, 0x0000000630000000|100%| O|  |TAMS 0x000000062fc00000, 0x000000062fc00000| Untracked 
| 158|0x0000000630000000, 0x0000000630400000, 0x0000000630400000|100%| O|  |TAMS 0x0000000630000000, 0x0000000630000000| Untracked 
| 159|0x0000000630400000, 0x0000000630800000, 0x0000000630800000|100%| O|  |TAMS 0x0000000630400000, 0x0000000630400000| Untracked 
| 160|0x0000000630800000, 0x0000000630c00000, 0x0000000630c00000|100%| O|  |TAMS 0x0000000630800000, 0x0000000630800000| Untracked 
| 161|0x0000000630c00000, 0x0000000631000000, 0x0000000631000000|100%| O|  |TAMS 0x0000000630c00000, 0x0000000630c00000| Untracked 
| 162|0x0000000631000000, 0x0000000631400000, 0x0000000631400000|100%| O|  |TAMS 0x0000000631000000, 0x0000000631000000| Untracked 
| 163|0x0000000631400000, 0x0000000631800000, 0x0000000631800000|100%| O|  |TAMS 0x0000000631400000, 0x0000000631400000| Untracked 
| 164|0x0000000631800000, 0x0000000631c00000, 0x0000000631c00000|100%| O|  |TAMS 0x0000000631800000, 0x0000000631800000| Untracked 
| 165|0x0000000631c00000, 0x0000000632000000, 0x0000000632000000|100%| O|  |TAMS 0x0000000631c00000, 0x0000000631c00000| Untracked 
| 166|0x0000000632000000, 0x0000000632400000, 0x0000000632400000|100%| O|  |TAMS 0x0000000632000000, 0x0000000632000000| Untracked 
| 167|0x0000000632400000, 0x0000000632800000, 0x0000000632800000|100%| O|  |TAMS 0x0000000632400000, 0x0000000632400000| Untracked 
| 168|0x0000000632800000, 0x0000000632c00000, 0x0000000632c00000|100%| O|  |TAMS 0x0000000632800000, 0x0000000632800000| Untracked 
| 169|0x0000000632c00000, 0x0000000633000000, 0x0000000633000000|100%| O|  |TAMS 0x0000000632c00000, 0x0000000632c00000| Untracked 
| 170|0x0000000633000000, 0x0000000633400000, 0x0000000633400000|100%| O|  |TAMS 0x0000000633000000, 0x0000000633000000| Untracked 
| 171|0x0000000633400000, 0x0000000633800000, 0x0000000633800000|100%| O|  |TAMS 0x0000000633400000, 0x0000000633400000| Untracked 
| 172|0x0000000633800000, 0x0000000633c00000, 0x0000000633c00000|100%| O|  |TAMS 0x0000000633800000, 0x0000000633800000| Untracked 
| 173|0x0000000633c00000, 0x0000000634000000, 0x0000000634000000|100%| O|  |TAMS 0x0000000633c00000, 0x0000000633c00000| Untracked 
| 174|0x0000000634000000, 0x0000000634400000, 0x0000000634400000|100%| O|  |TAMS 0x0000000634000000, 0x0000000634000000| Untracked 
| 175|0x0000000634400000, 0x0000000634800000, 0x0000000634800000|100%| O|  |TAMS 0x0000000634400000, 0x0000000634400000| Untracked 
| 176|0x0000000634800000, 0x0000000634c00000, 0x0000000634c00000|100%| O|  |TAMS 0x0000000634800000, 0x0000000634800000| Untracked 
| 177|0x0000000634c00000, 0x0000000635000000, 0x0000000635000000|100%| O|  |TAMS 0x0000000634c00000, 0x0000000634c00000| Untracked 
| 178|0x0000000635000000, 0x0000000635400000, 0x0000000635400000|100%| O|  |TAMS 0x0000000635000000, 0x0000000635000000| Untracked 
| 179|0x0000000635400000, 0x0000000635800000, 0x0000000635800000|100%| O|  |TAMS 0x0000000635400000, 0x0000000635400000| Untracked 
| 180|0x0000000635800000, 0x0000000635c00000, 0x0000000635c00000|100%| O|  |TAMS 0x0000000635800000, 0x0000000635800000| Untracked 
| 181|0x0000000635c00000, 0x0000000636000000, 0x0000000636000000|100%| O|  |TAMS 0x0000000635c00000, 0x0000000635c00000| Untracked 
| 182|0x0000000636000000, 0x0000000636400000, 0x0000000636400000|100%| O|  |TAMS 0x0000000636000000, 0x0000000636000000| Untracked 
| 183|0x0000000636400000, 0x0000000636800000, 0x0000000636800000|100%| O|  |TAMS 0x0000000636400000, 0x0000000636400000| Untracked 
| 184|0x0000000636800000, 0x0000000636c00000, 0x0000000636c00000|100%| O|  |TAMS 0x0000000636800000, 0x0000000636800000| Untracked 
| 185|0x0000000636c00000, 0x0000000637000000, 0x0000000637000000|100%| O|  |TAMS 0x0000000636c00000, 0x0000000636c00000| Untracked 
| 186|0x0000000637000000, 0x0000000637400000, 0x0000000637400000|100%| O|  |TAMS 0x0000000637000000, 0x0000000637000000| Untracked 
| 187|0x0000000637400000, 0x0000000637800000, 0x0000000637800000|100%| O|  |TAMS 0x0000000637400000, 0x0000000637400000| Untracked 
| 188|0x0000000637800000, 0x0000000637c00000, 0x0000000637c00000|100%| O|  |TAMS 0x0000000637800000, 0x0000000637800000| Untracked 
| 189|0x0000000637c00000, 0x0000000638000000, 0x0000000638000000|100%| O|  |TAMS 0x0000000637c00000, 0x0000000637c00000| Untracked 
| 190|0x0000000638000000, 0x0000000638400000, 0x0000000638400000|100%| O|  |TAMS 0x0000000638000000, 0x0000000638000000| Untracked 
| 191|0x0000000638400000, 0x0000000638800000, 0x0000000638800000|100%| O|  |TAMS 0x0000000638400000, 0x0000000638400000| Untracked 
| 192|0x0000000638800000, 0x0000000638c00000, 0x0000000638c00000|100%| O|  |TAMS 0x0000000638800000, 0x0000000638800000| Untracked 
| 193|0x0000000638c00000, 0x0000000639000000, 0x0000000639000000|100%| O|  |TAMS 0x0000000638c00000, 0x0000000638c00000| Untracked 
| 194|0x0000000639000000, 0x0000000639400000, 0x0000000639400000|100%| O|  |TAMS 0x0000000639000000, 0x0000000639000000| Untracked 
| 195|0x0000000639400000, 0x0000000639800000, 0x0000000639800000|100%| O|  |TAMS 0x0000000639400000, 0x0000000639400000| Untracked 
| 196|0x0000000639800000, 0x0000000639c00000, 0x0000000639c00000|100%| O|  |TAMS 0x0000000639800000, 0x0000000639800000| Untracked 
| 197|0x0000000639c00000, 0x000000063a000000, 0x000000063a000000|100%| O|  |TAMS 0x0000000639c00000, 0x0000000639c00000| Untracked 
| 198|0x000000063a000000, 0x000000063a400000, 0x000000063a400000|100%| O|  |TAMS 0x000000063a000000, 0x000000063a000000| Untracked 
| 199|0x000000063a400000, 0x000000063a800000, 0x000000063a800000|100%| O|  |TAMS 0x000000063a400000, 0x000000063a400000| Untracked 
| 200|0x000000063a800000, 0x000000063ac00000, 0x000000063ac00000|100%| O|  |TAMS 0x000000063a800000, 0x000000063a800000| Untracked 
| 201|0x000000063ac00000, 0x000000063b000000, 0x000000063b000000|100%| O|  |TAMS 0x000000063ac00000, 0x000000063ac00000| Untracked 
| 202|0x000000063b000000, 0x000000063b400000, 0x000000063b400000|100%| O|  |TAMS 0x000000063b000000, 0x000000063b000000| Untracked 
| 203|0x000000063b400000, 0x000000063b5e6c00, 0x000000063b800000| 47%| O|  |TAMS 0x000000063b400000, 0x000000063b400000| Untracked 
| 204|0x000000063b800000, 0x000000063b800000, 0x000000063bc00000|  0%| F|  |TAMS 0x000000063b800000, 0x000000063b800000| Untracked 
| 205|0x000000063bc00000, 0x000000063bc00000, 0x000000063c000000|  0%| F|  |TAMS 0x000000063bc00000, 0x000000063bc00000| Untracked 
| 206|0x000000063c000000, 0x000000063c000000, 0x000000063c400000|  0%| F|  |TAMS 0x000000063c000000, 0x000000063c000000| Untracked 
| 207|0x000000063c400000, 0x000000063c400000, 0x000000063c800000|  0%| F|  |TAMS 0x000000063c400000, 0x000000063c400000| Untracked 
| 208|0x000000063c800000, 0x000000063c800000, 0x000000063cc00000|  0%| F|  |TAMS 0x000000063c800000, 0x000000063c800000| Untracked 
| 209|0x000000063cc00000, 0x000000063cc00000, 0x000000063d000000|  0%| F|  |TAMS 0x000000063cc00000, 0x000000063cc00000| Untracked 
| 210|0x000000063d000000, 0x000000063d000000, 0x000000063d400000|  0%| F|  |TAMS 0x000000063d000000, 0x000000063d000000| Untracked 
| 211|0x000000063d400000, 0x000000063d400000, 0x000000063d800000|  0%| F|  |TAMS 0x000000063d400000, 0x000000063d400000| Untracked 
| 212|0x000000063d800000, 0x000000063d800000, 0x000000063dc00000|  0%| F|  |TAMS 0x000000063d800000, 0x000000063d800000| Untracked 
| 213|0x000000063dc00000, 0x000000063dc00000, 0x000000063e000000|  0%| F|  |TAMS 0x000000063dc00000, 0x000000063dc00000| Untracked 
| 214|0x000000063e000000, 0x000000063e000000, 0x000000063e400000|  0%| F|  |TAMS 0x000000063e000000, 0x000000063e000000| Untracked 
| 215|0x000000063e400000, 0x000000063e400000, 0x000000063e800000|  0%| F|  |TAMS 0x000000063e400000, 0x000000063e400000| Untracked 
| 216|0x000000063e800000, 0x000000063e800000, 0x000000063ec00000|  0%| F|  |TAMS 0x000000063e800000, 0x000000063e800000| Untracked 
| 217|0x000000063ec00000, 0x000000063ec00000, 0x000000063f000000|  0%| F|  |TAMS 0x000000063ec00000, 0x000000063ec00000| Untracked 
| 218|0x000000063f000000, 0x000000063f000000, 0x000000063f400000|  0%| F|  |TAMS 0x000000063f000000, 0x000000063f000000| Untracked 
| 219|0x000000063f400000, 0x000000063f400000, 0x000000063f800000|  0%| F|  |TAMS 0x000000063f400000, 0x000000063f400000| Untracked 
| 220|0x000000063f800000, 0x000000063f800000, 0x000000063fc00000|  0%| F|  |TAMS 0x000000063f800000, 0x000000063f800000| Untracked 
| 221|0x000000063fc00000, 0x000000063fc00000, 0x0000000640000000|  0%| F|  |TAMS 0x000000063fc00000, 0x000000063fc00000| Untracked 
| 222|0x0000000640000000, 0x0000000640000000, 0x0000000640400000|  0%| F|  |TAMS 0x0000000640000000, 0x0000000640000000| Untracked 
| 223|0x0000000640400000, 0x0000000640400000, 0x0000000640800000|  0%| F|  |TAMS 0x0000000640400000, 0x0000000640400000| Untracked 
| 224|0x0000000640800000, 0x0000000640800000, 0x0000000640c00000|  0%| F|  |TAMS 0x0000000640800000, 0x0000000640800000| Untracked 
| 225|0x0000000640c00000, 0x0000000640c00000, 0x0000000641000000|  0%| F|  |TAMS 0x0000000640c00000, 0x0000000640c00000| Untracked 
| 226|0x0000000641000000, 0x0000000641000000, 0x0000000641400000|  0%| F|  |TAMS 0x0000000641000000, 0x0000000641000000| Untracked 
| 227|0x0000000641400000, 0x0000000641400000, 0x0000000641800000|  0%| F|  |TAMS 0x0000000641400000, 0x0000000641400000| Untracked 
| 228|0x0000000641800000, 0x0000000641800000, 0x0000000641c00000|  0%| F|  |TAMS 0x0000000641800000, 0x0000000641800000| Untracked 
| 229|0x0000000641c00000, 0x0000000641c00000, 0x0000000642000000|  0%| F|  |TAMS 0x0000000641c00000, 0x0000000641c00000| Untracked 
| 230|0x0000000642000000, 0x0000000642000000, 0x0000000642400000|  0%| F|  |TAMS 0x0000000642000000, 0x0000000642000000| Untracked 
| 231|0x0000000642400000, 0x0000000642400000, 0x0000000642800000|  0%| F|  |TAMS 0x0000000642400000, 0x0000000642400000| Untracked 
| 232|0x0000000642800000, 0x0000000642c00000, 0x0000000642c00000|100%| S|CS|TAMS 0x0000000642800000, 0x0000000642800000| Complete 
| 233|0x0000000642c00000, 0x0000000642c00000, 0x0000000643000000|  0%| F|  |TAMS 0x0000000642c00000, 0x0000000642c00000| Untracked 
| 234|0x0000000643000000, 0x0000000643400000, 0x0000000643400000|100%| S|CS|TAMS 0x0000000643000000, 0x0000000643000000| Complete 
| 235|0x0000000643400000, 0x0000000643400000, 0x0000000643800000|  0%| F|  |TAMS 0x0000000643400000, 0x0000000643400000| Untracked 
| 236|0x0000000643800000, 0x0000000643800000, 0x0000000643c00000|  0%| F|  |TAMS 0x0000000643800000, 0x0000000643800000| Untracked 
| 237|0x0000000643c00000, 0x0000000643c00000, 0x0000000644000000|  0%| F|  |TAMS 0x0000000643c00000, 0x0000000643c00000| Untracked 
| 238|0x0000000644000000, 0x0000000644000000, 0x0000000644400000|  0%| F|  |TAMS 0x0000000644000000, 0x0000000644000000| Untracked 
| 239|0x0000000644400000, 0x0000000644400000, 0x0000000644800000|  0%| F|  |TAMS 0x0000000644400000, 0x0000000644400000| Untracked 
| 240|0x0000000644800000, 0x0000000644800000, 0x0000000644c00000|  0%| F|  |TAMS 0x0000000644800000, 0x0000000644800000| Untracked 
| 241|0x0000000644c00000, 0x0000000644c00000, 0x0000000645000000|  0%| F|  |TAMS 0x0000000644c00000, 0x0000000644c00000| Untracked 
| 242|0x0000000645000000, 0x0000000645000000, 0x0000000645400000|  0%| F|  |TAMS 0x0000000645000000, 0x0000000645000000| Untracked 
| 243|0x0000000645400000, 0x0000000645400000, 0x0000000645800000|  0%| F|  |TAMS 0x0000000645400000, 0x0000000645400000| Untracked 
| 244|0x0000000645800000, 0x0000000645800000, 0x0000000645c00000|  0%| F|  |TAMS 0x0000000645800000, 0x0000000645800000| Untracked 
| 245|0x0000000645c00000, 0x0000000645c00000, 0x0000000646000000|  0%| F|  |TAMS 0x0000000645c00000, 0x0000000645c00000| Untracked 
| 246|0x0000000646000000, 0x0000000646000000, 0x0000000646400000|  0%| F|  |TAMS 0x0000000646000000, 0x0000000646000000| Untracked 
| 247|0x0000000646400000, 0x0000000646400000, 0x0000000646800000|  0%| F|  |TAMS 0x0000000646400000, 0x0000000646400000| Untracked 
| 248|0x0000000646800000, 0x0000000646800000, 0x0000000646c00000|  0%| F|  |TAMS 0x0000000646800000, 0x0000000646800000| Untracked 

Card table byte_map: [0x0000024acfd60000,0x0000024ad0d20000] _byte_map_base: 0x0000024accd1c000

Marking Bits (Prev, Next): (CMBitMap*) 0x0000024ab74e0280, (CMBitMap*) 0x0000024ab74e02c0
 Prev Bits: [0x0000024ad1ce0000, 0x0000024ad9ac0000)
 Next Bits: [0x0000024ad9ac0000, 0x0000024ae18a0000)

Polling page: 0x0000024ab5300000

Metaspace:

Usage:
  Non-class:     73.08 MB used.
      Class:      8.75 MB used.
       Both:     81.83 MB used.

Virtual space:
  Non-class space:      128.00 MB reserved,      73.44 MB ( 57%) committed,  2 nodes.
      Class space:        1.00 GB reserved,       9.06 MB ( <1%) committed,  1 nodes.
             Both:        1.12 GB reserved,      82.50 MB (  7%) committed. 

Chunk freelists:
   Non-Class:  5.87 MB
       Class:  6.95 MB
        Both:  12.82 MB

MaxMetaspaceSize: unlimited
CompressedClassSpaceSize: 1.00 GB
Initial GC threshold: 21.00 MB
Current GC threshold: 127.00 MB
CDS: on
MetaspaceReclaimPolicy: balanced
 - commit_granule_bytes: 65536.
 - commit_granule_words: 8192.
 - virtual_space_node_default_size: 8388608.
 - enlarge_chunks_in_place: 1.
 - new_chunks_are_fully_committed: 0.
 - uncommit_free_chunks: 1.
 - use_allocation_guard: 0.
 - handle_deallocations: 1.


Internal statistics:

num_allocs_failed_limit: 6.
num_arena_births: 1112.
num_arena_deaths: 0.
num_vsnodes_births: 3.
num_vsnodes_deaths: 0.
num_space_committed: 1317.
num_space_uncommitted: 0.
num_chunks_returned_to_freelist: 6.
num_chunks_taken_from_freelist: 4483.
num_chunk_merges: 6.
num_chunk_splits: 3163.
num_chunks_enlarged: 2358.
num_inconsistent_stats: 0.

CodeHeap 'non-profiled nmethods': size=119168Kb used=27986Kb max_used=27986Kb free=91181Kb
 bounds [0x0000024ac6b70000, 0x0000024ac86d0000, 0x0000024acdfd0000]
CodeHeap 'profiled nmethods': size=119104Kb used=48432Kb max_used=49605Kb free=70671Kb
 bounds [0x0000024abefd0000, 0x0000024ac20c0000, 0x0000024ac6420000]
CodeHeap 'non-nmethods': size=7488Kb used=3090Kb max_used=3242Kb free=4397Kb
 bounds [0x0000024ac6420000, 0x0000024ac6760000, 0x0000024ac6b70000]
 total_blobs=20026 nmethods=19298 adapters=633
 compilation: enabled
              stopped_count=0, restarted_count=0
 full_count=0

Compilation events (20 events):
Event: 53.485 Thread 0x0000024b35154650 26518       1       org.h2.table.Plan::getFilters (5 bytes)
Event: 53.486 Thread 0x0000024b35152670 nmethod 26517 0x0000024abfac0390 code [0x0000024abfac0520, 0x0000024abfac0638]
Event: 53.486 Thread 0x0000024b35154650 nmethod 26518 0x0000024ac86b8d10 code [0x0000024ac86b8ea0, 0x0000024ac86b8f78]
Event: 53.486 Thread 0x0000024b35152670 26519       1       org.h2.command.dml.Optimizer::getTopFilter (5 bytes)
Event: 53.486 Thread 0x0000024b35154650 26520       1       org.h2.command.dml.Optimizer::getCost (5 bytes)
Event: 53.486 Thread 0x0000024b35154ba0 nmethod 26515 0x0000024ac0364f90 code [0x0000024ac0365180, 0x0000024ac0365628]
Event: 53.486 Thread 0x0000024b35152670 nmethod 26519 0x0000024ac86b9010 code [0x0000024ac86b91a0, 0x0000024ac86b9278]
Event: 53.486 Thread 0x0000024b35154650 nmethod 26520 0x0000024ac86b9310 code [0x0000024ac86b94a0, 0x0000024ac86b9578]
Event: 53.487 Thread 0x0000024b260de670 nmethod 26516 0x0000024abfffa890 code [0x0000024abfffab40, 0x0000024abfffbbb8]
Event: 53.488 Thread 0x0000024b378c8e70 nmethod 26510 0x0000024ac86b9610 code [0x0000024ac86b97a0, 0x0000024ac86b98f8]
Event: 53.489 Thread 0x0000024b378c9e60 nmethod 26509 0x0000024ac86b9a90 code [0x0000024ac86b9c40, 0x0000024ac86b9e78]
Event: 53.492 Thread 0x0000024b35154650 26521   !   3       jdk.internal.reflect.GeneratedConstructorAccessor42::newInstance (53 bytes)
Event: 53.492 Thread 0x0000024b35154650 nmethod 26521 0x0000024abff5d410 code [0x0000024abff5d620, 0x0000024abff5dc08]
Event: 53.493 Thread 0x0000024b35152bc0 nmethod 26512 0x0000024ac86ba090 code [0x0000024ac86ba280, 0x0000024ac86ba8b8]
Event: 53.497 Thread 0x0000024b378cce30 nmethod 26514% 0x0000024ac86baf90 code [0x0000024ac86bb160, 0x0000024ac86bbc48]
Event: 53.498 Thread 0x0000024b35152bc0 26522       4       org.jetbrains.kotlin.load.java.structure.impl.JavaClassImpl::getTypeParameters (32 bytes)
Event: 53.500 Thread 0x0000024b35152120 nmethod 26513 0x0000024ac86bc290 code [0x0000024ac86bc560, 0x0000024ac86bd5e0]
Event: 53.502 Thread 0x0000024b35153bb0 nmethod 26511 0x0000024ac86be610 code [0x0000024ac86be820, 0x0000024ac86bf3c8]
Event: 53.505 Thread 0x0000024b35152bc0 nmethod 26522 0x0000024ac86c0190 code [0x0000024ac86c03a0, 0x0000024ac86c0c28]
Event: 53.506 Thread 0x0000024b260dd050 nmethod 26504 0x0000024ac86c1390 code [0x0000024ac86c1660, 0x0000024ac86c2f70]

GC Heap History (20 events):
Event: 51.330 GC heap after
{Heap after GC invocations=66 (full 0):
 garbage-first heap   total 1019904K, used 733916K [0x0000000608800000, 0x0000000800000000)
  region size 4096K, 5 young (20480K), 5 survivors (20480K)
 Metaspace       used 83308K, committed 83968K, reserved 1179648K
  class space    used 8959K, committed 9280K, reserved 1048576K
}
Event: 51.530 GC heap before
{Heap before GC invocations=66 (full 0):
 garbage-first heap   total 1019904K, used 869084K [0x0000000608800000, 0x0000000800000000)
  region size 4096K, 38 young (155648K), 5 survivors (20480K)
 Metaspace       used 83335K, committed 83968K, reserved 1179648K
  class space    used 8959K, committed 9280K, reserved 1048576K
}
Event: 51.536 GC heap after
{Heap after GC invocations=67 (full 0):
 garbage-first heap   total 1019904K, used 752711K [0x0000000608800000, 0x0000000800000000)
  region size 4096K, 5 young (20480K), 5 survivors (20480K)
 Metaspace       used 83335K, committed 83968K, reserved 1179648K
  class space    used 8959K, committed 9280K, reserved 1048576K
}
Event: 51.847 GC heap before
{Heap before GC invocations=67 (full 0):
 garbage-first heap   total 1019904K, used 871495K [0x0000000608800000, 0x0000000800000000)
  region size 4096K, 34 young (139264K), 5 survivors (20480K)
 Metaspace       used 83373K, committed 84032K, reserved 1179648K
  class space    used 8959K, committed 9280K, reserved 1048576K
}
Event: 51.853 GC heap after
{Heap after GC invocations=68 (full 0):
 garbage-first heap   total 1019904K, used 764112K [0x0000000608800000, 0x0000000800000000)
  region size 4096K, 4 young (16384K), 4 survivors (16384K)
 Metaspace       used 83373K, committed 84032K, reserved 1179648K
  class space    used 8959K, committed 9280K, reserved 1048576K
}
Event: 52.160 GC heap before
{Heap before GC invocations=68 (full 0):
 garbage-first heap   total 1019904K, used 870608K [0x0000000608800000, 0x0000000800000000)
  region size 4096K, 30 young (122880K), 4 survivors (16384K)
 Metaspace       used 83419K, committed 84032K, reserved 1179648K
  class space    used 8959K, committed 9280K, reserved 1048576K
}
Event: 52.166 GC heap after
{Heap after GC invocations=69 (full 0):
 garbage-first heap   total 1019904K, used 780274K [0x0000000608800000, 0x0000000800000000)
  region size 4096K, 4 young (16384K), 4 survivors (16384K)
 Metaspace       used 83419K, committed 84032K, reserved 1179648K
  class space    used 8959K, committed 9280K, reserved 1048576K
}
Event: 52.477 GC heap before
{Heap before GC invocations=69 (full 0):
 garbage-first heap   total 1019904K, used 874482K [0x0000000608800000, 0x0000000800000000)
  region size 4096K, 27 young (110592K), 4 survivors (16384K)
 Metaspace       used 83457K, committed 84096K, reserved 1179648K
  class space    used 8960K, committed 9280K, reserved 1048576K
}
Event: 52.483 GC heap after
{Heap after GC invocations=70 (full 0):
 garbage-first heap   total 1019904K, used 789135K [0x0000000608800000, 0x0000000800000000)
  region size 4096K, 3 young (12288K), 3 survivors (12288K)
 Metaspace       used 83457K, committed 84096K, reserved 1179648K
  class space    used 8960K, committed 9280K, reserved 1048576K
}
Event: 52.898 GC heap before
{Heap before GC invocations=70 (full 0):
 garbage-first heap   total 1019904K, used 879247K [0x0000000608800000, 0x0000000800000000)
  region size 4096K, 25 young (102400K), 3 survivors (12288K)
 Metaspace       used 83541K, committed 84160K, reserved 1179648K
  class space    used 8962K, committed 9280K, reserved 1048576K
}
Event: 52.902 GC heap after
{Heap after GC invocations=71 (full 0):
 garbage-first heap   total 1019904K, used 798710K [0x0000000608800000, 0x0000000800000000)
  region size 4096K, 3 young (12288K), 3 survivors (12288K)
 Metaspace       used 83541K, committed 84160K, reserved 1179648K
  class space    used 8962K, committed 9280K, reserved 1048576K
}
Event: 53.001 GC heap before
{Heap before GC invocations=71 (full 0):
 garbage-first heap   total 1019904K, used 876534K [0x0000000608800000, 0x0000000800000000)
  region size 4096K, 23 young (94208K), 3 survivors (12288K)
 Metaspace       used 83549K, committed 84160K, reserved 1179648K
  class space    used 8962K, committed 9280K, reserved 1048576K
}
Event: 53.005 GC heap after
{Heap after GC invocations=72 (full 0):
 garbage-first heap   total 1019904K, used 808675K [0x0000000608800000, 0x0000000800000000)
  region size 4096K, 3 young (12288K), 3 survivors (12288K)
 Metaspace       used 83549K, committed 84160K, reserved 1179648K
  class space    used 8962K, committed 9280K, reserved 1048576K
}
Event: 53.144 GC heap before
{Heap before GC invocations=72 (full 0):
 garbage-first heap   total 1019904K, used 886499K [0x0000000608800000, 0x0000000800000000)
  region size 4096K, 22 young (90112K), 3 survivors (12288K)
 Metaspace       used 83592K, committed 84224K, reserved 1179648K
  class space    used 8962K, committed 9280K, reserved 1048576K
}
Event: 53.148 GC heap after
{Heap after GC invocations=73 (full 0):
 garbage-first heap   total 1019904K, used 818180K [0x0000000608800000, 0x0000000800000000)
  region size 4096K, 3 young (12288K), 3 survivors (12288K)
 Metaspace       used 83592K, committed 84224K, reserved 1179648K
  class space    used 8962K, committed 9280K, reserved 1048576K
}
Event: 53.236 GC heap before
{Heap before GC invocations=73 (full 0):
 garbage-first heap   total 1019904K, used 883716K [0x0000000608800000, 0x0000000800000000)
  region size 4096K, 19 young (77824K), 3 survivors (12288K)
 Metaspace       used 83607K, committed 84224K, reserved 1179648K
  class space    used 8962K, committed 9280K, reserved 1048576K
}
Event: 53.239 GC heap after
{Heap after GC invocations=74 (full 0):
 garbage-first heap   total 1019904K, used 825956K [0x0000000608800000, 0x0000000800000000)
  region size 4096K, 3 young (12288K), 3 survivors (12288K)
 Metaspace       used 83607K, committed 84224K, reserved 1179648K
  class space    used 8962K, committed 9280K, reserved 1048576K
}
Event: 53.347 GC heap before
{Heap before GC invocations=74 (full 0):
 garbage-first heap   total 1019904K, used 887396K [0x0000000608800000, 0x0000000800000000)
  region size 4096K, 18 young (73728K), 3 survivors (12288K)
 Metaspace       used 83782K, committed 84416K, reserved 1179648K
  class space    used 8962K, committed 9280K, reserved 1048576K
}
Event: 53.350 GC heap after
{Heap after GC invocations=75 (full 0):
 garbage-first heap   total 1019904K, used 832931K [0x0000000608800000, 0x0000000800000000)
  region size 4096K, 2 young (8192K), 2 survivors (8192K)
 Metaspace       used 83782K, committed 84416K, reserved 1179648K
  class space    used 8962K, committed 9280K, reserved 1048576K
}
Event: 53.507 GC heap before
{Heap before GC invocations=75 (full 0):
 garbage-first heap   total 1019904K, used 890275K [0x0000000608800000, 0x0000000800000000)
  region size 4096K, 16 young (65536K), 2 survivors (8192K)
 Metaspace       used 83798K, committed 84480K, reserved 1179648K
  class space    used 8963K, committed 9280K, reserved 1048576K
}

Dll operation events (8 events):
Event: 0.005 Loaded shared library C:\Users\30989\.jdks\ms-17.0.17\bin\java.dll
Event: 0.500 Loaded shared library C:\Users\30989\.jdks\ms-17.0.17\bin\jsvml.dll
Event: 0.555 Loaded shared library C:\Users\30989\.jdks\ms-17.0.17\bin\net.dll
Event: 0.557 Loaded shared library C:\Users\30989\.jdks\ms-17.0.17\bin\nio.dll
Event: 0.562 Loaded shared library C:\Users\30989\.jdks\ms-17.0.17\bin\zip.dll
Event: 0.621 Loaded shared library C:\Users\30989\.jdks\ms-17.0.17\bin\jimage.dll
Event: 1.298 Loaded shared library C:\Users\30989\.jdks\ms-17.0.17\bin\verify.dll
Event: 2.109 Loaded shared library C:\Users\30989\AppData\Local\Temp\sqlite-3.41.2.1-a6e48f5b-5303-496e-bfee-5a7040eda35b-sqlitejdbc.dll

Deoptimization events (20 events):
Event: 53.458 Thread 0x0000024b26406450 Uncommon trap: trap_request=0xffffffc6 fr.pc=0x0000024ac7b51f7c relative=0x0000000000005c9c
Event: 53.458 Thread 0x0000024b26406450 Uncommon trap: reason=bimorphic_or_optimized_type_check action=maybe_recompile pc=0x0000024ac7b51f7c method=org.jetbrains.kotlin.resolve.calls.KotlinCallResolver.choseMostSpecific(Lorg/jetbrains/kotlin/resolve/calls/model/KotlinCall;Lorg/jetbrains/kotlin/
Event: 53.458 Thread 0x0000024b26406450 DEOPT PACKING pc=0x0000024ac7b51f7c sp=0x0000004ccf7fc660
Event: 53.458 Thread 0x0000024b26406450 DEOPT UNPACKING pc=0x0000024ac64769a3 sp=0x0000004ccf7fc658 mode 2
Event: 53.459 Thread 0x0000024b26406450 Uncommon trap: trap_request=0xffffffc6 fr.pc=0x0000024ac6d1b9b8 relative=0x0000000000000458
Event: 53.459 Thread 0x0000024b26406450 Uncommon trap: reason=bimorphic_or_optimized_type_check action=maybe_recompile pc=0x0000024ac6d1b9b8 method=kotlin.collections.CollectionsKt___CollectionsKt.first(Ljava/lang/Iterable;)Ljava/lang/Object; @ 29 c2
Event: 53.459 Thread 0x0000024b26406450 DEOPT PACKING pc=0x0000024ac6d1b9b8 sp=0x0000004ccf7fc440
Event: 53.459 Thread 0x0000024b26406450 DEOPT UNPACKING pc=0x0000024ac64769a3 sp=0x0000004ccf7fc3f8 mode 2
Event: 53.459 Thread 0x0000024b26406450 Uncommon trap: trap_request=0xffffffc6 fr.pc=0x0000024ac7a37b54 relative=0x00000000000031b4
Event: 53.459 Thread 0x0000024b26406450 Uncommon trap: reason=bimorphic_or_optimized_type_check action=maybe_recompile pc=0x0000024ac7a37b54 method=org.jetbrains.kotlin.resolve.calls.results.OverloadingConflictResolver.setIfOneOrEmpty(Ljava/util/Collection;)Ljava/util/Set; @ 1 c2
Event: 53.459 Thread 0x0000024b26406450 DEOPT PACKING pc=0x0000024ac7a37b54 sp=0x0000004ccf7fc580
Event: 53.459 Thread 0x0000024b26406450 DEOPT UNPACKING pc=0x0000024ac64769a3 sp=0x0000004ccf7fc550 mode 2
Event: 53.474 Thread 0x0000024b26406450 Uncommon trap: trap_request=0xffffff45 fr.pc=0x0000024ac82e5660 relative=0x0000000000009f00
Event: 53.474 Thread 0x0000024b26406450 Uncommon trap: reason=unstable_if action=reinterpret pc=0x0000024ac82e5660 method=org.jetbrains.kotlin.load.java.typeEnhancement.JavaTypeEnhancement.enhanceInflexible(Lorg/jetbrains/kotlin/types/SimpleType;Lkotlin/jvm/functions/Function1;ILorg/jetbrains/k
Event: 53.474 Thread 0x0000024b26406450 DEOPT PACKING pc=0x0000024ac82e5660 sp=0x0000004ccf7fc220
Event: 53.474 Thread 0x0000024b26406450 DEOPT UNPACKING pc=0x0000024ac64769a3 sp=0x0000004ccf7fc1a8 mode 2
Event: 53.500 Thread 0x0000024b26406450 Uncommon trap: trap_request=0xffffffde fr.pc=0x0000024ac77e5d00 relative=0x00000000000014a0
Event: 53.500 Thread 0x0000024b26406450 Uncommon trap: reason=class_check action=maybe_recompile pc=0x0000024ac77e5d00 method=org.jetbrains.kotlin.resolve.SinceKotlinUtilKt.getOwnSinceKotlinVersion(Lorg/jetbrains/kotlin/descriptors/DeclarationDescriptor;)Lorg/jetbrains/kotlin/resolve/SinceKotli
Event: 53.500 Thread 0x0000024b26406450 DEOPT PACKING pc=0x0000024ac77e5d00 sp=0x0000004ccf7fdeb0
Event: 53.500 Thread 0x0000024b26406450 DEOPT UNPACKING pc=0x0000024ac64769a3 sp=0x0000004ccf7fde08 mode 2

Classes loaded (20 events):
Event: 21.718 Loading class java/util/stream/SortedOps$OfRef
Event: 21.718 Loading class java/util/stream/SortedOps$OfRef done
Event: 21.719 Loading class java/util/stream/SortedOps$RefSortingSink
Event: 21.719 Loading class java/util/stream/SortedOps$AbstractRefSortingSink
Event: 21.719 Loading class java/util/stream/SortedOps$AbstractRefSortingSink done
Event: 21.719 Loading class java/util/stream/SortedOps$RefSortingSink done
Event: 21.781 Loading class jdk/internal/math/FDBigInteger
Event: 21.782 Loading class jdk/internal/math/FDBigInteger done
Event: 22.270 Loading class java/util/function/IntBinaryOperator
Event: 22.270 Loading class java/util/function/IntBinaryOperator done
Event: 33.636 Loading class java/util/concurrent/locks/ReentrantReadWriteLock$Sync$HoldCounter
Event: 33.636 Loading class java/util/concurrent/locks/ReentrantReadWriteLock$Sync$HoldCounter done
Event: 33.859 Loading class java/util/EnumMap$EntrySet
Event: 33.860 Loading class java/util/EnumMap$EntrySet done
Event: 33.860 Loading class java/util/EnumMap$EntryIterator
Event: 33.860 Loading class java/util/EnumMap$EnumMapIterator
Event: 33.860 Loading class java/util/EnumMap$EnumMapIterator done
Event: 33.860 Loading class java/util/EnumMap$EntryIterator done
Event: 33.860 Loading class java/util/EnumMap$EntryIterator$Entry
Event: 33.860 Loading class java/util/EnumMap$EntryIterator$Entry done

Classes unloaded (0 events):
No events

Classes redefined (0 events):
No events

Internal exceptions (20 events):
Event: 34.163 Thread 0x0000024b2ba69780 Exception <a 'sun/nio/fs/WindowsException'{0x0000000626016f18}> (0x0000000626016f18) 
thrown [s\src\hotspot\share\prims\jni.cpp, line 516]
Event: 36.981 Thread 0x0000024b26406450 Implicit null exception at 0x0000024ac75267a5 to 0x0000024ac7526dc4
Event: 37.086 Thread 0x0000024b26406450 Implicit null exception at 0x0000024ac78f164b to 0x0000024ac78f1cfc
Event: 37.087 Thread 0x0000024b26406450 Implicit null exception at 0x0000024ac777b8b6 to 0x0000024ac777bf50
Event: 40.456 Thread 0x0000024b26406450 Implicit null exception at 0x0000024ac768dac5 to 0x0000024ac768e440
Event: 40.695 Thread 0x0000024b26406450 Implicit null exception at 0x0000024ac712902f to 0x0000024ac712909d
Event: 40.707 Thread 0x0000024b26406450 Implicit null exception at 0x0000024ac7d3635b to 0x0000024ac7d363f7
Event: 40.730 Thread 0x0000024b26406450 Implicit null exception at 0x0000024ac7860b03 to 0x0000024ac78623c4
Event: 42.303 Thread 0x0000024b26406450 Implicit null exception at 0x0000024ac7623d31 to 0x0000024ac7626d09
Event: 43.474 Thread 0x0000024b26406450 Implicit null exception at 0x0000024ac75ac3cc to 0x0000024ac75ac4a8
Event: 43.524 Thread 0x0000024b26406450 Implicit null exception at 0x0000024ac7c809f3 to 0x0000024ac7c828d8
Event: 44.832 Thread 0x0000024b26406450 Implicit null exception at 0x0000024ac7162634 to 0x0000024ac71626c5
Event: 45.423 Thread 0x0000024b26406450 Implicit null exception at 0x0000024ac74f71b7 to 0x0000024ac74f9428
Event: 45.423 Thread 0x0000024b26406450 Implicit null exception at 0x0000024ac746ec77 to 0x0000024ac746f396
Event: 45.423 Thread 0x0000024b26406450 Implicit null exception at 0x0000024ac7eba967 to 0x0000024ac7ebb1d0
Event: 45.953 Thread 0x0000024b26406450 Implicit null exception at 0x0000024ac811ebaf to 0x0000024ac8125e68
Event: 46.363 Thread 0x0000024b26406450 Implicit null exception at 0x0000024ac7a4ff91 to 0x0000024ac7a53460
Event: 48.526 Thread 0x0000024b26406450 Implicit null exception at 0x0000024ac8091006 to 0x0000024ac8091eec
Event: 48.527 Thread 0x0000024b26406450 Implicit null exception at 0x0000024ac787e7c3 to 0x0000024ac7881a80
Event: 49.101 Thread 0x0000024b26406450 Implicit null exception at 0x0000024ac7bd86d4 to 0x0000024ac7bd914c

VM Operations (20 events):
Event: 52.483 Executing VM operation: G1CollectForAllocation done
Event: 52.597 Executing VM operation: HandshakeAllThreads
Event: 52.597 Executing VM operation: HandshakeAllThreads done
Event: 52.775 Executing VM operation: ICBufferFull
Event: 52.775 Executing VM operation: ICBufferFull done
Event: 52.783 Executing VM operation: HandshakeAllThreads
Event: 52.783 Executing VM operation: HandshakeAllThreads done
Event: 52.898 Executing VM operation: G1CollectForAllocation
Event: 52.903 Executing VM operation: G1CollectForAllocation done
Event: 52.953 Executing VM operation: HandshakeAllThreads
Event: 52.953 Executing VM operation: HandshakeAllThreads done
Event: 53.001 Executing VM operation: G1CollectForAllocation
Event: 53.005 Executing VM operation: G1CollectForAllocation done
Event: 53.144 Executing VM operation: G1CollectForAllocation
Event: 53.148 Executing VM operation: G1CollectForAllocation done
Event: 53.235 Executing VM operation: G1CollectForAllocation
Event: 53.239 Executing VM operation: G1CollectForAllocation done
Event: 53.347 Executing VM operation: G1CollectForAllocation
Event: 53.350 Executing VM operation: G1CollectForAllocation done
Event: 53.507 Executing VM operation: G1CollectForAllocation

Memory protections (0 events):
No events

Nmethod flushes (20 events):
Event: 52.992 Thread 0x0000024b260fcf30 flushing  nmethod 0x0000024ac1629910
Event: 52.992 Thread 0x0000024b260fcf30 flushing  nmethod 0x0000024ac1647d90
Event: 52.992 Thread 0x0000024b260fcf30 flushing  nmethod 0x0000024ac164cc10
Event: 52.992 Thread 0x0000024b260fcf30 flushing  nmethod 0x0000024ac1666290
Event: 52.992 Thread 0x0000024b260fcf30 flushing  nmethod 0x0000024ac167cc10
Event: 52.993 Thread 0x0000024b260fcf30 flushing  nmethod 0x0000024ac16b2710
Event: 52.993 Thread 0x0000024b260fcf30 flushing  nmethod 0x0000024ac1728090
Event: 52.994 Thread 0x0000024b260fcf30 flushing  nmethod 0x0000024ac1796010
Event: 52.995 Thread 0x0000024b260fcf30 flushing  nmethod 0x0000024ac1830010
Event: 52.995 Thread 0x0000024b260fcf30 flushing  nmethod 0x0000024ac1830590
Event: 52.995 Thread 0x0000024b260fcf30 flushing  nmethod 0x0000024ac1878f10
Event: 52.997 Thread 0x0000024b260fcf30 flushing  nmethod 0x0000024ac19c4c90
Event: 52.999 Thread 0x0000024b260fcf30 flushing  nmethod 0x0000024ac1c52a10
Event: 53.000 Thread 0x0000024b260fcf30 flushing  nmethod 0x0000024ac1d4fc90
Event: 53.000 Thread 0x0000024b260fcf30 flushing  nmethod 0x0000024ac1d50490
Event: 53.000 Thread 0x0000024b260fcf30 flushing  nmethod 0x0000024ac1d51e90
Event: 53.001 Thread 0x0000024b260fcf30 flushing  nmethod 0x0000024ac1eef990
Event: 53.005 Thread 0x0000024b260fcf30 flushing  nmethod 0x0000024ac1fed310
Event: 53.005 Thread 0x0000024b260fcf30 flushing  nmethod 0x0000024ac1ffab90
Event: 53.006 Thread 0x0000024b260fcf30 flushing  nmethod 0x0000024ac205d890

Events (20 events):
Event: 28.554 Thread 0x0000024b35154ba0 Thread added: 0x0000024b378c9e60
Event: 28.554 Thread 0x0000024b35154ba0 Thread added: 0x0000024b378c8e70
Event: 28.685 Thread 0x0000024b35154650 Thread added: 0x0000024b378cce30
Event: 28.685 Thread 0x0000024b35154650 Thread added: 0x0000024b36b19790
Event: 30.985 Thread 0x0000024b3955f2f0 Thread exited: 0x0000024b3955f2f0
Event: 30.985 Thread 0x0000024b3955e3c0 Thread exited: 0x0000024b3955e3c0
Event: 30.995 Thread 0x0000024b2ba69780 Thread added: 0x0000024b3ab16450
Event: 30.995 Thread 0x0000024b2ba69780 Thread added: 0x0000024b3ab14b00
Event: 34.161 Thread 0x0000024b3ab14b00 Thread exited: 0x0000024b3ab14b00
Event: 34.161 Thread 0x0000024b3ab16450 Thread exited: 0x0000024b3ab16450
Event: 34.171 Thread 0x0000024b2ba69780 Thread added: 0x0000024b3ab14b00
Event: 34.171 Thread 0x0000024b2ba69780 Thread added: 0x0000024b3ab15f40
Event: 36.825 Thread 0x0000024b36b19790 Thread exited: 0x0000024b36b19790
Event: 36.907 Thread 0x0000024b3ab15f40 Thread exited: 0x0000024b3ab15f40
Event: 36.907 Thread 0x0000024b3ab14b00 Thread exited: 0x0000024b3ab14b00
Event: 36.923 Thread 0x0000024b2ba69780 Thread added: 0x0000024b3ab14b00
Event: 36.923 Thread 0x0000024b2ba69780 Thread added: 0x0000024b3ab1ab30
Event: 37.274 Thread 0x0000024b260de670 Thread added: 0x0000024b35153bb0
Event: 39.254 Thread 0x0000024b3ab14b00 Thread exited: 0x0000024b3ab14b00
Event: 39.254 Thread 0x0000024b3ab1ab30 Thread exited: 0x0000024b3ab1ab30


Dynamic libraries:
0x00007ff737ba0000 - 0x00007ff737bae000 	C:\Users\30989\.jdks\ms-17.0.17\bin\java.exe
0x00007ffd23d60000 - 0x00007ffd23fc7000 	C:\Windows\SYSTEM32\ntdll.dll
0x00007ffd22490000 - 0x00007ffd22559000 	C:\Windows\System32\KERNEL32.DLL
0x00007ffd21190000 - 0x00007ffd2157f000 	C:\Windows\System32\KERNELBASE.dll
0x00007ffd21640000 - 0x00007ffd2178b000 	C:\Windows\System32\ucrtbase.dll
0x00007ffce96c0000 - 0x00007ffce96d8000 	C:\Users\30989\.jdks\ms-17.0.17\bin\jli.dll
0x00007ffcd86b0000 - 0x00007ffcd86ce000 	C:\Users\30989\.jdks\ms-17.0.17\bin\VCRUNTIME140.dll
0x00007ffd231c0000 - 0x00007ffd23385000 	C:\Windows\System32\USER32.dll
0x00007ffd21030000 - 0x00007ffd21057000 	C:\Windows\System32\win32u.dll
0x00007ffcf7af0000 - 0x00007ffcf7d83000 	C:\Windows\WinSxS\amd64_microsoft.windows.common-controls_6595b64144ccf1df_6.0.26100.7309_none_3e05feeae336a044\COMCTL32.dll
0x00007ffd225a0000 - 0x00007ffd225cb000 	C:\Windows\System32\GDI32.dll
0x00007ffd226b0000 - 0x00007ffd22759000 	C:\Windows\System32\msvcrt.dll
0x00007ffd21060000 - 0x00007ffd2118c000 	C:\Windows\System32\gdi32full.dll
0x00007ffd21590000 - 0x00007ffd21633000 	C:\Windows\System32\msvcp_win.dll
0x00007ffd22560000 - 0x00007ffd22591000 	C:\Windows\System32\IMM32.DLL
0x00007ffd03540000 - 0x00007ffd0354c000 	C:\Users\30989\.jdks\ms-17.0.17\bin\vcruntime140_1.dll
0x00007ffcce590000 - 0x00007ffcce619000 	C:\Users\30989\.jdks\ms-17.0.17\bin\msvcp140.dll
0x00007ffc242b0000 - 0x00007ffc24f2a000 	C:\Users\30989\.jdks\ms-17.0.17\bin\server\jvm.dll
0x00007ffd21e00000 - 0x00007ffd21eb4000 	C:\Windows\System32\ADVAPI32.dll
0x00007ffd21ee0000 - 0x00007ffd21f86000 	C:\Windows\System32\sechost.dll
0x00007ffd230a0000 - 0x00007ffd231b8000 	C:\Windows\System32\RPCRT4.dll
0x00007ffd21d80000 - 0x00007ffd21df4000 	C:\Windows\System32\WS2_32.dll
0x00007ffd20d10000 - 0x00007ffd20d6e000 	C:\Windows\SYSTEM32\POWRPROF.dll
0x00007ffd19d10000 - 0x00007ffd19d1b000 	C:\Windows\SYSTEM32\VERSION.dll
0x00007ffd1b720000 - 0x00007ffd1b755000 	C:\Windows\SYSTEM32\WINMM.dll
0x00007ffd20cf0000 - 0x00007ffd20d04000 	C:\Windows\SYSTEM32\UMPDC.dll
0x00007ffd1fc60000 - 0x00007ffd1fc7b000 	C:\Windows\SYSTEM32\kernel.appcore.dll
0x00007ffd034e0000 - 0x00007ffd034ea000 	C:\Users\30989\.jdks\ms-17.0.17\bin\jimage.dll
0x00007ffd1e490000 - 0x00007ffd1e6d2000 	C:\Windows\SYSTEM32\DBGHELP.DLL
0x00007ffd22c80000 - 0x00007ffd23005000 	C:\Windows\System32\combase.dll
0x00007ffd225d0000 - 0x00007ffd226a6000 	C:\Windows\System32\OLEAUT32.dll
0x00007ffcf37c0000 - 0x00007ffcf37fc000 	C:\Windows\SYSTEM32\dbgcore.DLL
0x00007ffd21790000 - 0x00007ffd21835000 	C:\Windows\System32\bcryptPrimitives.dll
0x00007ffcbfc80000 - 0x00007ffcbfca6000 	C:\Users\30989\.jdks\ms-17.0.17\bin\java.dll
0x00007ffcbd370000 - 0x00007ffcbd446000 	C:\Users\30989\.jdks\ms-17.0.17\bin\jsvml.dll
0x00007ffd235b0000 - 0x00007ffd23d03000 	C:\Windows\System32\SHELL32.dll
0x00007ffd21990000 - 0x00007ffd21afa000 	C:\Windows\System32\wintypes.dll
0x00007ffd1ea90000 - 0x00007ffd1f2ee000 	C:\Windows\SYSTEM32\windows.storage.dll
0x00007ffd21f90000 - 0x00007ffd22085000 	C:\Windows\System32\SHCORE.dll
0x00007ffd22280000 - 0x00007ffd222e6000 	C:\Windows\System32\shlwapi.dll
0x00007ffd20dd0000 - 0x00007ffd20df9000 	C:\Windows\SYSTEM32\profapi.dll
0x00007ffcce500000 - 0x00007ffcce51b000 	C:\Users\30989\.jdks\ms-17.0.17\bin\net.dll
0x00007ffd194b0000 - 0x00007ffd195d8000 	C:\Windows\SYSTEM32\WINHTTP.dll
0x00007ffd201d0000 - 0x00007ffd2023b000 	C:\Windows\system32\mswsock.dll
0x00007ffcc7e60000 - 0x00007ffcc7e76000 	C:\Users\30989\.jdks\ms-17.0.17\bin\nio.dll
0x00007ffcbfc60000 - 0x00007ffcbfc78000 	C:\Users\30989\.jdks\ms-17.0.17\bin\zip.dll
0x00007ffd20490000 - 0x00007ffd204ab000 	C:\Windows\SYSTEM32\CRYPTSP.dll
0x00007ffd1fbc0000 - 0x00007ffd1fbfa000 	C:\Windows\system32\rsaenh.dll
0x00007ffd20280000 - 0x00007ffd202ab000 	C:\Windows\SYSTEM32\USERENV.dll
0x00007ffd20da0000 - 0x00007ffd20dca000 	C:\Windows\SYSTEM32\bcrypt.dll
0x00007ffd204b0000 - 0x00007ffd204bc000 	C:\Windows\SYSTEM32\CRYPTBASE.dll
0x00007ffd1f6a0000 - 0x00007ffd1f6d4000 	C:\Windows\SYSTEM32\IPHLPAPI.DLL
0x00007ffd23090000 - 0x00007ffd2309a000 	C:\Windows\System32\NSI.dll
0x00007ffd1a080000 - 0x00007ffd1a09e000 	C:\Windows\SYSTEM32\dhcpcsvc6.DLL
0x00007ffd19fb0000 - 0x00007ffd19fd3000 	C:\Windows\SYSTEM32\dhcpcsvc.DLL
0x00007ffd1f740000 - 0x00007ffd1f86c000 	C:\Windows\SYSTEM32\DNSAPI.dll
0x00007ffce8ca0000 - 0x00007ffce8cb0000 	C:\Users\30989\.jdks\ms-17.0.17\bin\verify.dll
0x00007ffcda2d0000 - 0x00007ffcda3b9000 	C:\Users\30989\AppData\Local\Temp\sqlite-3.41.2.1-a6e48f5b-5303-496e-bfee-5a7040eda35b-sqlitejdbc.dll

dbghelp: loaded successfully - version: 4.0.5 - missing functions: none
symbol engine: initialized successfully - sym options: 0x614 - pdb path: .;C:\Users\30989\.jdks\ms-17.0.17\bin;C:\Windows\SYSTEM32;C:\Windows\WinSxS\amd64_microsoft.windows.common-controls_6595b64144ccf1df_6.0.26100.7309_none_3e05feeae336a044;C:\Users\30989\.jdks\ms-17.0.17\bin\server;C:\Users\30989\AppData\Local\Temp

VM Arguments:
jvm_args: -DkotlinLanguageServer.version=1.3.13 
java_command: org.javacs.kt.MainKt
java_class_path (initial): c:\Users\30989\AppData\Roaming\Windsurf\User\globalStorage\fwcd.kotlin\langServerInstall\server\lib\server-1.3.13.jar;c:\Users\30989\AppData\Roaming\Windsurf\User\globalStorage\fwcd.kotlin\langServerInstall\server\lib\shared-1.3.13.jar;c:\Users\30989\AppData\Roaming\Windsurf\User\globalStorage\fwcd.kotlin\langServerInstall\server\lib\kotlin-scripting-jvm-host-unshaded-2.1.0.jar;c:\Users\30989\AppData\Roaming\Windsurf\User\globalStorage\fwcd.kotlin\langServerInstall\server\lib\kotlin-scripting-compiler-2.1.0.jar;c:\Users\30989\AppData\Roaming\Windsurf\User\globalStorage\fwcd.kotlin\langServerInstall\server\lib\ktfmt-b5d31d1.jar;c:\Users\30989\AppData\Roaming\Windsurf\User\globalStorage\fwcd.kotlin\langServerInstall\server\lib\kotlin-compiler-2.1.0.jar;c:\Users\30989\AppData\Roaming\Windsurf\User\globalStorage\fwcd.kotlin\langServerInstall\server\lib\exposed-dao-0.37.3.jar;c:\Users\30989\AppData\Roaming\Windsurf\User\globalStorage\fwcd.kotlin\langServerInstall\server\lib\exposed-jdbc-0.37.3.jar;c:\Users\30989\AppData\Roaming\Windsurf\User\globalStorage\fwcd.kotlin\langServerInstall\server\lib\exposed-core-0.37.3.jar;c:\Users\30989\AppData\Roaming\Windsurf\User\globalStorage\fwcd.kotlin\langServerInstall\server\lib\kotlin-scripting-compiler-impl-2.1.0.jar;c:\Users\30989\AppData\Roaming\Windsurf\User\globalStorage\fwcd.kotlin\langServerInstall\server\lib\kotlin-reflect-2.1.0.jar;c:\Users\30989\AppData\Roaming\Windsurf\User\globalStorage\fwcd.kotlin\langServerInstall\server\lib\kotlin-scripting-jvm-2.1.0.jar;c:\Users\30989\AppData\Roaming\Windsurf\User\globalStorage\fwcd.kotlin\langServerInstall\server\lib\kotlin-scripting-common-2.1.0.jar;c:\Users\30989\AppData\Roaming\Windsurf\User\globalStorage\fwcd.kotlin\langServerInstall\server\lib\kotlinx-coroutines-core-jvm-1.6.4.jar;c:\Users\30989\AppData\Roaming\Windsurf\User\globalStorage\fwcd.kotlin\langServerInstall\server\lib\kotlin-stdlib-jdk8-2.1.0.jar;c:\Users\30989\AppData\Roaming\Windsurf\U
Launcher Type: SUN_STANDARD

[Global flags]
     intx CICompilerCount                          = 12                                        {product} {ergonomic}
     uint ConcGCThreads                            = 5                                         {product} {ergonomic}
     uint G1ConcRefinementThreads                  = 18                                        {product} {ergonomic}
   size_t G1HeapRegionSize                         = 4194304                                   {product} {ergonomic}
    uintx GCDrainStackTargetSize                   = 64                                        {product} {ergonomic}
   size_t InitialHeapSize                          = 528482304                                 {product} {ergonomic}
   size_t MarkStackSize                            = 4194304                                   {product} {ergonomic}
   size_t MaxHeapSize                              = 8447328256                                {product} {ergonomic}
   size_t MaxNewSize                               = 5066719232                                {product} {ergonomic}
   size_t MinHeapDeltaBytes                        = 4194304                                   {product} {ergonomic}
   size_t MinHeapSize                              = 8388608                                   {product} {ergonomic}
    uintx NonNMethodCodeHeapSize                   = 7602480                                {pd product} {ergonomic}
    uintx NonProfiledCodeHeapSize                  = 122027880                              {pd product} {ergonomic}
    uintx ProfiledCodeHeapSize                     = 122027880                              {pd product} {ergonomic}
    uintx ReservedCodeCacheSize                    = 251658240                              {pd product} {ergonomic}
     bool SegmentedCodeCache                       = true                                      {product} {ergonomic}
   size_t SoftMaxHeapSize                          = 8447328256                             {manageable} {ergonomic}
     bool UseCompressedClassPointers               = true                           {product lp64_product} {ergonomic}
     bool UseCompressedOops                        = true                           {product lp64_product} {ergonomic}
     bool UseG1GC                                  = true                                      {product} {ergonomic}
     bool UseLargePagesIndividualAllocation        = false                                  {pd product} {ergonomic}

Logging:
Log output configuration:
 #0: stdout all=warning uptime,level,tags
 #1: stderr all=off uptime,level,tags

Environment Variables:
JAVA_HOME=C:\Users\30989\.jdks\ms-17.0.17
CLASSPATH=c:\Users\30989\AppData\Roaming\Windsurf\User\globalStorage\fwcd.kotlin\langServerInstall\server\lib\server-1.3.13.jar;c:\Users\30989\AppData\Roaming\Windsurf\User\globalStorage\fwcd.kotlin\langServerInstall\server\lib\shared-1.3.13.jar;c:\Users\30989\AppData\Roaming\Windsurf\User\globalStorage\fwcd.kotlin\langServerInstall\server\lib\kotlin-scripting-jvm-host-unshaded-2.1.0.jar;c:\Users\30989\AppData\Roaming\Windsurf\User\globalStorage\fwcd.kotlin\langServerInstall\server\lib\kotlin-scripting-compiler-2.1.0.jar;c:\Users\30989\AppData\Roaming\Windsurf\User\globalStorage\fwcd.kotlin\langServerInstall\server\lib\ktfmt-b5d31d1.jar;c:\Users\30989\AppData\Roaming\Windsurf\User\globalStorage\fwcd.kotlin\langServerInstall\server\lib\kotlin-compiler-2.1.0.jar;c:\Users\30989\AppData\Roaming\Windsurf\User\globalStorage\fwcd.kotlin\langServerInstall\server\lib\exposed-dao-0.37.3.jar;c:\Users\30989\AppData\Roaming\Windsurf\User\globalStorage\fwcd.kotlin\langServerInstall\server\lib\exposed-jdbc-0.37.3.jar;c:\Users\30989\AppData\Roaming\Windsurf\User\globalStorage\fwcd.kotlin\langServerInstall\server\lib\exposed-core-0.37.3.jar;c:\Users\30989\AppData\Roaming\Windsurf\User\globalStorage\fwcd.kotlin\langServerInstall\server\lib\kotlin-scripting-compiler-impl-2.1.0.jar;c:\Users\30989\AppData\Roaming\Windsurf\User\globalStorage\fwcd.kotlin\langServerInstall\server\lib\kotlin-reflect-2.1.0.jar;c:\Users\30989\AppData\Roaming\Windsurf\User\globalStorage\fwcd.kotlin\langServerInstall\server\lib\kotlin-scripting-jvm-2.1.0.jar;c:\Users\30989\AppData\Roaming\Windsurf\User\globalStorage\fwcd.kotlin\langServerInstall\server\lib\kotlin-scripting-common-2.1.0.jar;c:\Users\30989\AppData\Roaming\Windsurf\User\globalStorage\fwcd.kotlin\langServerInstall\server\lib\kotlinx-coroutines-core-jvm-1.6.4.jar;c:\Users\30989\AppData\Roaming\Windsurf\User\globalStorage\fwcd.kotlin\langServerInstall\server\lib\kotlin-stdlib-jdk8-2.1.0.jar;c:\Users\30989\AppData\Roaming\Windsurf\User\globalStorage\fwcd.kotlin\langServerInstall\server\lib\kotlin-stdlib-jdk7-2.1.0.jar;c:\Users\30989\AppData\Roaming\Windsurf\User\globalStorage\fwcd.kotlin\langServerInstall\server\lib\kotlin-stdlib-2.1.0.jar;c:\Users\30989\AppData\Roaming\Windsurf\User\globalStorage\fwcd.kotlin\langServerInstall\server\lib\org.eclipse.lsp4j-0.21.2.jar;c:\Users\30989\AppData\Roaming\Windsurf\User\globalStorage\fwcd.kotlin\langServerInstall\server\lib\org.eclipse.lsp4j.jsonrpc-0.21.2.jar;c:\Users\30989\AppData\Roaming\Windsurf\User\globalStorage\fwcd.kotlin\langServerInstall\server\lib\kotlin-sam-with-receiver-compiler-plugin-2.1.0.jar;c:\Users\30989\AppData\Roaming\Windsurf\User\globalStorage\fwcd.kotlin\langServerInstall\server\lib\fernflower-1.0.jar;c:\Users\30989\AppData\Roaming\Windsurf\User\globalStorage\fwcd.kotlin\langServerInstall\server\lib\h2-1.4.200.jar;c:\Users\30989\AppData\Roaming\Windsurf\User\globalStorage\fwcd.kotlin\langServerInstall\server\lib\jcommander-1.78.jar;c:\Users\30989\AppData\Roaming\Windsurf\User\globalStorage\fwcd.kotlin\langServerInstall\server\lib\sqlite-jdbc-3.41.2.1.jar;c:\Users\30989\AppData\Roaming\Windsurf\User\globalStorage\fwcd.kotlin\langServerInstall\server\lib\google-java-format-1.8.jar;c:\Users\30989\AppData\Roaming\Windsurf\User\globalStorage\fwcd.kotlin\langServerInstall\server\lib\guava-33.3.0-jre.jar;c:\Users\30989\AppData\Roaming\Windsurf\User\globalStorage\fwcd.kotlin\langServerInstall\server\lib\annotations-13.0.jar;c:\Users\30989\AppData\Roaming\Windsurf\User\globalStorage\fwcd.kotlin\langServerInstall\server\lib\gson-2.10.1.jar;c:\Users\30989\AppData\Roaming\Windsurf\User\globalStorage\fwcd.kotlin\langServerInstall\server\lib\kotlin-script-runtime-2.1.0.jar;c:\Users\30989\AppData\Roaming\Windsurf\User\globalStorage\fwcd.kotlin\langServerInstall\server\lib\trove4j-1.0.20200330.jar;c:\Users\30989\AppData\Roaming\Windsurf\User\globalStorage\fwcd.kotlin\langServerInstall\server\lib\jline-3.24.1.jar;c:\Users\30989\AppData\Roaming\Windsurf\User\globalStorage\fwcd.kotlin\langServerInstall\server\lib\slf4j-api-1.7.25.jar;c:\Users\30989\AppData\Roaming\Windsurf\User\globalStorage\fwcd.kotlin\langServerInstall\server\lib\jna-4.2.2.jar;c:\Users\30989\AppData\Roaming\Windsurf\User\globalStorage\fwcd.kotlin\langServerInstall\server\lib\failureaccess-1.0.2.jar;c:\Users\30989\AppData\Roaming\Windsurf\User\globalStorage\fwcd.kotlin\langServerInstall\server\lib\listenablefuture-9999.0-empty-to-avoid-conflict-with-guava.jar;c:\Users\30989\AppData\Roaming\Windsurf\User\globalStorage\fwcd.kotlin\langServerInstall\server\lib\jsr305-3.0.2.jar;c:\Users\30989\AppData\Roaming\Windsurf\User\globalStorage\fwcd.kotlin\langServerInstall\server\lib\checker-qual-3.43.0.jar;c:\Users\30989\AppData\Roaming\Windsurf\User\globalStorage\fwcd.kotlin\langServerInstall\server\lib\error_prone_annotations-2.28.0.jar
PATH=D:\Program Files (x86)\pcsuite\;C:\Windows\System32;C:\Windows;C:\Windows\System32\Wbem;C:\Windows\System32\WindowsPowerShell\v1.0\;C:\Program Files\Git\cmd;C:\Users\30989\AppData\Local\Programs\Windsurf\bin;C:\Users\30989\.jdks\ms-17.0.17\bin;
USERNAME=30989
OS=Windows_NT
PROCESSOR_IDENTIFIER=Intel64 Family 6 Model 198 Stepping 2, GenuineIntel
TMP=C:\Users\30989\AppData\Local\Temp
TEMP=C:\Users\30989\AppData\Local\Temp



Periodic native trim disabled


---------------  S Y S T E M  ---------------

OS:
 Windows 11 , 64 bit Build 26100 (10.0.26100.7309)
OS uptime: 1 days 5:36 hours
Hyper-V role detected

CPU: total 24 (initial active 24) (24 cores per cpu, 1 threads per core) family 6 model 198 stepping 2 microcode 0x116, cx8, cmov, fxsr, mmx, 3dnowpref, sse, sse2, sse3, ssse3, sse4.1, sse4.2, popcnt, lzcnt, tsc, tscinvbit, avx, avx2, aes, erms, clmul, bmi1, bmi2, adx, sha, fma, vzeroupper, clflush, clflushopt, clwb, hv
Processor Information for processor 0
  Max Mhz: 2700, Current Mhz: 2700, Mhz Limit: 2700
Processor Information for processor 1
  Max Mhz: 2700, Current Mhz: 2700, Mhz Limit: 2700
Processor Information for processor 2
  Max Mhz: 2100, Current Mhz: 2100, Mhz Limit: 2100
Processor Information for processor 3
  Max Mhz: 2100, Current Mhz: 2100, Mhz Limit: 2100
Processor Information for processor 4
  Max Mhz: 2100, Current Mhz: 2100, Mhz Limit: 2100
Processor Information for processor 5
  Max Mhz: 2100, Current Mhz: 2100, Mhz Limit: 2100
Processor Information for processor 6
  Max Mhz: 2100, Current Mhz: 2100, Mhz Limit: 2100
Processor Information for processor 7
  Max Mhz: 2100, Current Mhz: 2100, Mhz Limit: 2100
Processor Information for processor 8
  Max Mhz: 2100, Current Mhz: 2100, Mhz Limit: 2100
Processor Information for processor 9
  Max Mhz: 2100, Current Mhz: 2100, Mhz Limit: 2100
Processor Information for processor 10
  Max Mhz: 2700, Current Mhz: 2700, Mhz Limit: 2700
Processor Information for processor 11
  Max Mhz: 2700, Current Mhz: 2700, Mhz Limit: 2700
Processor Information for processor 12
  Max Mhz: 2700, Current Mhz: 2700, Mhz Limit: 2700
Processor Information for processor 13
  Max Mhz: 2700, Current Mhz: 2700, Mhz Limit: 2700
Processor Information for processor 14
  Max Mhz: 2100, Current Mhz: 2100, Mhz Limit: 2100
Processor Information for processor 15
  Max Mhz: 2100, Current Mhz: 2100, Mhz Limit: 2100
Processor Information for processor 16
  Max Mhz: 2100, Current Mhz: 2100, Mhz Limit: 2100
Processor Information for processor 17
  Max Mhz: 2100, Current Mhz: 2100, Mhz Limit: 2100
Processor Information for processor 18
  Max Mhz: 2100, Current Mhz: 2100, Mhz Limit: 2100
Processor Information for processor 19
  Max Mhz: 2100, Current Mhz: 2100, Mhz Limit: 2100
Processor Information for processor 20
  Max Mhz: 2100, Current Mhz: 2100, Mhz Limit: 2100
Processor Information for processor 21
  Max Mhz: 2100, Current Mhz: 2100, Mhz Limit: 2100
Processor Information for processor 22
  Max Mhz: 2700, Current Mhz: 2700, Mhz Limit: 2700
Processor Information for processor 23
  Max Mhz: 2700, Current Mhz: 2700, Mhz Limit: 2700

Memory: 4k page, system-wide physical 32221M (2539M free)
TotalPageFile size 70622M (AvailPageFile size 118M)
current process WorkingSet (physical memory assigned to process): 1386M, peak: 1404M
current process commit charge ("private bytes"): 1467M, peak: 1667M

vm_info: OpenJDK 64-Bit Server VM (17.0.17+10-LTS) for windows-amd64 JRE (17.0.17+10-LTS), built on Oct 13 2025 22:19:56 by "MicrosoftCorporation" with unknown MS VC++:1944

END.
